
RAxML-NG v. 1.1.0-master released on 04.08.2022 by The Exelixis Lab.
Developed by: Alexey M. Kozlov and Alexandros Stamatakis.
Contributors: Diego Darriba, Tomas Flouri, Benoit Morel, Sarah Lutteropp, Ben Bettisworth.
Latest version: https://github.com/amkozlov/raxml-ng
Questions/problems/suggestions? Please visit: https://groups.google.com/forum/#!forum/raxml

System: Intel(R) Xeon(R) Gold 6140 CPU @ 2.30GHz, 36 cores, 187 GB RAM

RAxML-NG was called at 13-Sep-2023 11:54:49 as follows:

raxml-ng --all --msa Haplo_cladeB.cdhit.aln --model GTR+G

Analysis options:
  run mode: ML tree search + bootstrapping (Felsenstein Bootstrap)
  start tree(s): random (10) + parsimony (10)
  bootstrap replicates: max: 1000 + bootstopping (autoMRE, cutoff: 0.030000)
  random seed: 1694624089
  tip-inner: OFF
  pattern compression: ON
  per-rate scalers: OFF
  site repeats: ON
  branch lengths: proportional (ML estimate, algorithm: NR-FAST)
  SIMD kernels: AVX2
  parallelization: coarse-grained (auto), PTHREADS (auto)

[00:00:00] Reading alignment from file: Haplo_cladeB.cdhit.aln
[00:00:00] Loaded alignment with 48 taxa and 18110 sites

Alignment comprises 1 partitions and 4532 patterns

Partition 0: noname
Model: GTR+FO+G4m
Alignment sites / patterns: 18110 / 4532
Gaps: 89.41 %
Invariant sites: 64.80 %


NOTE: Binary MSA file created: Haplo_cladeB.cdhit.aln.raxml.rba

Parallelization scheme autoconfig: 9 worker(s) x 4 thread(s)

Parallel reduction/worker buffer size: 1 KB  / 0 KB

[00:00:00] Generating 10 random starting tree(s) with 48 taxa
[00:00:00] Generating 10 parsimony starting tree(s) with 48 taxa
[00:00:00] Data distribution: max. partitions/sites/weight per thread: 1 / 1133 / 18128
[00:00:01] Data distribution: max. searches per worker: 115

Starting ML tree search with 20 distinct starting trees

[00:07:05] [worker #8] ML tree search #9, logLikelihood: -66139.435877
[00:07:36] [worker #5] ML tree search #6, logLikelihood: -66139.444911
[00:08:15] [worker #6] ML tree search #7, logLikelihood: -66138.164688
[00:08:18] [worker #0] ML tree search #1, logLikelihood: -66138.270735
[00:08:25] [worker #4] ML tree search #5, logLikelihood: -66138.257607
[00:11:22] [worker #3] ML tree search #4, logLikelihood: -66138.237367
[00:11:48] [worker #8] ML tree search #18, logLikelihood: -66138.287096
[00:12:25] [worker #2] ML tree search #3, logLikelihood: -66138.230756
[00:13:06] [worker #1] ML tree search #2, logLikelihood: -66139.462538
[00:15:51] [worker #7] ML tree search #8, logLikelihood: -66139.436174
[00:17:24] [worker #2] ML tree search #12, logLikelihood: -66138.552038
[00:17:41] [worker #1] ML tree search #11, logLikelihood: -66138.297634
[00:17:49] [worker #4] ML tree search #14, logLikelihood: -66138.229066
[00:18:00] [worker #0] ML tree search #10, logLikelihood: -66139.463009
[00:18:08] [worker #5] ML tree search #15, logLikelihood: -66138.131841
[00:18:23] [worker #6] ML tree search #16, logLikelihood: -66138.535001
[00:18:58] [worker #3] ML tree search #13, logLikelihood: -66138.295342
[00:23:11] [worker #0] ML tree search #19, logLikelihood: -66138.541735
[00:24:29] [worker #1] ML tree search #20, logLikelihood: -66138.267929
[00:26:20] [worker #7] ML tree search #17, logLikelihood: -66138.319443

[00:26:20] ML tree search completed, best tree logLH: -66138.131841

[00:26:20] Starting bootstrapping analysis with 1000 replicates.

[00:31:14] [worker #3] Bootstrap tree #4, logLikelihood: -66409.352935
[00:31:58] [worker #6] Bootstrap tree #7, logLikelihood: -65905.425392
[00:32:15] [worker #1] Bootstrap tree #2, logLikelihood: -65143.415324
[00:32:18] [worker #4] Bootstrap tree #5, logLikelihood: -66108.871400
[00:32:23] [worker #2] Bootstrap tree #3, logLikelihood: -66018.214379
[00:33:03] [worker #5] Bootstrap tree #6, logLikelihood: -66562.334738
[00:33:43] [worker #8] Bootstrap tree #9, logLikelihood: -65681.931978
[00:36:03] [worker #6] Bootstrap tree #16, logLikelihood: -65317.049738
[00:37:57] [worker #1] Bootstrap tree #11, logLikelihood: -65297.494680
[00:38:10] [worker #3] Bootstrap tree #13, logLikelihood: -65659.430254
[00:39:04] [worker #7] Bootstrap tree #8, logLikelihood: -66402.193285
[00:40:24] [worker #5] Bootstrap tree #15, logLikelihood: -65676.190753
[00:41:07] [worker #8] Bootstrap tree #18, logLikelihood: -65648.312646
[00:41:37] [worker #6] Bootstrap tree #25, logLikelihood: -67082.558639
[00:41:55] [worker #3] Bootstrap tree #22, logLikelihood: -66312.901553
[00:43:26] [worker #0] Bootstrap tree #1, logLikelihood: -65946.874595
[00:44:03] [worker #1] Bootstrap tree #20, logLikelihood: -67709.324886
[00:44:44] [worker #5] Bootstrap tree #24, logLikelihood: -66280.480726
[00:44:56] [worker #3] Bootstrap tree #31, logLikelihood: -65754.483048
[00:45:14] [worker #8] Bootstrap tree #27, logLikelihood: -66338.370250
[00:45:58] [worker #4] Bootstrap tree #14, logLikelihood: -66303.129685
[00:47:36] [worker #7] Bootstrap tree #17, logLikelihood: -65378.942794
[00:48:12] [worker #1] Bootstrap tree #29, logLikelihood: -65070.092213
[00:48:43] [worker #3] Bootstrap tree #40, logLikelihood: -66094.005572
[00:49:03] [worker #6] Bootstrap tree #34, logLikelihood: -65301.669790
[00:49:56] [worker #2] Bootstrap tree #12, logLikelihood: -65853.885098
[00:50:30] [worker #5] Bootstrap tree #33, logLikelihood: -65309.327424
[00:50:44] [worker #8] Bootstrap tree #36, logLikelihood: -65166.447818
[00:54:08] [worker #8] Bootstrap tree #45, logLikelihood: -65947.742623
[00:54:23] [worker #5] Bootstrap tree #42, logLikelihood: -66218.816637
[00:55:16] [worker #7] Bootstrap tree #26, logLikelihood: -65953.054297
[00:56:33] [worker #4] Bootstrap tree #23, logLikelihood: -66552.554889
[00:57:56] [worker #0] Bootstrap tree #10, logLikelihood: -67047.370599
[00:58:03] [worker #1] Bootstrap tree #38, logLikelihood: -68127.014856
[00:59:23] [worker #3] Bootstrap tree #49, logLikelihood: -65914.408180
[01:01:35] [worker #2] Bootstrap tree #21, logLikelihood: -65768.688914
[01:02:28] [worker #7] Bootstrap tree #35, logLikelihood: -65584.882759
[01:03:01] [worker #0] Bootstrap tree #19, logLikelihood: -66053.426696
[01:03:12] [worker #6] Bootstrap tree #43, logLikelihood: -66232.650659
[01:03:13] [worker #1] Bootstrap tree #47, logLikelihood: -65788.459962
[01:04:58] [worker #2] Bootstrap tree #30, logLikelihood: -66463.032524
[01:07:25] [worker #4] Bootstrap tree #32, logLikelihood: -65865.171870
[01:10:33] [worker #0] Bootstrap tree #28, logLikelihood: -65947.836388
[01:10:37] [worker #2] Bootstrap tree #39, logLikelihood: -65373.567582
[01:12:35] [worker #7] Bootstrap tree #44, logLikelihood: -65568.292782
[01:12:58] [worker #4] Bootstrap tree #41, logLikelihood: -66616.506828
[01:16:05] [worker #2] Bootstrap tree #48, logLikelihood: -65404.854790
[01:18:20] [worker #0] Bootstrap tree #37, logLikelihood: -65613.483650
[01:18:56] [worker #4] Bootstrap tree #50, logLikelihood: -65309.322265
[01:22:46] [worker #0] Bootstrap tree #46, logLikelihood: -66507.872990
[01:26:08] [worker #5] Bootstrap tree #51, logLikelihood: -65226.669526
[01:26:09] [worker #0] Bootstrap tree #55, logLikelihood: -66081.835254
[01:28:35] [worker #4] Bootstrap tree #59, logLikelihood: -65266.675048
[01:28:58] [worker #6] Bootstrap tree #52, logLikelihood: -66660.516039
[01:29:21] [worker #2] Bootstrap tree #57, logLikelihood: -65347.655939
[01:29:42] [worker #0] Bootstrap tree #64, logLikelihood: -66551.680191
[01:30:21] [worker #1] Bootstrap tree #56, logLikelihood: -66586.620806
[01:32:02] [worker #8] Bootstrap tree #54, logLikelihood: -65475.226453
[01:32:10] [worker #3] Bootstrap tree #58, logLikelihood: -65249.191711
[01:33:25] [worker #4] Bootstrap tree #68, logLikelihood: -65739.484549
[01:33:49] [worker #5] Bootstrap tree #60, logLikelihood: -65927.343721
[01:34:20] [worker #7] Bootstrap tree #53, logLikelihood: -66428.905671
[01:35:00] [worker #1] Bootstrap tree #65, logLikelihood: -66121.872294
[01:37:10] [worker #0] Bootstrap tree #73, logLikelihood: -66313.378602
[01:37:28] [worker #6] Bootstrap tree #61, logLikelihood: -66528.650846
[01:37:53] [worker #2] Bootstrap tree #66, logLikelihood: -65123.584739
[01:38:39] [worker #7] Bootstrap tree #62, logLikelihood: -65956.958649
[01:39:32] [worker #1] Bootstrap tree #74, logLikelihood: -65022.719938
[01:40:17] [worker #5] Bootstrap tree #69, logLikelihood: -66738.371648
[01:42:15] [worker #4] Bootstrap tree #77, logLikelihood: -66077.295107
[01:43:38] [worker #1] Bootstrap tree #83, logLikelihood: -66357.095292
[01:43:38] [worker #0] Bootstrap tree #82, logLikelihood: -66727.018203
[01:43:53] [worker #8] Bootstrap tree #63, logLikelihood: -65781.182437
[01:44:31] [worker #7] Bootstrap tree #71, logLikelihood: -65317.968620
[01:44:35] [worker #6] Bootstrap tree #70, logLikelihood: -65088.954196
[01:45:27] [worker #2] Bootstrap tree #75, logLikelihood: -65014.218720
[01:45:38] [worker #5] Bootstrap tree #78, logLikelihood: -65280.095520
[01:47:20] [worker #1] Bootstrap tree #92, logLikelihood: -65207.827656
[01:48:44] [worker #3] Bootstrap tree #67, logLikelihood: -65371.117683
[01:49:24] [worker #4] Bootstrap tree #86, logLikelihood: -66757.514639
[01:50:29] [worker #7] Bootstrap tree #80, logLikelihood: -67235.409055
[01:51:19] [worker #6] Bootstrap tree #79, logLikelihood: -66417.303239
[01:54:04] [worker #8] Bootstrap tree #72, logLikelihood: -66115.191910
[01:55:38] [worker #3] Bootstrap tree #76, logLikelihood: -67036.663352
[01:55:49] [worker #2] Bootstrap tree #84, logLikelihood: -66447.125386
[01:56:53] [worker #7] Bootstrap tree #89, logLikelihood: -65941.069090
[01:57:14] [worker #4] Bootstrap tree #95, logLikelihood: -65324.515911
[01:57:18] [worker #6] Bootstrap tree #88, logLikelihood: -66426.149067
[01:58:17] [worker #0] Bootstrap tree #91, logLikelihood: -66084.517402
[01:59:35] [worker #5] Bootstrap tree #87, logLikelihood: -66192.346511
[02:00:38] [worker #6] Bootstrap tree #97, logLikelihood: -66691.109088
[02:02:40] [worker #3] Bootstrap tree #85, logLikelihood: -66416.206148
[02:02:57] [worker #2] Bootstrap tree #93, logLikelihood: -65544.292457
[02:03:26] [worker #5] Bootstrap tree #96, logLikelihood: -66241.138496
[02:03:27] [worker #8] Bootstrap tree #81, logLikelihood: -65303.374080
[02:04:38] [worker #7] Bootstrap tree #98, logLikelihood: -65918.641748
[02:05:47] [worker #0] Bootstrap tree #100, logLikelihood: -66532.020185
[02:10:43] [worker #3] Bootstrap tree #94, logLikelihood: -67217.170132
[02:15:14] [worker #8] Bootstrap tree #90, logLikelihood: -65244.402950
[02:23:22] [worker #8] Bootstrap tree #99, logLikelihood: -66855.533195
[02:26:29] [worker #8] Bootstrap tree #108, logLikelihood: -67002.712105
[02:27:48] [worker #6] Bootstrap tree #106, logLikelihood: -65761.564961
[02:28:17] [worker #0] Bootstrap tree #109, logLikelihood: -65132.922272
[02:29:11] [worker #7] Bootstrap tree #107, logLikelihood: -67105.616735
[02:30:23] [worker #2] Bootstrap tree #102, logLikelihood: -65804.800685
[02:30:55] [worker #8] Bootstrap tree #117, logLikelihood: -65545.167494
[02:32:10] [worker #4] Bootstrap tree #104, logLikelihood: -66618.241775
[02:32:23] [worker #3] Bootstrap tree #103, logLikelihood: -66041.377839
[02:34:11] [worker #7] Bootstrap tree #116, logLikelihood: -67492.343472
[02:34:29] [worker #6] Bootstrap tree #115, logLikelihood: -66280.626408
[02:34:37] [worker #1] Bootstrap tree #101, logLikelihood: -66123.142825
[02:35:03] [worker #0] Bootstrap tree #118, logLikelihood: -66199.424769
[02:38:19] [worker #7] Bootstrap tree #125, logLikelihood: -65726.082440
[02:38:42] [worker #2] Bootstrap tree #111, logLikelihood: -67772.790497
[02:39:56] [worker #4] Bootstrap tree #113, logLikelihood: -67158.426994
[02:40:12] [worker #3] Bootstrap tree #112, logLikelihood: -66047.476212
[02:41:01] [worker #8] Bootstrap tree #126, logLikelihood: -65979.848431
[02:42:13] [worker #0] Bootstrap tree #127, logLikelihood: -66677.248155
[02:42:42] [worker #4] Bootstrap tree #122, logLikelihood: -65793.657450
[02:43:18] [worker #5] Bootstrap tree #105, logLikelihood: -65353.402697
[02:43:57] [worker #1] Bootstrap tree #110, logLikelihood: -66444.510703
[02:45:16] [worker #8] Bootstrap tree #135, logLikelihood: -65881.726132
[02:45:34] [worker #6] Bootstrap tree #124, logLikelihood: -65422.123723
[02:46:45] [worker #4] Bootstrap tree #131, logLikelihood: -66113.119905
[02:47:07] [worker #3] Bootstrap tree #121, logLikelihood: -65843.818636
[02:49:49] [worker #2] Bootstrap tree #120, logLikelihood: -66488.396465
[02:50:32] [worker #8] Bootstrap tree #144, logLikelihood: -66047.347150
[02:50:33] [worker #4] Bootstrap tree #140, logLikelihood: -65655.779342
[02:51:06] [worker #7] Bootstrap tree #134, logLikelihood: -66308.511842
[02:51:15] [worker #0] Bootstrap tree #136, logLikelihood: -66041.344117
[02:51:55] [worker #5] Bootstrap tree #114, logLikelihood: -64805.656561
[02:52:33] [worker #1] Bootstrap tree #119, logLikelihood: -65319.898387
[02:52:45] [worker #3] Bootstrap tree #130, logLikelihood: -66453.078267
[02:54:12] [worker #6] Bootstrap tree #133, logLikelihood: -65715.518477
[02:55:06] [worker #2] Bootstrap tree #129, logLikelihood: -66353.011359
[02:55:24] [worker #4] Bootstrap tree #149, logLikelihood: -65854.691883
[02:56:34] [worker #0] Bootstrap tree #145, logLikelihood: -66131.403973
[02:56:43] [worker #1] Bootstrap tree #128, logLikelihood: -65445.642527
[02:57:37] [worker #3] Bootstrap tree #139, logLikelihood: -66914.324210
[02:58:53] [worker #5] Bootstrap tree #123, logLikelihood: -66778.790770
[03:00:41] [worker #6] Bootstrap tree #142, logLikelihood: -65880.750224
[03:00:53] [worker #7] Bootstrap tree #143, logLikelihood: -65564.033600
[03:01:29] [worker #3] Bootstrap tree #148, logLikelihood: -66625.931138
[03:03:59] [worker #2] Bootstrap tree #138, logLikelihood: -66054.977178
[03:04:00] [worker #1] Bootstrap tree #137, logLikelihood: -65312.132255
[03:06:23] [worker #5] Bootstrap tree #132, logLikelihood: -66279.235693
[03:09:56] [worker #2] Bootstrap tree #147, logLikelihood: -65675.783289
[03:10:53] [worker #1] Bootstrap tree #146, logLikelihood: -65256.413676
[03:12:26] [worker #5] Bootstrap tree #141, logLikelihood: -65915.697759
[03:17:32] [worker #5] Bootstrap tree #150, logLikelihood: -66348.816376
[03:21:37] [worker #7] Bootstrap tree #152, logLikelihood: -65430.486062
[03:22:47] [worker #6] Bootstrap tree #151, logLikelihood: -67223.753307
[03:23:04] [worker #1] Bootstrap tree #155, logLikelihood: -66256.260888
[03:24:08] [worker #2] Bootstrap tree #156, logLikelihood: -65895.338446
[03:24:34] [worker #3] Bootstrap tree #157, logLikelihood: -67048.695367
[03:24:57] [worker #4] Bootstrap tree #158, logLikelihood: -65946.768080
[03:27:09] [worker #0] Bootstrap tree #154, logLikelihood: -65624.750929
[03:27:40] [worker #8] Bootstrap tree #153, logLikelihood: -65651.511428
[03:27:50] [worker #1] Bootstrap tree #164, logLikelihood: -67060.675665
[03:27:52] [worker #6] Bootstrap tree #160, logLikelihood: -67276.046249
[03:28:21] [worker #4] Bootstrap tree #167, logLikelihood: -65203.414456
[03:29:03] [worker #3] Bootstrap tree #166, logLikelihood: -66655.183603
[03:29:34] [worker #7] Bootstrap tree #161, logLikelihood: -65288.679431
[03:31:51] [worker #5] Bootstrap tree #159, logLikelihood: -66638.868479
[03:33:43] [worker #2] Bootstrap tree #165, logLikelihood: -66221.663147
[03:33:46] [worker #6] Bootstrap tree #169, logLikelihood: -66924.575314
[03:34:35] [worker #7] Bootstrap tree #170, logLikelihood: -66076.948227
[03:34:51] [worker #8] Bootstrap tree #162, logLikelihood: -67111.025216
[03:35:31] [worker #0] Bootstrap tree #163, logLikelihood: -66236.504269
[03:36:21] [worker #1] Bootstrap tree #173, logLikelihood: -65226.453416
[03:36:55] [worker #4] Bootstrap tree #176, logLikelihood: -65966.557326
[03:37:45] [worker #5] Bootstrap tree #168, logLikelihood: -65787.052204
[03:39:00] [worker #2] Bootstrap tree #174, logLikelihood: -66442.025010
[03:39:58] [worker #6] Bootstrap tree #178, logLikelihood: -65595.247119
[03:40:10] [worker #7] Bootstrap tree #179, logLikelihood: -65561.726292
[03:40:55] [worker #3] Bootstrap tree #175, logLikelihood: -64505.363161
[03:41:13] [worker #8] Bootstrap tree #171, logLikelihood: -64392.723779
[03:41:35] [worker #4] Bootstrap tree #185, logLikelihood: -65758.782400
[03:42:36] [worker #6] Bootstrap tree #187, logLikelihood: -65599.883469
[03:42:46] [worker #1] Bootstrap tree #182, logLikelihood: -66256.462698
[03:44:24] [worker #7] Bootstrap tree #188, logLikelihood: -66227.883916
[03:44:58] [worker #0] Bootstrap tree #172, logLikelihood: -66277.389397
[03:45:03] [worker #3] Bootstrap tree #184, logLikelihood: -65234.173667
[03:45:23] [worker #8] Bootstrap tree #180, logLikelihood: -66423.995620
[03:47:16] [worker #4] Bootstrap tree #194, logLikelihood: -66677.586993
[03:48:10] [worker #7] Bootstrap tree #197, logLikelihood: -65672.861948
[03:49:23] [worker #2] Bootstrap tree #183, logLikelihood: -65401.649483
[03:49:49] [worker #3] Bootstrap tree #193, logLikelihood: -66738.923279
[03:49:51] [worker #5] Bootstrap tree #177, logLikelihood: -66648.454330
[03:50:35] [worker #0] Bootstrap tree #181, logLikelihood: -66016.647692
[03:50:56] [worker #6] Bootstrap tree #196, logLikelihood: -66026.765172
[03:52:40] [worker #1] Bootstrap tree #191, logLikelihood: -66658.703836
[03:53:59] [worker #5] Bootstrap tree #186, logLikelihood: -66383.579686
[03:55:21] [worker #8] Bootstrap tree #189, logLikelihood: -66136.740828
[03:55:36] [worker #2] Bootstrap tree #192, logLikelihood: -66292.728360
[03:57:45] [worker #5] Bootstrap tree #195, logLikelihood: -66076.246194
[03:58:27] [worker #8] Bootstrap tree #198, logLikelihood: -66277.186918
[03:59:46] [worker #0] Bootstrap tree #190, logLikelihood: -66197.892083
[04:01:23] [worker #1] Bootstrap tree #200, logLikelihood: -66312.225609
[04:08:53] [worker #0] Bootstrap tree #199, logLikelihood: -66120.454023
[04:14:45] [worker #3] Bootstrap tree #202, logLikelihood: -67275.690775
[04:15:23] [worker #1] Bootstrap tree #209, logLikelihood: -65656.826161
[04:15:27] [worker #5] Bootstrap tree #204, logLikelihood: -66500.647937
[04:15:32] [worker #2] Bootstrap tree #201, logLikelihood: -66462.272628
[04:16:35] [worker #6] Bootstrap tree #205, logLikelihood: -65697.463596
[04:17:05] [worker #4] Bootstrap tree #203, logLikelihood: -65214.479509
[04:17:56] [worker #0] Bootstrap tree #208, logLikelihood: -66817.146811
[04:18:20] [worker #7] Bootstrap tree #206, logLikelihood: -66344.468203
[04:19:29] [worker #1] Bootstrap tree #218, logLikelihood: -65614.424184
[04:21:15] [worker #3] Bootstrap tree #211, logLikelihood: -66149.625740
[04:21:32] [worker #5] Bootstrap tree #213, logLikelihood: -65911.255480
[04:22:03] [worker #6] Bootstrap tree #214, logLikelihood: -65378.288018
[04:22:16] [worker #2] Bootstrap tree #210, logLikelihood: -65422.827553
[04:23:29] [worker #8] Bootstrap tree #207, logLikelihood: -65601.089379
[04:25:13] [worker #0] Bootstrap tree #217, logLikelihood: -65830.789833
[04:25:15] [worker #4] Bootstrap tree #212, logLikelihood: -66065.382963
[04:26:16] [worker #1] Bootstrap tree #227, logLikelihood: -66167.648089
[04:27:09] [worker #7] Bootstrap tree #215, logLikelihood: -65693.640904
[04:27:55] [worker #3] Bootstrap tree #220, logLikelihood: -65413.575193
[04:27:59] [worker #6] Bootstrap tree #223, logLikelihood: -68203.208686
[04:28:43] [worker #5] Bootstrap tree #222, logLikelihood: -65433.884441
[04:30:44] [worker #2] Bootstrap tree #219, logLikelihood: -66462.223693
[04:31:31] [worker #1] Bootstrap tree #236, logLikelihood: -66723.733068
[04:31:59] [worker #0] Bootstrap tree #226, logLikelihood: -66273.574556
[04:32:45] [worker #4] Bootstrap tree #221, logLikelihood: -66543.792133
[04:33:20] [worker #6] Bootstrap tree #232, logLikelihood: -66203.564778
[04:33:59] [worker #1] Bootstrap tree #245, logLikelihood: -66045.796846
[04:35:12] [worker #5] Bootstrap tree #231, logLikelihood: -66811.946647
[04:35:28] [worker #8] Bootstrap tree #216, logLikelihood: -66056.056516
[04:35:28] [worker #3] Bootstrap tree #229, logLikelihood: -65841.351730
[04:37:11] [worker #2] Bootstrap tree #228, logLikelihood: -67044.476535
[04:39:04] [worker #4] Bootstrap tree #230, logLikelihood: -65551.274687
[04:39:50] [worker #3] Bootstrap tree #238, logLikelihood: -66627.826517
[04:40:00] [worker #6] Bootstrap tree #241, logLikelihood: -65454.720279
[04:40:29] [worker #0] Bootstrap tree #235, logLikelihood: -66189.864668
[04:40:44] [worker #7] Bootstrap tree #224, logLikelihood: -66310.989738
[04:42:10] [worker #2] Bootstrap tree #237, logLikelihood: -66617.597972
[04:42:38] [worker #4] Bootstrap tree #239, logLikelihood: -66917.057679
[04:43:30] [worker #8] Bootstrap tree #225, logLikelihood: -65744.929773
[04:44:04] [worker #3] Bootstrap tree #247, logLikelihood: -65769.697235
[04:46:11] [worker #4] Bootstrap tree #248, logLikelihood: -66680.461825
[04:46:28] [worker #2] Bootstrap tree #246, logLikelihood: -65429.215368
[04:46:53] [worker #7] Bootstrap tree #233, logLikelihood: -65894.961841
[04:47:51] [worker #0] Bootstrap tree #244, logLikelihood: -66613.189689
[04:49:28] [worker #5] Bootstrap tree #240, logLikelihood: -65830.150907
[04:50:13] [worker #6] Bootstrap tree #250, logLikelihood: -65591.450250
[04:50:32] [worker #8] Bootstrap tree #234, logLikelihood: -65487.688860
[04:52:10] [worker #7] Bootstrap tree #242, logLikelihood: -64940.731554
[04:54:57] [worker #8] Bootstrap tree #243, logLikelihood: -65130.013165
[04:55:45] [worker #5] Bootstrap tree #249, logLikelihood: -66057.242211
[05:00:06] [worker #3] Bootstrap tree #256, logLikelihood: -65271.669549
[05:01:36] [worker #1] Bootstrap tree #254, logLikelihood: -66383.874975
[05:02:04] [worker #5] Bootstrap tree #258, logLikelihood: -65536.396293
[05:02:20] [worker #2] Bootstrap tree #255, logLikelihood: -65861.262123
[05:02:52] [worker #7] Bootstrap tree #251, logLikelihood: -67332.670948
[05:02:58] [worker #8] Bootstrap tree #252, logLikelihood: -65226.367637
[05:04:53] [worker #3] Bootstrap tree #265, logLikelihood: -65999.991317
[05:05:01] [worker #6] Bootstrap tree #259, logLikelihood: -67284.645169
[05:07:15] [worker #1] Bootstrap tree #263, logLikelihood: -65930.767611
[05:07:29] [worker #4] Bootstrap tree #257, logLikelihood: -66144.716848
[05:08:21] [worker #2] Bootstrap tree #264, logLikelihood: -66252.505801
[05:08:27] [worker #5] Bootstrap tree #267, logLikelihood: -66182.518552
[05:08:29] [worker #7] Bootstrap tree #260, logLikelihood: -65999.643085
[05:09:07] [worker #8] Bootstrap tree #261, logLikelihood: -66133.503145
[05:10:29] [worker #0] Bootstrap tree #253, logLikelihood: -66280.218406
[05:10:37] [worker #3] Bootstrap tree #274, logLikelihood: -65760.405723
[05:11:21] [worker #6] Bootstrap tree #268, logLikelihood: -65826.651553
[05:12:34] [worker #4] Bootstrap tree #266, logLikelihood: -65614.249012
[05:14:15] [worker #5] Bootstrap tree #276, logLikelihood: -65705.832171
[05:14:23] [worker #2] Bootstrap tree #273, logLikelihood: -65560.795813
[05:16:59] [worker #3] Bootstrap tree #283, logLikelihood: -65575.228436
[05:17:53] [worker #6] Bootstrap tree #277, logLikelihood: -66110.870176
[05:18:03] [worker #0] Bootstrap tree #262, logLikelihood: -64976.055646
[05:18:07] [worker #8] Bootstrap tree #270, logLikelihood: -65741.723727
[05:19:10] [worker #4] Bootstrap tree #275, logLikelihood: -65462.745396
[05:19:31] [worker #1] Bootstrap tree #272, logLikelihood: -66577.018013
[05:20:11] [worker #5] Bootstrap tree #285, logLikelihood: -65990.233347
[05:20:30] [worker #7] Bootstrap tree #269, logLikelihood: -66644.852974
[05:20:40] [worker #2] Bootstrap tree #282, logLikelihood: -66472.112151
[05:23:26] [worker #3] Bootstrap tree #292, logLikelihood: -66281.942648
[05:24:46] [worker #1] Bootstrap tree #281, logLikelihood: -66645.406527
[05:25:03] [worker #0] Bootstrap tree #271, logLikelihood: -65909.734889
[05:26:06] [worker #8] Bootstrap tree #279, logLikelihood: -66330.168963
[05:26:50] [worker #4] Bootstrap tree #284, logLikelihood: -65927.201445
[05:27:30] [worker #2] Bootstrap tree #291, logLikelihood: -66962.390862
[05:28:31] [worker #7] Bootstrap tree #278, logLikelihood: -66426.829646
[05:28:43] [worker #5] Bootstrap tree #294, logLikelihood: -65809.989651
[05:33:28] [worker #8] Bootstrap tree #288, logLikelihood: -66544.929976
[05:33:37] [worker #1] Bootstrap tree #290, logLikelihood: -66744.809059
[05:34:02] [worker #2] Bootstrap tree #300, logLikelihood: -66194.950631
[05:34:14] [worker #4] Bootstrap tree #293, logLikelihood: -64923.293467
[05:34:31] [worker #7] Bootstrap tree #287, logLikelihood: -65269.784975
[05:35:05] [worker #6] Bootstrap tree #286, logLikelihood: -65337.689377
[05:36:20] [worker #0] Bootstrap tree #280, logLikelihood: -65833.429338
[05:38:08] [worker #8] Bootstrap tree #297, logLikelihood: -65938.011269
[05:40:40] [worker #6] Bootstrap tree #295, logLikelihood: -66195.821506
[05:41:28] [worker #0] Bootstrap tree #289, logLikelihood: -66141.220201
[05:41:57] [worker #1] Bootstrap tree #299, logLikelihood: -66186.687180
[05:42:06] [worker #7] Bootstrap tree #296, logLikelihood: -66536.361823
[05:48:24] [worker #0] Bootstrap tree #298, logLikelihood: -66146.482514
[05:51:59] [worker #3] Bootstrap tree #301, logLikelihood: -66321.745569
[05:52:58] [worker #7] Bootstrap tree #305, logLikelihood: -65585.150018
[05:55:26] [worker #2] Bootstrap tree #309, logLikelihood: -65951.881647
[05:55:27] [worker #5] Bootstrap tree #303, logLikelihood: -66817.956458
[05:56:25] [worker #6] Bootstrap tree #304, logLikelihood: -64741.121354
[05:56:41] [worker #1] Bootstrap tree #308, logLikelihood: -65734.262130
[05:56:51] [worker #4] Bootstrap tree #302, logLikelihood: -66235.603987
[05:59:35] [worker #0] Bootstrap tree #307, logLikelihood: -65966.322342
[05:59:41] [worker #5] Bootstrap tree #312, logLikelihood: -64981.294108
[06:00:19] [worker #8] Bootstrap tree #306, logLikelihood: -66333.100146
[06:00:27] [worker #3] Bootstrap tree #310, logLikelihood: -65741.857392
[06:01:56] [worker #7] Bootstrap tree #314, logLikelihood: -65883.220777
[06:03:16] [worker #4] Bootstrap tree #311, logLikelihood: -65067.754427
[06:03:49] [worker #1] Bootstrap tree #317, logLikelihood: -67511.793086
[06:05:22] [worker #6] Bootstrap tree #313, logLikelihood: -66115.727738
[06:06:14] [worker #7] Bootstrap tree #323, logLikelihood: -66259.232436
[06:06:21] [worker #2] Bootstrap tree #318, logLikelihood: -66653.685590
[06:07:30] [worker #3] Bootstrap tree #319, logLikelihood: -66140.325033
[06:07:44] [worker #5] Bootstrap tree #321, logLikelihood: -66538.795702
[06:08:12] [worker #4] Bootstrap tree #320, logLikelihood: -66096.788263
[06:08:35] [worker #0] Bootstrap tree #316, logLikelihood: -65168.773573
[06:11:09] [worker #6] Bootstrap tree #322, logLikelihood: -65930.054830
[06:12:13] [worker #1] Bootstrap tree #326, logLikelihood: -65321.557487
[06:13:26] [worker #7] Bootstrap tree #332, logLikelihood: -67061.210122
[06:15:10] [worker #2] Bootstrap tree #327, logLikelihood: -65401.431314
[06:17:03] [worker #5] Bootstrap tree #330, logLikelihood: -67143.092513
[06:17:12] [worker #8] Bootstrap tree #315, logLikelihood: -65606.637521
[06:17:17] [worker #4] Bootstrap tree #329, logLikelihood: -65756.492697
[06:17:34] [worker #3] Bootstrap tree #328, logLikelihood: -66298.973347
[06:18:12] [worker #0] Bootstrap tree #325, logLikelihood: -65475.570061
[06:18:39] [worker #6] Bootstrap tree #331, logLikelihood: -65342.683635
[06:19:43] [worker #7] Bootstrap tree #341, logLikelihood: -65757.815449
[06:20:15] [worker #1] Bootstrap tree #335, logLikelihood: -66662.841676
[06:22:25] [worker #3] Bootstrap tree #337, logLikelihood: -66733.926144
[06:22:53] [worker #2] Bootstrap tree #336, logLikelihood: -65479.723477
[06:23:48] [worker #5] Bootstrap tree #339, logLikelihood: -65933.216263
[06:24:51] [worker #6] Bootstrap tree #340, logLikelihood: -65292.616149
[06:25:25] [worker #0] Bootstrap tree #334, logLikelihood: -65307.400104
[06:25:25] [worker #8] Bootstrap tree #324, logLikelihood: -66896.920855
[06:25:50] [worker #1] Bootstrap tree #344, logLikelihood: -65458.503388
[06:26:27] [worker #4] Bootstrap tree #338, logLikelihood: -66685.126893
[06:28:27] [worker #7] Bootstrap tree #350, logLikelihood: -65165.030088
[06:30:20] [worker #4] Bootstrap tree #347, logLikelihood: -66285.823934
[06:30:26] [worker #2] Bootstrap tree #345, logLikelihood: -65267.578404
[06:30:33] [worker #5] Bootstrap tree #348, logLikelihood: -67244.787637
[06:30:36] [worker #0] Bootstrap tree #343, logLikelihood: -65654.919235
[06:31:54] [worker #3] Bootstrap tree #346, logLikelihood: -65657.709882
[06:35:20] [worker #8] Bootstrap tree #333, logLikelihood: -65184.400618
[06:35:31] [worker #6] Bootstrap tree #349, logLikelihood: -65543.929181
[06:42:42] [worker #8] Bootstrap tree #342, logLikelihood: -66269.683920
[06:46:53] [worker #3] Bootstrap tree #355, logLikelihood: -65694.659804
[06:49:23] [worker #6] Bootstrap tree #358, logLikelihood: -66636.542419
[06:49:56] [worker #0] Bootstrap tree #352, logLikelihood: -66434.330784
[06:50:09] [worker #4] Bootstrap tree #356, logLikelihood: -66070.564126
[06:50:19] [worker #7] Bootstrap tree #359, logLikelihood: -67119.957707
[06:51:15] [worker #3] Bootstrap tree #364, logLikelihood: -65756.262953
[06:51:40] [worker #2] Bootstrap tree #354, logLikelihood: -65552.384602
[06:52:11] [worker #8] Bootstrap tree #351, logLikelihood: -66992.123815
[06:52:15] [worker #1] Bootstrap tree #353, logLikelihood: -64200.089376
[06:52:29] [worker #5] Bootstrap tree #357, logLikelihood: -65279.425937
[06:53:40] [worker #3] Bootstrap tree #373, logLikelihood: -66427.568307
[06:56:55] [worker #2] Bootstrap tree #363, logLikelihood: -65842.700171
[06:58:10] [worker #4] Bootstrap tree #365, logLikelihood: -65931.668346
[06:58:47] [worker #1] Bootstrap tree #362, logLikelihood: -66334.924971
[06:59:06] [worker #7] Bootstrap tree #368, logLikelihood: -65787.319714
[06:59:21] [worker #3] Bootstrap tree #382, logLikelihood: -66083.147141
[07:00:43] [worker #0] Bootstrap tree #361, logLikelihood: -66307.324144
[07:01:10] [worker #5] Bootstrap tree #366, logLikelihood: -66720.766923
[07:01:15] [worker #1] Bootstrap tree #371, logLikelihood: -65937.103201
[07:04:05] [worker #2] Bootstrap tree #372, logLikelihood: -66114.887809
[07:05:07] [worker #6] Bootstrap tree #367, logLikelihood: -66356.027271
[07:05:46] [worker #8] Bootstrap tree #360, logLikelihood: -65482.798184
[07:06:06] [worker #4] Bootstrap tree #374, logLikelihood: -66469.175317
[07:07:25] [worker #6] Bootstrap tree #376, logLikelihood: -65428.151329
[07:08:09] [worker #7] Bootstrap tree #377, logLikelihood: -65465.575904
[07:10:25] [worker #1] Bootstrap tree #380, logLikelihood: -67481.462172
[07:10:39] [worker #6] Bootstrap tree #385, logLikelihood: -65813.504011
[07:11:46] [worker #0] Bootstrap tree #370, logLikelihood: -66479.618340
[07:11:51] [worker #5] Bootstrap tree #375, logLikelihood: -66507.802727
[07:12:07] [worker #3] Bootstrap tree #391, logLikelihood: -68225.304209
[07:15:24] [worker #8] Bootstrap tree #369, logLikelihood: -66283.969007
[07:15:43] [worker #0] Bootstrap tree #379, logLikelihood: -66053.489575
[07:16:46] [worker #1] Bootstrap tree #389, logLikelihood: -66223.445509
[07:17:41] [worker #2] Bootstrap tree #381, logLikelihood: -66437.725653
[07:18:59] [worker #5] Bootstrap tree #384, logLikelihood: -66930.557815
[07:19:35] [worker #7] Bootstrap tree #386, logLikelihood: -65885.333163
[07:21:13] [worker #6] Bootstrap tree #394, logLikelihood: -65652.171346
[07:21:37] [worker #2] Bootstrap tree #390, logLikelihood: -65882.219518
[07:21:55] [worker #1] Bootstrap tree #398, logLikelihood: -66432.007098
[07:23:44] [worker #4] Bootstrap tree #383, logLikelihood: -66229.483073
[07:27:04] [worker #3] Bootstrap tree #400, logLikelihood: -66613.618658
[07:29:11] [worker #8] Bootstrap tree #378, logLikelihood: -65696.200087
[07:29:30] [worker #5] Bootstrap tree #393, logLikelihood: -66372.561569
[07:31:08] [worker #0] Bootstrap tree #388, logLikelihood: -66888.772301
[07:31:51] [worker #7] Bootstrap tree #395, logLikelihood: -66469.125795
[07:35:53] [worker #4] Bootstrap tree #392, logLikelihood: -66891.615266
[07:35:59] [worker #2] Bootstrap tree #399, logLikelihood: -65247.600712
[07:44:15] [worker #8] Bootstrap tree #387, logLikelihood: -66145.323226
[07:46:45] [worker #0] Bootstrap tree #397, logLikelihood: -66279.210392
[07:49:15] [worker #8] Bootstrap tree #396, logLikelihood: -66200.626130
[07:53:37] [worker #1] Bootstrap tree #407, logLikelihood: -65849.312581
[07:55:08] [worker #2] Bootstrap tree #408, logLikelihood: -66560.295427
[07:55:32] [worker #8] Bootstrap tree #405, logLikelihood: -66360.664529
[07:56:15] [worker #0] Bootstrap tree #406, logLikelihood: -66827.227403
[07:57:14] [worker #6] Bootstrap tree #403, logLikelihood: -66651.451407
[07:58:48] [worker #7] Bootstrap tree #404, logLikelihood: -66101.585308
[07:59:02] [worker #3] Bootstrap tree #409, logLikelihood: -64679.249369
[07:59:52] [worker #0] Bootstrap tree #415, logLikelihood: -65488.675659
[08:01:24] [worker #1] Bootstrap tree #416, logLikelihood: -65922.171267
[08:01:46] [worker #8] Bootstrap tree #414, logLikelihood: -66401.403279
[08:01:55] [worker #4] Bootstrap tree #401, logLikelihood: -65532.415539
[08:02:00] [worker #5] Bootstrap tree #402, logLikelihood: -66622.884099
[08:04:27] [worker #0] Bootstrap tree #424, logLikelihood: -67139.787342
[08:06:59] [worker #2] Bootstrap tree #417, logLikelihood: -66312.440864
[08:07:11] [worker #3] Bootstrap tree #418, logLikelihood: -65525.598924
[08:08:19] [worker #5] Bootstrap tree #411, logLikelihood: -65862.892445
[08:08:38] [worker #6] Bootstrap tree #412, logLikelihood: -65720.748881
[08:08:41] [worker #8] Bootstrap tree #423, logLikelihood: -65211.621397
[08:09:28] [worker #1] Bootstrap tree #425, logLikelihood: -66259.618440
[08:10:10] [worker #0] Bootstrap tree #433, logLikelihood: -65993.053821
[08:11:50] [worker #3] Bootstrap tree #427, logLikelihood: -65807.102927
[08:12:34] [worker #4] Bootstrap tree #410, logLikelihood: -67292.072421
[08:12:46] [worker #7] Bootstrap tree #413, logLikelihood: -66251.875340
[08:13:55] [worker #2] Bootstrap tree #426, logLikelihood: -65592.990211
[08:14:17] [worker #0] Bootstrap tree #442, logLikelihood: -66018.093250
[08:15:56] [worker #8] Bootstrap tree #432, logLikelihood: -66001.704252
[08:17:09] [worker #5] Bootstrap tree #420, logLikelihood: -66469.866881
[08:17:52] [worker #3] Bootstrap tree #436, logLikelihood: -65443.362716
[08:17:54] [worker #1] Bootstrap tree #434, logLikelihood: -67013.576558
[08:18:30] [worker #6] Bootstrap tree #421, logLikelihood: -66708.005286
[08:20:16] [worker #4] Bootstrap tree #419, logLikelihood: -66391.272017
[08:24:33] [worker #8] Bootstrap tree #441, logLikelihood: -66217.002897
[08:25:09] [worker #1] Bootstrap tree #443, logLikelihood: -64944.368541
[08:25:22] [worker #3] Bootstrap tree #445, logLikelihood: -65926.248498
[08:25:46] [worker #7] Bootstrap tree #422, logLikelihood: -65631.648176
[08:25:57] [worker #5] Bootstrap tree #429, logLikelihood: -65329.788003
[08:28:40] [worker #4] Bootstrap tree #428, logLikelihood: -65739.540043
[08:32:00] [worker #2] Bootstrap tree #435, logLikelihood: -66094.601094
[08:33:44] [worker #8] Bootstrap tree #450, logLikelihood: -64714.849889
[08:36:23] [worker #6] Bootstrap tree #430, logLikelihood: -65914.858815
[08:40:37] [worker #7] Bootstrap tree #431, logLikelihood: -66952.826365
[08:43:40] [worker #2] Bootstrap tree #444, logLikelihood: -66479.245623
[08:44:21] [worker #4] Bootstrap tree #437, logLikelihood: -65576.135463
[08:45:51] [worker #5] Bootstrap tree #438, logLikelihood: -66003.527295
[08:47:22] [worker #6] Bootstrap tree #439, logLikelihood: -66016.381629
[08:50:43] [worker #7] Bootstrap tree #440, logLikelihood: -65628.295683
[08:51:57] [worker #5] Bootstrap tree #447, logLikelihood: -67274.194670
[08:53:52] [worker #4] Bootstrap tree #446, logLikelihood: -65517.012405
[08:56:54] [worker #6] Bootstrap tree #448, logLikelihood: -66815.305714
[08:58:53] [worker #7] Bootstrap tree #449, logLikelihood: -65623.357567
[09:02:53] [worker #2] Bootstrap tree #453, logLikelihood: -64896.168348
[09:04:11] [worker #6] Bootstrap tree #457, logLikelihood: -67002.381963
[09:04:37] [worker #5] Bootstrap tree #456, logLikelihood: -65748.184070
[09:05:32] [worker #1] Bootstrap tree #452, logLikelihood: -66670.539124
[09:06:22] [worker #7] Bootstrap tree #458, logLikelihood: -66907.453151
[09:06:28] [worker #8] Bootstrap tree #459, logLikelihood: -65536.304441
[09:07:59] [worker #0] Bootstrap tree #451, logLikelihood: -65398.516092
[09:08:17] [worker #3] Bootstrap tree #454, logLikelihood: -66907.071199
[09:09:54] [worker #5] Bootstrap tree #465, logLikelihood: -65667.561086
[09:11:32] [worker #8] Bootstrap tree #468, logLikelihood: -66626.429115
[09:11:43] [worker #4] Bootstrap tree #455, logLikelihood: -66665.792412
[09:13:28] [worker #2] Bootstrap tree #462, logLikelihood: -66662.619902
[09:14:34] [worker #5] Bootstrap tree #474, logLikelihood: -66019.948295
[09:14:45] [worker #1] Bootstrap tree #461, logLikelihood: -66115.430177
[09:15:48] [worker #2] Bootstrap tree #471, logLikelihood: -66751.275570
[09:16:26] [worker #3] Bootstrap tree #463, logLikelihood: -65904.060427
[09:16:34] [worker #6] Bootstrap tree #466, logLikelihood: -65957.068983
[09:17:21] [worker #7] Bootstrap tree #467, logLikelihood: -66427.043543
[09:17:46] [worker #0] Bootstrap tree #460, logLikelihood: -65603.739277
[09:18:47] [worker #2] Bootstrap tree #480, logLikelihood: -65697.918319
[09:19:03] [worker #8] Bootstrap tree #477, logLikelihood: -66400.095112
[09:20:19] [worker #1] Bootstrap tree #470, logLikelihood: -66015.294553
[09:22:16] [worker #8] Bootstrap tree #486, logLikelihood: -66177.363510
[09:22:43] [worker #7] Bootstrap tree #476, logLikelihood: -66561.848440
[09:23:08] [worker #2] Bootstrap tree #489, logLikelihood: -64695.091504
[09:23:17] [worker #8] Bootstrap tree #495, logLikelihood: -66308.388423
[09:23:33] [worker #5] Bootstrap tree #483, logLikelihood: -66184.948650
[09:24:41] [worker #3] Bootstrap tree #472, logLikelihood: -67092.547119
[09:27:03] [worker #6] Bootstrap tree #475, logLikelihood: -66427.154809
[09:27:45] [worker #0] Bootstrap tree #469, logLikelihood: -65595.170605
[09:27:58] [worker #4] Bootstrap tree #464, logLikelihood: -65850.416886
[09:29:24] [worker #7] Bootstrap tree #485, logLikelihood: -66880.652131
[09:31:26] [worker #0] Bootstrap tree #478, logLikelihood: -65657.624630
[09:33:04] [worker #3] Bootstrap tree #481, logLikelihood: -64623.131340
[09:34:10] [worker #7] Bootstrap tree #494, logLikelihood: -66134.186664
[09:34:15] [worker #2] Bootstrap tree #498, logLikelihood: -66106.872120
[09:34:33] [worker #4] Bootstrap tree #473, logLikelihood: -65461.183162
[09:35:49] [worker #5] Bootstrap tree #492, logLikelihood: -66148.630755
[09:36:11] [worker #1] Bootstrap tree #479, logLikelihood: -66311.214442
[09:37:11] [worker #6] Bootstrap tree #484, logLikelihood: -66106.961040
[09:38:27] [worker #3] Bootstrap tree #490, logLikelihood: -65567.900361
[09:39:06] [worker #0] Bootstrap tree #487, logLikelihood: -65901.752111
[09:40:12] [worker #3] Bootstrap tree #499, logLikelihood: -65215.525561
[09:40:27] [worker #4] Bootstrap tree #482, logLikelihood: -66680.672598
[09:42:52] [worker #6] Bootstrap tree #493, logLikelihood: -66224.869358
[09:43:03] [worker #1] Bootstrap tree #488, logLikelihood: -66086.013082
[09:43:06] [worker #4] Bootstrap tree #491, logLikelihood: -66501.641295
[09:47:44] [worker #1] Bootstrap tree #497, logLikelihood: -66224.468101
[09:50:00] [worker #4] Bootstrap tree #500, logLikelihood: -65611.566100
[09:50:08] [worker #0] Bootstrap tree #496, logLikelihood: -66608.815530
[09:53:55] [worker #0] Bootstrap tree #505, logLikelihood: -66033.697958
[09:54:25] [worker #6] Bootstrap tree #502, logLikelihood: -66504.915161
[09:56:14] [worker #4] Bootstrap tree #509, logLikelihood: -66352.517178
[09:56:23] [worker #6] Bootstrap tree #511, logLikelihood: -66572.435200
[09:57:46] [worker #8] Bootstrap tree #504, logLikelihood: -65493.807215
[09:59:43] [worker #8] Bootstrap tree #513, logLikelihood: -65609.750511
[10:00:50] [worker #7] Bootstrap tree #503, logLikelihood: -65530.550522
[10:01:42] [worker #8] Bootstrap tree #522, logLikelihood: -66046.935723
[10:03:07] [worker #2] Bootstrap tree #507, logLikelihood: -65664.586626
[10:03:53] [worker #8] Bootstrap tree #531, logLikelihood: -67479.817291
[10:04:28] [worker #0] Bootstrap tree #514, logLikelihood: -66186.810343
[10:04:37] [worker #3] Bootstrap tree #508, logLikelihood: -67382.829170
[10:04:37] [worker #5] Bootstrap tree #501, logLikelihood: -65690.382241
[10:05:13] [worker #4] Bootstrap tree #518, logLikelihood: -66411.637399
[10:05:30] [worker #6] Bootstrap tree #520, logLikelihood: -65724.737355
[10:06:10] [worker #7] Bootstrap tree #512, logLikelihood: -65412.244277
[10:10:23] [worker #8] Bootstrap tree #540, logLikelihood: -65509.095665
[10:10:41] [worker #0] Bootstrap tree #523, logLikelihood: -65936.931277
[10:11:30] [worker #3] Bootstrap tree #517, logLikelihood: -66776.630359
[10:11:48] [worker #1] Bootstrap tree #506, logLikelihood: -65704.797827
[10:12:04] [worker #4] Bootstrap tree #527, logLikelihood: -66026.829447
[10:12:15] [worker #5] Bootstrap tree #510, logLikelihood: -66595.078165
[10:13:04] [worker #7] Bootstrap tree #521, logLikelihood: -65902.780847
[10:13:34] [worker #6] Bootstrap tree #529, logLikelihood: -65383.369868
[10:17:13] [worker #3] Bootstrap tree #526, logLikelihood: -65809.111673
[10:17:36] [worker #2] Bootstrap tree #516, logLikelihood: -66377.678358
[10:18:00] [worker #1] Bootstrap tree #515, logLikelihood: -66618.258642
[10:18:29] [worker #5] Bootstrap tree #519, logLikelihood: -65808.736814
[10:18:43] [worker #4] Bootstrap tree #536, logLikelihood: -67363.233069
[10:19:08] [worker #8] Bootstrap tree #549, logLikelihood: -66357.424423
[10:20:30] [worker #6] Bootstrap tree #538, logLikelihood: -66544.365600
[10:20:34] [worker #0] Bootstrap tree #532, logLikelihood: -66621.581054
[10:22:53] [worker #7] Bootstrap tree #530, logLikelihood: -66182.225756
[10:26:53] [worker #6] Bootstrap tree #547, logLikelihood: -66409.726482
[10:29:14] [worker #4] Bootstrap tree #545, logLikelihood: -65614.773187
[10:30:53] [worker #5] Bootstrap tree #528, logLikelihood: -65169.152149
[10:30:56] [worker #3] Bootstrap tree #535, logLikelihood: -65329.592320
[10:32:01] [worker #2] Bootstrap tree #525, logLikelihood: -65966.502498
[10:33:03] [worker #0] Bootstrap tree #541, logLikelihood: -66367.874719
[10:33:30] [worker #1] Bootstrap tree #524, logLikelihood: -66099.208277
[10:34:30] [worker #7] Bootstrap tree #539, logLikelihood: -65459.014318
[10:37:39] [worker #5] Bootstrap tree #537, logLikelihood: -64921.769009
[10:38:04] [worker #3] Bootstrap tree #544, logLikelihood: -66408.466484
[10:41:13] [worker #2] Bootstrap tree #534, logLikelihood: -65358.464329
[10:42:18] [worker #0] Bootstrap tree #550, logLikelihood: -66365.244547
[10:42:50] [worker #7] Bootstrap tree #548, logLikelihood: -65476.903646
[10:43:48] [worker #1] Bootstrap tree #533, logLikelihood: -65693.221393
[10:45:28] [worker #5] Bootstrap tree #546, logLikelihood: -65523.420631
[10:49:47] [worker #2] Bootstrap tree #543, logLikelihood: -65576.654781
[10:53:06] [worker #1] Bootstrap tree #542, logLikelihood: -65843.556986
[10:58:24] [worker #7] Bootstrap tree #557, logLikelihood: -66174.362695
[10:58:46] [worker #8] Bootstrap tree #558, logLikelihood: -66083.716076
[11:00:29] [worker #1] Bootstrap tree #551, logLikelihood: -65947.354614
[11:02:03] [worker #5] Bootstrap tree #555, logLikelihood: -66759.268626
[11:02:32] [worker #4] Bootstrap tree #554, logLikelihood: -66168.379722
[11:02:43] [worker #2] Bootstrap tree #552, logLikelihood: -65460.267407
[11:03:19] [worker #0] Bootstrap tree #559, logLikelihood: -66803.109958
[11:03:44] [worker #3] Bootstrap tree #553, logLikelihood: -66039.511915
[11:03:48] [worker #1] Bootstrap tree #560, logLikelihood: -65827.895016
[11:04:08] [worker #6] Bootstrap tree #556, logLikelihood: -65248.473995
[11:05:10] [worker #8] Bootstrap tree #567, logLikelihood: -66260.339386
[11:07:50] [worker #8] Bootstrap tree #576, logLikelihood: -66124.996709
[11:08:07] [worker #7] Bootstrap tree #566, logLikelihood: -65926.423310
[11:09:25] [worker #2] Bootstrap tree #561, logLikelihood: -66218.602434
[11:09:41] [worker #1] Bootstrap tree #569, logLikelihood: -66209.598708
[11:11:53] [worker #5] Bootstrap tree #564, logLikelihood: -67606.621393
[11:12:19] [worker #3] Bootstrap tree #562, logLikelihood: -65907.216341
[11:13:54] [worker #2] Bootstrap tree #570, logLikelihood: -67134.015850
[11:14:48] [worker #0] Bootstrap tree #568, logLikelihood: -66906.918908
[11:15:24] [worker #4] Bootstrap tree #563, logLikelihood: -66240.760815
[11:15:35] [worker #6] Bootstrap tree #565, logLikelihood: -65691.914996
[11:16:39] [worker #1] Bootstrap tree #578, logLikelihood: -66516.377991
[11:16:53] [worker #7] Bootstrap tree #575, logLikelihood: -66289.983439
[11:17:15] [worker #5] Bootstrap tree #573, logLikelihood: -67301.257666
[11:18:54] [worker #2] Bootstrap tree #579, logLikelihood: -65641.515357
[11:19:23] [worker #8] Bootstrap tree #585, logLikelihood: -66417.331869
[11:21:42] [worker #6] Bootstrap tree #574, logLikelihood: -66261.328206
[11:22:06] [worker #7] Bootstrap tree #584, logLikelihood: -66187.025791
[11:22:27] [worker #4] Bootstrap tree #572, logLikelihood: -65641.656939
[11:23:24] [worker #3] Bootstrap tree #571, logLikelihood: -65999.666120
[11:24:28] [worker #0] Bootstrap tree #577, logLikelihood: -66226.248940
[11:24:59] [worker #8] Bootstrap tree #594, logLikelihood: -65860.871031
[11:25:26] [worker #5] Bootstrap tree #582, logLikelihood: -65998.202763
[11:26:50] [worker #4] Bootstrap tree #581, logLikelihood: -66018.196285
[11:27:40] [worker #2] Bootstrap tree #588, logLikelihood: -66491.211813
[11:28:23] [worker #1] Bootstrap tree #587, logLikelihood: -65839.568894
[11:29:24] [worker #6] Bootstrap tree #583, logLikelihood: -65706.011045
[11:29:55] [worker #7] Bootstrap tree #593, logLikelihood: -65928.334922
[11:30:14] [worker #5] Bootstrap tree #591, logLikelihood: -66220.795383
[11:34:45] [worker #3] Bootstrap tree #580, logLikelihood: -65532.600608
[11:35:38] [worker #4] Bootstrap tree #590, logLikelihood: -65995.782557
[11:35:57] [worker #1] Bootstrap tree #596, logLikelihood: -66681.594341
[11:37:15] [worker #0] Bootstrap tree #586, logLikelihood: -66102.407328
[11:39:13] [worker #2] Bootstrap tree #597, logLikelihood: -67223.213769
[11:39:58] [worker #6] Bootstrap tree #592, logLikelihood: -66106.977847
[11:42:30] [worker #3] Bootstrap tree #589, logLikelihood: -65040.539201
[11:47:52] [worker #0] Bootstrap tree #595, logLikelihood: -65218.028472
[11:49:15] [worker #4] Bootstrap tree #599, logLikelihood: -65324.046037
[11:51:30] [worker #5] Bootstrap tree #600, logLikelihood: -66370.712755
[12:06:42] [worker #3] Bootstrap tree #598, logLikelihood: -64860.059457
[12:11:02] [worker #0] Bootstrap tree #604, logLikelihood: -66033.086882
[12:11:47] [worker #1] Bootstrap tree #605, logLikelihood: -65131.054637
[12:14:05] [worker #0] Bootstrap tree #613, logLikelihood: -66488.895827
[12:14:34] [worker #8] Bootstrap tree #603, logLikelihood: -66613.328713
[12:15:46] [worker #5] Bootstrap tree #609, logLikelihood: -66126.564257
[12:16:05] [worker #0] Bootstrap tree #622, logLikelihood: -65437.647441
[12:17:06] [worker #3] Bootstrap tree #607, logLikelihood: -66057.724447
[12:17:26] [worker #6] Bootstrap tree #601, logLikelihood: -67108.870096
[12:17:49] [worker #1] Bootstrap tree #614, logLikelihood: -65590.253377
[12:18:06] [worker #7] Bootstrap tree #602, logLikelihood: -65963.026248
[12:18:13] [worker #0] Bootstrap tree #631, logLikelihood: -65104.031551
[12:21:53] [worker #4] Bootstrap tree #608, logLikelihood: -65387.919995
[12:22:56] [worker #6] Bootstrap tree #610, logLikelihood: -67115.873722
[12:24:01] [worker #8] Bootstrap tree #612, logLikelihood: -66593.363337
[12:24:42] [worker #1] Bootstrap tree #623, logLikelihood: -65655.279256
[12:25:42] [worker #3] Bootstrap tree #616, logLikelihood: -65669.565616
[12:25:43] [worker #2] Bootstrap tree #606, logLikelihood: -67158.562264
[12:25:45] [worker #5] Bootstrap tree #618, logLikelihood: -66413.887863
[12:26:00] [worker #0] Bootstrap tree #640, logLikelihood: -66398.637557
[12:27:49] [worker #4] Bootstrap tree #617, logLikelihood: -66447.632731
[12:29:21] [worker #3] Bootstrap tree #625, logLikelihood: -65489.295234
[12:29:36] [worker #7] Bootstrap tree #611, logLikelihood: -66025.294579
[12:29:37] [worker #1] Bootstrap tree #632, logLikelihood: -65941.103229
[12:30:15] [worker #6] Bootstrap tree #619, logLikelihood: -66182.814544
[12:32:32] [worker #5] Bootstrap tree #627, logLikelihood: -65490.693911
[12:33:07] [worker #8] Bootstrap tree #621, logLikelihood: -66129.508950
[12:33:34] [worker #1] Bootstrap tree #641, logLikelihood: -65667.943206
[12:34:18] [worker #2] Bootstrap tree #615, logLikelihood: -65723.545917
[12:35:19] [worker #0] Bootstrap tree #649, logLikelihood: -66049.661763
[12:36:29] [worker #3] Bootstrap tree #634, logLikelihood: -67136.302539
[12:37:34] [worker #6] Bootstrap tree #628, logLikelihood: -65354.104030
[12:38:50] [worker #4] Bootstrap tree #626, logLikelihood: -65217.279688
[12:39:37] [worker #8] Bootstrap tree #630, logLikelihood: -66389.095467
[12:40:41] [worker #7] Bootstrap tree #620, logLikelihood: -66810.226010
[12:42:40] [worker #3] Bootstrap tree #643, logLikelihood: -67314.687519
[12:43:14] [worker #5] Bootstrap tree #636, logLikelihood: -66018.033626
[12:44:16] [worker #2] Bootstrap tree #624, logLikelihood: -66329.281610
[12:44:19] [worker #6] Bootstrap tree #637, logLikelihood: -66352.426229
[12:46:50] [worker #4] Bootstrap tree #635, logLikelihood: -65533.228973
[12:48:08] [worker #1] Bootstrap tree #650, logLikelihood: -65086.474047
[12:49:18] [worker #5] Bootstrap tree #645, logLikelihood: -65313.717083
[12:54:13] [worker #6] Bootstrap tree #646, logLikelihood: -67660.598849
[12:54:18] [worker #7] Bootstrap tree #629, logLikelihood: -65976.070766
[12:58:54] [worker #2] Bootstrap tree #633, logLikelihood: -66114.597544
[12:59:22] [worker #8] Bootstrap tree #639, logLikelihood: -66191.232840
[13:00:39] [worker #4] Bootstrap tree #644, logLikelihood: -65912.694288
[13:08:37] [worker #7] Bootstrap tree #638, logLikelihood: -66243.129490
[13:14:23] [worker #2] Bootstrap tree #642, logLikelihood: -65512.345838
[13:20:59] [worker #8] Bootstrap tree #648, logLikelihood: -66109.038477
[13:22:32] [worker #7] Bootstrap tree #647, logLikelihood: -65207.096310
[13:24:53] [worker #0] Bootstrap tree #658, logLikelihood: -64989.705376
[13:27:08] [worker #4] Bootstrap tree #653, logLikelihood: -66269.864584
[13:27:46] [worker #0] Bootstrap tree #667, logLikelihood: -65342.568504
[13:29:21] [worker #2] Bootstrap tree #651, logLikelihood: -66661.512720
[13:30:02] [worker #6] Bootstrap tree #655, logLikelihood: -65042.075523
[13:31:48] [worker #3] Bootstrap tree #652, logLikelihood: -65338.476016
[13:32:15] [worker #0] Bootstrap tree #676, logLikelihood: -66034.844461
[13:32:22] [worker #7] Bootstrap tree #656, logLikelihood: -65659.706370
[13:32:46] [worker #1] Bootstrap tree #659, logLikelihood: -66184.313452
[13:33:04] [worker #4] Bootstrap tree #662, logLikelihood: -66594.008774
[13:33:07] [worker #8] Bootstrap tree #657, logLikelihood: -65704.085152
[13:34:06] [worker #2] Bootstrap tree #660, logLikelihood: -65339.139767
[13:34:33] [worker #5] Bootstrap tree #654, logLikelihood: -66238.716175
[13:34:58] [worker #6] Bootstrap tree #664, logLikelihood: -66455.995618
[13:35:26] [worker #6] Bootstrap tree #673, logLikelihood: -66015.665076
[13:38:37] [worker #3] Bootstrap tree #661, logLikelihood: -66056.707113
[13:38:49] [worker #8] Bootstrap tree #666, logLikelihood: -64342.473108
[13:39:48] [worker #1] Bootstrap tree #668, logLikelihood: -66001.382047
[13:40:23] [worker #7] Bootstrap tree #665, logLikelihood: -66031.268678
[13:42:06] [worker #6] Bootstrap tree #682, logLikelihood: -65992.105794
[13:43:17] [worker #4] Bootstrap tree #671, logLikelihood: -65477.076319
[13:44:05] [worker #2] Bootstrap tree #669, logLikelihood: -65240.441574
[13:44:19] [worker #3] Bootstrap tree #670, logLikelihood: -65801.432027
[13:44:23] [worker #5] Bootstrap tree #663, logLikelihood: -66410.086423
[13:44:59] [worker #8] Bootstrap tree #675, logLikelihood: -65733.117438
[13:48:31] [worker #7] Bootstrap tree #674, logLikelihood: -65696.827615
[13:48:40] [worker #4] Bootstrap tree #680, logLikelihood: -66113.835339
[13:48:57] [worker #1] Bootstrap tree #677, logLikelihood: -66371.358087
[13:49:12] [worker #0] Bootstrap tree #685, logLikelihood: -66464.906194
[13:49:37] [worker #6] Bootstrap tree #691, logLikelihood: -66277.469090
[13:50:20] [worker #2] Bootstrap tree #678, logLikelihood: -66403.253292
[13:50:29] [worker #5] Bootstrap tree #672, logLikelihood: -66675.562648
[13:52:22] [worker #3] Bootstrap tree #679, logLikelihood: -66379.204262
[13:52:23] [worker #8] Bootstrap tree #684, logLikelihood: -66921.041191
[13:54:08] [worker #5] Bootstrap tree #681, logLikelihood: -65967.839511
[13:54:09] [worker #4] Bootstrap tree #689, logLikelihood: -65826.094402
[13:55:35] [worker #5] Bootstrap tree #690, logLikelihood: -65604.326854
[13:56:47] [worker #5] Bootstrap tree #699, logLikelihood: -66852.215885
[13:57:03] [worker #1] Bootstrap tree #686, logLikelihood: -65330.238553
[13:57:20] [worker #0] Bootstrap tree #694, logLikelihood: -65521.603218
[14:01:42] [worker #6] Bootstrap tree #700, logLikelihood: -66338.878682
[14:03:14] [worker #8] Bootstrap tree #693, logLikelihood: -66412.613138
[14:03:20] [worker #3] Bootstrap tree #688, logLikelihood: -65603.679668
[14:03:26] [worker #2] Bootstrap tree #687, logLikelihood: -65465.192990
[14:04:39] [worker #7] Bootstrap tree #683, logLikelihood: -65608.219507
[14:05:34] [worker #4] Bootstrap tree #698, logLikelihood: -65406.300772
[14:11:08] [worker #1] Bootstrap tree #695, logLikelihood: -66412.919453
[14:22:37] [worker #2] Bootstrap tree #696, logLikelihood: -66311.413584
[14:24:05] [worker #7] Bootstrap tree #692, logLikelihood: -66216.715266
[14:26:13] [worker #3] Bootstrap tree #697, logLikelihood: -65690.642995
[14:29:17] [worker #7] Bootstrap tree #701, logLikelihood: -65795.650585
[14:30:30] [worker #0] Bootstrap tree #703, logLikelihood: -65726.252607
[14:32:41] [worker #5] Bootstrap tree #708, logLikelihood: -66230.748648
[14:33:29] [worker #2] Bootstrap tree #705, logLikelihood: -65342.968960
[14:34:22] [worker #4] Bootstrap tree #707, logLikelihood: -65056.711880
[14:34:25] [worker #6] Bootstrap tree #709, logLikelihood: -67022.033530
[14:35:52] [worker #8] Bootstrap tree #702, logLikelihood: -67022.386230
[14:36:28] [worker #7] Bootstrap tree #710, logLikelihood: -66062.925866
[14:36:58] [worker #3] Bootstrap tree #706, logLikelihood: -65275.701017
[14:37:32] [worker #0] Bootstrap tree #712, logLikelihood: -66706.014401
[14:40:06] [worker #1] Bootstrap tree #704, logLikelihood: -66582.765791
[14:40:55] [worker #4] Bootstrap tree #716, logLikelihood: -67093.666361
[14:41:32] [worker #6] Bootstrap tree #718, logLikelihood: -66715.575627
[14:42:03] [worker #5] Bootstrap tree #717, logLikelihood: -66332.157552
[14:43:31] [worker #8] Bootstrap tree #711, logLikelihood: -65638.401669
[14:44:28] [worker #3] Bootstrap tree #715, logLikelihood: -66718.118478
[14:46:39] [worker #8] Bootstrap tree #720, logLikelihood: -64705.107167
[14:46:47] [worker #2] Bootstrap tree #714, logLikelihood: -66592.491982
[14:49:02] [worker #7] Bootstrap tree #719, logLikelihood: -64798.824085
[14:49:19] [worker #7] Bootstrap tree #728, logLikelihood: -65314.334000
[14:49:20] [worker #0] Bootstrap tree #721, logLikelihood: -66406.870199
[14:50:13] [worker #6] Bootstrap tree #727, logLikelihood: -66438.505978
[14:50:40] [worker #1] Bootstrap tree #713, logLikelihood: -66628.519648
[14:51:50] [worker #5] Bootstrap tree #726, logLikelihood: -66812.962941
[14:52:50] [worker #7] Bootstrap tree #737, logLikelihood: -65426.611820
[14:53:46] [worker #4] Bootstrap tree #725, logLikelihood: -65322.318487
[14:54:04] [worker #3] Bootstrap tree #724, logLikelihood: -66067.282259
[14:54:26] [worker #8] Bootstrap tree #729, logLikelihood: -67100.053317
[14:54:34] [worker #0] Bootstrap tree #730, logLikelihood: -66042.192159
[14:54:35] [worker #6] Bootstrap tree #736, logLikelihood: -65723.949583
[14:55:09] [worker #1] Bootstrap tree #722, logLikelihood: -65795.953810
[14:58:25] [worker #3] Bootstrap tree #733, logLikelihood: -65965.006882
[14:59:46] [worker #5] Bootstrap tree #735, logLikelihood: -65596.273780
[15:00:39] [worker #0] Bootstrap tree #739, logLikelihood: -66029.674295
[15:02:17] [worker #6] Bootstrap tree #745, logLikelihood: -66940.715613
[15:02:32] [worker #2] Bootstrap tree #723, logLikelihood: -65973.750317
[15:03:02] [worker #7] Bootstrap tree #746, logLikelihood: -67147.180582
[15:03:25] [worker #3] Bootstrap tree #742, logLikelihood: -66789.932439
[15:04:08] [worker #8] Bootstrap tree #738, logLikelihood: -65180.493095
[15:04:36] [worker #1] Bootstrap tree #731, logLikelihood: -66231.855141
[15:04:38] [worker #4] Bootstrap tree #734, logLikelihood: -65104.431917
[15:10:05] [worker #8] Bootstrap tree #747, logLikelihood: -66063.700096
[15:12:03] [worker #0] Bootstrap tree #748, logLikelihood: -66441.104281
[15:12:37] [worker #2] Bootstrap tree #732, logLikelihood: -65891.221892
[15:13:48] [worker #5] Bootstrap tree #744, logLikelihood: -66681.346547
[15:15:55] [worker #4] Bootstrap tree #743, logLikelihood: -65679.822781
[15:16:56] [worker #1] Bootstrap tree #740, logLikelihood: -65859.078745
[15:28:12] [worker #1] Bootstrap tree #749, logLikelihood: -66061.604047
[15:28:15] [worker #2] Bootstrap tree #741, logLikelihood: -65735.712986
[15:40:03] [worker #2] Bootstrap tree #750, logLikelihood: -65073.419258
[15:41:03] [worker #1] Bootstrap tree #758, logLikelihood: -66679.528822
[15:42:19] [worker #1] Bootstrap tree #767, logLikelihood: -65268.909628
[15:43:13] [worker #1] Bootstrap tree #776, logLikelihood: -65880.574228
[15:43:23] [worker #0] Bootstrap tree #757, logLikelihood: -65948.848629
[15:44:28] [worker #1] Bootstrap tree #785, logLikelihood: -67087.944557
[15:46:43] [worker #1] Bootstrap tree #794, logLikelihood: -66267.122089
[15:49:09] [worker #4] Bootstrap tree #752, logLikelihood: -65905.854842
[15:50:12] [worker #3] Bootstrap tree #751, logLikelihood: -66573.559756
[15:50:22] [worker #4] Bootstrap tree #761, logLikelihood: -66031.211463
[15:50:30] [worker #6] Bootstrap tree #754, logLikelihood: -65741.323132
[15:51:09] [worker #4] Bootstrap tree #770, logLikelihood: -66841.166415
[15:52:01] [worker #5] Bootstrap tree #753, logLikelihood: -65788.175453
[15:52:33] [worker #0] Bootstrap tree #766, logLikelihood: -65792.609977
[15:52:39] [worker #4] Bootstrap tree #779, logLikelihood: -65843.256795
[15:55:23] [worker #6] Bootstrap tree #763, logLikelihood: -64779.633611
[15:55:44] [worker #4] Bootstrap tree #788, logLikelihood: -65574.837561
[15:56:31] [worker #7] Bootstrap tree #755, logLikelihood: -66874.184672
[15:57:58] [worker #5] Bootstrap tree #762, logLikelihood: -66236.951077
[15:58:39] [worker #2] Bootstrap tree #759, logLikelihood: -65339.579324
[16:01:16] [worker #6] Bootstrap tree #772, logLikelihood: -65967.264413
[16:01:39] [worker #0] Bootstrap tree #775, logLikelihood: -65895.426539
[16:04:04] [worker #8] Bootstrap tree #756, logLikelihood: -66784.531745
[16:04:41] [worker #4] Bootstrap tree #797, logLikelihood: -66084.527118
[16:06:57] [worker #7] Bootstrap tree #764, logLikelihood: -65897.156475
[16:07:32] [worker #2] Bootstrap tree #768, logLikelihood: -67557.438246
[16:08:22] [worker #5] Bootstrap tree #771, logLikelihood: -65601.017937
[16:09:30] [worker #3] Bootstrap tree #760, logLikelihood: -66202.834830
[16:09:34] [worker #6] Bootstrap tree #781, logLikelihood: -66690.051409
[16:10:45] [worker #0] Bootstrap tree #784, logLikelihood: -66899.158161
[16:13:41] [worker #8] Bootstrap tree #765, logLikelihood: -66232.882308
[16:13:51] [worker #2] Bootstrap tree #777, logLikelihood: -66342.805019
[16:15:07] [worker #7] Bootstrap tree #773, logLikelihood: -65528.858353
[16:17:31] [worker #3] Bootstrap tree #769, logLikelihood: -65916.363975
[16:18:07] [worker #5] Bootstrap tree #780, logLikelihood: -66146.815277
[16:22:32] [worker #8] Bootstrap tree #774, logLikelihood: -65116.085631
[16:23:44] [worker #7] Bootstrap tree #782, logLikelihood: -65570.135533
[16:24:22] [worker #6] Bootstrap tree #790, logLikelihood: -64854.669154
[16:25:37] [worker #3] Bootstrap tree #778, logLikelihood: -65892.159036
[16:25:45] [worker #0] Bootstrap tree #793, logLikelihood: -65964.388957
[16:25:55] [worker #5] Bootstrap tree #789, logLikelihood: -66359.471776
[16:26:41] [worker #2] Bootstrap tree #786, logLikelihood: -65277.380614
[16:32:38] [worker #8] Bootstrap tree #783, logLikelihood: -65089.985685
[16:34:25] [worker #6] Bootstrap tree #799, logLikelihood: -66060.556414
[16:41:02] [worker #3] Bootstrap tree #787, logLikelihood: -65781.024078
[16:41:18] [worker #2] Bootstrap tree #795, logLikelihood: -65565.393728
[16:42:00] [worker #5] Bootstrap tree #798, logLikelihood: -66039.524998
[16:45:26] [worker #7] Bootstrap tree #791, logLikelihood: -65716.374501
[16:48:55] [worker #8] Bootstrap tree #792, logLikelihood: -66350.649544
[16:51:50] [worker #3] Bootstrap tree #796, logLikelihood: -65001.309974
[16:53:32] [worker #7] Bootstrap tree #800, logLikelihood: -66111.144312
[16:58:55] [worker #4] Bootstrap tree #806, logLikelihood: -66207.816360
[17:00:13] [worker #3] Bootstrap tree #805, logLikelihood: -66991.137469
[17:00:54] [worker #5] Bootstrap tree #807, logLikelihood: -66125.400997
[17:02:13] [worker #1] Bootstrap tree #803, logLikelihood: -66139.977500
[17:02:52] [worker #6] Bootstrap tree #808, logLikelihood: -66555.996437
[17:03:29] [worker #2] Bootstrap tree #804, logLikelihood: -66301.507312
[17:03:33] [worker #0] Bootstrap tree #802, logLikelihood: -64977.487223
[17:03:50] [worker #3] Bootstrap tree #814, logLikelihood: -66088.362595
[17:03:56] [worker #8] Bootstrap tree #801, logLikelihood: -65516.511373
[17:04:40] [worker #5] Bootstrap tree #816, logLikelihood: -65181.545512
[17:05:41] [worker #4] Bootstrap tree #815, logLikelihood: -66563.647166
[17:05:52] [worker #1] Bootstrap tree #812, logLikelihood: -65494.479754
[17:08:33] [worker #8] Bootstrap tree #810, logLikelihood: -65253.319779
[17:08:36] [worker #0] Bootstrap tree #811, logLikelihood: -66307.916028
[17:09:32] [worker #2] Bootstrap tree #813, logLikelihood: -67321.330707
[17:10:27] [worker #5] Bootstrap tree #825, logLikelihood: -66574.713209
[17:10:53] [worker #7] Bootstrap tree #809, logLikelihood: -65576.530053
[17:11:09] [worker #3] Bootstrap tree #823, logLikelihood: -65474.239855
[17:11:32] [worker #1] Bootstrap tree #821, logLikelihood: -66900.134390
[17:14:12] [worker #8] Bootstrap tree #819, logLikelihood: -65701.112688
[17:14:48] [worker #1] Bootstrap tree #830, logLikelihood: -66295.810479
[17:14:58] [worker #2] Bootstrap tree #822, logLikelihood: -66119.199909
[17:16:48] [worker #6] Bootstrap tree #817, logLikelihood: -65301.856455
[17:16:49] [worker #0] Bootstrap tree #820, logLikelihood: -65447.734070
[17:16:51] [worker #3] Bootstrap tree #832, logLikelihood: -65149.190158
[17:18:45] [worker #4] Bootstrap tree #824, logLikelihood: -66223.152293
[17:19:56] [worker #1] Bootstrap tree #839, logLikelihood: -64651.491619
[17:20:20] [worker #2] Bootstrap tree #831, logLikelihood: -66259.638328
[17:20:43] [worker #5] Bootstrap tree #834, logLikelihood: -66132.076679
[17:23:00] [worker #7] Bootstrap tree #818, logLikelihood: -66684.516254
[17:23:48] [worker #6] Bootstrap tree #826, logLikelihood: -67247.443173
[17:24:14] [worker #8] Bootstrap tree #828, logLikelihood: -66738.915922
[17:25:13] [worker #4] Bootstrap tree #833, logLikelihood: -66838.150061
[17:25:58] [worker #3] Bootstrap tree #841, logLikelihood: -65316.476092
[17:26:57] [worker #0] Bootstrap tree #829, logLikelihood: -65594.856448
[17:27:16] [worker #5] Bootstrap tree #843, logLikelihood: -66522.843772
[17:27:48] [worker #6] Bootstrap tree #835, logLikelihood: -64974.388927
[17:28:29] [worker #2] Bootstrap tree #840, logLikelihood: -64886.988283
[17:30:06] [worker #6] Bootstrap tree #844, logLikelihood: -65849.915178
[17:30:37] [worker #1] Bootstrap tree #848, logLikelihood: -64999.905952
[17:33:08] [worker #8] Bootstrap tree #837, logLikelihood: -65878.042405
[17:33:21] [worker #7] Bootstrap tree #827, logLikelihood: -65831.396974
[17:34:41] [worker #3] Bootstrap tree #850, logLikelihood: -66280.938580
[17:34:52] [worker #4] Bootstrap tree #842, logLikelihood: -66277.754899
[17:35:26] [worker #0] Bootstrap tree #838, logLikelihood: -65761.125474
[17:37:37] [worker #2] Bootstrap tree #849, logLikelihood: -65651.977056
[17:46:05] [worker #7] Bootstrap tree #836, logLikelihood: -66670.495100
[17:46:49] [worker #0] Bootstrap tree #847, logLikelihood: -66493.803729
[17:47:17] [worker #8] Bootstrap tree #846, logLikelihood: -68286.545558
[18:00:50] [worker #7] Bootstrap tree #845, logLikelihood: -65963.866048
[18:03:47] [worker #1] Bootstrap tree #857, logLikelihood: -65316.661514
[18:05:49] [worker #7] Bootstrap tree #854, logLikelihood: -66300.835092
[18:07:22] [worker #3] Bootstrap tree #859, logLikelihood: -66093.862193
[18:07:40] [worker #4] Bootstrap tree #851, logLikelihood: -65407.652277
[18:09:44] [worker #6] Bootstrap tree #853, logLikelihood: -66594.660291
[18:09:47] [worker #3] Bootstrap tree #868, logLikelihood: -66134.281689
[18:11:33] [worker #2] Bootstrap tree #858, logLikelihood: -65952.803122
[18:13:56] [worker #0] Bootstrap tree #856, logLikelihood: -65754.906871
[18:15:03] [worker #8] Bootstrap tree #855, logLikelihood: -65225.166662
[18:15:07] [worker #6] Bootstrap tree #862, logLikelihood: -66806.074049
[18:15:43] [worker #0] Bootstrap tree #865, logLikelihood: -66601.527988
[18:15:58] [worker #3] Bootstrap tree #877, logLikelihood: -66411.307047
[18:16:04] [worker #5] Bootstrap tree #852, logLikelihood: -65692.078136
[18:17:08] [worker #1] Bootstrap tree #866, logLikelihood: -67080.324752
[18:17:59] [worker #7] Bootstrap tree #863, logLikelihood: -66440.039793
[18:18:27] [worker #4] Bootstrap tree #860, logLikelihood: -66144.343892
[18:20:49] [worker #3] Bootstrap tree #886, logLikelihood: -66649.291971
[18:21:13] [worker #0] Bootstrap tree #874, logLikelihood: -66026.447725
[18:22:00] [worker #2] Bootstrap tree #867, logLikelihood: -65789.882232
[18:22:29] [worker #8] Bootstrap tree #864, logLikelihood: -66143.131116
[18:23:46] [worker #4] Bootstrap tree #869, logLikelihood: -67478.002445
[18:24:33] [worker #6] Bootstrap tree #871, logLikelihood: -66134.070185
[18:25:13] [worker #5] Bootstrap tree #861, logLikelihood: -66078.168542
[18:26:07] [worker #5] Bootstrap tree #870, logLikelihood: -65972.418946
[18:28:31] [worker #3] Bootstrap tree #895, logLikelihood: -66539.570187
[18:28:53] [worker #7] Bootstrap tree #872, logLikelihood: -67027.476262
[18:29:06] [worker #1] Bootstrap tree #875, logLikelihood: -65821.577018
[18:31:29] [worker #5] Bootstrap tree #879, logLikelihood: -65888.230457
[18:31:50] [worker #8] Bootstrap tree #873, logLikelihood: -66584.190266
[18:33:12] [worker #6] Bootstrap tree #880, logLikelihood: -65895.529301
[18:33:52] [worker #4] Bootstrap tree #878, logLikelihood: -66286.120831
[18:33:53] [worker #0] Bootstrap tree #883, logLikelihood: -65435.406001
[18:36:18] [worker #1] Bootstrap tree #884, logLikelihood: -66394.030678
[18:37:20] [worker #4] Bootstrap tree #887, logLikelihood: -65660.426002
[18:39:41] [worker #7] Bootstrap tree #881, logLikelihood: -64884.323482
[18:40:09] [worker #8] Bootstrap tree #882, logLikelihood: -66379.942148
[18:40:45] [worker #2] Bootstrap tree #876, logLikelihood: -65822.893922
[18:41:18] [worker #6] Bootstrap tree #889, logLikelihood: -66113.113252
[18:41:33] [worker #5] Bootstrap tree #888, logLikelihood: -66665.617321
[18:43:47] [worker #4] Bootstrap tree #896, logLikelihood: -65371.414527
[18:45:10] [worker #0] Bootstrap tree #892, logLikelihood: -66692.970083
[18:47:29] [worker #1] Bootstrap tree #893, logLikelihood: -66512.349773
[18:47:31] [worker #5] Bootstrap tree #897, logLikelihood: -66187.762416
[18:48:44] [worker #8] Bootstrap tree #891, logLikelihood: -65255.375521
[18:53:19] [worker #6] Bootstrap tree #898, logLikelihood: -66341.731882
[18:53:30] [worker #7] Bootstrap tree #890, logLikelihood: -65975.410143
[18:57:40] [worker #2] Bootstrap tree #885, logLikelihood: -66264.855180
[19:00:45] [worker #8] Bootstrap tree #900, logLikelihood: -65374.909433
[19:09:35] [worker #7] Bootstrap tree #899, logLikelihood: -66668.683513
[19:13:58] [worker #2] Bootstrap tree #894, logLikelihood: -65615.971090
[19:17:10] [worker #1] Bootstrap tree #902, logLikelihood: -66330.411586
[19:19:22] [worker #8] Bootstrap tree #909, logLikelihood: -65889.679368
[19:20:06] [worker #0] Bootstrap tree #901, logLikelihood: -65407.878150
[19:21:11] [worker #6] Bootstrap tree #907, logLikelihood: -65907.120653
[19:22:32] [worker #7] Bootstrap tree #908, logLikelihood: -64674.469916
[19:22:53] [worker #1] Bootstrap tree #911, logLikelihood: -65538.179464
[19:23:20] [worker #3] Bootstrap tree #904, logLikelihood: -66436.092115
[19:24:25] [worker #2] Bootstrap tree #903, logLikelihood: -65868.414845
[19:25:48] [worker #0] Bootstrap tree #910, logLikelihood: -66466.915324
[19:26:11] [worker #1] Bootstrap tree #920, logLikelihood: -65936.151944
[19:27:03] [worker #8] Bootstrap tree #918, logLikelihood: -65991.703626
[19:27:26] [worker #4] Bootstrap tree #905, logLikelihood: -66246.442861
[19:27:29] [worker #5] Bootstrap tree #906, logLikelihood: -64432.627841
[19:28:54] [worker #6] Bootstrap tree #916, logLikelihood: -65152.830235
[19:31:34] [worker #6] Bootstrap tree #925, logLikelihood: -66183.679162
[19:32:12] [worker #2] Bootstrap tree #912, logLikelihood: -67116.182780
[19:32:44] [worker #7] Bootstrap tree #917, logLikelihood: -66292.582433
[19:33:47] [worker #3] Bootstrap tree #913, logLikelihood: -65863.459154
[19:35:00] [worker #1] Bootstrap tree #929, logLikelihood: -66448.670857
[19:35:23] [worker #5] Bootstrap tree #915, logLikelihood: -66210.173203
[19:35:44] [worker #6] Bootstrap tree #934, logLikelihood: -66081.750398
[19:36:56] [worker #8] Bootstrap tree #927, logLikelihood: -66067.980548
[19:37:27] [worker #4] Bootstrap tree #914, logLikelihood: -65821.571304
[19:38:09] [worker #0] Bootstrap tree #919, logLikelihood: -66250.843295
[19:40:05] [worker #2] Bootstrap tree #921, logLikelihood: -66336.449174
[19:41:31] [worker #0] Bootstrap tree #928, logLikelihood: -65877.895424
[19:41:32] [worker #8] Bootstrap tree #936, logLikelihood: -65925.131465
[19:41:57] [worker #7] Bootstrap tree #926, logLikelihood: -66174.230560
[19:42:53] [worker #3] Bootstrap tree #922, logLikelihood: -65834.589380
[19:45:50] [worker #1] Bootstrap tree #938, logLikelihood: -65168.484826
[19:46:01] [worker #6] Bootstrap tree #943, logLikelihood: -66144.530982
[19:47:59] [worker #3] Bootstrap tree #931, logLikelihood: -65286.093750
[19:48:06] [worker #0] Bootstrap tree #937, logLikelihood: -65904.790877
[19:49:13] [worker #7] Bootstrap tree #935, logLikelihood: -66952.830374
[19:50:29] [worker #4] Bootstrap tree #923, logLikelihood: -66049.553340
[19:51:33] [worker #1] Bootstrap tree #947, logLikelihood: -65963.262858
[19:52:34] [worker #2] Bootstrap tree #930, logLikelihood: -65673.932272
[19:52:40] [worker #5] Bootstrap tree #924, logLikelihood: -66044.341753
[19:52:42] [worker #8] Bootstrap tree #945, logLikelihood: -67219.606071
[19:56:44] [worker #7] Bootstrap tree #944, logLikelihood: -66251.387901
[20:00:41] [worker #3] Bootstrap tree #940, logLikelihood: -66565.622668
[20:01:45] [worker #4] Bootstrap tree #932, logLikelihood: -66050.241763
[20:04:58] [worker #5] Bootstrap tree #933, logLikelihood: -66092.161772
[20:06:28] [worker #0] Bootstrap tree #946, logLikelihood: -65140.889063
[20:07:15] [worker #2] Bootstrap tree #939, logLikelihood: -66039.515959
[20:13:43] [worker #3] Bootstrap tree #949, logLikelihood: -65776.689916
[20:14:49] [worker #4] Bootstrap tree #941, logLikelihood: -66617.851838
[20:22:59] [worker #2] Bootstrap tree #948, logLikelihood: -65781.085276
[20:23:15] [worker #5] Bootstrap tree #942, logLikelihood: -64602.162488
[20:30:30] [worker #4] Bootstrap tree #950, logLikelihood: -65339.843222
[20:32:14] [worker #0] Bootstrap tree #955, logLikelihood: -65613.347476
[20:35:54] [worker #0] Bootstrap tree #964, logLikelihood: -66275.547578
[20:36:34] [worker #8] Bootstrap tree #954, logLikelihood: -65647.603455
[20:36:35] [worker #1] Bootstrap tree #956, logLikelihood: -65696.489863
[20:37:41] [worker #2] Bootstrap tree #957, logLikelihood: -67108.039645
[20:38:47] [worker #7] Bootstrap tree #953, logLikelihood: -66491.585413
[20:39:55] [worker #5] Bootstrap tree #951, logLikelihood: -66022.119852
[20:40:03] [worker #4] Bootstrap tree #959, logLikelihood: -65413.938472
[20:42:05] [worker #6] Bootstrap tree #952, logLikelihood: -66782.607017
[20:42:13] [worker #1] Bootstrap tree #965, logLikelihood: -66426.691300
[20:43:45] [worker #3] Bootstrap tree #958, logLikelihood: -66542.191049
[20:44:20] [worker #0] Bootstrap tree #973, logLikelihood: -65058.891247
[20:45:21] [worker #8] Bootstrap tree #963, logLikelihood: -65139.921953
[20:47:21] [worker #1] Bootstrap tree #974, logLikelihood: -65638.346514
[20:47:31] [worker #4] Bootstrap tree #968, logLikelihood: -67216.491753
[20:47:47] [worker #3] Bootstrap tree #967, logLikelihood: -67218.256305
[20:47:48] [worker #5] Bootstrap tree #960, logLikelihood: -65857.045553
[20:48:49] [worker #2] Bootstrap tree #966, logLikelihood: -66946.972817
[20:50:46] [worker #7] Bootstrap tree #962, logLikelihood: -64340.085482
[20:52:26] [worker #4] Bootstrap tree #977, logLikelihood: -66006.428261
[20:53:30] [worker #8] Bootstrap tree #972, logLikelihood: -66026.369654
[20:53:45] [worker #5] Bootstrap tree #969, logLikelihood: -66603.799166
[20:54:43] [worker #1] Bootstrap tree #983, logLikelihood: -67506.115527
[20:55:06] [worker #0] Bootstrap tree #982, logLikelihood: -65707.371647
[20:55:15] [worker #3] Bootstrap tree #976, logLikelihood: -66159.470411
[20:58:34] [worker #6] Bootstrap tree #961, logLikelihood: -65993.943059
[20:59:14] [worker #2] Bootstrap tree #975, logLikelihood: -66537.844220
[20:59:31] [worker #5] Bootstrap tree #978, logLikelihood: -65519.247406
[21:00:07] [worker #4] Bootstrap tree #986, logLikelihood: -65640.993846
[21:00:47] [worker #7] Bootstrap tree #971, logLikelihood: -65024.194266
[21:01:48] [worker #0] Bootstrap tree #991, logLikelihood: -65902.512868
[21:01:55] [worker #1] Bootstrap tree #992, logLikelihood: -66071.119538
[21:03:12] [worker #8] Bootstrap tree #981, logLikelihood: -65967.803454
[21:04:02] [worker #3] Bootstrap tree #985, logLikelihood: -64613.455513
[21:04:36] [worker #4] Bootstrap tree #995, logLikelihood: -65212.722139
[21:04:57] [worker #5] Bootstrap tree #987, logLikelihood: -65250.788463
[21:06:21] [worker #6] Bootstrap tree #970, logLikelihood: -65504.186234
[21:06:51] [worker #7] Bootstrap tree #980, logLikelihood: -66716.418552
[21:10:47] [worker #0] Bootstrap tree #1000, logLikelihood: -65286.306902
[21:11:25] [worker #2] Bootstrap tree #984, logLikelihood: -65318.557753
[21:12:17] [worker #3] Bootstrap tree #994, logLikelihood: -65914.274288
[21:13:01] [worker #5] Bootstrap tree #996, logLikelihood: -65701.588881
[21:14:47] [worker #8] Bootstrap tree #990, logLikelihood: -66002.641511
[21:17:01] [worker #6] Bootstrap tree #979, logLikelihood: -65308.065263
[21:21:42] [worker #7] Bootstrap tree #989, logLikelihood: -65247.889066
[21:27:50] [worker #8] Bootstrap tree #999, logLikelihood: -65269.157845
[21:28:29] [worker #2] Bootstrap tree #993, logLikelihood: -66114.470667
[21:34:21] [worker #6] Bootstrap tree #988, logLikelihood: -65449.816393
[21:45:20] [worker #7] Bootstrap tree #998, logLikelihood: -66174.273714
[21:54:13] [worker #6] Bootstrap tree #997, logLikelihood: -65781.435677

Optimized model parameters:

   Partition 0: noname
   Rate heterogeneity: GAMMA (4 cats, mean),  alpha: 0.660668 (ML),  weights&rates: (0.250000,0.065815) (0.250000,0.344366) (0.250000,0.909373) (0.250000,2.680446) 
   Base frequencies (ML): 0.277715 0.209567 0.239597 0.273120 
   Substitution rates (ML): 0.655037 2.634046 0.592230 1.388720 4.405235 1.000000 


Final LogLikelihood: -66138.131841

AIC score: 132480.263682 / AICc score: 132481.430561 / BIC score: 133276.294076
Free parameters (model + branch lengths): 102

WARNING: Best ML tree contains 2 near-zero branches!

Best ML tree with collapsed near-zero branches saved to: /work/LAS/dlavrov-lab/users/Momin/work/Mystery-sponge/phylo_check/CladeB/Haplo_cladeB.cdhit.aln.raxml.bestTreeCollapsed
Best ML tree saved to: /work/LAS/dlavrov-lab/users/Momin/work/Mystery-sponge/phylo_check/CladeB/Haplo_cladeB.cdhit.aln.raxml.bestTree
All ML trees saved to: /work/LAS/dlavrov-lab/users/Momin/work/Mystery-sponge/phylo_check/CladeB/Haplo_cladeB.cdhit.aln.raxml.mlTrees
Best ML tree with Felsenstein bootstrap (FBP) support values saved to: /work/LAS/dlavrov-lab/users/Momin/work/Mystery-sponge/phylo_check/CladeB/Haplo_cladeB.cdhit.aln.raxml.support
Optimized model saved to: /work/LAS/dlavrov-lab/users/Momin/work/Mystery-sponge/phylo_check/CladeB/Haplo_cladeB.cdhit.aln.raxml.bestModel
Bootstrap trees saved to: /work/LAS/dlavrov-lab/users/Momin/work/Mystery-sponge/phylo_check/CladeB/Haplo_cladeB.cdhit.aln.raxml.bootstraps

Execution log saved to: /work/LAS/dlavrov-lab/users/Momin/work/Mystery-sponge/phylo_check/CladeB/Haplo_cladeB.cdhit.aln.raxml.log

Analysis started: 13-Sep-2023 11:54:49 / finished: 14-Sep-2023 09:49:07

Elapsed time: 78857.527 seconds

