Lmod has detected the following error: The following module(s) are unknown:
"mafft/7.481-le52rau"

Please check the spelling or version number. Also try "module spider ..."
It is also possible your cache file is out-of-date; it may help to try:
  $ module --ignore_cache load "mafft/7.481-le52rau"

Also make sure that all modulefiles written in TCL start with the string
#%Module



Lmod has detected the following error: The following module(s) are unknown:
"py-scipy/1.1.0-py2-rrg4qpb" "py-numpy/1.15.2-py2-fdkji5s" "openmpi/1.10.6"

Please check the spelling or version number. Also try "module spider ..."
It is also possible your cache file is out-of-date; it may help to try:
  $ module --ignore_cache load "py-scipy/1.1.0-py2-rrg4qpb"
"py-numpy/1.15.2-py2-fdkji5s" "openmpi/1.10.6"

Also make sure that all modulefiles written in TCL start with the string
#%Module

Executing this command requires loading "openmpi/1.10.6" which failed while
processing the following module(s):

    Module fullname  Module Filename
    ---------------  ---------------
    dafoam/1.0       /opt/hpc/modulefiles/dafoam/1.0Executing this command requires loading "py-numpy/1.15.2-py2-fdkji5s" which
failed while processing the following module(s):

    Module fullname  Module Filename
    ---------------  ---------------
    dafoam/1.0       /opt/hpc/modulefiles/dafoam/1.0Executing this command requires loading "py-scipy/1.1.0-py2-rrg4qpb" which
failed while processing the following module(s):

    Module fullname  Module Filename
    ---------------  ---------------
    dafoam/1.0       /opt/hpc/modulefiles/dafoam/1.0


Lmod has detected the following error: The following module(s) are unknown:
"cdhit/4.8.1-zseoerl"

Please check the spelling or version number. Also try "module spider ..."
It is also possible your cache file is out-of-date; it may help to try:
  $ module --ignore_cache load "cdhit/4.8.1-zseoerl"

Also make sure that all modulefiles written in TCL start with the string
#%Module



Lmod has detected the following error: The following module(s) are unknown:
"raxml-ng/1.0.2-py39-openmpi4-srxrtsm"

Please check the spelling or version number. Also try "module spider ..."
It is also possible your cache file is out-of-date; it may help to try:
  $ module --ignore_cache load "raxml-ng/1.0.2-py39-openmpi4-srxrtsm"

Also make sure that all modulefiles written in TCL start with the string
#%Module



/var/spool/slurmd/job4657039/slurm_script: line 31: cd-hit: command not found
