
RAxML-NG v. 1.1.0-master released on 04.08.2022 by The Exelixis Lab.
Developed by: Alexey M. Kozlov and Alexandros Stamatakis.
Contributors: Diego Darriba, Tomas Flouri, Benoit Morel, Sarah Lutteropp, Ben Bettisworth.
Latest version: https://github.com/amkozlov/raxml-ng
Questions/problems/suggestions? Please visit: https://groups.google.com/forum/#!forum/raxml

System: Intel(R) Xeon(R) Gold 6240R CPU @ 2.40GHz, 48 cores, 187 GB RAM

RAxML-NG was called at 11-Oct-2023 12:47:32 as follows:

raxml-ng --all --bs-trees 20 --msa cladeB.fa.aln --model GTR+G

Analysis options:
  run mode: ML tree search + bootstrapping (Felsenstein Bootstrap)
  start tree(s): random (10) + parsimony (10)
  bootstrap replicates: 20
  random seed: 1697046452
  tip-inner: OFF
  pattern compression: ON
  per-rate scalers: OFF
  site repeats: ON
  branch lengths: proportional (ML estimate, algorithm: NR-FAST)
  SIMD kernels: AVX2
  parallelization: coarse-grained (auto), PTHREADS (auto)

[00:00:00] Reading alignment from file: cladeB.fa.aln
[00:00:00] Loaded alignment with 30 taxa and 14654 sites

Alignment comprises 1 partitions and 872 patterns

Partition 0: noname
Model: GTR+FO+G4m
Alignment sites / patterns: 14654 / 872
Gaps: 84.74 %
Invariant sites: 81.70 %


NOTE: Binary MSA file created: cladeB.fa.aln.raxml.rba

Parallelization scheme autoconfig: 20 worker(s) x 2 thread(s)

Parallel reduction/worker buffer size: 1 KB  / 0 KB

[00:00:00] Generating 10 random starting tree(s) with 30 taxa
[00:00:00] Generating 10 parsimony starting tree(s) with 30 taxa
[00:00:00] Data distribution: max. partitions/sites/weight per thread: 1 / 436 / 6976
[00:00:00] Data distribution: max. searches per worker: 2

Starting ML tree search with 20 distinct starting trees

[00:00:07] [worker #15] ML tree search #16, logLikelihood: -33984.831561
[00:00:08] [worker #2] ML tree search #3, logLikelihood: -33985.080101
[00:00:09] [worker #17] ML tree search #18, logLikelihood: -33984.829638
[00:00:10] [worker #10] ML tree search #11, logLikelihood: -33984.838630
[00:00:12] [worker #4] ML tree search #5, logLikelihood: -33984.868067
[00:00:14] [worker #1] ML tree search #2, logLikelihood: -33984.869187
[00:00:14] [worker #5] ML tree search #6, logLikelihood: -33988.376214
[00:00:17] [worker #13] ML tree search #14, logLikelihood: -33984.832006
[00:00:18] [worker #9] ML tree search #10, logLikelihood: -33984.847252
[00:00:19] [worker #8] ML tree search #9, logLikelihood: -33984.861910
[00:00:19] [worker #18] ML tree search #19, logLikelihood: -33984.836922
[00:00:20] [worker #14] ML tree search #15, logLikelihood: -33984.827698
[00:00:21] [worker #11] ML tree search #12, logLikelihood: -33984.828448
[00:00:21] [worker #12] ML tree search #13, logLikelihood: -33984.828053
[00:00:23] [worker #16] ML tree search #17, logLikelihood: -33984.834849
[00:00:35] [worker #6] ML tree search #7, logLikelihood: -33988.367220
[00:00:39] [worker #0] ML tree search #1, logLikelihood: -33984.848768
[00:00:40] [worker #7] ML tree search #8, logLikelihood: -33984.862002
[00:01:08] [worker #3] ML tree search #4, logLikelihood: -33984.859560
[00:01:29] [worker #19] ML tree search #20, logLikelihood: -33984.828058

[00:01:29] ML tree search completed, best tree logLH: -33984.827698

[00:01:29] Starting bootstrapping analysis with 20 replicates.

[00:01:34] [worker #10] Bootstrap tree #11, logLikelihood: -33668.529918
[00:01:34] [worker #4] Bootstrap tree #5, logLikelihood: -34261.973427
[00:01:35] [worker #1] Bootstrap tree #2, logLikelihood: -34082.641920
[00:01:37] [worker #2] Bootstrap tree #3, logLikelihood: -34075.079854
[00:01:39] [worker #5] Bootstrap tree #6, logLikelihood: -34339.642635
[00:01:39] [worker #8] Bootstrap tree #9, logLikelihood: -35043.272016
[00:01:40] [worker #11] Bootstrap tree #12, logLikelihood: -33808.901458
[00:01:42] [worker #3] Bootstrap tree #4, logLikelihood: -33886.132457
[00:01:43] [worker #12] Bootstrap tree #13, logLikelihood: -33864.223202
[00:01:44] [worker #7] Bootstrap tree #8, logLikelihood: -33817.295422
[00:01:48] [worker #13] Bootstrap tree #14, logLikelihood: -34349.961030
[00:01:48] [worker #14] Bootstrap tree #15, logLikelihood: -34223.687330
[00:01:55] [worker #15] Bootstrap tree #16, logLikelihood: -34385.320663
[00:01:59] [worker #0] Bootstrap tree #1, logLikelihood: -34059.706935
[00:02:02] [worker #6] Bootstrap tree #7, logLikelihood: -34548.873148
[00:02:04] [worker #16] Bootstrap tree #17, logLikelihood: -33666.608227
[00:02:06] [worker #18] Bootstrap tree #19, logLikelihood: -33673.392828
[00:02:39] [worker #17] Bootstrap tree #18, logLikelihood: -33788.042220
[00:03:03] [worker #19] Bootstrap tree #20, logLikelihood: -33745.129077
[00:03:14] [worker #9] Bootstrap tree #10, logLikelihood: -33762.811091

Optimized model parameters:

   Partition 0: noname
   Rate heterogeneity: GAMMA (4 cats, mean),  alpha: 0.298064 (ML),  weights&rates: (0.250000,0.005140) (0.250000,0.102990) (0.250000,0.592537) (0.250000,3.299334) 
   Base frequencies (ML): 0.232638 0.240533 0.296204 0.230625 
   Substitution rates (ML): 0.455264 1.805892 0.557377 0.793032 3.964079 1.000000 


Final LogLikelihood: -33984.827698

AIC score: 68101.655396 / AICc score: 68102.261689 / BIC score: 68602.758325
Free parameters (model + branch lengths): 66

Best ML tree saved to: /work/LAS/dlavrov-lab/users/Momin/work/Mystery-sponge/18S/phylo_check/CladeB/2nd_try/cladeB.fa.aln.raxml.bestTree
All ML trees saved to: /work/LAS/dlavrov-lab/users/Momin/work/Mystery-sponge/18S/phylo_check/CladeB/2nd_try/cladeB.fa.aln.raxml.mlTrees
Best ML tree with Felsenstein bootstrap (FBP) support values saved to: /work/LAS/dlavrov-lab/users/Momin/work/Mystery-sponge/18S/phylo_check/CladeB/2nd_try/cladeB.fa.aln.raxml.support
Optimized model saved to: /work/LAS/dlavrov-lab/users/Momin/work/Mystery-sponge/18S/phylo_check/CladeB/2nd_try/cladeB.fa.aln.raxml.bestModel
Bootstrap trees saved to: /work/LAS/dlavrov-lab/users/Momin/work/Mystery-sponge/18S/phylo_check/CladeB/2nd_try/cladeB.fa.aln.raxml.bootstraps

Execution log saved to: /work/LAS/dlavrov-lab/users/Momin/work/Mystery-sponge/18S/phylo_check/CladeB/2nd_try/cladeB.fa.aln.raxml.log

Analysis started: 11-Oct-2023 12:47:32 / finished: 11-Oct-2023 12:50:46

Elapsed time: 194.484 seconds

