
RAxML-NG v. 1.1.0-master released on 04.08.2022 by The Exelixis Lab.
Developed by: Alexey M. Kozlov and Alexandros Stamatakis.
Contributors: Diego Darriba, Tomas Flouri, Benoit Morel, Sarah Lutteropp, Ben Bettisworth.
Latest version: https://github.com/amkozlov/raxml-ng
Questions/problems/suggestions? Please visit: https://groups.google.com/forum/#!forum/raxml

System: Intel(R) Xeon(R) Gold 6140 CPU @ 2.30GHz, 36 cores, 187 GB RAM

RAxML-NG was called at 29-Sep-2023 15:42:35 as follows:

raxml-ng --all -bs-trees 10 --msa demos_newNodes_RC_trimmed.cdhit.aln --model GTR+G

Analysis options:
  run mode: ML tree search + bootstrapping (Felsenstein Bootstrap)
  start tree(s): random (10) + parsimony (10)
  bootstrap replicates: 10
  random seed: 1696020155
  tip-inner: OFF
  pattern compression: ON
  per-rate scalers: OFF
  site repeats: ON
  branch lengths: proportional (ML estimate, algorithm: NR-FAST)
  SIMD kernels: AVX2
  parallelization: coarse-grained (auto), PTHREADS (auto)

[00:00:00] Reading alignment from file: demos_newNodes_RC_trimmed.cdhit.aln
[00:00:00] Loaded alignment with 59 taxa and 16447 sites

WARNING: Fully undetermined columns found: 7

NOTE: Reduced alignment (with duplicates and gap-only sites/taxa removed) 
NOTE: was saved to: /work/LAS/dlavrov-lab/users/Momin/work/Mystery-sponge/phylo_check/Demo/outgroup/new_nodes/trimmed/Xdwe/demos_newNodes_RC_trimmed.cdhit.aln.raxml.reduced.phy

Alignment comprises 1 partitions and 2234 patterns

Partition 0: noname
Model: GTR+FO+G4m
Alignment sites / patterns: 16440 / 2234
Gaps: 86.66 %
Invariant sites: 72.40 %


NOTE: Binary MSA file created: demos_newNodes_RC_trimmed.cdhit.aln.raxml.rba

Parallelization scheme autoconfig: 18 worker(s) x 2 thread(s)

Parallel reduction/worker buffer size: 1 KB  / 0 KB

[00:00:00] Generating 10 random starting tree(s) with 59 taxa
[00:00:00] Generating 10 parsimony starting tree(s) with 59 taxa
[00:00:00] Data distribution: max. partitions/sites/weight per thread: 1 / 1117 / 17872
[00:00:00] Data distribution: max. searches per worker: 3

Starting ML tree search with 20 distinct starting trees

[00:01:15] [worker #13] ML tree search #14, logLikelihood: -58570.016069
[00:01:22] [worker #9] ML tree search #10, logLikelihood: -58570.729776
[00:01:23] [worker #12] ML tree search #13, logLikelihood: -58570.016925
[00:01:27] [worker #2] ML tree search #3, logLikelihood: -58570.698565
[00:01:33] [worker #11] ML tree search #12, logLikelihood: -58570.013117
[00:01:41] [worker #17] ML tree search #18, logLikelihood: -58570.034000
[00:01:41] [worker #4] ML tree search #5, logLikelihood: -58570.053673
[00:01:45] [worker #1] ML tree search #2, logLikelihood: -58569.992973
[00:01:45] [worker #6] ML tree search #7, logLikelihood: -58570.015198
[00:01:46] [worker #15] ML tree search #16, logLikelihood: -58570.016393
[00:01:50] [worker #7] ML tree search #8, logLikelihood: -58570.707231
[00:01:51] [worker #5] ML tree search #6, logLikelihood: -58570.757141
[00:01:58] [worker #16] ML tree search #17, logLikelihood: -58570.024108
[00:01:58] [worker #8] ML tree search #9, logLikelihood: -58570.037702
[00:02:01] [worker #10] ML tree search #11, logLikelihood: -58570.025064
[00:02:14] [worker #14] ML tree search #15, logLikelihood: -58570.020119
[00:02:17] [worker #0] ML tree search #1, logLikelihood: -58570.032651
[00:02:56] [worker #3] ML tree search #4, logLikelihood: -58570.700891
[00:03:02] [worker #1] ML tree search #20, logLikelihood: -58570.030365
[00:03:42] [worker #0] ML tree search #19, logLikelihood: -58570.701785

[00:03:42] ML tree search completed, best tree logLH: -58569.992973

[00:03:42] Starting bootstrapping analysis with 10 replicates.

[00:04:39] [worker #8] Bootstrap tree #9, logLikelihood: -57351.974084
[00:04:42] [worker #4] Bootstrap tree #5, logLikelihood: -58696.881529
[00:04:48] [worker #7] Bootstrap tree #8, logLikelihood: -58584.854622
[00:04:55] [worker #9] Bootstrap tree #10, logLikelihood: -58607.552112
[00:04:56] [worker #0] Bootstrap tree #1, logLikelihood: -56865.002323
[00:05:12] [worker #6] Bootstrap tree #7, logLikelihood: -58613.254790
[00:05:15] [worker #3] Bootstrap tree #4, logLikelihood: -59106.734662
[00:05:25] [worker #5] Bootstrap tree #6, logLikelihood: -57614.609130
[00:05:28] [worker #2] Bootstrap tree #3, logLikelihood: -58730.665150
[00:06:30] [worker #1] Bootstrap tree #2, logLikelihood: -58946.182307

Optimized model parameters:

   Partition 0: noname
   Rate heterogeneity: GAMMA (4 cats, mean),  alpha: 0.303637 (ML),  weights&rates: (0.250000,0.005595) (0.250000,0.107328) (0.250000,0.601861) (0.250000,3.285217) 
   Base frequencies (ML): 0.223986 0.243206 0.297972 0.234836 
   Substitution rates (ML): 0.604971 2.255934 0.751048 0.884831 4.507846 1.000000 


Final LogLikelihood: -58569.992973

AIC score: 117387.985947 / AICc score: 117389.886038 / BIC score: 118343.712557
Free parameters (model + branch lengths): 124

Best ML tree saved to: /work/LAS/dlavrov-lab/users/Momin/work/Mystery-sponge/phylo_check/Demo/outgroup/new_nodes/trimmed/Xdwe/demos_newNodes_RC_trimmed.cdhit.aln.raxml.bestTree
All ML trees saved to: /work/LAS/dlavrov-lab/users/Momin/work/Mystery-sponge/phylo_check/Demo/outgroup/new_nodes/trimmed/Xdwe/demos_newNodes_RC_trimmed.cdhit.aln.raxml.mlTrees
Best ML tree with Felsenstein bootstrap (FBP) support values saved to: /work/LAS/dlavrov-lab/users/Momin/work/Mystery-sponge/phylo_check/Demo/outgroup/new_nodes/trimmed/Xdwe/demos_newNodes_RC_trimmed.cdhit.aln.raxml.support
Optimized model saved to: /work/LAS/dlavrov-lab/users/Momin/work/Mystery-sponge/phylo_check/Demo/outgroup/new_nodes/trimmed/Xdwe/demos_newNodes_RC_trimmed.cdhit.aln.raxml.bestModel
Bootstrap trees saved to: /work/LAS/dlavrov-lab/users/Momin/work/Mystery-sponge/phylo_check/Demo/outgroup/new_nodes/trimmed/Xdwe/demos_newNodes_RC_trimmed.cdhit.aln.raxml.bootstraps

Execution log saved to: /work/LAS/dlavrov-lab/users/Momin/work/Mystery-sponge/phylo_check/Demo/outgroup/new_nodes/trimmed/Xdwe/demos_newNodes_RC_trimmed.cdhit.aln.raxml.log

Analysis started: 29-Sep-2023 15:42:35 / finished: 29-Sep-2023 15:49:05

Elapsed time: 390.747 seconds

