
RAxML-NG v. 1.1.0-master released on 04.08.2022 by The Exelixis Lab.
Developed by: Alexey M. Kozlov and Alexandros Stamatakis.
Contributors: Diego Darriba, Tomas Flouri, Benoit Morel, Sarah Lutteropp, Ben Bettisworth.
Latest version: https://github.com/amkozlov/raxml-ng
Questions/problems/suggestions? Please visit: https://groups.google.com/forum/#!forum/raxml

System: Intel(R) Xeon(R) Gold 6140 CPU @ 2.30GHz, 36 cores, 187 GB RAM

RAxML-NG was called at 25-Sep-2023 18:46:44 as follows:

raxml-ng --all --msa demos_noLong.cdhit.aln --model GTR+G

Analysis options:
  run mode: ML tree search + bootstrapping (Felsenstein Bootstrap)
  start tree(s): random (10) + parsimony (10)
  bootstrap replicates: max: 1000 + bootstopping (autoMRE, cutoff: 0.030000)
  random seed: 1695685604
  tip-inner: OFF
  pattern compression: ON
  per-rate scalers: OFF
  site repeats: ON
  branch lengths: proportional (ML estimate, algorithm: NR-FAST)
  SIMD kernels: AVX2
  parallelization: coarse-grained (auto), PTHREADS (auto)

[00:00:00] Reading alignment from file: demos_noLong.cdhit.aln
[00:00:00] Loaded alignment with 59 taxa and 7542 sites

WARNING: Fully undetermined columns found: 7

NOTE: Reduced alignment (with duplicates and gap-only sites/taxa removed) 
NOTE: was saved to: /work/LAS/dlavrov-lab/users/Momin/work/Mystery-sponge/phylo_check/Demo/outgroup/noLong/demos_noLong.cdhit.aln.raxml.reduced.phy

Alignment comprises 1 partitions and 2076 patterns

Partition 0: noname
Model: GTR+FO+G4m
Alignment sites / patterns: 7535 / 2076
Gaps: 75.50 %
Invariant sites: 73.13 %


NOTE: Binary MSA file created: demos_noLong.cdhit.aln.raxml.rba

Parallelization scheme autoconfig: 18 worker(s) x 2 thread(s)

Parallel reduction/worker buffer size: 1 KB  / 0 KB

[00:00:00] Generating 10 random starting tree(s) with 59 taxa
[00:00:00] Generating 10 parsimony starting tree(s) with 59 taxa
[00:00:00] Data distribution: max. partitions/sites/weight per thread: 1 / 1038 / 16608
[00:00:01] Data distribution: max. searches per worker: 58

Starting ML tree search with 20 distinct starting trees

[00:01:11] [worker #8] ML tree search #9, logLikelihood: -37998.926702
[00:01:19] [worker #3] ML tree search #4, logLikelihood: -37998.924498
[00:01:22] [worker #5] ML tree search #6, logLikelihood: -37998.926823
[00:01:23] [worker #12] ML tree search #13, logLikelihood: -37998.920311
[00:01:26] [worker #2] ML tree search #3, logLikelihood: -37998.930257
[00:01:30] [worker #15] ML tree search #16, logLikelihood: -37998.912460
[00:01:30] [worker #6] ML tree search #7, logLikelihood: -37998.921759
[00:01:31] [worker #7] ML tree search #8, logLikelihood: -37998.926387
[00:01:37] [worker #10] ML tree search #11, logLikelihood: -37998.914305
[00:01:44] [worker #11] ML tree search #12, logLikelihood: -37998.921192
[00:01:46] [worker #14] ML tree search #15, logLikelihood: -37998.911146
[00:01:50] [worker #13] ML tree search #14, logLikelihood: -37998.913200
[00:01:51] [worker #4] ML tree search #5, logLikelihood: -37998.975178
[00:01:53] [worker #1] ML tree search #2, logLikelihood: -37998.922753
[00:01:53] [worker #17] ML tree search #18, logLikelihood: -37998.918334
[00:01:53] [worker #16] ML tree search #17, logLikelihood: -37998.910738
[00:02:25] [worker #9] ML tree search #10, logLikelihood: -37998.970523
[00:02:39] [worker #0] ML tree search #1, logLikelihood: -37998.923777
[00:03:26] [worker #1] ML tree search #20, logLikelihood: -37998.919729
[00:03:43] [worker #0] ML tree search #19, logLikelihood: -37998.909814

[00:03:43] ML tree search completed, best tree logLH: -37998.909814

[00:03:43] Starting bootstrapping analysis with 1000 replicates.

[00:04:35] [worker #8] Bootstrap tree #9, logLikelihood: -38045.301733
[00:04:39] [worker #0] Bootstrap tree #1, logLikelihood: -38061.683916
[00:04:40] [worker #3] Bootstrap tree #4, logLikelihood: -37852.849087
[00:04:43] [worker #7] Bootstrap tree #8, logLikelihood: -37623.883376
[00:04:43] [worker #2] Bootstrap tree #3, logLikelihood: -37482.783312
[00:04:45] [worker #1] Bootstrap tree #2, logLikelihood: -37982.961610
[00:04:48] [worker #13] Bootstrap tree #14, logLikelihood: -37899.760303
[00:04:53] [worker #16] Bootstrap tree #17, logLikelihood: -38066.904611
[00:04:54] [worker #6] Bootstrap tree #7, logLikelihood: -37901.562031
[00:04:57] [worker #15] Bootstrap tree #16, logLikelihood: -37711.626968
[00:05:12] [worker #17] Bootstrap tree #18, logLikelihood: -38033.155610
[00:05:12] [worker #12] Bootstrap tree #13, logLikelihood: -38532.539986
[00:05:13] [worker #5] Bootstrap tree #6, logLikelihood: -38708.423911
[00:05:20] [worker #11] Bootstrap tree #12, logLikelihood: -38168.432956
[00:05:23] [worker #14] Bootstrap tree #15, logLikelihood: -39089.907548
[00:05:25] [worker #10] Bootstrap tree #11, logLikelihood: -38300.774511
[00:05:31] [worker #4] Bootstrap tree #5, logLikelihood: -38602.287977
[00:05:40] [worker #1] Bootstrap tree #20, logLikelihood: -37506.633981
[00:05:43] [worker #2] Bootstrap tree #21, logLikelihood: -38275.522009
[00:05:44] [worker #9] Bootstrap tree #10, logLikelihood: -37221.686550
[00:05:47] [worker #15] Bootstrap tree #34, logLikelihood: -37825.964071
[00:05:51] [worker #0] Bootstrap tree #19, logLikelihood: -39333.806598
[00:05:55] [worker #6] Bootstrap tree #25, logLikelihood: -35999.275329
[00:05:55] [worker #7] Bootstrap tree #26, logLikelihood: -38934.342821
[00:06:10] [worker #8] Bootstrap tree #27, logLikelihood: -38906.329823
[00:06:12] [worker #3] Bootstrap tree #22, logLikelihood: -37728.163363
[00:06:34] [worker #11] Bootstrap tree #30, logLikelihood: -37303.863845
[00:06:34] [worker #4] Bootstrap tree #23, logLikelihood: -36775.875791
[00:06:37] [worker #1] Bootstrap tree #38, logLikelihood: -38372.257247
[00:06:38] [worker #5] Bootstrap tree #24, logLikelihood: -36635.773472
[00:06:38] [worker #13] Bootstrap tree #32, logLikelihood: -38475.884614
[00:06:41] [worker #16] Bootstrap tree #35, logLikelihood: -37626.790349
[00:06:54] [worker #2] Bootstrap tree #39, logLikelihood: -37095.616507
[00:06:54] [worker #0] Bootstrap tree #37, logLikelihood: -38371.672403
[00:06:55] [worker #12] Bootstrap tree #31, logLikelihood: -37145.138108
[00:06:56] [worker #9] Bootstrap tree #28, logLikelihood: -39215.275531
[00:06:57] [worker #14] Bootstrap tree #33, logLikelihood: -38545.799318
[00:07:00] [worker #7] Bootstrap tree #44, logLikelihood: -37161.502123
[00:07:03] [worker #17] Bootstrap tree #36, logLikelihood: -37726.479989
[00:07:04] [worker #10] Bootstrap tree #29, logLikelihood: -38514.037983
[00:07:38] [worker #11] Bootstrap tree #48, logLikelihood: -37293.174396
[00:07:38] [worker #3] Bootstrap tree #40, logLikelihood: -38472.517482
[00:07:40] [worker #6] Bootstrap tree #43, logLikelihood: -38179.743867
[00:07:54] [worker #4] Bootstrap tree #41, logLikelihood: -37533.095156
[00:07:57] [worker #9] Bootstrap tree #46, logLikelihood: -37544.417234
[00:08:02] [worker #13] Bootstrap tree #50, logLikelihood: -38385.039377
[00:08:04] [worker #5] Bootstrap tree #42, logLikelihood: -37037.393334
[00:08:07] [worker #12] Bootstrap tree #49, logLikelihood: -38188.605952
[00:08:15] [worker #10] Bootstrap tree #47, logLikelihood: -38068.192398
[00:08:47] [worker #8] Bootstrap tree #45, logLikelihood: -38305.955241
[00:09:27] [worker #15] Bootstrap tree #52, logLikelihood: -39647.092388
[00:09:33] [worker #17] Bootstrap tree #54, logLikelihood: -38252.931049
[00:09:35] [worker #0] Bootstrap tree #55, logLikelihood: -37994.609842
[00:09:45] [worker #1] Bootstrap tree #56, logLikelihood: -37760.250284
[00:09:56] [worker #14] Bootstrap tree #51, logLikelihood: -39092.089796
[00:10:07] [worker #15] Bootstrap tree #70, logLikelihood: -38269.782621
[00:10:12] [worker #5] Bootstrap tree #60, logLikelihood: -37426.959426
[00:10:14] [worker #12] Bootstrap tree #67, logLikelihood: -38264.611945
[00:10:16] [worker #10] Bootstrap tree #65, logLikelihood: -37069.485003
[00:10:22] [worker #11] Bootstrap tree #66, logLikelihood: -39359.079429
[00:10:27] [worker #1] Bootstrap tree #74, logLikelihood: -37764.427011
[00:10:28] [worker #4] Bootstrap tree #59, logLikelihood: -38401.686277
[00:10:29] [worker #2] Bootstrap tree #57, logLikelihood: -37891.973112
[00:10:29] [worker #3] Bootstrap tree #58, logLikelihood: -37383.452011
[00:10:30] [worker #9] Bootstrap tree #64, logLikelihood: -36901.909083
[00:10:35] [worker #13] Bootstrap tree #68, logLikelihood: -37746.983736
[00:10:42] [worker #8] Bootstrap tree #63, logLikelihood: -37203.393831
[00:10:43] [worker #0] Bootstrap tree #73, logLikelihood: -38019.326300
[00:10:43] [worker #7] Bootstrap tree #62, logLikelihood: -39365.655229
[00:10:49] [worker #16] Bootstrap tree #53, logLikelihood: -37243.336734
[00:10:56] [worker #15] Bootstrap tree #88, logLikelihood: -37660.906929
[00:11:06] [worker #14] Bootstrap tree #69, logLikelihood: -38252.089291
[00:11:17] [worker #17] Bootstrap tree #72, logLikelihood: -38549.049588
[00:11:21] [worker #6] Bootstrap tree #61, logLikelihood: -37925.243291
[00:11:22] [worker #5] Bootstrap tree #78, logLikelihood: -37250.222773
[00:11:23] [worker #10] Bootstrap tree #83, logLikelihood: -37526.791874
[00:11:26] [worker #13] Bootstrap tree #86, logLikelihood: -38209.170895
[00:11:28] [worker #12] Bootstrap tree #85, logLikelihood: -38076.645009
[00:11:29] [worker #3] Bootstrap tree #76, logLikelihood: -38799.303283
[00:11:30] [worker #7] Bootstrap tree #80, logLikelihood: -38262.723179
[00:11:32] [worker #1] Bootstrap tree #92, logLikelihood: -37627.679085
[00:11:40] [worker #0] Bootstrap tree #91, logLikelihood: -38875.288605
[00:11:42] [worker #11] Bootstrap tree #84, logLikelihood: -39101.002266
[00:12:00] [worker #9] Bootstrap tree #82, logLikelihood: -37663.789531
[00:12:04] [worker #8] Bootstrap tree #81, logLikelihood: -36949.371205
[00:12:05] [worker #2] Bootstrap tree #75, logLikelihood: -38367.882416
[00:12:09] [worker #17] Bootstrap tree #90, logLikelihood: -38399.550161
[00:12:16] [worker #16] Bootstrap tree #71, logLikelihood: -38751.718363
[00:12:23] [worker #4] Bootstrap tree #77, logLikelihood: -38773.535657
[00:12:29] [worker #6] Bootstrap tree #79, logLikelihood: -38187.007086
[00:12:39] [worker #3] Bootstrap tree #94, logLikelihood: -37519.259147
[00:12:53] [worker #14] Bootstrap tree #87, logLikelihood: -36981.037869
[00:12:53] [worker #7] Bootstrap tree #98, logLikelihood: -37625.537493
[00:12:56] [worker #2] Bootstrap tree #93, logLikelihood: -36998.736263
[00:12:56] [worker #8] Bootstrap tree #99, logLikelihood: -37497.976548
[00:13:04] [worker #5] Bootstrap tree #96, logLikelihood: -36763.119260
[00:13:11] [worker #9] Bootstrap tree #100, logLikelihood: -39282.584939
[00:13:20] [worker #4] Bootstrap tree #95, logLikelihood: -38477.986797
[00:13:28] [worker #16] Bootstrap tree #89, logLikelihood: -38050.077918
[00:13:33] [worker #6] Bootstrap tree #97, logLikelihood: -38081.101738
[00:14:20] [worker #7] Bootstrap tree #116, logLikelihood: -36748.958045
[00:14:30] [worker #4] Bootstrap tree #113, logLikelihood: -37777.290776
[00:14:31] [worker #15] Bootstrap tree #106, logLikelihood: -38273.669950
[00:14:33] [worker #12] Bootstrap tree #103, logLikelihood: -36954.083587
[00:14:33] [worker #3] Bootstrap tree #112, logLikelihood: -38307.327402
[00:14:45] [worker #17] Bootstrap tree #108, logLikelihood: -37385.230701
[00:14:48] [worker #1] Bootstrap tree #110, logLikelihood: -37865.235186
[00:14:50] [worker #13] Bootstrap tree #104, logLikelihood: -38990.853949
[00:14:51] [worker #5] Bootstrap tree #114, logLikelihood: -38745.171502
[00:14:55] [worker #14] Bootstrap tree #105, logLikelihood: -36987.810453
[00:14:57] [worker #2] Bootstrap tree #111, logLikelihood: -37983.931227
[00:15:00] [worker #10] Bootstrap tree #101, logLikelihood: -37570.957364
[00:15:01] [worker #6] Bootstrap tree #115, logLikelihood: -40191.569331
[00:15:05] [worker #11] Bootstrap tree #102, logLikelihood: -37629.428686
[00:15:09] [worker #8] Bootstrap tree #117, logLikelihood: -40305.070369
[00:15:10] [worker #9] Bootstrap tree #118, logLikelihood: -38478.271583
[00:15:27] [worker #3] Bootstrap tree #130, logLikelihood: -36200.703500
[00:15:31] [worker #7] Bootstrap tree #134, logLikelihood: -38098.690424
[00:15:35] [worker #16] Bootstrap tree #107, logLikelihood: -37331.347766
[00:15:35] [worker #12] Bootstrap tree #121, logLikelihood: -37617.600612
[00:15:39] [worker #4] Bootstrap tree #131, logLikelihood: -38279.740905
[00:15:42] [worker #0] Bootstrap tree #109, logLikelihood: -39401.995383
[00:15:42] [worker #15] Bootstrap tree #124, logLikelihood: -38005.079532
[00:15:42] [worker #14] Bootstrap tree #123, logLikelihood: -36809.882414
[00:15:48] [worker #13] Bootstrap tree #122, logLikelihood: -39454.911652
[00:15:50] [worker #10] Bootstrap tree #119, logLikelihood: -38619.696169
[00:15:53] [worker #6] Bootstrap tree #133, logLikelihood: -38929.946140
[00:15:56] [worker #1] Bootstrap tree #128, logLikelihood: -38091.464560
[00:16:07] [worker #17] Bootstrap tree #126, logLikelihood: -36399.826456
[00:16:17] [worker #2] Bootstrap tree #129, logLikelihood: -36758.431808
[00:16:21] [worker #5] Bootstrap tree #132, logLikelihood: -37295.985296
[00:16:27] [worker #8] Bootstrap tree #135, logLikelihood: -37322.585152
[00:16:28] [worker #3] Bootstrap tree #148, logLikelihood: -37520.967287
[00:16:36] [worker #9] Bootstrap tree #136, logLikelihood: -37411.401152
[00:16:36] [worker #12] Bootstrap tree #139, logLikelihood: -38048.812726
[00:16:46] [worker #11] Bootstrap tree #120, logLikelihood: -37666.034415
[00:16:48] [worker #4] Bootstrap tree #149, logLikelihood: -38409.621197
[00:16:49] [worker #13] Bootstrap tree #140, logLikelihood: -38534.166914
[00:16:52] [worker #10] Bootstrap tree #137, logLikelihood: -37460.156516
[00:16:57] [worker #15] Bootstrap tree #142, logLikelihood: -36804.451144
[00:16:59] [worker #16] Bootstrap tree #125, logLikelihood: -37728.486687
[00:17:01] [worker #17] Bootstrap tree #144, logLikelihood: -38753.040028
[00:17:03] [worker #0] Bootstrap tree #127, logLikelihood: -37758.046636
[00:17:07] [worker #14] Bootstrap tree #141, logLikelihood: -37088.623252
[00:17:19] [worker #1] Bootstrap tree #146, logLikelihood: -37558.436958
[00:17:23] [worker #5] Bootstrap tree #150, logLikelihood: -38035.426971
[00:18:06] [worker #16] Bootstrap tree #143, logLikelihood: -37542.511326
[00:18:28] [worker #0] Bootstrap tree #145, logLikelihood: -37712.032436
[00:18:33] [worker #11] Bootstrap tree #138, logLikelihood: -37640.426569
[00:18:42] [worker #2] Bootstrap tree #147, logLikelihood: -38237.469696
[00:19:26] [worker #12] Bootstrap tree #157, logLikelihood: -37255.995765
[00:19:38] [worker #7] Bootstrap tree #152, logLikelihood: -37896.972877
[00:19:41] [worker #3] Bootstrap tree #166, logLikelihood: -39227.707894
[00:19:49] [worker #10] Bootstrap tree #155, logLikelihood: -37510.872343
[00:19:50] [worker #1] Bootstrap tree #164, logLikelihood: -36480.816489
[00:19:51] [worker #0] Bootstrap tree #163, logLikelihood: -37596.588642
[00:19:52] [worker #4] Bootstrap tree #167, logLikelihood: -37465.807256
[00:20:02] [worker #5] Bootstrap tree #168, logLikelihood: -38194.343905
[00:20:03] [worker #14] Bootstrap tree #159, logLikelihood: -38149.855650
[00:20:08] [worker #8] Bootstrap tree #153, logLikelihood: -37771.644004
[00:20:09] [worker #11] Bootstrap tree #156, logLikelihood: -37770.111270
[00:20:10] [worker #13] Bootstrap tree #158, logLikelihood: -38405.722782
[00:20:12] [worker #17] Bootstrap tree #162, logLikelihood: -37368.356045
[00:20:14] [worker #16] Bootstrap tree #161, logLikelihood: -36687.568137
[00:20:16] [worker #15] Bootstrap tree #160, logLikelihood: -38183.641474
[00:20:18] [worker #2] Bootstrap tree #165, logLikelihood: -38072.495052
[00:20:34] [worker #7] Bootstrap tree #170, logLikelihood: -37531.586583
[00:20:41] [worker #6] Bootstrap tree #151, logLikelihood: -37665.104779
[00:20:48] [worker #12] Bootstrap tree #175, logLikelihood: -38202.216866
[00:20:56] [worker #0] Bootstrap tree #181, logLikelihood: -37020.967897
[00:20:57] [worker #14] Bootstrap tree #177, logLikelihood: -38373.227743
[00:20:58] [worker #3] Bootstrap tree #184, logLikelihood: -39586.014498
[00:20:59] [worker #10] Bootstrap tree #173, logLikelihood: -36770.561226
[00:21:04] [worker #9] Bootstrap tree #154, logLikelihood: -37241.665388
[00:21:05] [worker #5] Bootstrap tree #186, logLikelihood: -37714.506620
[00:21:06] [worker #4] Bootstrap tree #185, logLikelihood: -37372.641598
[00:21:08] [worker #1] Bootstrap tree #182, logLikelihood: -36566.526435
[00:21:13] [worker #16] Bootstrap tree #179, logLikelihood: -37187.424589
[00:21:17] [worker #17] Bootstrap tree #180, logLikelihood: -37924.769228
[00:21:25] [worker #13] Bootstrap tree #176, logLikelihood: -37522.411439
[00:21:28] [worker #7] Bootstrap tree #188, logLikelihood: -38944.418266
[00:21:29] [worker #2] Bootstrap tree #183, logLikelihood: -37711.590816
[00:21:31] [worker #11] Bootstrap tree #174, logLikelihood: -38433.791737
[00:21:38] [worker #8] Bootstrap tree #171, logLikelihood: -38578.499210
[00:21:47] [worker #15] Bootstrap tree #178, logLikelihood: -38641.232991
[00:22:12] [worker #16] Bootstrap tree #197, logLikelihood: -38239.200231
[00:22:14] [worker #6] Bootstrap tree #169, logLikelihood: -37753.774198
[00:22:15] [worker #17] Bootstrap tree #198, logLikelihood: -37255.337700
[00:22:19] [worker #11] Bootstrap tree #192, logLikelihood: -39079.709947
[00:22:19] [worker #1] Bootstrap tree #200, logLikelihood: -37592.113184
[00:22:19] [worker #12] Bootstrap tree #193, logLikelihood: -38195.583371
[00:22:22] [worker #0] Bootstrap tree #199, logLikelihood: -38575.478634
[00:22:24] [worker #13] Bootstrap tree #194, logLikelihood: -36029.137383
[00:22:25] [worker #14] Bootstrap tree #195, logLikelihood: -38138.510038
[00:22:36] [worker #10] Bootstrap tree #191, logLikelihood: -38002.237537
[00:22:44] [worker #9] Bootstrap tree #172, logLikelihood: -37600.196855
[00:23:16] [worker #8] Bootstrap tree #189, logLikelihood: -37787.151627
[00:23:29] [worker #6] Bootstrap tree #187, logLikelihood: -36579.493419
[00:23:41] [worker #15] Bootstrap tree #196, logLikelihood: -37112.478785
[00:24:22] [worker #9] Bootstrap tree #190, logLikelihood: -39837.551643
[00:25:05] [worker #0] Bootstrap tree #217, logLikelihood: -37614.181172
[00:25:14] [worker #13] Bootstrap tree #212, logLikelihood: -39369.012417
[00:25:18] [worker #1] Bootstrap tree #218, logLikelihood: -38169.222771
[00:25:18] [worker #5] Bootstrap tree #204, logLikelihood: -38512.147969
[00:25:20] [worker #14] Bootstrap tree #213, logLikelihood: -38579.819257
[00:25:23] [worker #10] Bootstrap tree #209, logLikelihood: -37985.849600
[00:25:26] [worker #17] Bootstrap tree #216, logLikelihood: -38159.596080
[00:25:31] [worker #15] Bootstrap tree #214, logLikelihood: -37789.762821
[00:25:39] [worker #11] Bootstrap tree #210, logLikelihood: -38046.022709
[00:25:41] [worker #6] Bootstrap tree #205, logLikelihood: -37399.887947
[00:25:41] [worker #16] Bootstrap tree #215, logLikelihood: -37074.141549
[00:25:43] [worker #3] Bootstrap tree #202, logLikelihood: -37531.726840
[00:25:46] [worker #7] Bootstrap tree #206, logLikelihood: -38712.158144
[00:25:49] [worker #2] Bootstrap tree #201, logLikelihood: -38688.947780
[00:25:49] [worker #9] Bootstrap tree #208, logLikelihood: -37045.376743
[00:25:53] [worker #0] Bootstrap tree #235, logLikelihood: -37745.637146
[00:25:53] [worker #13] Bootstrap tree #230, logLikelihood: -38122.161415
[00:25:59] [worker #12] Bootstrap tree #211, logLikelihood: -38757.926806
[00:26:09] [worker #4] Bootstrap tree #203, logLikelihood: -38653.917891
[00:26:12] [worker #1] Bootstrap tree #236, logLikelihood: -37930.025769
[00:26:19] [worker #8] Bootstrap tree #207, logLikelihood: -38321.456408
[00:26:25] [worker #5] Bootstrap tree #222, logLikelihood: -38399.121659
[00:26:32] [worker #10] Bootstrap tree #227, logLikelihood: -37639.106935
[00:26:33] [worker #11] Bootstrap tree #228, logLikelihood: -38442.472498
[00:26:34] [worker #3] Bootstrap tree #220, logLikelihood: -39097.276004
[00:26:37] [worker #16] Bootstrap tree #233, logLikelihood: -37190.647648
[00:26:41] [worker #14] Bootstrap tree #231, logLikelihood: -37095.410225
[00:26:45] [worker #9] Bootstrap tree #226, logLikelihood: -37440.004631
[00:26:52] [worker #2] Bootstrap tree #219, logLikelihood: -37908.534833
[00:26:54] [worker #6] Bootstrap tree #223, logLikelihood: -37997.915829
[00:26:55] [worker #17] Bootstrap tree #234, logLikelihood: -37247.518495
[00:27:08] [worker #15] Bootstrap tree #232, logLikelihood: -38253.087959
[00:27:19] [worker #12] Bootstrap tree #229, logLikelihood: -37962.492577
[00:27:27] [worker #13] Bootstrap tree #248, logLikelihood: -38173.003993
[00:27:30] [worker #7] Bootstrap tree #224, logLikelihood: -36875.862007
[00:27:33] [worker #11] Bootstrap tree #246, logLikelihood: -39405.950191
[00:27:35] [worker #10] Bootstrap tree #245, logLikelihood: -38344.023075
[00:27:41] [worker #9] Bootstrap tree #244, logLikelihood: -37210.349880
[00:27:42] [worker #5] Bootstrap tree #240, logLikelihood: -38247.425621
[00:27:46] [worker #14] Bootstrap tree #249, logLikelihood: -38431.328280
[00:27:48] [worker #8] Bootstrap tree #225, logLikelihood: -38684.863516
[00:27:57] [worker #3] Bootstrap tree #238, logLikelihood: -38855.452822
[00:28:13] [worker #15] Bootstrap tree #250, logLikelihood: -36981.302127
[00:28:14] [worker #4] Bootstrap tree #221, logLikelihood: -36582.905481
[00:28:18] [worker #12] Bootstrap tree #247, logLikelihood: -38045.176382
[00:28:39] [worker #7] Bootstrap tree #242, logLikelihood: -38759.276628
[00:28:46] [worker #2] Bootstrap tree #237, logLikelihood: -37474.337088
[00:28:57] [worker #8] Bootstrap tree #243, logLikelihood: -38413.417828
[00:29:04] [worker #6] Bootstrap tree #241, logLikelihood: -37446.615879
[00:29:58] [worker #4] Bootstrap tree #239, logLikelihood: -37524.735800
[00:30:50] [worker #12] Bootstrap tree #265, logLikelihood: -37823.390740
[00:30:55] [worker #14] Bootstrap tree #267, logLikelihood: -39544.389713
[00:30:59] [worker #0] Bootstrap tree #253, logLikelihood: -37244.850363
[00:30:59] [worker #1] Bootstrap tree #254, logLikelihood: -38570.252269
[00:31:01] [worker #10] Bootstrap tree #263, logLikelihood: -38137.424126
[00:31:03] [worker #2] Bootstrap tree #255, logLikelihood: -38763.388983
[00:31:07] [worker #16] Bootstrap tree #251, logLikelihood: -38411.160549
[00:31:27] [worker #4] Bootstrap tree #257, logLikelihood: -38852.528753
[00:31:28] [worker #17] Bootstrap tree #252, logLikelihood: -38317.146618
[00:31:30] [worker #3] Bootstrap tree #256, logLikelihood: -39117.570496
[00:31:33] [worker #13] Bootstrap tree #266, logLikelihood: -37762.390762
[00:31:40] [worker #8] Bootstrap tree #261, logLikelihood: -37046.175371
[00:31:43] [worker #11] Bootstrap tree #264, logLikelihood: -38565.564054
[00:31:43] [worker #7] Bootstrap tree #260, logLikelihood: -37884.375361
[00:31:44] [worker #9] Bootstrap tree #262, logLikelihood: -38508.249041
[00:31:45] [worker #10] Bootstrap tree #281, logLikelihood: -39582.241428
[00:31:52] [worker #6] Bootstrap tree #259, logLikelihood: -37150.064324
[00:31:56] [worker #12] Bootstrap tree #283, logLikelihood: -37833.698746
[00:32:01] [worker #15] Bootstrap tree #268, logLikelihood: -37461.225201
[00:32:05] [worker #16] Bootstrap tree #269, logLikelihood: -36929.569757
[00:32:05] [worker #0] Bootstrap tree #271, logLikelihood: -38256.088294
[00:32:07] [worker #1] Bootstrap tree #272, logLikelihood: -37777.984584
[00:32:10] [worker #14] Bootstrap tree #285, logLikelihood: -37950.423995
[00:32:15] [worker #17] Bootstrap tree #270, logLikelihood: -37756.867957
[00:32:22] [worker #4] Bootstrap tree #275, logLikelihood: -38188.686916
[00:32:26] [worker #5] Bootstrap tree #258, logLikelihood: -37960.421541
[00:32:30] [worker #8] Bootstrap tree #279, logLikelihood: -38697.715262
[00:32:35] [worker #13] Bootstrap tree #284, logLikelihood: -38515.112903
[00:32:44] [worker #3] Bootstrap tree #274, logLikelihood: -38333.728746
[00:32:47] [worker #9] Bootstrap tree #280, logLikelihood: -37411.688607
[00:32:48] [worker #7] Bootstrap tree #278, logLikelihood: -38510.484455
[00:32:59] [worker #11] Bootstrap tree #282, logLikelihood: -38256.920111
[00:33:07] [worker #1] Bootstrap tree #290, logLikelihood: -38536.416848
[00:33:07] [worker #2] Bootstrap tree #273, logLikelihood: -37609.220857
[00:33:16] [worker #6] Bootstrap tree #277, logLikelihood: -37597.524696
[00:33:20] [worker #17] Bootstrap tree #288, logLikelihood: -38022.660298
[00:33:24] [worker #16] Bootstrap tree #287, logLikelihood: -37752.237954
[00:33:31] [worker #0] Bootstrap tree #289, logLikelihood: -37828.992225
[00:33:33] [worker #8] Bootstrap tree #297, logLikelihood: -39354.031780
[00:33:41] [worker #5] Bootstrap tree #276, logLikelihood: -37484.680678
[00:33:47] [worker #10] Bootstrap tree #299, logLikelihood: -38499.200861
[00:33:49] [worker #3] Bootstrap tree #292, logLikelihood: -38735.076092
[00:33:55] [worker #7] Bootstrap tree #296, logLikelihood: -38426.791954
[00:34:02] [worker #15] Bootstrap tree #286, logLikelihood: -37476.300033
[00:34:05] [worker #9] Bootstrap tree #298, logLikelihood: -37908.281743
[00:34:10] [worker #2] Bootstrap tree #291, logLikelihood: -37628.923597
[00:34:19] [worker #4] Bootstrap tree #293, logLikelihood: -37817.525304
[00:34:41] [worker #5] Bootstrap tree #294, logLikelihood: -38269.162656
[00:34:56] [worker #6] Bootstrap tree #295, logLikelihood: -38237.910073
[00:35:47] [worker #11] Bootstrap tree #300, logLikelihood: -39049.259986
[00:36:33] [worker #7] Bootstrap tree #314, logLikelihood: -37223.843821
[00:36:41] [worker #12] Bootstrap tree #301, logLikelihood: -37861.430100
[00:36:42] [worker #1] Bootstrap tree #308, logLikelihood: -38547.613339
[00:36:48] [worker #2] Bootstrap tree #309, logLikelihood: -38089.877836
[00:36:50] [worker #10] Bootstrap tree #317, logLikelihood: -37944.839409
[00:36:53] [worker #13] Bootstrap tree #302, logLikelihood: -38527.461558
[00:36:54] [worker #3] Bootstrap tree #310, logLikelihood: -38682.877859
[00:36:55] [worker #8] Bootstrap tree #315, logLikelihood: -38217.434062
[00:36:56] [worker #16] Bootstrap tree #305, logLikelihood: -37435.079989
[00:36:58] [worker #0] Bootstrap tree #307, logLikelihood: -37965.497699
[00:37:00] [worker #14] Bootstrap tree #303, logLikelihood: -38567.834302
[00:37:01] [worker #9] Bootstrap tree #316, logLikelihood: -38097.363855
[00:37:04] [worker #4] Bootstrap tree #311, logLikelihood: -38620.915486
[00:37:17] [worker #15] Bootstrap tree #304, logLikelihood: -37414.355847
[00:37:17] [worker #5] Bootstrap tree #312, logLikelihood: -37976.389057
[00:37:21] [worker #6] Bootstrap tree #313, logLikelihood: -37837.888969
[00:37:40] [worker #11] Bootstrap tree #318, logLikelihood: -38137.348585
[00:37:41] [worker #12] Bootstrap tree #319, logLikelihood: -38175.019929
[00:37:42] [worker #7] Bootstrap tree #332, logLikelihood: -37691.835381
[00:37:48] [worker #13] Bootstrap tree #320, logLikelihood: -38155.394106
[00:37:53] [worker #0] Bootstrap tree #325, logLikelihood: -37940.188608
[00:37:56] [worker #17] Bootstrap tree #306, logLikelihood: -37563.556851
[00:37:58] [worker #10] Bootstrap tree #335, logLikelihood: -37363.374891
[00:38:03] [worker #3] Bootstrap tree #328, logLikelihood: -38469.388379
[00:38:08] [worker #2] Bootstrap tree #327, logLikelihood: -37628.760303
[00:38:10] [worker #9] Bootstrap tree #334, logLikelihood: -37728.882325
[00:38:10] [worker #16] Bootstrap tree #323, logLikelihood: -38033.671052
[00:38:20] [worker #1] Bootstrap tree #326, logLikelihood: -38688.532051
[00:38:26] [worker #8] Bootstrap tree #333, logLikelihood: -37814.040609
[00:38:33] [worker #0] Bootstrap tree #343, logLikelihood: -38776.088698
[00:38:38] [worker #14] Bootstrap tree #321, logLikelihood: -38429.962312
[00:38:40] [worker #12] Bootstrap tree #337, logLikelihood: -37285.493052
[00:38:44] [worker #6] Bootstrap tree #331, logLikelihood: -37907.245680
[00:38:45] [worker #7] Bootstrap tree #350, logLikelihood: -37876.050593
[00:38:47] [worker #5] Bootstrap tree #330, logLikelihood: -36975.387293
[00:38:56] [worker #17] Bootstrap tree #324, logLikelihood: -36749.348994
[00:38:56] [worker #11] Bootstrap tree #336, logLikelihood: -37346.135846
[00:39:01] [worker #15] Bootstrap tree #322, logLikelihood: -38982.796011
[00:39:04] [worker #3] Bootstrap tree #346, logLikelihood: -37980.775009
[00:39:06] [worker #16] Bootstrap tree #341, logLikelihood: -38238.793928
[00:39:23] [worker #2] Bootstrap tree #345, logLikelihood: -37952.563832
[00:39:25] [worker #6] Bootstrap tree #349, logLikelihood: -37652.392165
[00:39:26] [worker #13] Bootstrap tree #338, logLikelihood: -38902.995508
[00:39:26] [worker #4] Bootstrap tree #329, logLikelihood: -38078.692847
[00:39:39] [worker #5] Bootstrap tree #348, logLikelihood: -38417.440649
[00:39:40] [worker #1] Bootstrap tree #344, logLikelihood: -38391.037107
[00:39:54] [worker #14] Bootstrap tree #339, logLikelihood: -37730.014367
[00:40:00] [worker #17] Bootstrap tree #342, logLikelihood: -37748.911044
[00:40:01] [worker #15] Bootstrap tree #340, logLikelihood: -37741.096472
[00:41:00] [worker #4] Bootstrap tree #347, logLikelihood: -38607.344142
[00:41:47] [worker #8] Bootstrap tree #351, logLikelihood: -37176.851429
[00:41:49] [worker #7] Bootstrap tree #368, logLikelihood: -38043.121796
[00:41:55] [worker #10] Bootstrap tree #353, logLikelihood: -37679.015922
[00:41:56] [worker #13] Bootstrap tree #356, logLikelihood: -37914.383961
[00:42:00] [worker #16] Bootstrap tree #359, logLikelihood: -38608.365923
[00:42:02] [worker #14] Bootstrap tree #357, logLikelihood: -37811.094140
[00:42:12] [worker #3] Bootstrap tree #364, logLikelihood: -37448.401836
[00:42:17] [worker #1] Bootstrap tree #362, logLikelihood: -38480.322356
[00:42:20] [worker #5] Bootstrap tree #366, logLikelihood: -37806.609321
[00:42:23] [worker #0] Bootstrap tree #361, logLikelihood: -37194.591170
[00:42:26] [worker #9] Bootstrap tree #352, logLikelihood: -37749.913055
[00:42:29] [worker #2] Bootstrap tree #363, logLikelihood: -38289.421042
[00:42:35] [worker #11] Bootstrap tree #354, logLikelihood: -38474.691532
[00:42:38] [worker #6] Bootstrap tree #367, logLikelihood: -37922.152572
[00:42:39] [worker #8] Bootstrap tree #369, logLikelihood: -36582.673736
[00:42:53] [worker #4] Bootstrap tree #365, logLikelihood: -37926.052981
[00:43:00] [worker #3] Bootstrap tree #382, logLikelihood: -38208.789848
[00:43:00] [worker #14] Bootstrap tree #375, logLikelihood: -38369.794832
[00:43:01] [worker #15] Bootstrap tree #358, logLikelihood: -37962.212947
[00:43:01] [worker #1] Bootstrap tree #380, logLikelihood: -37705.107967
[00:43:05] [worker #10] Bootstrap tree #371, logLikelihood: -37506.240919
[00:43:05] [worker #13] Bootstrap tree #374, logLikelihood: -38224.507808
[00:43:08] [worker #8] Bootstrap tree #387, logLikelihood: -38112.189726
[00:43:09] [worker #17] Bootstrap tree #360, logLikelihood: -37771.926449
[00:43:15] [worker #12] Bootstrap tree #355, logLikelihood: -36707.895026
[00:43:20] [worker #0] Bootstrap tree #379, logLikelihood: -37675.304478
[00:43:21] [worker #16] Bootstrap tree #377, logLikelihood: -37002.404230
[00:43:22] [worker #7] Bootstrap tree #386, logLikelihood: -36951.702460
[00:43:42] [worker #3] Bootstrap tree #400, logLikelihood: -38243.147036
[00:43:42] [worker #9] Bootstrap tree #370, logLikelihood: -37402.597753
[00:43:53] [worker #5] Bootstrap tree #384, logLikelihood: -38711.599377
[00:43:53] [worker #11] Bootstrap tree #372, logLikelihood: -38050.828603
[00:43:59] [worker #13] Bootstrap tree #392, logLikelihood: -37185.145113
[00:44:04] [worker #12] Bootstrap tree #373, logLikelihood: -36875.375855
[00:44:07] [worker #0] Bootstrap tree #397, logLikelihood: -36709.441658
[00:44:09] [worker #10] Bootstrap tree #389, logLikelihood: -38186.176243
[00:44:10] [worker #17] Bootstrap tree #378, logLikelihood: -38250.621360
[00:44:10] [worker #6] Bootstrap tree #385, logLikelihood: -38691.738635
[00:44:27] [worker #2] Bootstrap tree #381, logLikelihood: -38642.859428
[00:44:35] [worker #15] Bootstrap tree #376, logLikelihood: -38280.727789
[00:44:40] [worker #4] Bootstrap tree #383, logLikelihood: -38319.136838
[00:44:45] [worker #9] Bootstrap tree #388, logLikelihood: -38430.368349
[00:44:51] [worker #11] Bootstrap tree #390, logLikelihood: -37198.680963
[00:44:52] [worker #1] Bootstrap tree #398, logLikelihood: -37636.173227
[00:45:04] [worker #14] Bootstrap tree #393, logLikelihood: -38772.996331
[00:45:13] [worker #17] Bootstrap tree #396, logLikelihood: -38784.173989
[00:45:14] [worker #16] Bootstrap tree #395, logLikelihood: -38641.412787
[00:45:25] [worker #12] Bootstrap tree #391, logLikelihood: -36682.012331
[00:45:44] [worker #2] Bootstrap tree #399, logLikelihood: -37552.920380
[00:46:01] [worker #15] Bootstrap tree #394, logLikelihood: -38372.073885
[00:46:51] [worker #8] Bootstrap tree #405, logLikelihood: -36954.062940
[00:46:53] [worker #4] Bootstrap tree #401, logLikelihood: -37134.692352
[00:46:55] [worker #7] Bootstrap tree #404, logLikelihood: -37387.030676
[00:47:01] [worker #13] Bootstrap tree #410, logLikelihood: -40066.922321
[00:47:01] [worker #3] Bootstrap tree #418, logLikelihood: -38464.793559
[00:47:04] [worker #10] Bootstrap tree #407, logLikelihood: -38880.833027
[00:47:08] [worker #17] Bootstrap tree #414, logLikelihood: -36799.432856
[00:47:14] [worker #14] Bootstrap tree #411, logLikelihood: -38139.124519
[00:47:17] [worker #9] Bootstrap tree #406, logLikelihood: -38064.607622
[00:47:19] [worker #1] Bootstrap tree #416, logLikelihood: -39507.690714
[00:47:30] [worker #12] Bootstrap tree #409, logLikelihood: -37016.414175
[00:47:33] [worker #5] Bootstrap tree #402, logLikelihood: -37648.867670
[00:47:34] [worker #16] Bootstrap tree #413, logLikelihood: -37996.294875
[00:47:36] [worker #15] Bootstrap tree #412, logLikelihood: -37466.858030
[00:47:38] [worker #6] Bootstrap tree #403, logLikelihood: -37837.604704
[00:47:39] [worker #2] Bootstrap tree #417, logLikelihood: -37134.305467
[00:47:45] [worker #8] Bootstrap tree #423, logLikelihood: -38125.888220
[00:47:46] [worker #11] Bootstrap tree #408, logLikelihood: -39562.118673
[00:48:01] [worker #17] Bootstrap tree #432, logLikelihood: -39024.351513
[00:48:04] [worker #4] Bootstrap tree #419, logLikelihood: -38267.009668
[00:48:07] [worker #7] Bootstrap tree #422, logLikelihood: -38678.923215
[00:48:15] [worker #0] Bootstrap tree #415, logLikelihood: -37881.480200
[00:48:19] [worker #14] Bootstrap tree #429, logLikelihood: -37203.998506
[00:48:21] [worker #3] Bootstrap tree #436, logLikelihood: -38358.736846
[00:48:23] [worker #13] Bootstrap tree #428, logLikelihood: -36824.292020
[00:48:34] [worker #10] Bootstrap tree #425, logLikelihood: -37623.611817
[00:48:34] [worker #11] Bootstrap tree #426, logLikelihood: -36567.501681
[00:48:37] [worker #1] Bootstrap tree #434, logLikelihood: -37416.203276
[00:48:41] [worker #8] Bootstrap tree #441, logLikelihood: -39021.000117
[00:48:42] [worker #9] Bootstrap tree #424, logLikelihood: -37025.795638
[00:48:42] [worker #6] Bootstrap tree #421, logLikelihood: -37647.078012
[00:48:49] [worker #15] Bootstrap tree #430, logLikelihood: -37693.355330
[00:48:59] [worker #5] Bootstrap tree #420, logLikelihood: -36472.780492
[00:49:10] [worker #2] Bootstrap tree #435, logLikelihood: -37455.322719
[00:49:11] [worker #17] Bootstrap tree #450, logLikelihood: -36173.132196
[00:49:12] [worker #7] Bootstrap tree #440, logLikelihood: -37844.122773
[00:49:16] [worker #12] Bootstrap tree #427, logLikelihood: -38894.835891
[00:49:22] [worker #11] Bootstrap tree #444, logLikelihood: -37254.647343
[00:49:27] [worker #0] Bootstrap tree #433, logLikelihood: -37534.893749
[00:49:28] [worker #13] Bootstrap tree #446, logLikelihood: -38485.443806
[00:49:37] [worker #10] Bootstrap tree #443, logLikelihood: -38019.525535
[00:49:40] [worker #14] Bootstrap tree #447, logLikelihood: -36630.242579
[00:49:40] [worker #9] Bootstrap tree #442, logLikelihood: -38056.738110
[00:49:56] [worker #4] Bootstrap tree #437, logLikelihood: -37169.790687
[00:50:00] [worker #6] Bootstrap tree #439, logLikelihood: -37946.733072
[00:50:27] [worker #16] Bootstrap tree #431, logLikelihood: -38694.704967
[00:50:31] [worker #15] Bootstrap tree #448, logLikelihood: -37682.587414
[00:50:32] [worker #12] Bootstrap tree #445, logLikelihood: -38202.581782
[00:51:00] [worker #5] Bootstrap tree #438, logLikelihood: -38216.888467
[00:52:09] [worker #16] Bootstrap tree #449, logLikelihood: -36304.892162
[00:52:57] [worker #17] Bootstrap tree #468, logLikelihood: -36764.412719
[00:53:07] [worker #7] Bootstrap tree #458, logLikelihood: -38669.866646
[00:53:12] [worker #11] Bootstrap tree #462, logLikelihood: -38185.273467
[00:53:15] [worker #6] Bootstrap tree #457, logLikelihood: -36853.752618
[00:53:20] [worker #2] Bootstrap tree #453, logLikelihood: -37445.834956
[00:53:22] [worker #16] Bootstrap tree #467, logLikelihood: -39627.140013
[00:53:28] [worker #10] Bootstrap tree #461, logLikelihood: -37587.494863
[00:53:32] [worker #8] Bootstrap tree #459, logLikelihood: -38382.176375
[00:53:33] [worker #14] Bootstrap tree #465, logLikelihood: -38138.283241
[00:53:35] [worker #4] Bootstrap tree #455, logLikelihood: -37680.926449
[00:53:39] [worker #3] Bootstrap tree #454, logLikelihood: -39244.525360
[00:53:41] [worker #13] Bootstrap tree #464, logLikelihood: -38618.595791
[00:53:51] [worker #12] Bootstrap tree #463, logLikelihood: -38779.138451
[00:53:51] [worker #9] Bootstrap tree #460, logLikelihood: -37965.226471
[00:53:53] [worker #5] Bootstrap tree #456, logLikelihood: -37491.850327
[00:53:55] [worker #7] Bootstrap tree #476, logLikelihood: -38007.945280
[00:54:00] [worker #0] Bootstrap tree #451, logLikelihood: -37454.719632
[00:54:08] [worker #1] Bootstrap tree #452, logLikelihood: -37305.048521
[00:54:09] [worker #17] Bootstrap tree #486, logLikelihood: -38840.117244
[00:54:18] [worker #15] Bootstrap tree #466, logLikelihood: -37569.059339
[00:54:22] [worker #14] Bootstrap tree #483, logLikelihood: -38590.320670
[00:54:26] [worker #10] Bootstrap tree #479, logLikelihood: -36933.991320
[00:54:26] [worker #11] Bootstrap tree #480, logLikelihood: -37705.107351
[00:54:30] [worker #2] Bootstrap tree #471, logLikelihood: -37910.099082
[00:54:34] [worker #13] Bootstrap tree #482, logLikelihood: -37447.189852
[00:54:38] [worker #3] Bootstrap tree #472, logLikelihood: -37563.951110
[00:54:44] [worker #4] Bootstrap tree #473, logLikelihood: -37966.669624
[00:54:54] [worker #7] Bootstrap tree #494, logLikelihood: -38114.303585
[00:54:56] [worker #1] Bootstrap tree #470, logLikelihood: -37852.006501
[00:54:57] [worker #16] Bootstrap tree #485, logLikelihood: -37261.190210
[00:55:00] [worker #5] Bootstrap tree #474, logLikelihood: -38539.813274
[00:55:07] [worker #9] Bootstrap tree #478, logLikelihood: -38163.721242
[00:55:08] [worker #8] Bootstrap tree #477, logLikelihood: -36637.585195
[00:55:09] [worker #6] Bootstrap tree #475, logLikelihood: -38129.101807
[00:55:23] [worker #13] Bootstrap tree #500, logLikelihood: -37931.679394
[00:55:29] [worker #15] Bootstrap tree #484, logLikelihood: -38711.889071
[00:55:33] [worker #4] Bootstrap tree #491, logLikelihood: -38237.254243
[00:55:35] [worker #0] Bootstrap tree #469, logLikelihood: -36411.712200
[00:55:41] [worker #12] Bootstrap tree #481, logLikelihood: -39026.352865
[00:55:50] [worker #3] Bootstrap tree #490, logLikelihood: -37939.370956
[00:55:50] [worker #8] Bootstrap tree #495, logLikelihood: -39128.497543
[00:55:50] [worker #10] Bootstrap tree #497, logLikelihood: -37673.903095
[00:55:54] [worker #11] Bootstrap tree #498, logLikelihood: -37603.481766
[00:55:57] [worker #2] Bootstrap tree #489, logLikelihood: -37351.967180
[00:56:08] [worker #1] Bootstrap tree #488, logLikelihood: -37037.900117
[00:56:10] [worker #5] Bootstrap tree #492, logLikelihood: -38026.958818
[00:56:20] [worker #6] Bootstrap tree #493, logLikelihood: -38725.014041
[00:56:22] [worker #0] Bootstrap tree #487, logLikelihood: -38989.112889
[00:56:39] [worker #12] Bootstrap tree #499, logLikelihood: -37405.973631
[00:57:13] [worker #9] Bootstrap tree #496, logLikelihood: -37664.627368
[00:58:09] [worker #12] Bootstrap tree #517, logLikelihood: -37966.994262
[00:58:10] [worker #3] Bootstrap tree #508, logLikelihood: -38796.770084
[00:58:11] [worker #7] Bootstrap tree #512, logLikelihood: -39526.888369
[00:58:13] [worker #1] Bootstrap tree #506, logLikelihood: -38107.820797
[00:58:14] [worker #17] Bootstrap tree #504, logLikelihood: -38627.955967
[00:58:15] [worker #8] Bootstrap tree #513, logLikelihood: -37184.372179
[00:58:17] [worker #9] Bootstrap tree #514, logLikelihood: -37640.439023
[00:58:19] [worker #6] Bootstrap tree #511, logLikelihood: -37743.295952
[00:58:23] [worker #4] Bootstrap tree #509, logLikelihood: -36804.596250
[00:58:25] [worker #0] Bootstrap tree #505, logLikelihood: -37372.303833
[00:58:26] [worker #16] Bootstrap tree #503, logLikelihood: -37603.439510
[00:58:26] [worker #15] Bootstrap tree #502, logLikelihood: -37785.833612
[00:58:28] [worker #14] Bootstrap tree #501, logLikelihood: -36720.342376
[00:58:31] [worker #2] Bootstrap tree #507, logLikelihood: -39351.059803
[00:58:33] [worker #5] Bootstrap tree #510, logLikelihood: -36946.100814
[00:58:43] [worker #10] Bootstrap tree #515, logLikelihood: -37332.333621
[00:58:48] [worker #11] Bootstrap tree #516, logLikelihood: -37325.369548
[00:58:59] [worker #13] Bootstrap tree #518, logLikelihood: -36282.897592
[00:59:05] [worker #9] Bootstrap tree #532, logLikelihood: -37382.942040
[00:59:11] [worker #17] Bootstrap tree #522, logLikelihood: -38840.612728
[00:59:13] [worker #1] Bootstrap tree #524, logLikelihood: -38554.371182
[00:59:21] [worker #6] Bootstrap tree #529, logLikelihood: -38723.705505
[00:59:28] [worker #7] Bootstrap tree #530, logLikelihood: -38082.666446
[00:59:30] [worker #8] Bootstrap tree #531, logLikelihood: -38800.284638
[00:59:33] [worker #2] Bootstrap tree #525, logLikelihood: -36833.982054
[00:59:34] [worker #3] Bootstrap tree #526, logLikelihood: -37701.399152
[00:59:42] [worker #12] Bootstrap tree #535, logLikelihood: -39455.833008
[00:59:53] [worker #4] Bootstrap tree #527, logLikelihood: -38882.511754
[00:59:54] [worker #15] Bootstrap tree #520, logLikelihood: -38015.075357
[01:00:00] [worker #17] Bootstrap tree #540, logLikelihood: -37246.948466
[01:00:02] [worker #9] Bootstrap tree #550, logLikelihood: -37248.338709
[01:00:17] [worker #1] Bootstrap tree #542, logLikelihood: -36816.484552
[01:00:19] [worker #10] Bootstrap tree #533, logLikelihood: -38518.075523
[01:00:21] [worker #8] Bootstrap tree #549, logLikelihood: -38666.867382
[01:00:23] [worker #5] Bootstrap tree #528, logLikelihood: -38523.715382
[01:00:23] [worker #6] Bootstrap tree #547, logLikelihood: -37434.673224
[01:00:25] [worker #16] Bootstrap tree #521, logLikelihood: -37873.576476
[01:00:26] [worker #11] Bootstrap tree #534, logLikelihood: -37047.805590
[01:00:33] [worker #2] Bootstrap tree #543, logLikelihood: -37495.775580
[01:00:35] [worker #14] Bootstrap tree #519, logLikelihood: -37408.470399
[01:00:36] [worker #3] Bootstrap tree #544, logLikelihood: -39079.392765
[01:00:37] [worker #7] Bootstrap tree #548, logLikelihood: -38032.732281
[01:00:38] [worker #13] Bootstrap tree #536, logLikelihood: -38882.265506
[01:00:45] [worker #4] Bootstrap tree #545, logLikelihood: -38051.692955
[01:00:49] [worker #0] Bootstrap tree #523, logLikelihood: -36228.603526
[01:01:09] [worker #15] Bootstrap tree #538, logLikelihood: -37695.799794
[01:01:15] [worker #16] Bootstrap tree #539, logLikelihood: -37813.090262
[01:01:31] [worker #0] Bootstrap tree #541, logLikelihood: -36972.159147
[01:01:47] [worker #5] Bootstrap tree #546, logLikelihood: -37867.079619
[01:02:00] [worker #14] Bootstrap tree #537, logLikelihood: -37872.670404
[01:02:02] Bootstrapping converged after 550 replicates.

Optimized model parameters:

   Partition 0: noname
   Rate heterogeneity: GAMMA (4 cats, mean),  alpha: 0.308172 (ML),  weights&rates: (0.250000,0.005982) (0.250000,0.110865) (0.250000,0.609274) (0.250000,3.273879) 
   Base frequencies (ML): 0.206311 0.240206 0.312095 0.241389 
   Substitution rates (ML): 0.684591 2.039937 0.866066 0.984989 4.080403 1.000000 


Final LogLikelihood: -37998.909814

AIC score: 76245.819629 / AICc score: 76250.003165 / BIC score: 77104.806579
Free parameters (model + branch lengths): 124

Best ML tree saved to: /work/LAS/dlavrov-lab/users/Momin/work/Mystery-sponge/phylo_check/Demo/outgroup/noLong/demos_noLong.cdhit.aln.raxml.bestTree
All ML trees saved to: /work/LAS/dlavrov-lab/users/Momin/work/Mystery-sponge/phylo_check/Demo/outgroup/noLong/demos_noLong.cdhit.aln.raxml.mlTrees
Best ML tree with Felsenstein bootstrap (FBP) support values saved to: /work/LAS/dlavrov-lab/users/Momin/work/Mystery-sponge/phylo_check/Demo/outgroup/noLong/demos_noLong.cdhit.aln.raxml.support
Optimized model saved to: /work/LAS/dlavrov-lab/users/Momin/work/Mystery-sponge/phylo_check/Demo/outgroup/noLong/demos_noLong.cdhit.aln.raxml.bestModel
Bootstrap trees saved to: /work/LAS/dlavrov-lab/users/Momin/work/Mystery-sponge/phylo_check/Demo/outgroup/noLong/demos_noLong.cdhit.aln.raxml.bootstraps

Execution log saved to: /work/LAS/dlavrov-lab/users/Momin/work/Mystery-sponge/phylo_check/Demo/outgroup/noLong/demos_noLong.cdhit.aln.raxml.log

Analysis started: 25-Sep-2023 18:46:44 / finished: 25-Sep-2023 19:48:46

Elapsed time: 3722.501 seconds

