================================================================
Program: CD-HIT, V4.8.1 (+OpenMP), Apr 13 2023, 23:52:03
Command: cd-hit -i demos_new.fa -o demos_new.cdhit -c 0.95

Started: Wed Sep 20 11:12:35 2023
================================================================
                            Output                              
----------------------------------------------------------------
total seq: 747
longest and shortest : 6473 and 689
Total letters: 1285478
Sequences have been sorted

Approximated minimal memory consumption:
Sequence        : 1M
Buffer          : 1 X 11M = 11M
Table           : 1 X 65M = 65M
Miscellaneous   : 0M
Total           : 78M

Table limit with the given memory limit:
Max number of representatives: 394308
Max number of word counting entries: 90172173

comparing sequences from          0  to        747

      747  finished         48  clusters

Approximated maximum memory consumption: 78M
writing new database
writing clustering information
program completed !

Total CPU time 3.58
