
RAxML-NG v. 1.1.0-master released on 04.08.2022 by The Exelixis Lab.
Developed by: Alexey M. Kozlov and Alexandros Stamatakis.
Contributors: Diego Darriba, Tomas Flouri, Benoit Morel, Sarah Lutteropp, Ben Bettisworth.
Latest version: https://github.com/amkozlov/raxml-ng
Questions/problems/suggestions? Please visit: https://groups.google.com/forum/#!forum/raxml

System: Intel(R) Xeon(R) Gold 6140 CPU @ 2.30GHz, 36 cores, 187 GB RAM

RAxML-NG was called at 13-Sep-2023 11:14:17 as follows:

raxml-ng --all --msa Haplo_cladeB.aln --model GTR+G

Analysis options:
  run mode: ML tree search + bootstrapping (Felsenstein Bootstrap)
  start tree(s): random (10) + parsimony (10)
  bootstrap replicates: max: 1000 + bootstopping (autoMRE, cutoff: 0.030000)
  random seed: 1694621657
  tip-inner: OFF
  pattern compression: ON
  per-rate scalers: OFF
  site repeats: ON
  branch lengths: proportional (ML estimate, algorithm: NR-FAST)
  SIMD kernels: AVX2
  parallelization: coarse-grained (auto), PTHREADS (auto)

[00:00:00] Reading alignment from file: Haplo_cladeB.aln
[00:00:00] Loaded alignment with 46 taxa and 15240 sites

WARNING: Sequences KC902016_Haliclona_mucifibrosa and KC902198_Haliclona_mucifibrosa are exactly identical!
WARNING: Sequences KC902310_Haliclona_walentinae and KC902170_Haliclona_walentinae are exactly identical!
WARNING: Sequences KC902310_Haliclona_walentinae and KC902017_Haliclona_walentinae are exactly identical!
WARNING: Duplicate sequences found: 3

NOTE: Reduced alignment (with duplicates and gap-only sites/taxa removed) 
NOTE: was saved to: /work/LAS/dlavrov-lab/users/Momin/work/Mystery-sponge/phylo_check/CladeB/Haplo_cladeB.aln.raxml.reduced.phy

Alignment comprises 1 partitions and 1425 patterns

Partition 0: noname
Model: GTR+FO+G4m
Alignment sites / patterns: 15240 / 1425
Gaps: 86.46 %
Invariant sites: 76.34 %


NOTE: Binary MSA file created: Haplo_cladeB.aln.raxml.rba

Parallelization scheme autoconfig: 36 worker(s) x 1 thread(s)

Parallel reduction/worker buffer size: 1 KB  / 0 KB

[00:00:00] Generating 10 random starting tree(s) with 46 taxa
[00:00:00] Generating 10 parsimony starting tree(s) with 46 taxa
[00:00:00] Data distribution: max. partitions/sites/weight per thread: 1 / 1425 / 22800
[00:00:01] Data distribution: max. searches per worker: 29

Starting ML tree search with 20 distinct starting trees

[00:00:20] [worker #13] ML tree search #14, logLikelihood: -40328.333687
[00:00:22] [worker #18] ML tree search #19, logLikelihood: -40328.336077
[00:00:26] [worker #12] ML tree search #13, logLikelihood: -40328.330597
[00:00:27] [worker #14] ML tree search #15, logLikelihood: -40328.287514
[00:00:27] [worker #19] ML tree search #20, logLikelihood: -40328.275419
[00:00:28] [worker #10] ML tree search #11, logLikelihood: -40328.332392
[00:00:29] [worker #3] ML tree search #4, logLikelihood: -40328.392700
[00:00:30] [worker #4] ML tree search #5, logLikelihood: -40328.362819
[00:00:31] [worker #16] ML tree search #17, logLikelihood: -40328.288167
[00:00:31] [worker #15] ML tree search #16, logLikelihood: -40328.283035
[00:00:33] [worker #8] ML tree search #9, logLikelihood: -40328.388753
[00:00:34] [worker #5] ML tree search #6, logLikelihood: -40328.385620
[00:00:35] [worker #17] ML tree search #18, logLikelihood: -40328.360071
[00:00:36] [worker #6] ML tree search #7, logLikelihood: -40328.377249
[00:00:36] [worker #1] ML tree search #2, logLikelihood: -40328.386801
[00:00:37] [worker #7] ML tree search #8, logLikelihood: -40328.390320
[00:00:38] [worker #9] ML tree search #10, logLikelihood: -40328.362294
[00:00:38] [worker #11] ML tree search #12, logLikelihood: -40328.331178
[00:00:39] [worker #2] ML tree search #3, logLikelihood: -40328.387528
[00:00:53] [worker #0] ML tree search #1, logLikelihood: -40328.367449

[00:00:53] ML tree search completed, best tree logLH: -40328.275419

[00:00:53] Starting bootstrapping analysis with 1000 replicates.

[00:01:11] [worker #0] Bootstrap tree #1, logLikelihood: -40125.201416
[00:01:11] [worker #4] Bootstrap tree #5, logLikelihood: -40106.509519
[00:01:11] [worker #13] Bootstrap tree #14, logLikelihood: -40715.931435
[00:01:13] [worker #5] Bootstrap tree #6, logLikelihood: -39810.813035
[00:01:13] [worker #20] Bootstrap tree #21, logLikelihood: -39956.203948
[00:01:13] [worker #18] Bootstrap tree #19, logLikelihood: -40156.388806
[00:01:14] [worker #19] Bootstrap tree #20, logLikelihood: -40590.004045
[00:01:14] [worker #8] Bootstrap tree #9, logLikelihood: -40152.438254
[00:01:15] [worker #6] Bootstrap tree #7, logLikelihood: -40163.244878
[00:01:15] [worker #25] Bootstrap tree #26, logLikelihood: -41347.300630
[00:01:15] [worker #23] Bootstrap tree #24, logLikelihood: -40032.102847
[00:01:17] [worker #15] Bootstrap tree #16, logLikelihood: -39861.722866
[00:01:17] [worker #3] Bootstrap tree #4, logLikelihood: -40100.178426
[00:01:17] [worker #9] Bootstrap tree #10, logLikelihood: -40034.053500
[00:01:18] [worker #1] Bootstrap tree #2, logLikelihood: -40178.911074
[00:01:18] [worker #32] Bootstrap tree #33, logLikelihood: -40221.264181
[00:01:18] [worker #33] Bootstrap tree #34, logLikelihood: -40202.626096
[00:01:18] [worker #10] Bootstrap tree #11, logLikelihood: -40027.936806
[00:01:20] [worker #7] Bootstrap tree #8, logLikelihood: -40713.458243
[00:01:20] [worker #26] Bootstrap tree #27, logLikelihood: -40663.276837
[00:01:21] [worker #16] Bootstrap tree #17, logLikelihood: -39442.464902
[00:01:21] [worker #11] Bootstrap tree #12, logLikelihood: -40384.877274
[00:01:22] [worker #12] Bootstrap tree #13, logLikelihood: -39789.024578
[00:01:22] [worker #28] Bootstrap tree #29, logLikelihood: -40206.529272
[00:01:23] [worker #14] Bootstrap tree #15, logLikelihood: -40935.416842
[00:01:24] [worker #29] Bootstrap tree #30, logLikelihood: -40292.795974
[00:01:24] [worker #34] Bootstrap tree #35, logLikelihood: -40354.524116
[00:01:24] [worker #30] Bootstrap tree #31, logLikelihood: -40693.485166
[00:01:24] [worker #2] Bootstrap tree #3, logLikelihood: -40780.559774
[00:01:25] [worker #24] Bootstrap tree #25, logLikelihood: -40819.148440
[00:01:25] [worker #35] Bootstrap tree #36, logLikelihood: -40281.427094
[00:01:27] [worker #22] Bootstrap tree #23, logLikelihood: -40111.229751
[00:01:28] [worker #4] Bootstrap tree #41, logLikelihood: -39471.259001
[00:01:30] [worker #21] Bootstrap tree #22, logLikelihood: -40456.419143
[00:01:30] [worker #27] Bootstrap tree #28, logLikelihood: -40651.898495
[00:01:30] [worker #31] Bootstrap tree #32, logLikelihood: -39321.050474
[00:01:31] [worker #17] Bootstrap tree #18, logLikelihood: -40482.416193
[00:01:32] [worker #25] Bootstrap tree #62, logLikelihood: -40088.034867
[00:01:32] [worker #8] Bootstrap tree #45, logLikelihood: -39921.654045
[00:01:37] [worker #5] Bootstrap tree #42, logLikelihood: -40310.900910
[00:01:37] [worker #9] Bootstrap tree #46, logLikelihood: -39524.921272
[00:01:39] [worker #15] Bootstrap tree #52, logLikelihood: -40566.450520
[00:01:39] [worker #6] Bootstrap tree #43, logLikelihood: -40132.785505
[00:01:39] [worker #10] Bootstrap tree #47, logLikelihood: -40415.284669
[00:01:40] [worker #20] Bootstrap tree #57, logLikelihood: -40088.075776
[00:01:40] [worker #0] Bootstrap tree #37, logLikelihood: -40556.620395
[00:01:41] [worker #32] Bootstrap tree #69, logLikelihood: -40242.750767
[00:01:42] [worker #19] Bootstrap tree #56, logLikelihood: -40276.173414
[00:01:42] [worker #7] Bootstrap tree #44, logLikelihood: -39433.770137
[00:01:43] [worker #18] Bootstrap tree #55, logLikelihood: -40664.459494
[00:01:44] [worker #11] Bootstrap tree #48, logLikelihood: -40268.473412
[00:01:44] [worker #29] Bootstrap tree #66, logLikelihood: -39748.999720
[00:01:45] [worker #28] Bootstrap tree #65, logLikelihood: -39651.261189
[00:01:45] [worker #23] Bootstrap tree #60, logLikelihood: -40772.799812
[00:01:46] [worker #1] Bootstrap tree #38, logLikelihood: -40059.480985
[00:01:48] [worker #26] Bootstrap tree #63, logLikelihood: -40450.650855
[00:01:50] [worker #12] Bootstrap tree #49, logLikelihood: -40211.925786
[00:01:51] [worker #13] Bootstrap tree #50, logLikelihood: -40093.725741
[00:01:52] [worker #14] Bootstrap tree #51, logLikelihood: -40116.676206
[00:01:53] [worker #22] Bootstrap tree #59, logLikelihood: -40213.550009
[00:01:54] [worker #35] Bootstrap tree #72, logLikelihood: -39610.759954
[00:01:54] [worker #34] Bootstrap tree #71, logLikelihood: -40344.375352
[00:01:54] [worker #2] Bootstrap tree #39, logLikelihood: -40301.089558
[00:01:56] [worker #16] Bootstrap tree #53, logLikelihood: -40242.312532
[00:01:56] [worker #33] Bootstrap tree #70, logLikelihood: -40511.227513
[00:01:56] [worker #24] Bootstrap tree #61, logLikelihood: -39765.301832
[00:01:59] [worker #17] Bootstrap tree #54, logLikelihood: -39820.332161
[00:01:59] [worker #31] Bootstrap tree #68, logLikelihood: -39859.108361
[00:02:00] [worker #30] Bootstrap tree #67, logLikelihood: -40110.463934
[00:02:03] [worker #27] Bootstrap tree #64, logLikelihood: -39462.608300
[00:02:09] [worker #3] Bootstrap tree #40, logLikelihood: -40630.674216
[00:02:13] [worker #21] Bootstrap tree #58, logLikelihood: -40046.576869
[00:02:31] [worker #13] Bootstrap tree #86, logLikelihood: -40232.760256
[00:02:32] [worker #25] Bootstrap tree #98, logLikelihood: -40505.163598
[00:02:32] [worker #12] Bootstrap tree #85, logLikelihood: -40610.509312
[00:02:32] [worker #5] Bootstrap tree #78, logLikelihood: -40094.864677
[00:02:33] [worker #30] Bootstrap tree #103, logLikelihood: -39927.064104
[00:02:33] [worker #10] Bootstrap tree #83, logLikelihood: -40297.468307
[00:02:33] [worker #1] Bootstrap tree #74, logLikelihood: -39866.955778
[00:02:34] [worker #20] Bootstrap tree #93, logLikelihood: -40849.631747
[00:02:36] [worker #22] Bootstrap tree #95, logLikelihood: -39944.106255
[00:02:36] [worker #6] Bootstrap tree #79, logLikelihood: -40670.122681
[00:02:36] [worker #9] Bootstrap tree #82, logLikelihood: -40538.326250
[00:02:37] [worker #34] Bootstrap tree #107, logLikelihood: -40762.899370
[00:02:38] [worker #27] Bootstrap tree #100, logLikelihood: -40207.577798
[00:02:38] [worker #29] Bootstrap tree #102, logLikelihood: -41200.053398
[00:02:38] [worker #24] Bootstrap tree #97, logLikelihood: -39494.128789
[00:02:39] [worker #23] Bootstrap tree #96, logLikelihood: -40764.486448
[00:02:40] [worker #32] Bootstrap tree #105, logLikelihood: -39819.471419
[00:02:40] [worker #4] Bootstrap tree #77, logLikelihood: -40073.865191
[00:02:40] [worker #33] Bootstrap tree #106, logLikelihood: -40386.926332
[00:02:41] [worker #26] Bootstrap tree #99, logLikelihood: -40440.157835
[00:02:41] [worker #14] Bootstrap tree #87, logLikelihood: -40555.108879
[00:02:42] [worker #18] Bootstrap tree #91, logLikelihood: -40177.235988
[00:02:42] [worker #35] Bootstrap tree #108, logLikelihood: -40759.415695
[00:02:43] [worker #16] Bootstrap tree #89, logLikelihood: -39474.610063
[00:02:44] [worker #31] Bootstrap tree #104, logLikelihood: -39736.021298
[00:02:44] [worker #8] Bootstrap tree #81, logLikelihood: -40007.298034
[00:02:45] [worker #0] Bootstrap tree #73, logLikelihood: -40023.715579
[00:02:45] [worker #15] Bootstrap tree #88, logLikelihood: -40309.898888
[00:02:45] [worker #2] Bootstrap tree #75, logLikelihood: -39189.237263
[00:02:47] [worker #28] Bootstrap tree #101, logLikelihood: -40544.296725
[00:02:47] [worker #17] Bootstrap tree #90, logLikelihood: -40425.790512
[00:02:48] [worker #19] Bootstrap tree #92, logLikelihood: -40778.490053
[00:02:50] [worker #11] Bootstrap tree #84, logLikelihood: -41173.736265
[00:02:52] [worker #12] Bootstrap tree #121, logLikelihood: -40139.558842
[00:02:52] [worker #7] Bootstrap tree #80, logLikelihood: -40351.171537
[00:02:54] [worker #30] Bootstrap tree #139, logLikelihood: -40443.032553
[00:02:54] [worker #13] Bootstrap tree #122, logLikelihood: -40106.208010
[00:02:55] [worker #20] Bootstrap tree #129, logLikelihood: -40534.320162
[00:02:55] [worker #3] Bootstrap tree #76, logLikelihood: -39886.658529
[00:02:56] [worker #10] Bootstrap tree #119, logLikelihood: -39906.893931
[00:02:57] [worker #9] Bootstrap tree #118, logLikelihood: -39295.034335
[00:02:57] [worker #5] Bootstrap tree #114, logLikelihood: -41116.957221
[00:02:59] [worker #23] Bootstrap tree #132, logLikelihood: -39792.615003
[00:03:01] [worker #14] Bootstrap tree #123, logLikelihood: -40105.787761
[00:03:02] [worker #18] Bootstrap tree #127, logLikelihood: -40668.902801
[00:03:02] [worker #29] Bootstrap tree #138, logLikelihood: -40659.537605
[00:03:03] [worker #21] Bootstrap tree #94, logLikelihood: -40748.533220
[00:03:03] [worker #34] Bootstrap tree #143, logLikelihood: -40260.334946
[00:03:03] [worker #32] Bootstrap tree #141, logLikelihood: -40001.866823
[00:03:04] [worker #15] Bootstrap tree #124, logLikelihood: -40046.347354
[00:03:05] [worker #33] Bootstrap tree #142, logLikelihood: -40398.302010
[00:03:06] [worker #24] Bootstrap tree #133, logLikelihood: -39879.010838
[00:03:06] [worker #1] Bootstrap tree #110, logLikelihood: -39406.711427
[00:03:07] [worker #4] Bootstrap tree #113, logLikelihood: -40075.186198
[00:03:07] [worker #6] Bootstrap tree #115, logLikelihood: -40083.009526
[00:03:09] [worker #27] Bootstrap tree #136, logLikelihood: -40417.664563
[00:03:09] [worker #25] Bootstrap tree #134, logLikelihood: -40157.093824
[00:03:09] [worker #0] Bootstrap tree #109, logLikelihood: -40581.817547
[00:03:09] [worker #22] Bootstrap tree #131, logLikelihood: -40372.613389
[00:03:11] [worker #28] Bootstrap tree #137, logLikelihood: -39690.620694
[00:03:12] [worker #19] Bootstrap tree #128, logLikelihood: -40883.095784
[00:03:12] [worker #16] Bootstrap tree #125, logLikelihood: -39276.108053
[00:03:13] [worker #2] Bootstrap tree #111, logLikelihood: -40170.669344
[00:03:13] [worker #8] Bootstrap tree #117, logLikelihood: -40263.002229
[00:03:13] [worker #11] Bootstrap tree #120, logLikelihood: -39573.618349
[00:03:15] [worker #7] Bootstrap tree #116, logLikelihood: -39199.866033
[00:03:15] [worker #26] Bootstrap tree #135, logLikelihood: -40521.984032
[00:03:16] [worker #31] Bootstrap tree #140, logLikelihood: -40502.984468
[00:03:21] [worker #3] Bootstrap tree #112, logLikelihood: -40489.856090
[00:03:22] [worker #35] Bootstrap tree #144, logLikelihood: -40617.495681
[00:03:27] [worker #17] Bootstrap tree #126, logLikelihood: -40721.490021
[00:03:28] [worker #21] Bootstrap tree #130, logLikelihood: -39675.491215
[00:03:47] [worker #5] Bootstrap tree #150, logLikelihood: -40290.501434
[00:03:48] [worker #1] Bootstrap tree #146, logLikelihood: -40874.332088
[00:03:48] [worker #23] Bootstrap tree #168, logLikelihood: -40552.937973
[00:03:49] [worker #28] Bootstrap tree #173, logLikelihood: -40389.828355
[00:03:49] [worker #30] Bootstrap tree #175, logLikelihood: -40893.597521
[00:03:51] [worker #6] Bootstrap tree #151, logLikelihood: -39872.726360
[00:03:51] [worker #15] Bootstrap tree #160, logLikelihood: -40124.970487
[00:03:51] [worker #9] Bootstrap tree #154, logLikelihood: -40312.621077
[00:03:51] [worker #22] Bootstrap tree #167, logLikelihood: -39626.359147
[00:03:52] [worker #12] Bootstrap tree #157, logLikelihood: -40325.699659
[00:03:52] [worker #21] Bootstrap tree #166, logLikelihood: -39819.156400
[00:03:52] [worker #13] Bootstrap tree #158, logLikelihood: -40537.340899
[00:03:53] [worker #33] Bootstrap tree #178, logLikelihood: -39701.157307
[00:03:53] [worker #0] Bootstrap tree #145, logLikelihood: -40357.609324
[00:03:53] [worker #34] Bootstrap tree #179, logLikelihood: -39988.170636
[00:03:56] [worker #32] Bootstrap tree #177, logLikelihood: -39736.001223
[00:03:56] [worker #17] Bootstrap tree #162, logLikelihood: -39447.889340
[00:03:56] [worker #10] Bootstrap tree #155, logLikelihood: -40336.908813
[00:03:56] [worker #24] Bootstrap tree #169, logLikelihood: -40454.660115
[00:03:57] [worker #35] Bootstrap tree #180, logLikelihood: -40431.937326
[00:03:57] [worker #16] Bootstrap tree #161, logLikelihood: -40969.811968
[00:03:57] [worker #11] Bootstrap tree #156, logLikelihood: -40625.543047
[00:03:57] [worker #4] Bootstrap tree #149, logLikelihood: -40781.651004
[00:03:57] [worker #2] Bootstrap tree #147, logLikelihood: -39643.260903
[00:03:57] [worker #8] Bootstrap tree #153, logLikelihood: -40537.508019
[00:03:58] [worker #7] Bootstrap tree #152, logLikelihood: -40221.722077
[00:03:59] [worker #14] Bootstrap tree #159, logLikelihood: -39744.296528
[00:03:59] [worker #18] Bootstrap tree #163, logLikelihood: -40334.528975
[00:04:00] [worker #31] Bootstrap tree #176, logLikelihood: -40122.385943
[00:04:00] [worker #29] Bootstrap tree #174, logLikelihood: -40503.351921
[00:04:00] [worker #27] Bootstrap tree #172, logLikelihood: -40377.888514
[00:04:01] [worker #20] Bootstrap tree #165, logLikelihood: -39738.185842
[00:04:01] [worker #25] Bootstrap tree #170, logLikelihood: -40306.510134
[00:04:05] [worker #3] Bootstrap tree #148, logLikelihood: -39397.437743
[00:04:07] [worker #26] Bootstrap tree #171, logLikelihood: -40727.887850
[00:04:08] [worker #19] Bootstrap tree #164, logLikelihood: -40891.648416
[00:04:09] [worker #30] Bootstrap tree #211, logLikelihood: -40128.458966
[00:04:10] [worker #23] Bootstrap tree #204, logLikelihood: -40404.881044
[00:04:10] [worker #13] Bootstrap tree #194, logLikelihood: -40418.715334
[00:04:11] [worker #5] Bootstrap tree #186, logLikelihood: -40223.320843
[00:04:11] [worker #1] Bootstrap tree #182, logLikelihood: -40723.281155
[00:04:13] [worker #22] Bootstrap tree #203, logLikelihood: -40178.622991
[00:04:13] [worker #9] Bootstrap tree #190, logLikelihood: -39681.283037
[00:04:14] [worker #6] Bootstrap tree #187, logLikelihood: -40061.012002
[00:04:17] [worker #21] Bootstrap tree #202, logLikelihood: -41010.425808
[00:04:18] [worker #28] Bootstrap tree #209, logLikelihood: -40852.649587
[00:04:19] [worker #16] Bootstrap tree #197, logLikelihood: -40609.801152
[00:04:20] [worker #33] Bootstrap tree #214, logLikelihood: -40120.559362
[00:04:21] [worker #4] Bootstrap tree #185, logLikelihood: -39541.544241
[00:04:21] [worker #10] Bootstrap tree #191, logLikelihood: -40966.704236
[00:04:21] [worker #12] Bootstrap tree #193, logLikelihood: -40306.594720
[00:04:21] [worker #11] Bootstrap tree #192, logLikelihood: -40493.510510
[00:04:21] [worker #8] Bootstrap tree #189, logLikelihood: -40181.409783
[00:04:22] [worker #20] Bootstrap tree #201, logLikelihood: -40385.172368
[00:04:22] [worker #32] Bootstrap tree #213, logLikelihood: -40318.414630
[00:04:23] [worker #24] Bootstrap tree #205, logLikelihood: -39755.000614
[00:04:23] [worker #17] Bootstrap tree #198, logLikelihood: -39640.179066
[00:04:23] [worker #0] Bootstrap tree #181, logLikelihood: -40458.017447
[00:04:24] [worker #18] Bootstrap tree #199, logLikelihood: -40353.440406
[00:04:24] [worker #14] Bootstrap tree #195, logLikelihood: -40314.198253
[00:04:24] [worker #2] Bootstrap tree #183, logLikelihood: -40025.496176
[00:04:24] [worker #27] Bootstrap tree #208, logLikelihood: -40192.662000
[00:04:24] [worker #15] Bootstrap tree #196, logLikelihood: -40951.443733
[00:04:30] [worker #35] Bootstrap tree #216, logLikelihood: -40298.670520
[00:04:30] [worker #25] Bootstrap tree #206, logLikelihood: -40020.285434
[00:04:30] [worker #29] Bootstrap tree #210, logLikelihood: -40268.301006
[00:04:30] [worker #19] Bootstrap tree #200, logLikelihood: -40225.566006
[00:04:31] [worker #3] Bootstrap tree #184, logLikelihood: -40069.950970
[00:04:32] [worker #26] Bootstrap tree #207, logLikelihood: -40425.502518
[00:04:34] [worker #31] Bootstrap tree #212, logLikelihood: -39852.845171
[00:04:36] [worker #34] Bootstrap tree #215, logLikelihood: -40522.320506
[00:04:36] [worker #7] Bootstrap tree #188, logLikelihood: -40055.290524
[00:04:55] [worker #20] Bootstrap tree #237, logLikelihood: -39851.666394
[00:04:56] [worker #13] Bootstrap tree #230, logLikelihood: -39996.448318
[00:04:56] [worker #22] Bootstrap tree #239, logLikelihood: -39627.431704
[00:04:56] [worker #30] Bootstrap tree #247, logLikelihood: -40624.590904
[00:04:56] [worker #12] Bootstrap tree #229, logLikelihood: -40271.262474
[00:04:57] [worker #1] Bootstrap tree #218, logLikelihood: -40124.825633
[00:04:58] [worker #14] Bootstrap tree #231, logLikelihood: -40196.273896
[00:04:59] [worker #23] Bootstrap tree #240, logLikelihood: -39859.632005
[00:04:59] [worker #5] Bootstrap tree #222, logLikelihood: -40339.567073
[00:05:00] [worker #33] Bootstrap tree #250, logLikelihood: -40961.049741
[00:05:00] [worker #7] Bootstrap tree #224, logLikelihood: -40137.625704
[00:05:00] [worker #19] Bootstrap tree #236, logLikelihood: -39837.813080
[00:05:01] [worker #9] Bootstrap tree #226, logLikelihood: -40752.635565
[00:05:01] [worker #6] Bootstrap tree #223, logLikelihood: -39846.298998
[00:05:02] [worker #27] Bootstrap tree #244, logLikelihood: -39912.378642
[00:05:02] [worker #35] Bootstrap tree #252, logLikelihood: -40152.487474
[00:05:03] [worker #32] Bootstrap tree #249, logLikelihood: -39861.100137
[00:05:03] [worker #18] Bootstrap tree #235, logLikelihood: -40586.796355
[00:05:03] [worker #21] Bootstrap tree #238, logLikelihood: -39730.952992
[00:05:03] [worker #4] Bootstrap tree #221, logLikelihood: -40290.148564
[00:05:03] [worker #26] Bootstrap tree #243, logLikelihood: -40350.137320
[00:05:04] [worker #10] Bootstrap tree #227, logLikelihood: -40231.457617
[00:05:04] [worker #11] Bootstrap tree #228, logLikelihood: -40355.718242
[00:05:05] [worker #17] Bootstrap tree #234, logLikelihood: -39745.551423
[00:05:05] [worker #34] Bootstrap tree #251, logLikelihood: -39307.252786
[00:05:05] [worker #2] Bootstrap tree #219, logLikelihood: -39759.366336
[00:05:05] [worker #3] Bootstrap tree #220, logLikelihood: -39877.210455
[00:05:07] [worker #29] Bootstrap tree #246, logLikelihood: -39834.152857
[00:05:07] [worker #16] Bootstrap tree #233, logLikelihood: -40631.690778
[00:05:08] [worker #15] Bootstrap tree #232, logLikelihood: -40259.290538
[00:05:09] [worker #31] Bootstrap tree #248, logLikelihood: -40329.028669
[00:05:09] [worker #25] Bootstrap tree #242, logLikelihood: -40814.780278
[00:05:10] [worker #24] Bootstrap tree #241, logLikelihood: -40952.285038
[00:05:13] [worker #28] Bootstrap tree #245, logLikelihood: -39741.636983
[00:05:16] [worker #0] Bootstrap tree #217, logLikelihood: -40097.812385
[00:05:18] [worker #13] Bootstrap tree #266, logLikelihood: -40460.911772
[00:05:18] [worker #30] Bootstrap tree #283, logLikelihood: -40509.255617
[00:05:19] [worker #33] Bootstrap tree #286, logLikelihood: -40747.882217
[00:05:20] [worker #5] Bootstrap tree #258, logLikelihood: -39855.088798
[00:05:21] [worker #23] Bootstrap tree #276, logLikelihood: -39839.812750
[00:05:23] [worker #22] Bootstrap tree #275, logLikelihood: -40477.644010
[00:05:23] [worker #6] Bootstrap tree #259, logLikelihood: -40108.481016
[00:05:23] [worker #32] Bootstrap tree #285, logLikelihood: -39904.581451
[00:05:23] [worker #20] Bootstrap tree #273, logLikelihood: -40199.726556
[00:05:23] [worker #19] Bootstrap tree #272, logLikelihood: -39798.851106
[00:05:24] [worker #35] Bootstrap tree #288, logLikelihood: -40826.683695
[00:05:24] [worker #12] Bootstrap tree #265, logLikelihood: -40429.570622
[00:05:24] [worker #7] Bootstrap tree #260, logLikelihood: -40407.240211
[00:05:25] [worker #9] Bootstrap tree #262, logLikelihood: -40645.407624
[00:05:25] [worker #11] Bootstrap tree #264, logLikelihood: -40393.398565
[00:05:27] [worker #8] Bootstrap tree #225, logLikelihood: -40258.796588
[00:05:28] [worker #2] Bootstrap tree #255, logLikelihood: -40730.206875
[00:05:28] [worker #14] Bootstrap tree #267, logLikelihood: -40634.321048
[00:05:29] [worker #15] Bootstrap tree #268, logLikelihood: -40339.360467
[00:05:31] [worker #1] Bootstrap tree #254, logLikelihood: -40407.853325
[00:05:31] [worker #18] Bootstrap tree #271, logLikelihood: -40173.729927
[00:05:33] [worker #4] Bootstrap tree #257, logLikelihood: -39719.024316
[00:05:33] [worker #27] Bootstrap tree #280, logLikelihood: -40097.799959
[00:05:34] [worker #21] Bootstrap tree #274, logLikelihood: -40102.100890
[00:05:35] [worker #24] Bootstrap tree #277, logLikelihood: -39749.678669
[00:05:35] [worker #16] Bootstrap tree #269, logLikelihood: -39797.480245
[00:05:35] [worker #29] Bootstrap tree #282, logLikelihood: -40312.303774
[00:05:35] [worker #28] Bootstrap tree #281, logLikelihood: -40430.699146
[00:05:38] [worker #17] Bootstrap tree #270, logLikelihood: -40556.197470
[00:05:38] [worker #26] Bootstrap tree #279, logLikelihood: -40235.562392
[00:05:39] [worker #31] Bootstrap tree #284, logLikelihood: -40191.509944
[00:05:40] [worker #34] Bootstrap tree #287, logLikelihood: -40374.852711
[00:05:40] [worker #10] Bootstrap tree #263, logLikelihood: -40155.228689
[00:05:40] [worker #25] Bootstrap tree #278, logLikelihood: -40473.821466
[00:05:41] [worker #3] Bootstrap tree #256, logLikelihood: -40328.344893
[00:05:42] [worker #0] Bootstrap tree #253, logLikelihood: -39773.002638
[00:05:54] [worker #8] Bootstrap tree #261, logLikelihood: -40303.485267
[00:06:12] [worker #1] Bootstrap tree #290, logLikelihood: -40322.481182
[00:06:12] [worker #18] Bootstrap tree #307, logLikelihood: -40450.395326
[00:06:15] [worker #33] Bootstrap tree #322, logLikelihood: -40603.486732
[00:06:15] [worker #30] Bootstrap tree #319, logLikelihood: -40613.846626
[00:06:15] [worker #9] Bootstrap tree #298, logLikelihood: -39561.549586
[00:06:16] [worker #12] Bootstrap tree #301, logLikelihood: -40500.800229
[00:06:16] [worker #6] Bootstrap tree #295, logLikelihood: -40265.465554
[00:06:18] [worker #23] Bootstrap tree #312, logLikelihood: -40515.803948
[00:06:19] [worker #11] Bootstrap tree #300, logLikelihood: -40679.480044
[00:06:19] [worker #20] Bootstrap tree #309, logLikelihood: -40764.526431
[00:06:19] [worker #32] Bootstrap tree #321, logLikelihood: -39989.296179
[00:06:19] [worker #17] Bootstrap tree #306, logLikelihood: -40551.101810
[00:06:19] [worker #13] Bootstrap tree #302, logLikelihood: -40231.566903
[00:06:20] [worker #5] Bootstrap tree #294, logLikelihood: -40069.533675
[00:06:20] [worker #35] Bootstrap tree #324, logLikelihood: -40143.223237
[00:06:20] [worker #2] Bootstrap tree #291, logLikelihood: -40111.072868
[00:06:20] [worker #19] Bootstrap tree #308, logLikelihood: -39470.977314
[00:06:20] [worker #31] Bootstrap tree #320, logLikelihood: -40168.847835
[00:06:21] [worker #7] Bootstrap tree #296, logLikelihood: -40129.793383
[00:06:21] [worker #0] Bootstrap tree #289, logLikelihood: -39820.526092
[00:06:22] [worker #8] Bootstrap tree #297, logLikelihood: -40724.239767
[00:06:22] [worker #34] Bootstrap tree #323, logLikelihood: -40030.774232
[00:06:22] [worker #22] Bootstrap tree #311, logLikelihood: -39982.775828
[00:06:24] [worker #27] Bootstrap tree #316, logLikelihood: -39577.903084
[00:06:24] [worker #14] Bootstrap tree #303, logLikelihood: -40428.517440
[00:06:24] [worker #4] Bootstrap tree #293, logLikelihood: -40617.166338
[00:06:25] [worker #15] Bootstrap tree #304, logLikelihood: -40483.239618
[00:06:26] [worker #28] Bootstrap tree #317, logLikelihood: -40693.289309
[00:06:26] [worker #29] Bootstrap tree #318, logLikelihood: -40780.977148
[00:06:27] [worker #3] Bootstrap tree #292, logLikelihood: -40068.269953
[00:06:27] [worker #21] Bootstrap tree #310, logLikelihood: -39910.849659
[00:06:27] [worker #26] Bootstrap tree #315, logLikelihood: -40835.210568
[00:06:28] [worker #25] Bootstrap tree #314, logLikelihood: -40452.516598
[00:06:29] [worker #24] Bootstrap tree #313, logLikelihood: -39964.862398
[00:06:29] [worker #16] Bootstrap tree #305, logLikelihood: -40369.895788
[00:06:35] [worker #18] Bootstrap tree #343, logLikelihood: -39898.723444
[00:06:37] [worker #9] Bootstrap tree #334, logLikelihood: -40391.118873
[00:06:37] [worker #12] Bootstrap tree #337, logLikelihood: -40454.895669
[00:06:37] [worker #1] Bootstrap tree #326, logLikelihood: -40740.046101
[00:06:38] [worker #30] Bootstrap tree #355, logLikelihood: -40621.073375
[00:06:39] [worker #23] Bootstrap tree #348, logLikelihood: -39560.610030
[00:06:39] [worker #10] Bootstrap tree #299, logLikelihood: -39791.442173
[00:06:39] [worker #19] Bootstrap tree #344, logLikelihood: -40484.548163
[00:06:39] [worker #13] Bootstrap tree #338, logLikelihood: -40412.794600
[00:06:40] [worker #32] Bootstrap tree #357, logLikelihood: -39911.168679
[00:06:42] [worker #35] Bootstrap tree #360, logLikelihood: -40080.370761
[00:06:43] [worker #20] Bootstrap tree #345, logLikelihood: -40573.764014
[00:06:43] [worker #6] Bootstrap tree #331, logLikelihood: -39387.895498
[00:06:44] [worker #31] Bootstrap tree #356, logLikelihood: -40636.334828
[00:06:44] [worker #11] Bootstrap tree #336, logLikelihood: -40138.471203
[00:06:45] [worker #5] Bootstrap tree #330, logLikelihood: -39857.607437
[00:06:46] [worker #15] Bootstrap tree #340, logLikelihood: -40311.650690
[00:06:46] [worker #33] Bootstrap tree #358, logLikelihood: -40030.376461
[00:06:47] [worker #0] Bootstrap tree #325, logLikelihood: -40139.093809
[00:06:47] [worker #17] Bootstrap tree #342, logLikelihood: -40598.795688
[00:06:51] [worker #22] Bootstrap tree #347, logLikelihood: -40614.651275
[00:06:51] [worker #2] Bootstrap tree #327, logLikelihood: -40014.076261
[00:06:51] [worker #34] Bootstrap tree #359, logLikelihood: -40493.801833
[00:06:53] [worker #21] Bootstrap tree #346, logLikelihood: -40233.099988
[00:06:54] [worker #16] Bootstrap tree #341, logLikelihood: -40677.792319
[00:06:54] [worker #25] Bootstrap tree #350, logLikelihood: -39946.745666
[00:06:54] [worker #27] Bootstrap tree #352, logLikelihood: -40687.449832
[00:06:54] [worker #14] Bootstrap tree #339, logLikelihood: -40200.643758
[00:06:55] [worker #24] Bootstrap tree #349, logLikelihood: -40150.126603
[00:06:55] [worker #3] Bootstrap tree #328, logLikelihood: -39600.043756
[00:06:57] [worker #8] Bootstrap tree #333, logLikelihood: -39864.079887
[00:06:58] [worker #7] Bootstrap tree #332, logLikelihood: -40840.770569
[00:06:58] [worker #29] Bootstrap tree #354, logLikelihood: -39915.640250
[00:07:00] [worker #4] Bootstrap tree #329, logLikelihood: -39945.411041
[00:07:03] [worker #28] Bootstrap tree #353, logLikelihood: -40117.924140
[00:07:11] [worker #26] Bootstrap tree #351, logLikelihood: -39559.110035
[00:07:12] [worker #10] Bootstrap tree #335, logLikelihood: -40861.901995
[00:07:30] [worker #15] Bootstrap tree #376, logLikelihood: -40417.360226
[00:07:32] [worker #30] Bootstrap tree #391, logLikelihood: -40616.309286
[00:07:32] [worker #1] Bootstrap tree #362, logLikelihood: -40439.674865
[00:07:32] [worker #13] Bootstrap tree #374, logLikelihood: -40179.084203
[00:07:33] [worker #18] Bootstrap tree #379, logLikelihood: -40147.788706
[00:07:33] [worker #31] Bootstrap tree #392, logLikelihood: -40298.954395
[00:07:35] [worker #19] Bootstrap tree #380, logLikelihood: -40410.615234
[00:07:36] [worker #14] Bootstrap tree #375, logLikelihood: -40214.081760
[00:07:36] [worker #7] Bootstrap tree #368, logLikelihood: -40057.568863
[00:07:36] [worker #34] Bootstrap tree #395, logLikelihood: -39997.754033
[00:07:37] [worker #20] Bootstrap tree #381, logLikelihood: -40800.282973
[00:07:37] [worker #6] Bootstrap tree #367, logLikelihood: -40921.660373
[00:07:37] [worker #26] Bootstrap tree #387, logLikelihood: -40850.990195
[00:07:38] [worker #32] Bootstrap tree #393, logLikelihood: -40263.189186
[00:07:38] [worker #9] Bootstrap tree #370, logLikelihood: -40491.392804
[00:07:39] [worker #12] Bootstrap tree #373, logLikelihood: -40514.667133
[00:07:40] [worker #25] Bootstrap tree #386, logLikelihood: -40596.126005
[00:07:41] [worker #0] Bootstrap tree #361, logLikelihood: -40321.450321
[00:07:41] [worker #28] Bootstrap tree #389, logLikelihood: -40086.332242
[00:07:41] [worker #35] Bootstrap tree #396, logLikelihood: -40368.059716
[00:07:41] [worker #5] Bootstrap tree #366, logLikelihood: -40525.653102
[00:07:41] [worker #27] Bootstrap tree #388, logLikelihood: -40267.716546
[00:07:42] [worker #11] Bootstrap tree #372, logLikelihood: -40052.302417
[00:07:42] [worker #2] Bootstrap tree #363, logLikelihood: -40316.100761
[00:07:43] [worker #21] Bootstrap tree #382, logLikelihood: -40541.293346
[00:07:44] [worker #29] Bootstrap tree #390, logLikelihood: -40118.061740
[00:07:45] [worker #3] Bootstrap tree #364, logLikelihood: -40982.853292
[00:07:46] [worker #22] Bootstrap tree #383, logLikelihood: -40116.266502
[00:07:46] [worker #23] Bootstrap tree #384, logLikelihood: -40233.003213
[00:07:48] [worker #15] Bootstrap tree #412, logLikelihood: -39973.134432
[00:07:49] [worker #24] Bootstrap tree #385, logLikelihood: -40457.775852
[00:07:49] [worker #31] Bootstrap tree #428, logLikelihood: -39548.668833
[00:07:50] [worker #1] Bootstrap tree #398, logLikelihood: -40355.358706
[00:07:51] [worker #8] Bootstrap tree #369, logLikelihood: -40495.527416
[00:07:51] [worker #33] Bootstrap tree #394, logLikelihood: -40480.231360
[00:07:52] [worker #10] Bootstrap tree #371, logLikelihood: -39988.015577
[00:07:52] [worker #16] Bootstrap tree #377, logLikelihood: -40376.754713
[00:07:53] [worker #4] Bootstrap tree #365, logLikelihood: -39612.857996
[00:07:53] [worker #17] Bootstrap tree #378, logLikelihood: -39851.649990
[00:07:53] [worker #13] Bootstrap tree #410, logLikelihood: -40667.920293
[00:07:54] [worker #19] Bootstrap tree #416, logLikelihood: -39924.371392
[00:07:54] [worker #18] Bootstrap tree #415, logLikelihood: -40248.352178
[00:08:00] [worker #30] Bootstrap tree #427, logLikelihood: -39659.134745
[00:08:00] [worker #6] Bootstrap tree #403, logLikelihood: -40978.500334
[00:08:01] [worker #20] Bootstrap tree #417, logLikelihood: -40151.412983
[00:08:01] [worker #9] Bootstrap tree #406, logLikelihood: -39801.417065
[00:08:02] [worker #14] Bootstrap tree #411, logLikelihood: -40026.107330
[00:08:03] [worker #5] Bootstrap tree #402, logLikelihood: -40316.810333
[00:08:03] [worker #26] Bootstrap tree #423, logLikelihood: -39691.084066
[00:08:03] [worker #32] Bootstrap tree #429, logLikelihood: -40416.617031
[00:08:04] [worker #34] Bootstrap tree #431, logLikelihood: -39545.383522
[00:08:04] [worker #25] Bootstrap tree #422, logLikelihood: -40569.414364
[00:08:06] [worker #0] Bootstrap tree #397, logLikelihood: -40106.654602
[00:08:07] [worker #12] Bootstrap tree #409, logLikelihood: -40692.074238
[00:08:08] [worker #11] Bootstrap tree #408, logLikelihood: -39466.308456
[00:08:08] [worker #2] Bootstrap tree #399, logLikelihood: -40437.331043
[00:08:08] [worker #7] Bootstrap tree #404, logLikelihood: -39800.615648
[00:08:08] [worker #3] Bootstrap tree #400, logLikelihood: -40304.353513
[00:08:10] [worker #21] Bootstrap tree #418, logLikelihood: -40797.165844
[00:08:11] [worker #35] Bootstrap tree #432, logLikelihood: -39525.277779
[00:08:11] [worker #29] Bootstrap tree #426, logLikelihood: -40632.482229
[00:08:12] [worker #22] Bootstrap tree #419, logLikelihood: -40059.100650
[00:08:13] [worker #24] Bootstrap tree #421, logLikelihood: -39502.161512
[00:08:13] [worker #17] Bootstrap tree #414, logLikelihood: -40399.501632
[00:08:15] [worker #10] Bootstrap tree #407, logLikelihood: -39830.904864
[00:08:15] [worker #28] Bootstrap tree #425, logLikelihood: -40796.919969
[00:08:15] [worker #23] Bootstrap tree #420, logLikelihood: -40836.491022
[00:08:18] [worker #33] Bootstrap tree #430, logLikelihood: -40107.741085
[00:08:19] [worker #27] Bootstrap tree #424, logLikelihood: -39520.954916
[00:08:23] [worker #8] Bootstrap tree #405, logLikelihood: -40157.657697
[00:08:24] [worker #4] Bootstrap tree #401, logLikelihood: -40207.285059
[00:08:25] [worker #16] Bootstrap tree #413, logLikelihood: -41140.718808
[00:08:45] [worker #13] Bootstrap tree #446, logLikelihood: -40142.219525
[00:08:45] [worker #24] Bootstrap tree #457, logLikelihood: -40921.074997
[00:08:47] [worker #5] Bootstrap tree #438, logLikelihood: -39773.082104
[00:08:47] [worker #35] Bootstrap tree #468, logLikelihood: -40571.053488
[00:08:48] [worker #6] Bootstrap tree #439, logLikelihood: -40227.449989
[00:08:48] [worker #7] Bootstrap tree #440, logLikelihood: -40776.664847
[00:08:48] [worker #12] Bootstrap tree #445, logLikelihood: -39730.677838
[00:08:48] [worker #9] Bootstrap tree #442, logLikelihood: -40411.381904
[00:08:48] [worker #27] Bootstrap tree #460, logLikelihood: -40360.501009
[00:08:48] [worker #18] Bootstrap tree #451, logLikelihood: -40530.937525
[00:08:49] [worker #17] Bootstrap tree #450, logLikelihood: -40376.343600
[00:08:49] [worker #29] Bootstrap tree #462, logLikelihood: -39778.636974
[00:08:50] [worker #14] Bootstrap tree #447, logLikelihood: -41097.489992
[00:08:50] [worker #30] Bootstrap tree #463, logLikelihood: -39747.875143
[00:08:50] [worker #15] Bootstrap tree #448, logLikelihood: -40231.184006
[00:08:51] [worker #31] Bootstrap tree #464, logLikelihood: -40335.304853
[00:08:51] [worker #16] Bootstrap tree #449, logLikelihood: -40709.065885
[00:08:51] [worker #0] Bootstrap tree #433, logLikelihood: -39531.614269
[00:08:52] [worker #19] Bootstrap tree #452, logLikelihood: -40609.160133
[00:08:52] [worker #28] Bootstrap tree #461, logLikelihood: -40295.915626
[00:08:53] [worker #21] Bootstrap tree #454, logLikelihood: -39534.592753
[00:08:53] [worker #1] Bootstrap tree #434, logLikelihood: -40468.960500
[00:08:54] [worker #22] Bootstrap tree #455, logLikelihood: -40636.912796
[00:08:54] [worker #26] Bootstrap tree #459, logLikelihood: -39747.001948
[00:08:56] [worker #23] Bootstrap tree #456, logLikelihood: -40739.991803
[00:08:57] [worker #10] Bootstrap tree #443, logLikelihood: -40046.357359
[00:08:57] [worker #11] Bootstrap tree #444, logLikelihood: -39704.964314
[00:08:59] [worker #20] Bootstrap tree #453, logLikelihood: -40615.487124
[00:09:00] [worker #8] Bootstrap tree #441, logLikelihood: -41199.041612
[00:09:01] [worker #32] Bootstrap tree #465, logLikelihood: -41299.706583
[00:09:01] [worker #34] Bootstrap tree #467, logLikelihood: -39826.239058
[00:09:02] [worker #3] Bootstrap tree #436, logLikelihood: -40247.214931
[00:09:03] [worker #25] Bootstrap tree #458, logLikelihood: -39726.954160
[00:09:06] [worker #4] Bootstrap tree #437, logLikelihood: -40459.061374
[00:09:06] [worker #33] Bootstrap tree #466, logLikelihood: -39928.559082
[00:09:10] [worker #13] Bootstrap tree #482, logLikelihood: -40354.435499
[00:09:10] [worker #19] Bootstrap tree #488, logLikelihood: -40273.218975
[00:09:11] [worker #24] Bootstrap tree #493, logLikelihood: -39917.326995
[00:09:12] [worker #5] Bootstrap tree #474, logLikelihood: -39804.271318
[00:09:12] [worker #1] Bootstrap tree #470, logLikelihood: -39742.737273
[00:09:12] [worker #30] Bootstrap tree #499, logLikelihood: -39842.670739
[00:09:13] [worker #26] Bootstrap tree #495, logLikelihood: -40332.231207
[00:09:13] [worker #29] Bootstrap tree #498, logLikelihood: -40243.037725
[00:09:13] [worker #12] Bootstrap tree #481, logLikelihood: -41149.304493
[00:09:14] [worker #31] Bootstrap tree #500, logLikelihood: -39937.891301
[00:09:14] [worker #7] Bootstrap tree #476, logLikelihood: -40819.811920
[00:09:14] [worker #6] Bootstrap tree #475, logLikelihood: -40022.265051
[00:09:14] [worker #28] Bootstrap tree #497, logLikelihood: -39317.995758
[00:09:15] [worker #9] Bootstrap tree #478, logLikelihood: -40740.894236
[00:09:16] [worker #15] Bootstrap tree #484, logLikelihood: -40710.209392
[00:09:17] [worker #35] Bootstrap tree #504, logLikelihood: -40309.409747
[00:09:17] [worker #27] Bootstrap tree #496, logLikelihood: -39976.261179
[00:09:18] [worker #17] Bootstrap tree #486, logLikelihood: -40182.941399
[00:09:19] [worker #16] Bootstrap tree #485, logLikelihood: -39798.955885
[00:09:19] [worker #10] Bootstrap tree #479, logLikelihood: -40264.916649
[00:09:20] [worker #2] Bootstrap tree #435, logLikelihood: -40328.393551
[00:09:21] [worker #0] Bootstrap tree #469, logLikelihood: -39819.693814
[00:09:22] [worker #18] Bootstrap tree #487, logLikelihood: -39611.016039
[00:09:22] [worker #32] Bootstrap tree #501, logLikelihood: -40915.195929
[00:09:23] [worker #14] Bootstrap tree #483, logLikelihood: -39866.552585
[00:09:24] [worker #23] Bootstrap tree #492, logLikelihood: -40104.353324
[00:09:25] [worker #20] Bootstrap tree #489, logLikelihood: -39945.978785
[00:09:25] [worker #8] Bootstrap tree #477, logLikelihood: -40478.345938
[00:09:26] [worker #22] Bootstrap tree #491, logLikelihood: -40659.779460
[00:09:26] [worker #34] Bootstrap tree #503, logLikelihood: -40393.415915
[00:09:28] [worker #33] Bootstrap tree #502, logLikelihood: -39935.458993
[00:09:28] [worker #11] Bootstrap tree #480, logLikelihood: -39720.556608
[00:09:29] [worker #25] Bootstrap tree #494, logLikelihood: -40531.578028
[00:09:30] [worker #21] Bootstrap tree #490, logLikelihood: -40493.556761
[00:09:39] [worker #2] Bootstrap tree #471, logLikelihood: -40510.708446
[00:09:40] [worker #4] Bootstrap tree #473, logLikelihood: -40832.808941
[00:09:41] [worker #3] Bootstrap tree #472, logLikelihood: -40379.082850
[00:09:58] [worker #21] Bootstrap tree #526, logLikelihood: -40211.442022
[00:09:59] [worker #14] Bootstrap tree #519, logLikelihood: -40217.656924
[00:10:00] [worker #13] Bootstrap tree #518, logLikelihood: -40467.696537
[00:10:02] [worker #10] Bootstrap tree #515, logLikelihood: -39674.939253
[00:10:03] [worker #24] Bootstrap tree #529, logLikelihood: -40023.816666
[00:10:03] [worker #28] Bootstrap tree #533, logLikelihood: -40170.714233
[00:10:04] [worker #26] Bootstrap tree #531, logLikelihood: -40436.979401
[00:10:05] [worker #15] Bootstrap tree #520, logLikelihood: -40131.280496
[00:10:06] [worker #6] Bootstrap tree #511, logLikelihood: -39744.483367
[00:10:06] [worker #16] Bootstrap tree #521, logLikelihood: -40025.266836
[00:10:07] [worker #18] Bootstrap tree #523, logLikelihood: -40643.621559
[00:10:07] [worker #12] Bootstrap tree #517, logLikelihood: -40613.180723
[00:10:07] [worker #1] Bootstrap tree #506, logLikelihood: -40455.542231
[00:10:07] [worker #32] Bootstrap tree #537, logLikelihood: -40708.245080
[00:10:09] [worker #5] Bootstrap tree #510, logLikelihood: -40173.857517
[00:10:10] [worker #8] Bootstrap tree #513, logLikelihood: -39741.243998
[00:10:10] [worker #35] Bootstrap tree #540, logLikelihood: -40414.198965
[00:10:10] [worker #22] Bootstrap tree #527, logLikelihood: -40897.218565
[00:10:11] [worker #31] Bootstrap tree #536, logLikelihood: -40069.269439
[00:10:11] [worker #17] Bootstrap tree #522, logLikelihood: -40374.334688
[00:10:11] [worker #23] Bootstrap tree #528, logLikelihood: -39947.605802
[00:10:12] [worker #3] Bootstrap tree #508, logLikelihood: -40071.945791
[00:10:12] [worker #11] Bootstrap tree #516, logLikelihood: -41431.644690
[00:10:13] [worker #19] Bootstrap tree #524, logLikelihood: -40081.470688
[00:10:13] [worker #34] Bootstrap tree #539, logLikelihood: -40052.102850
[00:10:13] [worker #7] Bootstrap tree #512, logLikelihood: -40225.219748
[00:10:13] [worker #4] Bootstrap tree #509, logLikelihood: -39781.085816
[00:10:14] [worker #0] Bootstrap tree #505, logLikelihood: -40538.084050
[00:10:15] [worker #30] Bootstrap tree #535, logLikelihood: -40429.117023
[00:10:16] [worker #9] Bootstrap tree #514, logLikelihood: -39686.584417
[00:10:17] [worker #33] Bootstrap tree #538, logLikelihood: -40367.319454
[00:10:17] [worker #20] Bootstrap tree #525, logLikelihood: -40672.479692
[00:10:18] [worker #14] Bootstrap tree #555, logLikelihood: -40320.280123
[00:10:19] [worker #2] Bootstrap tree #507, logLikelihood: -39862.381108
[00:10:20] [worker #21] Bootstrap tree #562, logLikelihood: -40219.673671
[00:10:20] [worker #13] Bootstrap tree #554, logLikelihood: -40471.577002
[00:10:22] [worker #1] Bootstrap tree #542, logLikelihood: -40003.241834
[00:10:24] [worker #25] Bootstrap tree #530, logLikelihood: -40382.788416
[00:10:25] [worker #29] Bootstrap tree #534, logLikelihood: -40179.989497
[00:10:26] [worker #28] Bootstrap tree #569, logLikelihood: -40112.918076
[00:10:26] [worker #12] Bootstrap tree #553, logLikelihood: -40172.035829
[00:10:27] [worker #24] Bootstrap tree #565, logLikelihood: -39718.506374
[00:10:27] [worker #10] Bootstrap tree #551, logLikelihood: -40673.551733
[00:10:27] [worker #6] Bootstrap tree #547, logLikelihood: -40351.663441
[00:10:29] [worker #27] Bootstrap tree #532, logLikelihood: -40374.633328
[00:10:29] [worker #15] Bootstrap tree #556, logLikelihood: -40183.759875
[00:10:31] [worker #32] Bootstrap tree #573, logLikelihood: -40383.987933
[00:10:32] [worker #5] Bootstrap tree #546, logLikelihood: -39969.598079
[00:10:33] [worker #26] Bootstrap tree #567, logLikelihood: -40537.987588
[00:10:34] [worker #34] Bootstrap tree #575, logLikelihood: -40576.247083
[00:10:36] [worker #18] Bootstrap tree #559, logLikelihood: -40625.135132
[00:10:36] [worker #16] Bootstrap tree #557, logLikelihood: -40285.873069
[00:10:36] [worker #35] Bootstrap tree #576, logLikelihood: -40111.474860
[00:10:36] [worker #31] Bootstrap tree #572, logLikelihood: -40398.752521
[00:10:36] [worker #3] Bootstrap tree #544, logLikelihood: -39967.611604
[00:10:37] [worker #11] Bootstrap tree #552, logLikelihood: -40554.718685
[00:10:38] [worker #22] Bootstrap tree #563, logLikelihood: -39255.736668
[00:10:38] [worker #8] Bootstrap tree #549, logLikelihood: -40224.040017
[00:10:39] [worker #30] Bootstrap tree #571, logLikelihood: -39937.857624
[00:10:39] [worker #4] Bootstrap tree #545, logLikelihood: -41088.339152
[00:10:41] [worker #23] Bootstrap tree #564, logLikelihood: -40449.136246
[00:10:42] [worker #17] Bootstrap tree #558, logLikelihood: -40413.368674
[00:10:42] [worker #19] Bootstrap tree #560, logLikelihood: -40656.120111
[00:10:43] [worker #20] Bootstrap tree #561, logLikelihood: -40852.276490
[00:10:43] [worker #33] Bootstrap tree #574, logLikelihood: -39820.601798
[00:10:43] [worker #0] Bootstrap tree #541, logLikelihood: -40978.858633
[00:10:44] [worker #9] Bootstrap tree #550, logLikelihood: -40577.326384
[00:10:45] [worker #7] Bootstrap tree #548, logLikelihood: -41343.942487
[00:10:46] [worker #2] Bootstrap tree #543, logLikelihood: -39913.349772
[00:10:50] [worker #25] Bootstrap tree #566, logLikelihood: -40016.063564
[00:10:52] [worker #27] Bootstrap tree #568, logLikelihood: -39688.540909
[00:10:55] [worker #29] Bootstrap tree #570, logLikelihood: -40080.580600
[00:11:12] [worker #28] Bootstrap tree #605, logLikelihood: -39354.060364
[00:11:13] [worker #26] Bootstrap tree #603, logLikelihood: -40563.223356
[00:11:14] [worker #7] Bootstrap tree #584, logLikelihood: -41136.350686
[00:11:14] [worker #21] Bootstrap tree #598, logLikelihood: -40835.184266
[00:11:16] [worker #19] Bootstrap tree #596, logLikelihood: -39859.531467
[00:11:16] [worker #5] Bootstrap tree #582, logLikelihood: -39480.270059
[00:11:17] [worker #13] Bootstrap tree #590, logLikelihood: -40030.355785
[00:11:17] [worker #12] Bootstrap tree #589, logLikelihood: -40105.632763
[00:11:17] [worker #6] Bootstrap tree #583, logLikelihood: -40154.690118
[00:11:17] [worker #24] Bootstrap tree #601, logLikelihood: -40466.339341
[00:11:18] [worker #15] Bootstrap tree #592, logLikelihood: -40251.169942
[00:11:18] [worker #30] Bootstrap tree #607, logLikelihood: -39938.694828
[00:11:20] [worker #1] Bootstrap tree #578, logLikelihood: -41045.238846
[00:11:22] [worker #10] Bootstrap tree #587, logLikelihood: -40633.096145
[00:11:23] [worker #8] Bootstrap tree #585, logLikelihood: -40554.267027
[00:11:23] [worker #33] Bootstrap tree #610, logLikelihood: -39861.634736
[00:11:23] [worker #20] Bootstrap tree #597, logLikelihood: -40666.120393
[00:11:24] [worker #14] Bootstrap tree #591, logLikelihood: -40592.811008
[00:11:24] [worker #31] Bootstrap tree #608, logLikelihood: -41072.996451
[00:11:24] [worker #22] Bootstrap tree #599, logLikelihood: -40538.245091
[00:11:24] [worker #17] Bootstrap tree #594, logLikelihood: -40869.642165
[00:11:25] [worker #18] Bootstrap tree #595, logLikelihood: -40541.339574
[00:11:26] [worker #25] Bootstrap tree #602, logLikelihood: -40394.552105
[00:11:26] [worker #3] Bootstrap tree #580, logLikelihood: -40497.974869
[00:11:27] [worker #16] Bootstrap tree #593, logLikelihood: -40279.740835
[00:11:27] [worker #0] Bootstrap tree #577, logLikelihood: -40172.118897
[00:11:27] [worker #27] Bootstrap tree #604, logLikelihood: -40214.069692
[00:11:27] [worker #35] Bootstrap tree #612, logLikelihood: -39838.932984
[00:11:28] [worker #23] Bootstrap tree #600, logLikelihood: -40236.967687
[00:11:28] [worker #2] Bootstrap tree #579, logLikelihood: -40197.531146
[00:11:30] [worker #4] Bootstrap tree #581, logLikelihood: -40604.765578
[00:11:31] [worker #9] Bootstrap tree #586, logLikelihood: -39600.130022
[00:11:32] [worker #32] Bootstrap tree #609, logLikelihood: -40233.601402
[00:11:32] [worker #28] Bootstrap tree #641, logLikelihood: -39958.146297
[00:11:32] [worker #26] Bootstrap tree #639, logLikelihood: -40008.448111
[00:11:32] [worker #29] Bootstrap tree #606, logLikelihood: -40145.809536
[00:11:35] [worker #5] Bootstrap tree #618, logLikelihood: -39687.509821
[00:11:35] [worker #7] Bootstrap tree #620, logLikelihood: -41055.981381
[00:11:36] [worker #12] Bootstrap tree #625, logLikelihood: -40530.354172
[00:11:38] [worker #21] Bootstrap tree #634, logLikelihood: -39969.053241
[00:11:38] [worker #6] Bootstrap tree #619, logLikelihood: -40262.908096
[00:11:38] [worker #11] Bootstrap tree #588, logLikelihood: -40325.843312
[00:11:40] [worker #24] Bootstrap tree #637, logLikelihood: -41313.706553
[00:11:40] [worker #10] Bootstrap tree #623, logLikelihood: -40150.263868
[00:11:40] [worker #30] Bootstrap tree #643, logLikelihood: -40094.014184
[00:11:40] [worker #34] Bootstrap tree #611, logLikelihood: -40419.589609
[00:11:41] [worker #15] Bootstrap tree #628, logLikelihood: -40880.905327
[00:11:41] [worker #13] Bootstrap tree #626, logLikelihood: -39708.375408
[00:11:42] [worker #1] Bootstrap tree #614, logLikelihood: -40488.863323
[00:11:50] [worker #19] Bootstrap tree #632, logLikelihood: -40098.131131
[00:11:51] [worker #20] Bootstrap tree #633, logLikelihood: -40235.656464
[00:11:52] [worker #8] Bootstrap tree #621, logLikelihood: -40074.163405
[00:11:52] [worker #14] Bootstrap tree #627, logLikelihood: -40846.710780
[00:11:53] [worker #17] Bootstrap tree #630, logLikelihood: -40909.465631
[00:11:53] [worker #35] Bootstrap tree #648, logLikelihood: -40336.594460
[00:11:53] [worker #16] Bootstrap tree #629, logLikelihood: -39600.292024
[00:11:54] [worker #33] Bootstrap tree #646, logLikelihood: -40635.803566
[00:11:55] [worker #9] Bootstrap tree #622, logLikelihood: -40150.956489
[00:11:56] [worker #29] Bootstrap tree #642, logLikelihood: -40853.035713
[00:11:56] [worker #4] Bootstrap tree #617, logLikelihood: -40115.343882
[00:11:56] [worker #2] Bootstrap tree #615, logLikelihood: -41420.539164
[00:11:57] [worker #23] Bootstrap tree #636, logLikelihood: -40613.296301
[00:11:59] [worker #27] Bootstrap tree #640, logLikelihood: -40092.623970
[00:12:00] [worker #3] Bootstrap tree #616, logLikelihood: -40323.420103
[00:12:00] [worker #18] Bootstrap tree #631, logLikelihood: -40206.227433
[00:12:01] [worker #32] Bootstrap tree #645, logLikelihood: -40257.035697
[00:12:01] [worker #0] Bootstrap tree #613, logLikelihood: -41294.381396
[00:12:02] [worker #22] Bootstrap tree #635, logLikelihood: -39811.677878
[00:12:02] [worker #31] Bootstrap tree #644, logLikelihood: -39731.951351
[00:12:05] [worker #34] Bootstrap tree #647, logLikelihood: -40456.075263
[00:12:05] [worker #11] Bootstrap tree #624, logLikelihood: -40069.600558
[00:12:07] [worker #25] Bootstrap tree #638, logLikelihood: -40994.566766
[00:12:25] [worker #24] Bootstrap tree #673, logLikelihood: -40027.667051
[00:12:29] [worker #15] Bootstrap tree #664, logLikelihood: -39635.534360
[00:12:30] [worker #8] Bootstrap tree #657, logLikelihood: -39884.868624
[00:12:30] [worker #14] Bootstrap tree #663, logLikelihood: -40419.970766
[00:12:30] [worker #1] Bootstrap tree #650, logLikelihood: -39784.359850
[00:12:31] [worker #28] Bootstrap tree #677, logLikelihood: -40397.619068
[00:12:31] [worker #11] Bootstrap tree #660, logLikelihood: -40197.243978
[00:12:32] [worker #12] Bootstrap tree #661, logLikelihood: -40007.151186
[00:12:32] [worker #6] Bootstrap tree #655, logLikelihood: -39793.013775
[00:12:33] [worker #13] Bootstrap tree #662, logLikelihood: -40625.506326
[00:12:33] [worker #18] Bootstrap tree #667, logLikelihood: -39923.590372
[00:12:34] [worker #23] Bootstrap tree #672, logLikelihood: -40889.295148
[00:12:34] [worker #21] Bootstrap tree #670, logLikelihood: -40613.060300
[00:12:34] [worker #34] Bootstrap tree #683, logLikelihood: -39793.450913
[00:12:35] [worker #31] Bootstrap tree #680, logLikelihood: -40070.798008
[00:12:35] [worker #33] Bootstrap tree #682, logLikelihood: -40054.721707
[00:12:35] [worker #4] Bootstrap tree #653, logLikelihood: -40319.737492
[00:12:37] [worker #30] Bootstrap tree #679, logLikelihood: -40209.738707
[00:12:37] [worker #5] Bootstrap tree #654, logLikelihood: -40176.692980
[00:12:38] [worker #7] Bootstrap tree #656, logLikelihood: -40585.478320
[00:12:39] [worker #19] Bootstrap tree #668, logLikelihood: -40499.253146
[00:12:39] [worker #25] Bootstrap tree #674, logLikelihood: -40009.206181
[00:12:40] [worker #32] Bootstrap tree #681, logLikelihood: -39927.469243
[00:12:40] [worker #26] Bootstrap tree #675, logLikelihood: -40183.068633
[00:12:40] [worker #35] Bootstrap tree #684, logLikelihood: -40393.292078
[00:12:41] [worker #9] Bootstrap tree #658, logLikelihood: -40398.527234
[00:12:41] [worker #3] Bootstrap tree #652, logLikelihood: -40408.700914
[00:12:41] [worker #10] Bootstrap tree #659, logLikelihood: -40142.682258
[00:12:43] [worker #22] Bootstrap tree #671, logLikelihood: -40178.156945
[00:12:43] [worker #27] Bootstrap tree #676, logLikelihood: -40209.102048
[00:12:43] [worker #17] Bootstrap tree #666, logLikelihood: -40999.368166
[00:12:46] [worker #16] Bootstrap tree #665, logLikelihood: -40216.975744
[00:12:47] [worker #29] Bootstrap tree #678, logLikelihood: -40446.196049
[00:12:50] [worker #24] Bootstrap tree #709, logLikelihood: -40286.987888
[00:12:50] [worker #20] Bootstrap tree #669, logLikelihood: -40450.910122
[00:12:51] [worker #2] Bootstrap tree #651, logLikelihood: -40215.540414
[00:12:52] [worker #15] Bootstrap tree #700, logLikelihood: -40436.429171
[00:12:53] [worker #0] Bootstrap tree #649, logLikelihood: -39812.066210
[00:12:55] [worker #11] Bootstrap tree #696, logLikelihood: -40448.427048
[00:12:56] [worker #18] Bootstrap tree #703, logLikelihood: -39981.029104
[00:12:56] [worker #13] Bootstrap tree #698, logLikelihood: -40436.127441
[00:12:56] [worker #6] Bootstrap tree #691, logLikelihood: -40196.552948
[00:12:57] [worker #28] Bootstrap tree #713, logLikelihood: -40231.258794
[00:12:57] [worker #34] Bootstrap tree #719, logLikelihood: -40868.249075
[00:12:57] [worker #12] Bootstrap tree #697, logLikelihood: -39957.947384
[00:12:57] [worker #30] Bootstrap tree #715, logLikelihood: -40644.748114
[00:12:59] [worker #8] Bootstrap tree #693, logLikelihood: -40675.629105
[00:12:59] [worker #33] Bootstrap tree #718, logLikelihood: -40471.384197
[00:13:00] [worker #14] Bootstrap tree #699, logLikelihood: -41303.751218
[00:13:02] [worker #1] Bootstrap tree #686, logLikelihood: -40315.463975
[00:13:03] [worker #5] Bootstrap tree #690, logLikelihood: -40462.025077
[00:13:04] [worker #7] Bootstrap tree #692, logLikelihood: -40546.737700
[00:13:05] [worker #35] Bootstrap tree #720, logLikelihood: -39685.201467
[00:13:05] [worker #26] Bootstrap tree #711, logLikelihood: -40999.777257
[00:13:06] [worker #32] Bootstrap tree #717, logLikelihood: -40506.586881
[00:13:07] [worker #25] Bootstrap tree #710, logLikelihood: -40252.868532
[00:13:07] [worker #27] Bootstrap tree #712, logLikelihood: -40756.334800
[00:13:07] [worker #10] Bootstrap tree #695, logLikelihood: -40792.281785
[00:13:07] [worker #3] Bootstrap tree #688, logLikelihood: -39979.230978
[00:13:09] [worker #17] Bootstrap tree #702, logLikelihood: -40405.340020
[00:13:09] [worker #31] Bootstrap tree #716, logLikelihood: -40025.577659
[00:13:09] [worker #22] Bootstrap tree #707, logLikelihood: -41134.852936
[00:13:11] [worker #19] Bootstrap tree #704, logLikelihood: -40709.675497
[00:13:11] [worker #21] Bootstrap tree #706, logLikelihood: -40341.592921
[00:13:12] [worker #23] Bootstrap tree #708, logLikelihood: -40006.025510
[00:13:12] [worker #20] Bootstrap tree #705, logLikelihood: -40519.572905
[00:13:13] [worker #16] Bootstrap tree #701, logLikelihood: -40864.307304
[00:13:15] [worker #29] Bootstrap tree #714, logLikelihood: -41008.513494
[00:13:17] [worker #4] Bootstrap tree #689, logLikelihood: -41375.730985
[00:13:18] [worker #2] Bootstrap tree #687, logLikelihood: -39406.150322
[00:13:21] [worker #0] Bootstrap tree #685, logLikelihood: -40548.199375
[00:13:22] [worker #9] Bootstrap tree #694, logLikelihood: -40387.042724
[00:13:41] [worker #30] Bootstrap tree #751, logLikelihood: -40188.184745
[00:13:41] [worker #19] Bootstrap tree #740, logLikelihood: -39944.494598
[00:13:43] [worker #6] Bootstrap tree #727, logLikelihood: -39218.413114
[00:13:44] [worker #7] Bootstrap tree #728, logLikelihood: -40542.243319
[00:13:44] [worker #32] Bootstrap tree #753, logLikelihood: -40114.922299
[00:13:45] [worker #18] Bootstrap tree #739, logLikelihood: -40656.372739
[00:13:45] [worker #12] Bootstrap tree #733, logLikelihood: -39801.614117
[00:13:46] [worker #15] Bootstrap tree #736, logLikelihood: -40362.978703
[00:13:46] [worker #17] Bootstrap tree #738, logLikelihood: -40303.538995
[00:13:47] [worker #34] Bootstrap tree #755, logLikelihood: -40597.105694
[00:13:48] [worker #21] Bootstrap tree #742, logLikelihood: -40217.855175
[00:13:48] [worker #28] Bootstrap tree #749, logLikelihood: -40022.653135
[00:13:49] [worker #24] Bootstrap tree #745, logLikelihood: -40769.832889
[00:13:49] [worker #2] Bootstrap tree #723, logLikelihood: -40353.501925
[00:13:50] [worker #11] Bootstrap tree #732, logLikelihood: -39962.263932
[00:13:51] [worker #3] Bootstrap tree #724, logLikelihood: -40563.292727
[00:13:52] [worker #5] Bootstrap tree #726, logLikelihood: -40344.211344
[00:13:52] [worker #26] Bootstrap tree #747, logLikelihood: -40071.318392
[00:13:52] [worker #9] Bootstrap tree #730, logLikelihood: -40570.719819
[00:13:53] [worker #27] Bootstrap tree #748, logLikelihood: -40011.774223
[00:13:54] [worker #13] Bootstrap tree #734, logLikelihood: -40471.139951
[00:13:54] [worker #29] Bootstrap tree #750, logLikelihood: -40455.284442
[00:13:54] [worker #25] Bootstrap tree #746, logLikelihood: -40490.016677
[00:13:54] [worker #16] Bootstrap tree #737, logLikelihood: -39751.030961
[00:13:55] [worker #31] Bootstrap tree #752, logLikelihood: -40264.315373
[00:13:55] [worker #1] Bootstrap tree #722, logLikelihood: -41102.421936
[00:13:55] [worker #20] Bootstrap tree #741, logLikelihood: -40351.035701
[00:13:57] [worker #10] Bootstrap tree #731, logLikelihood: -40205.306860
[00:13:57] [worker #22] Bootstrap tree #743, logLikelihood: -40790.374211
[00:13:57] [worker #0] Bootstrap tree #721, logLikelihood: -40246.280097
[00:13:58] [worker #23] Bootstrap tree #744, logLikelihood: -40606.498350
[00:13:58] [worker #14] Bootstrap tree #735, logLikelihood: -40145.982206
[00:14:01] [worker #33] Bootstrap tree #754, logLikelihood: -40570.802867
[00:14:01] [worker #30] Bootstrap tree #787, logLikelihood: -39828.803555
[00:14:02] [worker #19] Bootstrap tree #776, logLikelihood: -40886.027650
[00:14:02] [worker #4] Bootstrap tree #725, logLikelihood: -40771.661755
[00:14:03] [worker #35] Bootstrap tree #756, logLikelihood: -40058.650974
[00:14:04] [worker #6] Bootstrap tree #763, logLikelihood: -40038.155949
[00:14:05] [worker #28] Bootstrap tree #785, logLikelihood: -39704.497628
[00:14:06] [worker #18] Bootstrap tree #775, logLikelihood: -39361.528836
[00:14:08] [worker #24] Bootstrap tree #781, logLikelihood: -39971.028614
[00:14:09] [worker #2] Bootstrap tree #759, logLikelihood: -40631.510092
[00:14:09] [worker #8] Bootstrap tree #729, logLikelihood: -40626.378151
[00:14:10] [worker #7] Bootstrap tree #764, logLikelihood: -40467.885987
[00:14:11] [worker #12] Bootstrap tree #769, logLikelihood: -39491.541153
[00:14:11] [worker #17] Bootstrap tree #774, logLikelihood: -39861.389202
[00:14:13] [worker #34] Bootstrap tree #791, logLikelihood: -40151.442469
[00:14:13] [worker #15] Bootstrap tree #772, logLikelihood: -40313.568746
[00:14:14] [worker #11] Bootstrap tree #768, logLikelihood: -38991.909931
[00:14:15] [worker #21] Bootstrap tree #778, logLikelihood: -40165.624945
[00:14:16] [worker #26] Bootstrap tree #783, logLikelihood: -39976.057684
[00:14:16] [worker #3] Bootstrap tree #760, logLikelihood: -39967.381848
[00:14:17] [worker #27] Bootstrap tree #784, logLikelihood: -39987.749372
[00:14:18] [worker #1] Bootstrap tree #758, logLikelihood: -40434.848764
[00:14:18] [worker #9] Bootstrap tree #766, logLikelihood: -40983.795825
[00:14:19] [worker #25] Bootstrap tree #782, logLikelihood: -40506.557854
[00:14:20] [worker #20] Bootstrap tree #777, logLikelihood: -40560.830615
[00:14:20] [worker #29] Bootstrap tree #786, logLikelihood: -40364.234647
[00:14:21] [worker #10] Bootstrap tree #767, logLikelihood: -39733.474452
[00:14:23] [worker #0] Bootstrap tree #757, logLikelihood: -40556.868267
[00:14:23] [worker #16] Bootstrap tree #773, logLikelihood: -39724.827779
[00:14:23] [worker #22] Bootstrap tree #779, logLikelihood: -40487.338717
[00:14:25] [worker #33] Bootstrap tree #790, logLikelihood: -39997.104493
[00:14:26] [worker #31] Bootstrap tree #788, logLikelihood: -41183.967401
[00:14:26] [worker #32] Bootstrap tree #789, logLikelihood: -40104.393148
[00:14:30] [worker #13] Bootstrap tree #770, logLikelihood: -40140.591086
[00:14:31] [worker #14] Bootstrap tree #771, logLikelihood: -39888.293362
[00:14:31] [worker #35] Bootstrap tree #792, logLikelihood: -40437.791198
[00:14:32] [worker #4] Bootstrap tree #761, logLikelihood: -39920.822086
[00:14:34] [worker #8] Bootstrap tree #765, logLikelihood: -40381.596015
[00:14:36] [worker #23] Bootstrap tree #780, logLikelihood: -39916.013520
[00:14:38] [worker #5] Bootstrap tree #762, logLikelihood: -40357.764076
[00:14:56] [worker #7] Bootstrap tree #800, logLikelihood: -39899.061560
[00:14:57] [worker #26] Bootstrap tree #819, logLikelihood: -40616.890451
[00:14:57] [worker #5] Bootstrap tree #798, logLikelihood: -40098.454806
[00:14:58] [worker #6] Bootstrap tree #799, logLikelihood: -39663.956526
[00:15:00] [worker #32] Bootstrap tree #825, logLikelihood: -40430.071801
[00:15:00] [worker #30] Bootstrap tree #823, logLikelihood: -40263.418648
[00:15:00] [worker #13] Bootstrap tree #806, logLikelihood: -39808.054381
[00:15:01] [worker #12] Bootstrap tree #805, logLikelihood: -40257.665648
[00:15:02] [worker #15] Bootstrap tree #808, logLikelihood: -40717.177198
[00:15:02] [worker #2] Bootstrap tree #795, logLikelihood: -40736.148675
[00:15:03] [worker #11] Bootstrap tree #804, logLikelihood: -39964.868091
[00:15:03] [worker #19] Bootstrap tree #812, logLikelihood: -40982.393994
[00:15:04] [worker #23] Bootstrap tree #816, logLikelihood: -39817.610159
[00:15:04] [worker #31] Bootstrap tree #824, logLikelihood: -39957.962640
[00:15:05] [worker #10] Bootstrap tree #803, logLikelihood: -40160.702410
[00:15:05] [worker #25] Bootstrap tree #818, logLikelihood: -40461.763882
[00:15:05] [worker #3] Bootstrap tree #796, logLikelihood: -40071.370215
[00:15:05] [worker #28] Bootstrap tree #821, logLikelihood: -39857.120597
[00:15:05] [worker #18] Bootstrap tree #811, logLikelihood: -39640.082500
[00:15:06] [worker #9] Bootstrap tree #802, logLikelihood: -40416.001733
[00:15:06] [worker #20] Bootstrap tree #813, logLikelihood: -41275.959860
[00:15:06] [worker #8] Bootstrap tree #801, logLikelihood: -39893.675537
[00:15:06] [worker #22] Bootstrap tree #815, logLikelihood: -39766.664226
[00:15:06] [worker #33] Bootstrap tree #826, logLikelihood: -40309.842635
[00:15:07] [worker #16] Bootstrap tree #809, logLikelihood: -40195.480906
[00:15:08] [worker #27] Bootstrap tree #820, logLikelihood: -40515.235611
[00:15:09] [worker #35] Bootstrap tree #828, logLikelihood: -40243.288961
[00:15:09] [worker #4] Bootstrap tree #797, logLikelihood: -40124.190261
[00:15:09] [worker #0] Bootstrap tree #793, logLikelihood: -40327.637305
[00:15:10] [worker #29] Bootstrap tree #822, logLikelihood: -40935.324935
[00:15:11] [worker #21] Bootstrap tree #814, logLikelihood: -40599.228409
[00:15:14] [worker #17] Bootstrap tree #810, logLikelihood: -40431.749248
[00:15:15] [worker #34] Bootstrap tree #827, logLikelihood: -40270.681244
[00:15:17] [worker #14] Bootstrap tree #807, logLikelihood: -41119.227691
[00:15:20] [worker #26] Bootstrap tree #855, logLikelihood: -39564.562350
[00:15:20] [worker #1] Bootstrap tree #794, logLikelihood: -40224.364252
[00:15:21] [worker #12] Bootstrap tree #841, logLikelihood: -40299.518507
[00:15:22] [worker #24] Bootstrap tree #817, logLikelihood: -40259.923494
[00:15:23] [worker #32] Bootstrap tree #861, logLikelihood: -40275.394999
[00:15:24] [worker #13] Bootstrap tree #842, logLikelihood: -40698.357798
[00:15:24] [worker #28] Bootstrap tree #857, logLikelihood: -40002.520283
[00:15:24] [worker #11] Bootstrap tree #840, logLikelihood: -40306.408695
[00:15:24] [worker #7] Bootstrap tree #836, logLikelihood: -40611.890682
[00:15:25] [worker #6] Bootstrap tree #835, logLikelihood: -40746.089441
[00:15:26] [worker #3] Bootstrap tree #832, logLikelihood: -40537.213190
[00:15:26] [worker #15] Bootstrap tree #844, logLikelihood: -40155.481186
[00:15:27] [worker #30] Bootstrap tree #859, logLikelihood: -40057.406986
[00:15:27] [worker #2] Bootstrap tree #831, logLikelihood: -39734.772262
[00:15:29] [worker #31] Bootstrap tree #860, logLikelihood: -40813.867657
[00:15:29] [worker #4] Bootstrap tree #833, logLikelihood: -39773.803159
[00:15:29] [worker #8] Bootstrap tree #837, logLikelihood: -39429.846062
[00:15:30] [worker #23] Bootstrap tree #852, logLikelihood: -40561.567760
[00:15:31] [worker #25] Bootstrap tree #854, logLikelihood: -40484.810745
[00:15:31] [worker #16] Bootstrap tree #845, logLikelihood: -40421.369491
[00:15:32] [worker #33] Bootstrap tree #862, logLikelihood: -39782.798686
[00:15:32] [worker #10] Bootstrap tree #839, logLikelihood: -40904.108432
[00:15:33] [worker #5] Bootstrap tree #834, logLikelihood: -40947.437597
[00:15:33] [worker #18] Bootstrap tree #847, logLikelihood: -40421.707887
[00:15:34] [worker #9] Bootstrap tree #838, logLikelihood: -40410.546789
[00:15:35] [worker #19] Bootstrap tree #848, logLikelihood: -40497.355094
[00:15:36] [worker #17] Bootstrap tree #846, logLikelihood: -40286.505812
[00:15:36] [worker #22] Bootstrap tree #851, logLikelihood: -40321.291584
[00:15:37] [worker #27] Bootstrap tree #856, logLikelihood: -39888.962142
[00:15:37] [worker #0] Bootstrap tree #829, logLikelihood: -40084.301250
[00:15:38] [worker #35] Bootstrap tree #864, logLikelihood: -39735.485137
[00:15:41] [worker #20] Bootstrap tree #849, logLikelihood: -40657.969347
[00:15:43] [worker #29] Bootstrap tree #858, logLikelihood: -40160.753926
[00:15:44] [worker #14] Bootstrap tree #843, logLikelihood: -40303.114170
[00:15:44] [worker #21] Bootstrap tree #850, logLikelihood: -40443.499011
[00:15:49] [worker #24] Bootstrap tree #853, logLikelihood: -40157.901805
[00:15:51] [worker #34] Bootstrap tree #863, logLikelihood: -40879.628952
[00:15:57] [worker #1] Bootstrap tree #830, logLikelihood: -40847.096048
[00:16:16] [worker #15] Bootstrap tree #880, logLikelihood: -40786.533498
[00:16:18] [worker #30] Bootstrap tree #895, logLikelihood: -39899.906139
[00:16:19] [worker #7] Bootstrap tree #872, logLikelihood: -40091.646986
[00:16:20] [worker #19] Bootstrap tree #884, logLikelihood: -39685.340587
[00:16:20] [worker #18] Bootstrap tree #883, logLikelihood: -40138.627231
[00:16:21] [worker #6] Bootstrap tree #871, logLikelihood: -39297.381393
[00:16:21] [worker #28] Bootstrap tree #893, logLikelihood: -39641.493415
[00:16:21] [worker #29] Bootstrap tree #894, logLikelihood: -40218.633955
[00:16:22] [worker #5] Bootstrap tree #870, logLikelihood: -40603.952215
[00:16:22] [worker #12] Bootstrap tree #877, logLikelihood: -40585.293386
[00:16:23] [worker #23] Bootstrap tree #888, logLikelihood: -40039.049570
[00:16:23] [worker #0] Bootstrap tree #865, logLikelihood: -40563.838130
[00:16:23] [worker #26] Bootstrap tree #891, logLikelihood: -40039.971280
[00:16:23] [worker #34] Bootstrap tree #899, logLikelihood: -40244.046942
[00:16:24] [worker #10] Bootstrap tree #875, logLikelihood: -40076.035867
[00:16:24] [worker #1] Bootstrap tree #866, logLikelihood: -40619.827073
[00:16:25] [worker #21] Bootstrap tree #886, logLikelihood: -40475.879557
[00:16:26] [worker #27] Bootstrap tree #892, logLikelihood: -40102.319423
[00:16:26] [worker #8] Bootstrap tree #873, logLikelihood: -40529.025084
[00:16:26] [worker #3] Bootstrap tree #868, logLikelihood: -40747.978112
[00:16:27] [worker #4] Bootstrap tree #869, logLikelihood: -40974.334213
[00:16:27] [worker #13] Bootstrap tree #878, logLikelihood: -40342.555359
[00:16:28] [worker #31] Bootstrap tree #896, logLikelihood: -39739.963640
[00:16:28] [worker #22] Bootstrap tree #887, logLikelihood: -40842.218797
[00:16:29] [worker #32] Bootstrap tree #897, logLikelihood: -40447.715171
[00:16:30] [worker #9] Bootstrap tree #874, logLikelihood: -39793.858316
[00:16:31] [worker #2] Bootstrap tree #867, logLikelihood: -40738.648424
[00:16:31] [worker #16] Bootstrap tree #881, logLikelihood: -40502.815673
[00:16:32] [worker #14] Bootstrap tree #879, logLikelihood: -40637.720840
[00:16:35] [worker #15] Bootstrap tree #916, logLikelihood: -40358.204584
[00:16:36] [worker #33] Bootstrap tree #898, logLikelihood: -40052.634485
[00:16:36] [worker #20] Bootstrap tree #885, logLikelihood: -40039.422958
[00:16:36] [worker #11] Bootstrap tree #876, logLikelihood: -39663.302273
[00:16:36] [worker #35] Bootstrap tree #900, logLikelihood: -40212.922094
[00:16:38] [worker #24] Bootstrap tree #889, logLikelihood: -41024.177262
[00:16:38] [worker #30] Bootstrap tree #931, logLikelihood: -39987.867808
[00:16:40] [worker #12] Bootstrap tree #913, logLikelihood: -40500.589170
[00:16:41] [worker #18] Bootstrap tree #919, logLikelihood: -40224.588416
[00:16:41] [worker #25] Bootstrap tree #890, logLikelihood: -40629.069863
[00:16:43] [worker #6] Bootstrap tree #907, logLikelihood: -40391.452483
[00:16:43] [worker #17] Bootstrap tree #882, logLikelihood: -40334.551801
[00:16:45] [worker #19] Bootstrap tree #920, logLikelihood: -40387.062183
[00:16:45] [worker #7] Bootstrap tree #908, logLikelihood: -39920.526665
[00:16:45] [worker #3] Bootstrap tree #904, logLikelihood: -40074.972277
[00:16:45] [worker #4] Bootstrap tree #905, logLikelihood: -39508.823667
[00:16:47] [worker #23] Bootstrap tree #924, logLikelihood: -40454.543808
[00:16:48] [worker #27] Bootstrap tree #928, logLikelihood: -39770.282347
[00:16:50] [worker #26] Bootstrap tree #927, logLikelihood: -40229.990642
[00:16:51] [worker #10] Bootstrap tree #911, logLikelihood: -39825.728468
[00:16:51] [worker #28] Bootstrap tree #929, logLikelihood: -40664.675565
[00:16:52] [worker #1] Bootstrap tree #902, logLikelihood: -39682.507031
[00:16:52] [worker #31] Bootstrap tree #932, logLikelihood: -40891.095358
[00:16:52] [worker #13] Bootstrap tree #914, logLikelihood: -40382.641800
[00:16:53] [worker #29] Bootstrap tree #930, logLikelihood: -40936.111935
[00:16:54] [worker #16] Bootstrap tree #917, logLikelihood: -40709.711339
[00:16:54] [worker #8] Bootstrap tree #909, logLikelihood: -40015.308218
[00:16:54] [worker #0] Bootstrap tree #901, logLikelihood: -40258.603805
[00:16:55] [worker #9] Bootstrap tree #910, logLikelihood: -40475.851007
[00:16:55] [worker #32] Bootstrap tree #933, logLikelihood: -40088.946082
[00:16:57] [worker #22] Bootstrap tree #923, logLikelihood: -40283.390647
[00:16:57] [worker #2] Bootstrap tree #903, logLikelihood: -39400.625962
[00:16:59] [worker #5] Bootstrap tree #906, logLikelihood: -39933.484295
[00:17:00] [worker #14] Bootstrap tree #915, logLikelihood: -40659.897068
[00:17:02] [worker #21] Bootstrap tree #922, logLikelihood: -40916.718592
[00:17:03] [worker #11] Bootstrap tree #912, logLikelihood: -40442.830397
[00:17:03] [worker #34] Bootstrap tree #935, logLikelihood: -41091.904093
[00:17:05] [worker #25] Bootstrap tree #926, logLikelihood: -40016.325120
[00:17:06] [worker #24] Bootstrap tree #925, logLikelihood: -40005.183076
[00:17:09] [worker #33] Bootstrap tree #934, logLikelihood: -39874.710353
[00:17:11] [worker #17] Bootstrap tree #918, logLikelihood: -39480.867604
[00:17:12] [worker #35] Bootstrap tree #936, logLikelihood: -40411.633451
[00:17:14] [worker #20] Bootstrap tree #921, logLikelihood: -40003.928027
[00:17:36] [worker #26] Bootstrap tree #963, logLikelihood: -40167.904499
[00:17:37] [worker #13] Bootstrap tree #950, logLikelihood: -40279.218535
[00:17:37] [worker #32] Bootstrap tree #969, logLikelihood: -39989.136294
[00:17:38] [worker #23] Bootstrap tree #960, logLikelihood: -41056.559261
[00:17:39] [worker #0] Bootstrap tree #937, logLikelihood: -40554.839585
[00:17:39] [worker #15] Bootstrap tree #952, logLikelihood: -40016.198218
[00:17:39] [worker #17] Bootstrap tree #954, logLikelihood: -40586.260138
[00:17:39] [worker #2] Bootstrap tree #939, logLikelihood: -40524.158123
[00:17:40] [worker #3] Bootstrap tree #940, logLikelihood: -39948.182014
[00:17:41] [worker #1] Bootstrap tree #938, logLikelihood: -39351.355793
[00:17:41] [worker #12] Bootstrap tree #949, logLikelihood: -41252.521324
[00:17:41] [worker #28] Bootstrap tree #965, logLikelihood: -40232.150355
[00:17:41] [worker #24] Bootstrap tree #961, logLikelihood: -40458.066692
[00:17:41] [worker #35] Bootstrap tree #972, logLikelihood: -40148.705321
[00:17:42] [worker #18] Bootstrap tree #955, logLikelihood: -40567.007747
[00:17:42] [worker #31] Bootstrap tree #968, logLikelihood: -40513.486092
[00:17:42] [worker #22] Bootstrap tree #959, logLikelihood: -39432.209136
[00:17:43] [worker #25] Bootstrap tree #962, logLikelihood: -39798.205476
[00:17:43] [worker #16] Bootstrap tree #953, logLikelihood: -40569.358717
[00:17:43] [worker #4] Bootstrap tree #941, logLikelihood: -40863.041255
[00:17:44] [worker #7] Bootstrap tree #944, logLikelihood: -40652.738319
[00:17:44] [worker #20] Bootstrap tree #957, logLikelihood: -40271.687506
[00:17:45] [worker #21] Bootstrap tree #958, logLikelihood: -39692.662464
[00:17:45] [worker #29] Bootstrap tree #966, logLikelihood: -40862.056263
[00:17:45] [worker #30] Bootstrap tree #967, logLikelihood: -40840.420462
[00:17:46] [worker #10] Bootstrap tree #947, logLikelihood: -41100.923423
[00:17:46] [worker #11] Bootstrap tree #948, logLikelihood: -40163.017036
[00:17:47] [worker #14] Bootstrap tree #951, logLikelihood: -40571.387707
[00:17:47] [worker #33] Bootstrap tree #970, logLikelihood: -40682.555561
[00:17:48] [worker #6] Bootstrap tree #943, logLikelihood: -41584.932081
[00:17:51] [worker #9] Bootstrap tree #946, logLikelihood: -40275.609380
[00:17:51] [worker #26] Bootstrap tree #999, logLikelihood: -40348.739224
[00:17:52] [worker #19] Bootstrap tree #956, logLikelihood: -40677.732980
[00:17:55] [worker #5] Bootstrap tree #942, logLikelihood: -40936.072743
[00:17:56] [worker #8] Bootstrap tree #945, logLikelihood: -40519.938906
[00:17:57] [worker #27] Bootstrap tree #964, logLikelihood: -39997.002779
[00:17:58] [worker #23] Bootstrap tree #996, logLikelihood: -40081.451795
[00:17:59] [worker #13] Bootstrap tree #986, logLikelihood: -39572.352462
[00:18:00] [worker #17] Bootstrap tree #990, logLikelihood: -40154.332720
[00:18:01] [worker #34] Bootstrap tree #971, logLikelihood: -39561.155771
[00:18:04] [worker #2] Bootstrap tree #975, logLikelihood: -41077.704140
[00:18:05] [worker #15] Bootstrap tree #988, logLikelihood: -39773.369663
[00:18:05] [worker #12] Bootstrap tree #985, logLikelihood: -41623.955832
[00:18:07] [worker #25] Bootstrap tree #998, logLikelihood: -40550.607869
[00:18:07] [worker #1] Bootstrap tree #974, logLikelihood: -39833.965372
[00:18:07] [worker #0] Bootstrap tree #973, logLikelihood: -39821.503049
[00:18:08] [worker #24] Bootstrap tree #997, logLikelihood: -40391.323616
[00:18:10] [worker #3] Bootstrap tree #976, logLikelihood: -39886.881230
[00:18:10] [worker #6] Bootstrap tree #979, logLikelihood: -40342.358381
[00:18:10] [worker #18] Bootstrap tree #991, logLikelihood: -40455.856398
[00:18:11] [worker #14] Bootstrap tree #987, logLikelihood: -40501.753185
[00:18:12] [worker #4] Bootstrap tree #977, logLikelihood: -40392.896217
[00:18:12] [worker #22] Bootstrap tree #995, logLikelihood: -40292.474725
[00:18:12] [worker #7] Bootstrap tree #980, logLikelihood: -40422.666519
[00:18:13] [worker #9] Bootstrap tree #982, logLikelihood: -40126.210426
[00:18:13] [worker #11] Bootstrap tree #984, logLikelihood: -40769.094672
[00:18:13] [worker #21] Bootstrap tree #994, logLikelihood: -40177.166717
[00:18:15] [worker #20] Bootstrap tree #993, logLikelihood: -39910.838729
[00:18:16] [worker #19] Bootstrap tree #992, logLikelihood: -40073.913595
[00:18:16] [worker #5] Bootstrap tree #978, logLikelihood: -40246.908199
[00:18:18] [worker #27] Bootstrap tree #1000, logLikelihood: -39914.465653
[00:18:23] [worker #10] Bootstrap tree #983, logLikelihood: -40181.782114
[00:18:25] [worker #16] Bootstrap tree #989, logLikelihood: -39948.981247
[00:18:30] [worker #8] Bootstrap tree #981, logLikelihood: -40024.068317

Optimized model parameters:

   Partition 0: noname
   Rate heterogeneity: GAMMA (4 cats, mean),  alpha: 0.294881 (ML),  weights&rates: (0.250000,0.004889) (0.250000,0.100519) (0.250000,0.587106) (0.250000,3.307486) 
   Base frequencies (ML): 0.291880 0.206566 0.225455 0.276099 
   Substitution rates (ML): 0.425031 2.134254 0.380994 1.362330 4.489154 1.000000 


Final LogLikelihood: -40328.275419

AIC score: 80852.550838 / AICc score: 80853.832391 / BIC score: 81600.455363
Free parameters (model + branch lengths): 98

WARNING: Best ML tree contains 3 near-zero branches!

Best ML tree with collapsed near-zero branches saved to: /work/LAS/dlavrov-lab/users/Momin/work/Mystery-sponge/phylo_check/CladeB/Haplo_cladeB.aln.raxml.bestTreeCollapsed
Best ML tree saved to: /work/LAS/dlavrov-lab/users/Momin/work/Mystery-sponge/phylo_check/CladeB/Haplo_cladeB.aln.raxml.bestTree
All ML trees saved to: /work/LAS/dlavrov-lab/users/Momin/work/Mystery-sponge/phylo_check/CladeB/Haplo_cladeB.aln.raxml.mlTrees
Best ML tree with Felsenstein bootstrap (FBP) support values saved to: /work/LAS/dlavrov-lab/users/Momin/work/Mystery-sponge/phylo_check/CladeB/Haplo_cladeB.aln.raxml.support
Optimized model saved to: /work/LAS/dlavrov-lab/users/Momin/work/Mystery-sponge/phylo_check/CladeB/Haplo_cladeB.aln.raxml.bestModel
Bootstrap trees saved to: /work/LAS/dlavrov-lab/users/Momin/work/Mystery-sponge/phylo_check/CladeB/Haplo_cladeB.aln.raxml.bootstraps

Execution log saved to: /work/LAS/dlavrov-lab/users/Momin/work/Mystery-sponge/phylo_check/CladeB/Haplo_cladeB.aln.raxml.log

Analysis started: 13-Sep-2023 11:14:17 / finished: 13-Sep-2023 11:32:51

Elapsed time: 1114.381 seconds

