
RAxML-NG v. 1.1.0-master released on 04.08.2022 by The Exelixis Lab.
Developed by: Alexey M. Kozlov and Alexandros Stamatakis.
Contributors: Diego Darriba, Tomas Flouri, Benoit Morel, Sarah Lutteropp, Ben Bettisworth.
Latest version: https://github.com/amkozlov/raxml-ng
Questions/problems/suggestions? Please visit: https://groups.google.com/forum/#!forum/raxml

System: Intel(R) Xeon(R) Gold 6140 CPU @ 2.30GHz, 36 cores, 187 GB RAM

RAxML-NG was called at 31-Aug-2023 19:24:50 as follows:

raxml-ng --all --msa demosponges.cdhit.aln --model GTR+G

Analysis options:
  run mode: ML tree search + bootstrapping (Felsenstein Bootstrap)
  start tree(s): random (10) + parsimony (10)
  bootstrap replicates: max: 1000 + bootstopping (autoMRE, cutoff: 0.030000)
  random seed: 1693527890
  tip-inner: OFF
  pattern compression: ON
  per-rate scalers: OFF
  site repeats: ON
  branch lengths: proportional (ML estimate, algorithm: NR-FAST)
  SIMD kernels: AVX2
  parallelization: coarse-grained (auto), PTHREADS (auto)

[00:00:00] Reading alignment from file: demosponges.cdhit.aln
[00:00:00] Loaded alignment with 31 taxa and 8814 sites

Alignment comprises 1 partitions and 2851 patterns

Partition 0: noname
Model: GTR+FO+G4m
Alignment sites / patterns: 8814 / 2851
Gaps: 82.99 %
Invariant sites: 65.85 %


NOTE: Binary MSA file created: demosponges.cdhit.aln.raxml.rba

Parallelization scheme autoconfig: 18 worker(s) x 2 thread(s)

Parallel reduction/worker buffer size: 1 KB  / 0 KB

[00:00:00] Generating 10 random starting tree(s) with 31 taxa
[00:00:00] Generating 10 parsimony starting tree(s) with 31 taxa
[00:00:00] Data distribution: max. partitions/sites/weight per thread: 1 / 1426 / 22816
[00:00:00] Data distribution: max. searches per worker: 58

Starting ML tree search with 20 distinct starting trees

[00:01:05] [worker #7] ML tree search #8, logLikelihood: -33311.026993
[00:01:06] [worker #11] ML tree search #12, logLikelihood: -33310.181669
[00:01:10] [worker #9] ML tree search #10, logLikelihood: -33311.037326
[00:01:11] [worker #14] ML tree search #15, logLikelihood: -33310.169030
[00:01:14] [worker #10] ML tree search #11, logLikelihood: -33310.158125
[00:01:15] [worker #13] ML tree search #14, logLikelihood: -33310.165622
[00:01:15] [worker #15] ML tree search #16, logLikelihood: -33310.231894
[00:01:17] [worker #5] ML tree search #6, logLikelihood: -33310.193558
[00:01:17] [worker #3] ML tree search #4, logLikelihood: -33310.160854
[00:01:20] [worker #2] ML tree search #3, logLikelihood: -33311.026602
[00:01:26] [worker #16] ML tree search #17, logLikelihood: -33310.216670
[00:01:28] [worker #12] ML tree search #13, logLikelihood: -33310.218164
[00:01:30] [worker #8] ML tree search #9, logLikelihood: -33310.199160
[00:01:32] [worker #4] ML tree search #5, logLikelihood: -33310.166476
[00:01:38] [worker #17] ML tree search #18, logLikelihood: -33310.122350
[00:01:44] [worker #0] ML tree search #1, logLikelihood: -33310.784245
[00:02:08] [worker #6] ML tree search #7, logLikelihood: -33310.184605
[00:02:29] [worker #1] ML tree search #2, logLikelihood: -33310.203222
[00:02:46] [worker #0] ML tree search #19, logLikelihood: -33310.183272
[00:04:18] [worker #1] ML tree search #20, logLikelihood: -33310.118633

[00:04:18] ML tree search completed, best tree logLH: -33310.118633

[00:04:18] Starting bootstrapping analysis with 1000 replicates.

[00:04:47] [worker #12] Bootstrap tree #13, logLikelihood: -34034.576745
[00:04:49] [worker #6] Bootstrap tree #7, logLikelihood: -32712.718297
[00:04:52] [worker #2] Bootstrap tree #3, logLikelihood: -33077.015188
[00:04:57] [worker #16] Bootstrap tree #17, logLikelihood: -33344.679348
[00:05:00] [worker #8] Bootstrap tree #9, logLikelihood: -33360.587494
[00:05:02] [worker #15] Bootstrap tree #16, logLikelihood: -33330.503637
[00:05:04] [worker #0] Bootstrap tree #1, logLikelihood: -33657.014391
[00:05:05] [worker #11] Bootstrap tree #12, logLikelihood: -33582.141939
[00:05:06] [worker #17] Bootstrap tree #18, logLikelihood: -34173.506608
[00:05:09] [worker #13] Bootstrap tree #14, logLikelihood: -33807.291085
[00:05:10] [worker #7] Bootstrap tree #8, logLikelihood: -32974.462630
[00:05:13] [worker #5] Bootstrap tree #6, logLikelihood: -32910.829326
[00:05:14] [worker #10] Bootstrap tree #11, logLikelihood: -33319.711597
[00:05:14] [worker #1] Bootstrap tree #2, logLikelihood: -33078.888769
[00:05:17] [worker #9] Bootstrap tree #10, logLikelihood: -34139.725906
[00:05:18] [worker #12] Bootstrap tree #31, logLikelihood: -33406.763958
[00:05:30] [worker #14] Bootstrap tree #15, logLikelihood: -34203.265645
[00:05:30] [worker #4] Bootstrap tree #5, logLikelihood: -33100.481947
[00:05:38] [worker #15] Bootstrap tree #34, logLikelihood: -33513.013330
[00:05:40] [worker #16] Bootstrap tree #35, logLikelihood: -33138.933773
[00:05:46] [worker #6] Bootstrap tree #25, logLikelihood: -33240.947898
[00:05:47] [worker #17] Bootstrap tree #36, logLikelihood: -33936.574610
[00:05:48] [worker #8] Bootstrap tree #27, logLikelihood: -33649.488916
[00:05:48] [worker #1] Bootstrap tree #20, logLikelihood: -33928.526890
[00:05:50] [worker #13] Bootstrap tree #32, logLikelihood: -33030.746351
[00:05:51] [worker #3] Bootstrap tree #4, logLikelihood: -32758.308222
[00:05:51] [worker #7] Bootstrap tree #26, logLikelihood: -33306.384105
[00:05:52] [worker #11] Bootstrap tree #30, logLikelihood: -32997.270416
[00:05:53] [worker #0] Bootstrap tree #19, logLikelihood: -33229.316791
[00:05:54] [worker #10] Bootstrap tree #29, logLikelihood: -33255.603656
[00:05:57] [worker #2] Bootstrap tree #21, logLikelihood: -33069.525181
[00:05:57] [worker #14] Bootstrap tree #33, logLikelihood: -33505.276075
[00:05:57] [worker #12] Bootstrap tree #49, logLikelihood: -33857.032473
[00:06:00] [worker #5] Bootstrap tree #24, logLikelihood: -33415.316848
[00:06:05] [worker #9] Bootstrap tree #28, logLikelihood: -33993.187782
[00:06:09] [worker #4] Bootstrap tree #23, logLikelihood: -33406.098704
[00:06:32] [worker #8] Bootstrap tree #45, logLikelihood: -33699.250148
[00:06:33] [worker #13] Bootstrap tree #50, logLikelihood: -33709.781144
[00:06:40] [worker #6] Bootstrap tree #43, logLikelihood: -32804.386875
[00:06:44] [worker #3] Bootstrap tree #22, logLikelihood: -33250.205218
[00:06:46] [worker #7] Bootstrap tree #44, logLikelihood: -33757.781662
[00:06:46] [worker #2] Bootstrap tree #39, logLikelihood: -32541.609454
[00:06:51] [worker #9] Bootstrap tree #46, logLikelihood: -33501.193396
[00:06:51] [worker #1] Bootstrap tree #38, logLikelihood: -34012.622333
[00:06:52] [worker #10] Bootstrap tree #47, logLikelihood: -33605.417805
[00:06:56] [worker #4] Bootstrap tree #41, logLikelihood: -33305.543591
[00:06:58] [worker #0] Bootstrap tree #37, logLikelihood: -33000.554045
[00:07:11] [worker #11] Bootstrap tree #48, logLikelihood: -33794.120264
[00:07:19] [worker #5] Bootstrap tree #42, logLikelihood: -34089.586711
[00:07:34] [worker #3] Bootstrap tree #40, logLikelihood: -33469.385992
[00:08:04] [worker #15] Bootstrap tree #52, logLikelihood: -33484.199354
[00:08:09] [worker #1] Bootstrap tree #56, logLikelihood: -32883.636780
[00:08:13] [worker #14] Bootstrap tree #51, logLikelihood: -32945.996886
[00:08:13] [worker #7] Bootstrap tree #62, logLikelihood: -33686.759777
[00:08:13] [worker #10] Bootstrap tree #65, logLikelihood: -32956.483727
[00:08:16] [worker #12] Bootstrap tree #67, logLikelihood: -33120.299685
[00:08:18] [worker #9] Bootstrap tree #64, logLikelihood: -32718.555844
[00:08:18] [worker #2] Bootstrap tree #57, logLikelihood: -33964.803291
[00:08:19] [worker #3] Bootstrap tree #58, logLikelihood: -33537.571943
[00:08:19] [worker #0] Bootstrap tree #55, logLikelihood: -33166.037588
[00:08:24] [worker #13] Bootstrap tree #68, logLikelihood: -33109.972737
[00:08:27] [worker #16] Bootstrap tree #53, logLikelihood: -32952.870005
[00:08:29] [worker #8] Bootstrap tree #63, logLikelihood: -33780.495543
[00:08:34] [worker #6] Bootstrap tree #61, logLikelihood: -32873.089054
[00:08:36] [worker #11] Bootstrap tree #66, logLikelihood: -32911.953240
[00:08:40] [worker #15] Bootstrap tree #70, logLikelihood: -33208.638264
[00:08:40] [worker #1] Bootstrap tree #74, logLikelihood: -33570.704287
[00:08:46] [worker #3] Bootstrap tree #76, logLikelihood: -34109.354464
[00:08:49] [worker #17] Bootstrap tree #54, logLikelihood: -33828.422896
[00:08:55] [worker #7] Bootstrap tree #80, logLikelihood: -33317.071599
[00:08:58] [worker #13] Bootstrap tree #86, logLikelihood: -33352.185368
[00:08:59] [worker #14] Bootstrap tree #69, logLikelihood: -33305.364055
[00:09:00] [worker #8] Bootstrap tree #81, logLikelihood: -33815.078135
[00:09:07] [worker #10] Bootstrap tree #83, logLikelihood: -33638.198346
[00:09:08] [worker #12] Bootstrap tree #85, logLikelihood: -33489.607498
[00:09:09] [worker #1] Bootstrap tree #92, logLikelihood: -32722.063460
[00:09:09] [worker #16] Bootstrap tree #71, logLikelihood: -33067.846056
[00:09:12] [worker #5] Bootstrap tree #60, logLikelihood: -34057.574575
[00:09:14] [worker #11] Bootstrap tree #84, logLikelihood: -33742.772125
[00:09:20] [worker #9] Bootstrap tree #82, logLikelihood: -33413.812119
[00:09:20] [worker #2] Bootstrap tree #75, logLikelihood: -33352.877056
[00:09:23] [worker #4] Bootstrap tree #59, logLikelihood: -32938.204530
[00:09:26] [worker #3] Bootstrap tree #94, logLikelihood: -32949.589202
[00:09:29] [worker #15] Bootstrap tree #88, logLikelihood: -33550.945986
[00:09:31] [worker #6] Bootstrap tree #79, logLikelihood: -33325.847066
[00:09:32] [worker #7] Bootstrap tree #98, logLikelihood: -33394.087033
[00:09:33] [worker #14] Bootstrap tree #87, logLikelihood: -33382.651433
[00:09:38] [worker #0] Bootstrap tree #73, logLikelihood: -33003.530108
[00:09:40] [worker #8] Bootstrap tree #99, logLikelihood: -33955.358301
[00:09:50] [worker #5] Bootstrap tree #78, logLikelihood: -33653.805385
[00:09:58] [worker #17] Bootstrap tree #72, logLikelihood: -33367.208561
[00:10:06] [worker #6] Bootstrap tree #97, logLikelihood: -33388.733498
[00:10:10] [worker #16] Bootstrap tree #89, logLikelihood: -32903.491511
[00:10:10] [worker #2] Bootstrap tree #93, logLikelihood: -33520.937973
[00:10:26] [worker #0] Bootstrap tree #91, logLikelihood: -32876.103504
[00:10:50] [worker #17] Bootstrap tree #90, logLikelihood: -33310.075397
[00:10:52] [worker #9] Bootstrap tree #100, logLikelihood: -33132.855145
[00:10:56] [worker #5] Bootstrap tree #96, logLikelihood: -33081.883948
[00:11:05] [worker #4] Bootstrap tree #77, logLikelihood: -33737.246301
[00:12:06] [worker #4] Bootstrap tree #95, logLikelihood: -32589.291235
[00:12:30] [worker #7] Bootstrap tree #116, logLikelihood: -32569.069070
[00:12:34] [worker #3] Bootstrap tree #112, logLikelihood: -33212.522392
[00:12:37] [worker #12] Bootstrap tree #103, logLikelihood: -33744.741996
[00:12:41] [worker #14] Bootstrap tree #105, logLikelihood: -33163.323045
[00:12:43] [worker #13] Bootstrap tree #104, logLikelihood: -32758.229136
[00:12:44] [worker #1] Bootstrap tree #110, logLikelihood: -33178.895013
[00:12:48] [worker #15] Bootstrap tree #106, logLikelihood: -33124.594799
[00:12:50] [worker #10] Bootstrap tree #101, logLikelihood: -33045.575683
[00:12:51] [worker #16] Bootstrap tree #107, logLikelihood: -33190.809166
[00:12:53] [worker #8] Bootstrap tree #117, logLikelihood: -33426.677632
[00:12:56] [worker #9] Bootstrap tree #118, logLikelihood: -32921.623763
[00:12:58] [worker #6] Bootstrap tree #115, logLikelihood: -33042.024601
[00:12:59] [worker #3] Bootstrap tree #130, logLikelihood: -33165.829871
[00:13:00] [worker #17] Bootstrap tree #108, logLikelihood: -33307.999331
[00:13:01] [worker #11] Bootstrap tree #102, logLikelihood: -32651.177451
[00:13:05] [worker #4] Bootstrap tree #113, logLikelihood: -32749.903962
[00:13:06] [worker #7] Bootstrap tree #134, logLikelihood: -33224.513074
[00:13:11] [worker #14] Bootstrap tree #123, logLikelihood: -33270.797145
[00:13:16] [worker #10] Bootstrap tree #119, logLikelihood: -33428.214869
[00:13:18] [worker #12] Bootstrap tree #121, logLikelihood: -33520.438124
[00:13:19] [worker #0] Bootstrap tree #109, logLikelihood: -33147.751179
[00:13:22] [worker #1] Bootstrap tree #128, logLikelihood: -33591.822854
[00:13:22] [worker #5] Bootstrap tree #114, logLikelihood: -33737.024978
[00:13:24] [worker #16] Bootstrap tree #125, logLikelihood: -32941.775317
[00:13:29] [worker #13] Bootstrap tree #122, logLikelihood: -33508.834316
[00:13:30] [worker #15] Bootstrap tree #124, logLikelihood: -33187.590866
[00:13:33] [worker #2] Bootstrap tree #111, logLikelihood: -33078.301797
[00:13:37] [worker #3] Bootstrap tree #148, logLikelihood: -33089.439566
[00:13:37] [worker #8] Bootstrap tree #135, logLikelihood: -33775.412397
[00:13:41] [worker #17] Bootstrap tree #126, logLikelihood: -33393.343342
[00:13:43] [worker #14] Bootstrap tree #141, logLikelihood: -33187.024603
[00:13:46] [worker #10] Bootstrap tree #137, logLikelihood: -33115.310130
[00:13:47] [worker #9] Bootstrap tree #136, logLikelihood: -33443.218408
[00:13:55] [worker #16] Bootstrap tree #143, logLikelihood: -33769.757795
[00:13:58] [worker #6] Bootstrap tree #133, logLikelihood: -33163.967862
[00:14:03] [worker #5] Bootstrap tree #132, logLikelihood: -33284.362569
[00:14:03] [worker #12] Bootstrap tree #139, logLikelihood: -33470.573577
[00:14:05] [worker #11] Bootstrap tree #120, logLikelihood: -33140.715011
[00:14:10] [worker #1] Bootstrap tree #146, logLikelihood: -33837.366438
[00:14:11] [worker #15] Bootstrap tree #142, logLikelihood: -33225.973883
[00:14:12] [worker #4] Bootstrap tree #131, logLikelihood: -33186.042635
[00:14:16] [worker #13] Bootstrap tree #140, logLikelihood: -33402.740323
[00:14:25] [worker #2] Bootstrap tree #129, logLikelihood: -32997.009697
[00:14:29] [worker #17] Bootstrap tree #144, logLikelihood: -33356.875631
[00:14:51] [worker #5] Bootstrap tree #150, logLikelihood: -33828.408985
[00:14:53] [worker #0] Bootstrap tree #127, logLikelihood: -33115.110188
[00:15:10] [worker #4] Bootstrap tree #149, logLikelihood: -32699.662129
[00:15:27] [worker #2] Bootstrap tree #147, logLikelihood: -33509.324062
[00:15:36] [worker #11] Bootstrap tree #138, logLikelihood: -33479.513590
[00:15:57] [worker #0] Bootstrap tree #145, logLikelihood: -33370.895781
[00:16:19] [worker #14] Bootstrap tree #159, logLikelihood: -32949.292315
[00:16:24] [worker #16] Bootstrap tree #161, logLikelihood: -32691.771919
[00:16:26] [worker #7] Bootstrap tree #152, logLikelihood: -32980.858706
[00:16:31] [worker #3] Bootstrap tree #166, logLikelihood: -33482.815307
[00:16:43] [worker #9] Bootstrap tree #154, logLikelihood: -33439.502802
[00:16:43] [worker #8] Bootstrap tree #153, logLikelihood: -33321.133180
[00:16:44] [worker #4] Bootstrap tree #167, logLikelihood: -33118.655252
[00:16:45] [worker #15] Bootstrap tree #160, logLikelihood: -33541.237984
[00:16:50] [worker #12] Bootstrap tree #157, logLikelihood: -33619.860900
[00:16:51] [worker #13] Bootstrap tree #158, logLikelihood: -33066.700254
[00:16:51] [worker #5] Bootstrap tree #168, logLikelihood: -32872.671367
[00:16:52] [worker #10] Bootstrap tree #155, logLikelihood: -33063.702070
[00:16:52] [worker #14] Bootstrap tree #177, logLikelihood: -33618.946252
[00:16:52] [worker #11] Bootstrap tree #156, logLikelihood: -33603.233931
[00:16:52] [worker #16] Bootstrap tree #179, logLikelihood: -33010.664314
[00:16:55] [worker #1] Bootstrap tree #164, logLikelihood: -33621.146585
[00:16:56] [worker #7] Bootstrap tree #170, logLikelihood: -33032.755106
[00:17:04] [worker #2] Bootstrap tree #165, logLikelihood: -32872.307323
[00:17:16] [worker #16] Bootstrap tree #197, logLikelihood: -32572.930848
[00:17:18] [worker #14] Bootstrap tree #195, logLikelihood: -32671.305657
[00:17:23] [worker #17] Bootstrap tree #162, logLikelihood: -33219.914758
[00:17:23] [worker #8] Bootstrap tree #171, logLikelihood: -32473.392760
[00:17:26] [worker #9] Bootstrap tree #172, logLikelihood: -33054.794090
[00:17:28] [worker #15] Bootstrap tree #178, logLikelihood: -33469.263441
[00:17:29] [worker #3] Bootstrap tree #184, logLikelihood: -32975.134867
[00:17:30] [worker #12] Bootstrap tree #175, logLikelihood: -33523.254044
[00:17:33] [worker #10] Bootstrap tree #173, logLikelihood: -33098.062658
[00:17:34] [worker #1] Bootstrap tree #182, logLikelihood: -33116.121939
[00:17:35] [worker #5] Bootstrap tree #186, logLikelihood: -33708.056908
[00:17:36] [worker #13] Bootstrap tree #176, logLikelihood: -33791.397972
[00:17:39] [worker #4] Bootstrap tree #185, logLikelihood: -33341.555467
[00:17:40] [worker #6] Bootstrap tree #151, logLikelihood: -33452.208840
[00:17:49] [worker #11] Bootstrap tree #174, logLikelihood: -33061.552609
[00:17:56] [worker #15] Bootstrap tree #196, logLikelihood: -33412.672551
[00:17:58] [worker #0] Bootstrap tree #163, logLikelihood: -33215.798335
[00:18:06] [worker #1] Bootstrap tree #200, logLikelihood: -33353.065218
[00:18:07] [worker #7] Bootstrap tree #188, logLikelihood: -33346.245547
[00:18:10] [worker #12] Bootstrap tree #193, logLikelihood: -33944.565666
[00:18:20] [worker #9] Bootstrap tree #190, logLikelihood: -32968.367527
[00:18:20] [worker #8] Bootstrap tree #189, logLikelihood: -33140.323154
[00:18:25] [worker #13] Bootstrap tree #194, logLikelihood: -32570.247483
[00:18:29] [worker #17] Bootstrap tree #180, logLikelihood: -32652.632378
[00:18:32] [worker #10] Bootstrap tree #191, logLikelihood: -32918.686666
[00:18:33] [worker #6] Bootstrap tree #169, logLikelihood: -33097.600686
[00:18:42] [worker #2] Bootstrap tree #183, logLikelihood: -33149.502041
[00:18:46] [worker #11] Bootstrap tree #192, logLikelihood: -33576.827800
[00:18:50] [worker #0] Bootstrap tree #181, logLikelihood: -32179.887084
[00:19:22] [worker #17] Bootstrap tree #198, logLikelihood: -33742.897989
[00:19:27] [worker #6] Bootstrap tree #187, logLikelihood: -33961.546837
[00:19:42] [worker #0] Bootstrap tree #199, logLikelihood: -32304.744961
[00:20:17] [worker #1] Bootstrap tree #218, logLikelihood: -33539.462056
[00:20:17] [worker #16] Bootstrap tree #215, logLikelihood: -33324.812937
[00:20:20] [worker #12] Bootstrap tree #211, logLikelihood: -32892.691381
[00:20:21] [worker #15] Bootstrap tree #214, logLikelihood: -32715.581204
[00:20:24] [worker #8] Bootstrap tree #207, logLikelihood: -33728.622348
[00:20:24] [worker #6] Bootstrap tree #205, logLikelihood: -33127.375061
[00:20:25] [worker #5] Bootstrap tree #204, logLikelihood: -32835.573622
[00:20:29] [worker #3] Bootstrap tree #202, logLikelihood: -33150.775763
[00:20:29] [worker #7] Bootstrap tree #206, logLikelihood: -33541.771936
[00:20:38] [worker #11] Bootstrap tree #210, logLikelihood: -33670.620353
[00:20:40] [worker #0] Bootstrap tree #217, logLikelihood: -33548.171411
[00:20:40] [worker #10] Bootstrap tree #209, logLikelihood: -33953.753081
[00:20:41] [worker #1] Bootstrap tree #236, logLikelihood: -32515.981021
[00:20:46] [worker #9] Bootstrap tree #208, logLikelihood: -33187.247843
[00:20:48] [worker #16] Bootstrap tree #233, logLikelihood: -32945.846300
[00:20:48] [worker #14] Bootstrap tree #213, logLikelihood: -33053.359145
[00:20:48] [worker #4] Bootstrap tree #203, logLikelihood: -32862.733442
[00:20:48] [worker #17] Bootstrap tree #216, logLikelihood: -32968.893531
[00:20:57] [worker #13] Bootstrap tree #212, logLikelihood: -33546.883290
[00:20:57] [worker #2] Bootstrap tree #201, logLikelihood: -33171.528796
[00:21:00] [worker #8] Bootstrap tree #225, logLikelihood: -33395.898449
[00:21:01] [worker #15] Bootstrap tree #232, logLikelihood: -34419.379258
[00:21:09] [worker #7] Bootstrap tree #224, logLikelihood: -33777.115479
[00:21:10] [worker #12] Bootstrap tree #229, logLikelihood: -33597.599426
[00:21:14] [worker #5] Bootstrap tree #222, logLikelihood: -32940.002509
[00:21:20] [worker #10] Bootstrap tree #227, logLikelihood: -33382.458589
[00:21:20] [worker #6] Bootstrap tree #223, logLikelihood: -33398.074500
[00:21:21] [worker #3] Bootstrap tree #220, logLikelihood: -33372.969300
[00:21:22] [worker #14] Bootstrap tree #231, logLikelihood: -33217.854296
[00:21:23] [worker #0] Bootstrap tree #235, logLikelihood: -33260.385744
[00:21:28] [worker #11] Bootstrap tree #228, logLikelihood: -33576.142032
[00:21:29] [worker #17] Bootstrap tree #234, logLikelihood: -34014.609556
[00:21:31] [worker #9] Bootstrap tree #226, logLikelihood: -33041.241490
[00:21:36] [worker #4] Bootstrap tree #221, logLikelihood: -33225.315152
[00:21:41] [worker #15] Bootstrap tree #250, logLikelihood: -33888.685817
[00:21:41] [worker #12] Bootstrap tree #247, logLikelihood: -33031.167417
[00:21:49] [worker #2] Bootstrap tree #219, logLikelihood: -33090.558583
[00:21:53] [worker #5] Bootstrap tree #240, logLikelihood: -32747.527516
[00:21:56] [worker #8] Bootstrap tree #243, logLikelihood: -33146.559704
[00:22:00] [worker #7] Bootstrap tree #242, logLikelihood: -32429.543819
[00:22:01] [worker #10] Bootstrap tree #245, logLikelihood: -33535.114262
[00:22:02] [worker #14] Bootstrap tree #249, logLikelihood: -33354.476851
[00:22:04] [worker #13] Bootstrap tree #230, logLikelihood: -32620.972269
[00:22:05] [worker #3] Bootstrap tree #238, logLikelihood: -33088.642114
[00:22:20] [worker #9] Bootstrap tree #244, logLikelihood: -33419.699383
[00:22:26] [worker #4] Bootstrap tree #239, logLikelihood: -33934.026308
[00:22:29] [worker #11] Bootstrap tree #246, logLikelihood: -33398.479540
[00:22:56] [worker #2] Bootstrap tree #237, logLikelihood: -33632.914462
[00:23:00] [worker #13] Bootstrap tree #248, logLikelihood: -33288.975884
[00:23:09] [worker #6] Bootstrap tree #241, logLikelihood: -33244.802076
[00:23:39] [worker #1] Bootstrap tree #254, logLikelihood: -33316.859989
[00:23:46] [worker #13] Bootstrap tree #266, logLikelihood: -33561.907887
[00:23:48] [worker #8] Bootstrap tree #261, logLikelihood: -33506.055704
[00:23:49] [worker #6] Bootstrap tree #259, logLikelihood: -33010.242747
[00:23:50] [worker #0] Bootstrap tree #253, logLikelihood: -32987.826079
[00:23:50] [worker #10] Bootstrap tree #263, logLikelihood: -32757.059979
[00:23:51] [worker #17] Bootstrap tree #252, logLikelihood: -33435.906744
[00:23:53] [worker #11] Bootstrap tree #264, logLikelihood: -33143.721123
[00:23:54] [worker #5] Bootstrap tree #258, logLikelihood: -32912.205620
[00:23:56] [worker #16] Bootstrap tree #251, logLikelihood: -33711.995541
[00:23:56] [worker #3] Bootstrap tree #256, logLikelihood: -33181.059909
[00:23:57] [worker #14] Bootstrap tree #267, logLikelihood: -33909.291294
[00:23:58] [worker #4] Bootstrap tree #257, logLikelihood: -33494.033934
[00:23:58] [worker #7] Bootstrap tree #260, logLikelihood: -32730.458337
[00:24:01] [worker #2] Bootstrap tree #255, logLikelihood: -32868.412425
[00:24:07] [worker #9] Bootstrap tree #262, logLikelihood: -33269.868185
[00:24:12] [worker #15] Bootstrap tree #268, logLikelihood: -33600.371145
[00:24:21] [worker #1] Bootstrap tree #272, logLikelihood: -33251.778873
[00:24:23] [worker #12] Bootstrap tree #265, logLikelihood: -32919.944451
[00:24:24] [worker #14] Bootstrap tree #285, logLikelihood: -33118.556914
[00:24:25] [worker #16] Bootstrap tree #269, logLikelihood: -33874.452562
[00:24:31] [worker #0] Bootstrap tree #271, logLikelihood: -32758.893321
[00:24:33] [worker #6] Bootstrap tree #277, logLikelihood: -33539.369169
[00:24:35] [worker #3] Bootstrap tree #274, logLikelihood: -32898.672250
[00:24:36] [worker #13] Bootstrap tree #284, logLikelihood: -34074.034824
[00:24:38] [worker #10] Bootstrap tree #281, logLikelihood: -33510.847438
[00:24:39] [worker #11] Bootstrap tree #282, logLikelihood: -32906.785117
[00:24:47] [worker #8] Bootstrap tree #279, logLikelihood: -33551.880919
[00:24:48] [worker #5] Bootstrap tree #276, logLikelihood: -33351.905900
[00:24:51] [worker #7] Bootstrap tree #278, logLikelihood: -33503.633634
[00:24:54] [worker #4] Bootstrap tree #275, logLikelihood: -32994.148733
[00:25:02] [worker #1] Bootstrap tree #290, logLikelihood: -34063.199954
[00:25:04] [worker #17] Bootstrap tree #270, logLikelihood: -33218.860246
[00:25:10] [worker #2] Bootstrap tree #273, logLikelihood: -33127.971629
[00:25:12] [worker #3] Bootstrap tree #292, logLikelihood: -33984.853226
[00:25:13] [worker #6] Bootstrap tree #295, logLikelihood: -32828.283200
[00:25:14] [worker #0] Bootstrap tree #289, logLikelihood: -32989.373325
[00:25:16] [worker #10] Bootstrap tree #299, logLikelihood: -33351.161059
[00:25:17] [worker #16] Bootstrap tree #287, logLikelihood: -33211.245346
[00:25:21] [worker #5] Bootstrap tree #294, logLikelihood: -33635.034101
[00:25:22] [worker #15] Bootstrap tree #286, logLikelihood: -33487.987957
[00:25:27] [worker #12] Bootstrap tree #283, logLikelihood: -32794.618772
[00:25:29] [worker #8] Bootstrap tree #297, logLikelihood: -33464.826146
[00:25:38] [worker #7] Bootstrap tree #296, logLikelihood: -33486.711282
[00:25:39] [worker #11] Bootstrap tree #300, logLikelihood: -32754.360859
[00:25:48] [worker #4] Bootstrap tree #293, logLikelihood: -33018.881925
[00:25:48] [worker #2] Bootstrap tree #291, logLikelihood: -33432.797600
[00:25:50] [worker #9] Bootstrap tree #280, logLikelihood: -33670.337562
[00:26:16] [worker #17] Bootstrap tree #288, logLikelihood: -32653.011564
[00:26:27] [worker #9] Bootstrap tree #298, logLikelihood: -33591.125628
[00:26:58] [worker #13] Bootstrap tree #302, logLikelihood: -33648.219080
[00:27:02] [worker #14] Bootstrap tree #303, logLikelihood: -33283.698957
[00:27:03] [worker #8] Bootstrap tree #315, logLikelihood: -33115.311299
[00:27:04] [worker #12] Bootstrap tree #301, logLikelihood: -33643.032617
[00:27:06] [worker #1] Bootstrap tree #308, logLikelihood: -33387.660263
[00:27:06] [worker #5] Bootstrap tree #312, logLikelihood: -33056.786347
[00:27:09] [worker #17] Bootstrap tree #306, logLikelihood: -33301.547713
[00:27:09] [worker #6] Bootstrap tree #313, logLikelihood: -32867.572522
[00:27:10] [worker #16] Bootstrap tree #305, logLikelihood: -33838.146858
[00:27:12] [worker #7] Bootstrap tree #314, logLikelihood: -33148.410181
[00:27:13] [worker #10] Bootstrap tree #317, logLikelihood: -33444.233452
[00:27:13] [worker #4] Bootstrap tree #311, logLikelihood: -32939.024752
[00:27:19] [worker #3] Bootstrap tree #310, logLikelihood: -33087.202602
[00:27:27] [worker #11] Bootstrap tree #318, logLikelihood: -32750.931513
[00:27:29] [worker #2] Bootstrap tree #309, logLikelihood: -33548.799796
[00:27:29] [worker #15] Bootstrap tree #304, logLikelihood: -33128.844061
[00:27:29] [worker #13] Bootstrap tree #320, logLikelihood: -33158.853486
[00:27:33] [worker #0] Bootstrap tree #307, logLikelihood: -32807.322822
[00:27:37] [worker #8] Bootstrap tree #333, logLikelihood: -34406.727220
[00:27:37] [worker #1] Bootstrap tree #326, logLikelihood: -33848.761120
[00:27:39] [worker #14] Bootstrap tree #321, logLikelihood: -32839.312024
[00:27:42] [worker #12] Bootstrap tree #319, logLikelihood: -33702.231614
[00:27:48] [worker #5] Bootstrap tree #330, logLikelihood: -34555.184877
[00:27:52] [worker #9] Bootstrap tree #316, logLikelihood: -33378.734264
[00:27:57] [worker #6] Bootstrap tree #331, logLikelihood: -33290.798195
[00:27:59] [worker #4] Bootstrap tree #329, logLikelihood: -33381.890774
[00:28:01] [worker #7] Bootstrap tree #332, logLikelihood: -33288.916020
[00:28:02] [worker #17] Bootstrap tree #324, logLikelihood: -33293.189647
[00:28:03] [worker #10] Bootstrap tree #335, logLikelihood: -33436.952347
[00:28:09] [worker #16] Bootstrap tree #323, logLikelihood: -33446.492360
[00:28:10] [worker #13] Bootstrap tree #338, logLikelihood: -33386.912429
[00:28:13] [worker #14] Bootstrap tree #339, logLikelihood: -33730.347678
[00:28:17] [worker #15] Bootstrap tree #322, logLikelihood: -33618.880147
[00:28:18] [worker #3] Bootstrap tree #328, logLikelihood: -34114.524483
[00:28:19] [worker #2] Bootstrap tree #327, logLikelihood: -33373.357132
[00:28:25] [worker #1] Bootstrap tree #344, logLikelihood: -33243.637715
[00:28:29] [worker #9] Bootstrap tree #334, logLikelihood: -33068.767627
[00:28:34] [worker #11] Bootstrap tree #336, logLikelihood: -32664.418697
[00:28:36] [worker #12] Bootstrap tree #337, logLikelihood: -33031.598590
[00:28:36] [worker #0] Bootstrap tree #325, logLikelihood: -33158.896268
[00:28:46] [worker #5] Bootstrap tree #348, logLikelihood: -32579.356518
[00:28:51] [worker #4] Bootstrap tree #347, logLikelihood: -33042.686898
[00:29:02] [worker #6] Bootstrap tree #349, logLikelihood: -33268.812167
[00:29:06] [worker #7] Bootstrap tree #350, logLikelihood: -33202.176797
[00:29:08] [worker #17] Bootstrap tree #342, logLikelihood: -33354.294180
[00:29:08] [worker #16] Bootstrap tree #341, logLikelihood: -33351.996738
[00:29:19] [worker #3] Bootstrap tree #346, logLikelihood: -33235.561918
[00:29:26] [worker #0] Bootstrap tree #343, logLikelihood: -33169.501548
[00:29:27] [worker #2] Bootstrap tree #345, logLikelihood: -32318.932049
[00:29:36] [worker #15] Bootstrap tree #340, logLikelihood: -33562.932080
[00:30:11] [worker #14] Bootstrap tree #357, logLikelihood: -33983.909178
[00:30:15] [worker #4] Bootstrap tree #365, logLikelihood: -33054.687643
[00:30:16] [worker #8] Bootstrap tree #351, logLikelihood: -33244.671113
[00:30:17] [worker #3] Bootstrap tree #364, logLikelihood: -33948.517655
[00:30:18] [worker #1] Bootstrap tree #362, logLikelihood: -33872.791058
[00:30:20] [worker #12] Bootstrap tree #355, logLikelihood: -32977.732084
[00:30:23] [worker #0] Bootstrap tree #361, logLikelihood: -33451.046433
[00:30:26] [worker #15] Bootstrap tree #358, logLikelihood: -33246.412045
[00:30:28] [worker #10] Bootstrap tree #353, logLikelihood: -33597.787859
[00:30:28] [worker #5] Bootstrap tree #366, logLikelihood: -33052.233027
[00:30:30] [worker #11] Bootstrap tree #354, logLikelihood: -33634.444426
[00:30:31] [worker #7] Bootstrap tree #368, logLikelihood: -33672.022720
[00:30:35] [worker #14] Bootstrap tree #375, logLikelihood: -33366.454547
[00:30:40] [worker #6] Bootstrap tree #367, logLikelihood: -33475.377621
[00:30:45] [worker #13] Bootstrap tree #356, logLikelihood: -33496.512008
[00:30:45] [worker #1] Bootstrap tree #380, logLikelihood: -32498.724988
[00:30:49] [worker #9] Bootstrap tree #352, logLikelihood: -33890.785710
[00:30:53] [worker #17] Bootstrap tree #360, logLikelihood: -33732.925662
[00:30:58] [worker #8] Bootstrap tree #369, logLikelihood: -33206.006716
[00:31:03] [worker #4] Bootstrap tree #383, logLikelihood: -33110.149794
[00:31:03] [worker #15] Bootstrap tree #376, logLikelihood: -33454.019590
[00:31:04] [worker #12] Bootstrap tree #373, logLikelihood: -33205.803122
[00:31:08] [worker #7] Bootstrap tree #386, logLikelihood: -33229.737338
[00:31:15] [worker #0] Bootstrap tree #379, logLikelihood: -32952.273412
[00:31:15] [worker #5] Bootstrap tree #384, logLikelihood: -33110.604342
[00:31:16] [worker #1] Bootstrap tree #398, logLikelihood: -33309.482374
[00:31:19] [worker #9] Bootstrap tree #370, logLikelihood: -33149.457009
[00:31:21] [worker #3] Bootstrap tree #382, logLikelihood: -33278.604442
[00:31:22] [worker #11] Bootstrap tree #372, logLikelihood: -33532.170773
[00:31:28] [worker #10] Bootstrap tree #371, logLikelihood: -33725.229327
[00:31:30] [worker #17] Bootstrap tree #378, logLikelihood: -33155.640013
[00:31:32] [worker #16] Bootstrap tree #359, logLikelihood: -33198.371016
[00:31:32] [worker #2] Bootstrap tree #363, logLikelihood: -32423.165349
[00:31:35] [worker #12] Bootstrap tree #391, logLikelihood: -34073.721679
[00:31:36] [worker #6] Bootstrap tree #385, logLikelihood: -33251.656228
[00:31:42] [worker #14] Bootstrap tree #393, logLikelihood: -32373.594745
[00:31:42] [worker #15] Bootstrap tree #394, logLikelihood: -33223.442078
[00:32:02] [worker #0] Bootstrap tree #397, logLikelihood: -33439.018567
[00:32:03] [worker #9] Bootstrap tree #388, logLikelihood: -33489.353324
[00:32:04] [worker #10] Bootstrap tree #389, logLikelihood: -33801.918622
[00:32:08] [worker #3] Bootstrap tree #400, logLikelihood: -33422.267144
[00:32:09] [worker #13] Bootstrap tree #374, logLikelihood: -33525.607979
[00:32:12] [worker #8] Bootstrap tree #387, logLikelihood: -33508.762130
[00:32:12] [worker #11] Bootstrap tree #390, logLikelihood: -33372.841355
[00:32:14] [worker #17] Bootstrap tree #396, logLikelihood: -33892.739307
[00:32:19] [worker #16] Bootstrap tree #377, logLikelihood: -33340.949452
[00:32:33] [worker #2] Bootstrap tree #381, logLikelihood: -32882.337058
[00:33:00] [worker #16] Bootstrap tree #395, logLikelihood: -33799.194979
[00:33:22] [worker #13] Bootstrap tree #392, logLikelihood: -32994.567237
[00:33:41] [worker #2] Bootstrap tree #399, logLikelihood: -33141.513173
[00:34:16] [worker #17] Bootstrap tree #414, logLikelihood: -33094.437606
[00:34:21] [worker #16] Bootstrap tree #413, logLikelihood: -33714.964556
[00:34:23] [worker #4] Bootstrap tree #401, logLikelihood: -33918.137248
[00:34:26] [worker #7] Bootstrap tree #404, logLikelihood: -33347.440443
[00:34:26] [worker #3] Bootstrap tree #418, logLikelihood: -33378.891439
[00:34:27] [worker #8] Bootstrap tree #405, logLikelihood: -32986.843094
[00:34:28] [worker #5] Bootstrap tree #402, logLikelihood: -33436.402319
[00:34:30] [worker #6] Bootstrap tree #403, logLikelihood: -32764.809160
[00:34:31] [worker #1] Bootstrap tree #416, logLikelihood: -32952.872117
[00:34:34] [worker #9] Bootstrap tree #406, logLikelihood: -33066.738397
[00:34:36] [worker #15] Bootstrap tree #412, logLikelihood: -33319.734020
[00:34:38] [worker #10] Bootstrap tree #407, logLikelihood: -33369.983876
[00:34:41] [worker #13] Bootstrap tree #410, logLikelihood: -33187.080726
[00:34:41] [worker #14] Bootstrap tree #411, logLikelihood: -33417.074060
[00:34:49] [worker #12] Bootstrap tree #409, logLikelihood: -33970.877753
[00:34:52] [worker #17] Bootstrap tree #432, logLikelihood: -34189.999141
[00:35:03] [worker #3] Bootstrap tree #436, logLikelihood: -34020.133099
[00:35:06] [worker #11] Bootstrap tree #408, logLikelihood: -32970.282529
[00:35:08] [worker #8] Bootstrap tree #423, logLikelihood: -33071.845706
[00:35:10] [worker #4] Bootstrap tree #419, logLikelihood: -32765.646809
[00:35:12] [worker #9] Bootstrap tree #424, logLikelihood: -33824.274953
[00:35:14] [worker #2] Bootstrap tree #417, logLikelihood: -33230.559303
[00:35:16] [worker #16] Bootstrap tree #431, logLikelihood: -33622.179498
[00:35:17] [worker #14] Bootstrap tree #429, logLikelihood: -33127.894241
[00:35:19] [worker #10] Bootstrap tree #425, logLikelihood: -33442.076762
[00:35:26] [worker #15] Bootstrap tree #430, logLikelihood: -32819.384455
[00:35:26] [worker #0] Bootstrap tree #415, logLikelihood: -32780.360446
[00:35:27] [worker #1] Bootstrap tree #434, logLikelihood: -33807.156144
[00:35:28] [worker #5] Bootstrap tree #420, logLikelihood: -33315.761306
[00:35:28] [worker #7] Bootstrap tree #422, logLikelihood: -33141.809110
[00:35:29] [worker #6] Bootstrap tree #421, logLikelihood: -33211.497342
[00:35:29] [worker #17] Bootstrap tree #450, logLikelihood: -33285.568242
[00:35:47] [worker #9] Bootstrap tree #442, logLikelihood: -33800.154911
[00:35:49] [worker #8] Bootstrap tree #441, logLikelihood: -33500.940541
[00:35:51] [worker #12] Bootstrap tree #427, logLikelihood: -33601.117361
[00:35:58] [worker #15] Bootstrap tree #448, logLikelihood: -33380.858953
[00:35:59] [worker #13] Bootstrap tree #428, logLikelihood: -32893.742081
[00:36:06] [worker #4] Bootstrap tree #437, logLikelihood: -33333.416396
[00:36:08] [worker #10] Bootstrap tree #443, logLikelihood: -33190.602461
[00:36:09] [worker #7] Bootstrap tree #440, logLikelihood: -33232.084940
[00:36:14] [worker #16] Bootstrap tree #449, logLikelihood: -33028.968150
[00:36:14] [worker #11] Bootstrap tree #426, logLikelihood: -33420.849778
[00:36:21] [worker #0] Bootstrap tree #433, logLikelihood: -33923.562919
[00:36:26] [worker #6] Bootstrap tree #439, logLikelihood: -33395.372885
[00:36:27] [worker #5] Bootstrap tree #438, logLikelihood: -33219.121407
[00:36:27] [worker #14] Bootstrap tree #447, logLikelihood: -33310.943062
[00:36:33] [worker #2] Bootstrap tree #435, logLikelihood: -32685.259424
[00:36:35] [worker #12] Bootstrap tree #445, logLikelihood: -33701.692139
[00:36:50] [worker #11] Bootstrap tree #444, logLikelihood: -33515.116695
[00:37:09] [worker #13] Bootstrap tree #446, logLikelihood: -33318.221718
[00:37:42] [worker #4] Bootstrap tree #455, logLikelihood: -33309.590049
[00:37:47] [worker #12] Bootstrap tree #463, logLikelihood: -33211.212243
[00:37:48] [worker #7] Bootstrap tree #458, logLikelihood: -33197.124682
[00:37:52] [worker #3] Bootstrap tree #454, logLikelihood: -32936.567655
[00:37:53] [worker #17] Bootstrap tree #468, logLikelihood: -33534.508562
[00:37:54] [worker #14] Bootstrap tree #465, logLikelihood: -34003.775505
[00:37:55] [worker #11] Bootstrap tree #462, logLikelihood: -33008.432038
[00:37:55] [worker #6] Bootstrap tree #457, logLikelihood: -33165.910552
[00:37:57] [worker #9] Bootstrap tree #460, logLikelihood: -33534.855429
[00:37:59] [worker #10] Bootstrap tree #461, logLikelihood: -33575.700149
[00:38:01] [worker #2] Bootstrap tree #453, logLikelihood: -33147.170969
[00:38:01] [worker #5] Bootstrap tree #456, logLikelihood: -33385.742960
[00:38:05] [worker #1] Bootstrap tree #452, logLikelihood: -33414.279150
[00:38:06] [worker #15] Bootstrap tree #466, logLikelihood: -33698.102991
[00:38:06] [worker #8] Bootstrap tree #459, logLikelihood: -33257.480972
[00:38:12] [worker #0] Bootstrap tree #451, logLikelihood: -33556.321469
[00:38:14] [worker #13] Bootstrap tree #464, logLikelihood: -32927.113415
[00:38:21] [worker #12] Bootstrap tree #481, logLikelihood: -33941.359009
[00:38:22] [worker #17] Bootstrap tree #486, logLikelihood: -33170.946861
[00:38:25] [worker #3] Bootstrap tree #472, logLikelihood: -32569.143900
[00:38:30] [worker #4] Bootstrap tree #473, logLikelihood: -33619.378001
[00:38:30] [worker #8] Bootstrap tree #477, logLikelihood: -33249.859626
[00:38:33] [worker #16] Bootstrap tree #467, logLikelihood: -33617.841591
[00:38:39] [worker #9] Bootstrap tree #478, logLikelihood: -32907.332403
[00:38:39] [worker #1] Bootstrap tree #470, logLikelihood: -33230.952889
[00:38:40] [worker #11] Bootstrap tree #480, logLikelihood: -32938.056114
[00:38:47] [worker #2] Bootstrap tree #471, logLikelihood: -34055.102890
[00:38:48] [worker #0] Bootstrap tree #469, logLikelihood: -33394.920583
[00:38:49] [worker #6] Bootstrap tree #475, logLikelihood: -33965.571249
[00:38:53] [worker #14] Bootstrap tree #483, logLikelihood: -32992.410729
[00:38:59] [worker #5] Bootstrap tree #474, logLikelihood: -33677.820004
[00:39:00] [worker #4] Bootstrap tree #491, logLikelihood: -33335.544138
[00:39:01] [worker #8] Bootstrap tree #495, logLikelihood: -33131.385292
[00:39:01] [worker #15] Bootstrap tree #484, logLikelihood: -33206.879180
[00:39:02] [worker #10] Bootstrap tree #479, logLikelihood: -33482.539110
[00:39:03] [worker #1] Bootstrap tree #488, logLikelihood: -32574.273031
[00:39:09] [worker #7] Bootstrap tree #476, logLikelihood: -33537.335930
[00:39:15] [worker #3] Bootstrap tree #490, logLikelihood: -33563.567815
[00:39:16] [worker #13] Bootstrap tree #482, logLikelihood: -33082.038750
[00:39:23] [worker #12] Bootstrap tree #499, logLikelihood: -33300.381827
[00:39:29] [worker #6] Bootstrap tree #493, logLikelihood: -34016.858936
[00:39:31] [worker #11] Bootstrap tree #498, logLikelihood: -34152.722705
[00:39:33] [worker #2] Bootstrap tree #489, logLikelihood: -32832.435504
[00:39:33] [worker #9] Bootstrap tree #496, logLikelihood: -33491.358214
[00:39:39] [worker #0] Bootstrap tree #487, logLikelihood: -32883.474463
[00:39:42] [worker #16] Bootstrap tree #485, logLikelihood: -33131.270910
[00:39:57] [worker #10] Bootstrap tree #497, logLikelihood: -33236.390434
[00:39:57] [worker #13] Bootstrap tree #500, logLikelihood: -33423.811119
[00:40:05] [worker #7] Bootstrap tree #494, logLikelihood: -32717.020941
[00:40:23] [worker #5] Bootstrap tree #492, logLikelihood: -33415.798633
[00:40:59] [worker #0] Bootstrap tree #505, logLikelihood: -33373.724519
[00:41:02] [worker #3] Bootstrap tree #508, logLikelihood: -32974.966739
[00:41:03] [worker #2] Bootstrap tree #507, logLikelihood: -33043.029826
[00:41:03] [worker #9] Bootstrap tree #514, logLikelihood: -32532.757475
[00:41:06] [worker #8] Bootstrap tree #513, logLikelihood: -33375.683195
[00:41:06] [worker #15] Bootstrap tree #502, logLikelihood: -33752.925963
[00:41:08] [worker #1] Bootstrap tree #506, logLikelihood: -33641.226122
[00:41:08] [worker #14] Bootstrap tree #501, logLikelihood: -33330.422060
[00:41:10] [worker #17] Bootstrap tree #504, logLikelihood: -32913.506707
[00:41:12] [worker #12] Bootstrap tree #517, logLikelihood: -32791.457834
[00:41:13] [worker #5] Bootstrap tree #510, logLikelihood: -32711.454502
[00:41:18] [worker #4] Bootstrap tree #509, logLikelihood: -32955.993028
[00:41:23] [worker #6] Bootstrap tree #511, logLikelihood: -33114.905974
[00:41:31] [worker #13] Bootstrap tree #518, logLikelihood: -33180.166230
[00:41:32] [worker #11] Bootstrap tree #516, logLikelihood: -33526.802021
[00:41:32] [worker #16] Bootstrap tree #503, logLikelihood: -33518.254608
[00:41:34] [worker #0] Bootstrap tree #523, logLikelihood: -33489.514297
[00:41:35] [worker #2] Bootstrap tree #525, logLikelihood: -33700.497790
[00:41:36] [worker #10] Bootstrap tree #515, logLikelihood: -33513.456619
[00:41:44] [worker #1] Bootstrap tree #524, logLikelihood: -33598.243541
[00:41:44] [worker #3] Bootstrap tree #526, logLikelihood: -32307.424352
[00:41:47] [worker #7] Bootstrap tree #512, logLikelihood: -33449.101655
[00:41:47] [worker #8] Bootstrap tree #531, logLikelihood: -33540.177268
[00:41:50] [worker #4] Bootstrap tree #527, logLikelihood: -32944.644733
[00:41:52] [worker #15] Bootstrap tree #520, logLikelihood: -33541.594676
[00:41:52] [worker #9] Bootstrap tree #532, logLikelihood: -32890.113825
[00:42:04] [worker #0] Bootstrap tree #541, logLikelihood: -33320.380983
[00:42:05] [worker #17] Bootstrap tree #522, logLikelihood: -33002.458135
[00:42:06] [worker #6] Bootstrap tree #529, logLikelihood: -33893.431414
[00:42:06] [worker #11] Bootstrap tree #534, logLikelihood: -33814.616228
[00:42:14] [worker #2] Bootstrap tree #543, logLikelihood: -33571.206331
[00:42:14] [worker #14] Bootstrap tree #519, logLikelihood: -33393.341816
[00:42:15] [worker #8] Bootstrap tree #549, logLikelihood: -33780.747926
[00:42:16] [worker #1] Bootstrap tree #542, logLikelihood: -33471.539174
[00:42:18] [worker #13] Bootstrap tree #536, logLikelihood: -32772.626063
[00:42:24] [worker #10] Bootstrap tree #533, logLikelihood: -33342.411152
[00:42:26] [worker #7] Bootstrap tree #530, logLikelihood: -33790.672987
[00:42:27] [worker #3] Bootstrap tree #544, logLikelihood: -33648.700235
[00:42:30] [worker #9] Bootstrap tree #550, logLikelihood: -33026.962906
[00:42:31] [worker #4] Bootstrap tree #545, logLikelihood: -33977.900257
[00:42:32] [worker #12] Bootstrap tree #535, logLikelihood: -33045.818408
[00:42:44] [worker #15] Bootstrap tree #538, logLikelihood: -33338.601079
[00:42:52] [worker #14] Bootstrap tree #537, logLikelihood: -33356.080296
[00:42:57] [worker #17] Bootstrap tree #540, logLikelihood: -33604.186832
[00:42:57] [worker #5] Bootstrap tree #528, logLikelihood: -33079.957751
[00:43:04] [worker #16] Bootstrap tree #521, logLikelihood: -33458.229651
[00:43:06] [worker #7] Bootstrap tree #548, logLikelihood: -33388.463395
[00:43:36] [worker #6] Bootstrap tree #547, logLikelihood: -33050.847517
[00:43:55] [worker #5] Bootstrap tree #546, logLikelihood: -33407.206625
[00:44:05] [worker #16] Bootstrap tree #539, logLikelihood: -32871.450888
[00:44:33] [worker #1] Bootstrap tree #560, logLikelihood: -33115.813606
[00:44:38] [worker #17] Bootstrap tree #558, logLikelihood: -33132.859564
[00:44:38] [worker #15] Bootstrap tree #556, logLikelihood: -33741.834266
[00:44:42] [worker #3] Bootstrap tree #562, logLikelihood: -33492.711461
[00:44:42] [worker #2] Bootstrap tree #561, logLikelihood: -33126.038242
[00:44:44] [worker #8] Bootstrap tree #567, logLikelihood: -33500.894985
[00:44:48] [worker #4] Bootstrap tree #563, logLikelihood: -33501.868459
[00:44:51] [worker #10] Bootstrap tree #551, logLikelihood: -33347.662760
[00:44:51] [worker #14] Bootstrap tree #555, logLikelihood: -33283.937222
[00:44:57] [worker #1] Bootstrap tree #578, logLikelihood: -33056.486898
[00:44:59] [worker #11] Bootstrap tree #552, logLikelihood: -33199.001498
[00:45:03] [worker #5] Bootstrap tree #564, logLikelihood: -33201.936691
[00:45:05] [worker #9] Bootstrap tree #568, logLikelihood: -33408.000188
[00:45:12] [worker #13] Bootstrap tree #554, logLikelihood: -33295.696745
[00:45:17] [worker #8] Bootstrap tree #585, logLikelihood: -33334.685213
[00:45:18] [worker #16] Bootstrap tree #557, logLikelihood: -32837.426325
[00:45:18] [worker #0] Bootstrap tree #559, logLikelihood: -33120.102981
[00:45:18] [worker #2] Bootstrap tree #579, logLikelihood: -32559.159981
[00:45:24] [worker #3] Bootstrap tree #580, logLikelihood: -32610.209094
[00:45:25] [worker #7] Bootstrap tree #566, logLikelihood: -32571.369828
[00:45:28] [worker #14] Bootstrap tree #573, logLikelihood: -32907.964710
[00:45:28] [worker #17] Bootstrap tree #576, logLikelihood: -32862.670962
[00:45:29] [worker #6] Bootstrap tree #565, logLikelihood: -33414.592941
[00:45:32] [worker #15] Bootstrap tree #574, logLikelihood: -33902.438961
[00:45:33] [worker #12] Bootstrap tree #553, logLikelihood: -33295.519799
[00:45:37] [worker #10] Bootstrap tree #569, logLikelihood: -33586.261254
[00:45:39] [worker #11] Bootstrap tree #570, logLikelihood: -34523.998372
[00:45:48] [worker #1] Bootstrap tree #596, logLikelihood: -33360.880738
[00:45:49] [worker #4] Bootstrap tree #581, logLikelihood: -33415.859330
[00:45:51] [worker #5] Bootstrap tree #582, logLikelihood: -34038.508086
[00:45:56] [worker #9] Bootstrap tree #586, logLikelihood: -33669.925084
[00:46:03] [worker #2] Bootstrap tree #597, logLikelihood: -34243.867736
[00:46:07] [worker #14] Bootstrap tree #591, logLikelihood: -32675.806969
[00:46:09] [worker #10] Bootstrap tree #587, logLikelihood: -32865.711688
[00:46:09] [worker #6] Bootstrap tree #583, logLikelihood: -33174.290115
[00:46:12] [worker #7] Bootstrap tree #584, logLikelihood: -32996.169961
[00:46:14] [worker #13] Bootstrap tree #572, logLikelihood: -33006.485400
[00:46:18] [worker #12] Bootstrap tree #571, logLikelihood: -33298.157805
[00:46:19] [worker #3] Bootstrap tree #598, logLikelihood: -33473.143101
[00:46:20] [worker #15] Bootstrap tree #592, logLikelihood: -33055.499422
[00:46:21] [worker #11] Bootstrap tree #588, logLikelihood: -33468.274382
[00:46:22] [worker #16] Bootstrap tree #575, logLikelihood: -33158.652720
[00:46:23] [worker #0] Bootstrap tree #577, logLikelihood: -33772.392463
[00:46:25] [worker #17] Bootstrap tree #594, logLikelihood: -32802.763654
[00:46:27] [worker #4] Bootstrap tree #599, logLikelihood: -33485.286408
[00:46:44] [worker #5] Bootstrap tree #600, logLikelihood: -33278.642468
[00:47:05] [worker #12] Bootstrap tree #589, logLikelihood: -33468.301704
[00:47:14] [worker #13] Bootstrap tree #590, logLikelihood: -33528.974692
[00:47:41] [worker #16] Bootstrap tree #593, logLikelihood: -33783.926126
[00:47:51] [worker #0] Bootstrap tree #595, logLikelihood: -32776.676573
[00:48:25] [worker #5] Bootstrap tree #618, logLikelihood: -32906.462872
[00:48:28] [worker #9] Bootstrap tree #604, logLikelihood: -33550.709170
[00:48:30] [worker #4] Bootstrap tree #617, logLikelihood: -34120.084743
[00:48:35] [worker #6] Bootstrap tree #601, logLikelihood: -32960.598198
[00:48:35] [worker #3] Bootstrap tree #616, logLikelihood: -33593.950490
[00:48:37] [worker #1] Bootstrap tree #614, logLikelihood: -33612.761723
[00:48:40] [worker #17] Bootstrap tree #612, logLikelihood: -33063.651461
[00:48:42] [worker #13] Bootstrap tree #608, logLikelihood: -33694.352013
[00:48:42] [worker #8] Bootstrap tree #603, logLikelihood: -33399.752947
[00:48:45] [worker #0] Bootstrap tree #613, logLikelihood: -33100.350587
[00:48:47] [worker #2] Bootstrap tree #615, logLikelihood: -33022.074261
[00:48:49] [worker #11] Bootstrap tree #606, logLikelihood: -33122.734512
[00:48:50] [worker #14] Bootstrap tree #609, logLikelihood: -32490.651083
[00:48:51] [worker #10] Bootstrap tree #605, logLikelihood: -33257.375109
[00:48:51] [worker #15] Bootstrap tree #610, logLikelihood: -33305.395601
[00:48:56] [worker #16] Bootstrap tree #611, logLikelihood: -33144.151043
[00:49:16] [worker #8] Bootstrap tree #621, logLikelihood: -32995.319242
[00:49:16] [worker #9] Bootstrap tree #622, logLikelihood: -33019.948915
[00:49:19] [worker #4] Bootstrap tree #635, logLikelihood: -33364.536417
[00:49:19] [worker #6] Bootstrap tree #619, logLikelihood: -33331.484774
[00:49:20] [worker #5] Bootstrap tree #636, logLikelihood: -33401.873834
[00:49:22] [worker #7] Bootstrap tree #602, logLikelihood: -33137.974494
[00:49:22] [worker #0] Bootstrap tree #631, logLikelihood: -32835.968448
[00:49:25] [worker #1] Bootstrap tree #632, logLikelihood: -33407.381737
[00:49:26] [worker #14] Bootstrap tree #627, logLikelihood: -32765.499350
[00:49:26] [worker #17] Bootstrap tree #630, logLikelihood: -33777.683082
[00:49:28] [worker #12] Bootstrap tree #607, logLikelihood: -33198.499715
[00:49:30] [worker #2] Bootstrap tree #633, logLikelihood: -33693.565408
[00:49:32] [worker #10] Bootstrap tree #623, logLikelihood: -33122.931480
[00:49:34] [worker #15] Bootstrap tree #628, logLikelihood: -33343.731432
[00:49:34] [worker #13] Bootstrap tree #626, logLikelihood: -33448.124788
[00:49:37] [worker #3] Bootstrap tree #634, logLikelihood: -33486.089563
[00:49:39] [worker #11] Bootstrap tree #624, logLikelihood: -33672.694564
[00:49:50] [worker #9] Bootstrap tree #640, logLikelihood: -33041.688963
[00:49:54] [worker #8] Bootstrap tree #639, logLikelihood: -33284.944775
[00:49:58] [worker #17] Bootstrap tree #648, logLikelihood: -33545.178047
[00:50:00] [worker #6] Bootstrap tree #637, logLikelihood: -33280.112857
[00:50:02] [worker #16] Bootstrap tree #629, logLikelihood: -33402.536598
[00:50:04] [worker #14] Bootstrap tree #645, logLikelihood: -32936.473590
[00:50:06] [worker #0] Bootstrap tree #649, logLikelihood: -33050.451230
[00:50:09] [worker #15] Bootstrap tree #646, logLikelihood: -32863.723427
[00:50:15] [worker #10] Bootstrap tree #641, logLikelihood: -33388.147932
[00:50:15] [worker #11] Bootstrap tree #642, logLikelihood: -33439.893058
[00:50:16] [worker #1] Bootstrap tree #650, logLikelihood: -33575.382685
[00:50:26] [worker #12] Bootstrap tree #625, logLikelihood: -33639.080812
[00:50:29] [worker #13] Bootstrap tree #644, logLikelihood: -33386.233458
[00:50:39] [worker #7] Bootstrap tree #620, logLikelihood: -33682.426222
[00:50:43] [worker #16] Bootstrap tree #647, logLikelihood: -32903.219441
[00:51:21] [worker #12] Bootstrap tree #643, logLikelihood: -33258.590569
[00:51:22] [worker #7] Bootstrap tree #638, logLikelihood: -33930.922954
[00:51:50] [worker #8] Bootstrap tree #657, logLikelihood: -32502.876572
[00:51:57] [worker #6] Bootstrap tree #655, logLikelihood: -33694.840663
[00:51:59] [worker #1] Bootstrap tree #668, logLikelihood: -33171.419609
[00:52:04] [worker #15] Bootstrap tree #664, logLikelihood: -32563.288925
[00:52:05] [worker #5] Bootstrap tree #654, logLikelihood: -33086.098040
[00:52:09] [worker #4] Bootstrap tree #653, logLikelihood: -33536.802936
[00:52:10] [worker #17] Bootstrap tree #666, logLikelihood: -33679.768947
[00:52:12] [worker #2] Bootstrap tree #651, logLikelihood: -33031.821488
[00:52:14] [worker #9] Bootstrap tree #658, logLikelihood: -33384.553038
[00:52:15] [worker #14] Bootstrap tree #663, logLikelihood: -33335.979609
[00:52:18] [worker #0] Bootstrap tree #667, logLikelihood: -32884.786575
[00:52:23] [worker #3] Bootstrap tree #652, logLikelihood: -33942.056606
[00:52:26] [worker #10] Bootstrap tree #659, logLikelihood: -33290.410413
[00:52:33] [worker #16] Bootstrap tree #665, logLikelihood: -32973.025431
[00:52:34] [worker #7] Bootstrap tree #656, logLikelihood: -33381.972861
[00:52:36] [worker #8] Bootstrap tree #675, logLikelihood: -33412.749187
[00:52:39] [worker #5] Bootstrap tree #672, logLikelihood: -33694.140250
[00:52:40] [worker #6] Bootstrap tree #673, logLikelihood: -32741.200861
[00:52:41] [worker #13] Bootstrap tree #662, logLikelihood: -33494.711429
[00:52:41] [worker #11] Bootstrap tree #660, logLikelihood: -33077.539870
[00:52:42] [worker #12] Bootstrap tree #661, logLikelihood: -33335.306554
[00:52:54] [worker #4] Bootstrap tree #671, logLikelihood: -32901.194943
[00:52:57] [worker #9] Bootstrap tree #676, logLikelihood: -33407.227547
[00:52:57] [worker #15] Bootstrap tree #682, logLikelihood: -33606.069054
[00:52:58] [worker #0] Bootstrap tree #685, logLikelihood: -33173.204186
[00:52:58] [worker #1] Bootstrap tree #686, logLikelihood: -32982.643539
[00:52:58] [worker #17] Bootstrap tree #684, logLikelihood: -32555.380580
[00:53:04] [worker #14] Bootstrap tree #681, logLikelihood: -33472.588674
[00:53:10] [worker #5] Bootstrap tree #690, logLikelihood: -32888.847166
[00:53:10] [worker #2] Bootstrap tree #669, logLikelihood: -32564.881019
[00:53:10] [worker #8] Bootstrap tree #693, logLikelihood: -33094.964208
[00:53:15] [worker #7] Bootstrap tree #674, logLikelihood: -33484.948694
[00:53:19] [worker #16] Bootstrap tree #683, logLikelihood: -33492.194035
[00:53:19] [worker #3] Bootstrap tree #670, logLikelihood: -33363.023482
[00:53:27] [worker #10] Bootstrap tree #677, logLikelihood: -33632.537134
[00:53:27] [worker #6] Bootstrap tree #691, logLikelihood: -32649.183512
[00:53:33] [worker #13] Bootstrap tree #680, logLikelihood: -33203.384601
[00:53:35] [worker #12] Bootstrap tree #679, logLikelihood: -33121.695705
[00:53:38] [worker #15] Bootstrap tree #700, logLikelihood: -32897.379890
[00:53:44] [worker #14] Bootstrap tree #699, logLikelihood: -33562.626455
[00:53:48] [worker #2] Bootstrap tree #687, logLikelihood: -33157.146970
[00:53:59] [worker #9] Bootstrap tree #694, logLikelihood: -33845.676643
[00:54:00] [worker #4] Bootstrap tree #689, logLikelihood: -33487.884373
[00:54:01] [worker #11] Bootstrap tree #678, logLikelihood: -33093.478857
[00:54:04] [worker #10] Bootstrap tree #695, logLikelihood: -33361.114925
[00:54:06] [worker #3] Bootstrap tree #688, logLikelihood: -33315.106880
[00:54:08] [worker #7] Bootstrap tree #692, logLikelihood: -32523.894476
[00:54:20] [worker #13] Bootstrap tree #698, logLikelihood: -33819.886933
[00:54:22] [worker #12] Bootstrap tree #697, logLikelihood: -33559.896728
[00:54:43] [worker #11] Bootstrap tree #696, logLikelihood: -33166.535780
[00:55:19] [worker #2] Bootstrap tree #705, logLikelihood: -33091.094061
[00:55:20] [worker #8] Bootstrap tree #711, logLikelihood: -33474.329276
[00:55:20] [worker #10] Bootstrap tree #713, logLikelihood: -33199.671122
[00:55:21] [worker #4] Bootstrap tree #707, logLikelihood: -33253.700375
[00:55:21] [worker #16] Bootstrap tree #701, logLikelihood: -33566.761110
[00:55:24] [worker #5] Bootstrap tree #708, logLikelihood: -33336.581785
[00:55:26] [worker #6] Bootstrap tree #709, logLikelihood: -33103.343118
[00:55:27] [worker #9] Bootstrap tree #712, logLikelihood: -33093.502466
[00:55:33] [worker #15] Bootstrap tree #718, logLikelihood: -33270.422040
[00:55:34] [worker #12] Bootstrap tree #715, logLikelihood: -33451.245808
[00:55:37] [worker #1] Bootstrap tree #704, logLikelihood: -33412.620088
[00:55:37] [worker #17] Bootstrap tree #702, logLikelihood: -33652.162524
[00:55:38] [worker #3] Bootstrap tree #706, logLikelihood: -33778.171651
[00:55:38] [worker #0] Bootstrap tree #703, logLikelihood: -33337.296552
[00:55:46] [worker #5] Bootstrap tree #726, logLikelihood: -32683.831815
[00:55:53] [worker #8] Bootstrap tree #729, logLikelihood: -33494.151533
[00:55:54] [worker #16] Bootstrap tree #719, logLikelihood: -33125.007953
[00:55:54] [worker #7] Bootstrap tree #710, logLikelihood: -32919.211952
[00:55:54] [worker #13] Bootstrap tree #716, logLikelihood: -33083.097572
[00:55:55] [worker #14] Bootstrap tree #717, logLikelihood: -33698.305995
[00:55:58] [worker #9] Bootstrap tree #730, logLikelihood: -33329.022418
[00:56:06] [worker #10] Bootstrap tree #731, logLikelihood: -33158.677444
[00:56:06] [worker #12] Bootstrap tree #733, logLikelihood: -32667.417009
[00:56:07] [worker #11] Bootstrap tree #714, logLikelihood: -33235.307552
[00:56:08] [worker #6] Bootstrap tree #727, logLikelihood: -33125.785600
[00:56:11] [worker #2] Bootstrap tree #723, logLikelihood: -33211.714869
[00:56:17] [worker #4] Bootstrap tree #725, logLikelihood: -33715.821398
[00:56:19] [worker #1] Bootstrap tree #722, logLikelihood: -33621.390976
[00:56:19] [worker #5] Bootstrap tree #744, logLikelihood: -33274.889474
[00:56:22] [worker #8] Bootstrap tree #747, logLikelihood: -33154.164864
[00:56:28] [worker #13] Bootstrap tree #734, logLikelihood: -32659.192394
[00:56:34] [worker #0] Bootstrap tree #721, logLikelihood: -33187.334747
[00:56:35] [worker #3] Bootstrap tree #724, logLikelihood: -33332.793187
[00:56:40] [worker #14] Bootstrap tree #735, logLikelihood: -33231.511042
[00:56:41] [worker #16] Bootstrap tree #737, logLikelihood: -33210.443615
[00:56:44] [worker #17] Bootstrap tree #720, logLikelihood: -33230.959361
[00:56:44] [worker #10] Bootstrap tree #749, logLikelihood: -33314.338685
[00:56:45] [worker #15] Bootstrap tree #736, logLikelihood: -33296.825777
[00:56:51] [worker #2] Bootstrap tree #741, logLikelihood: -33400.431536
[00:56:54] [worker #9] Bootstrap tree #748, logLikelihood: -33854.104217
[00:56:58] [worker #1] Bootstrap tree #740, logLikelihood: -33445.634197
[00:57:07] [worker #11] Bootstrap tree #732, logLikelihood: -33053.501609
[00:57:09] [worker #7] Bootstrap tree #728, logLikelihood: -33589.664471
[00:57:13] [worker #4] Bootstrap tree #743, logLikelihood: -33137.351899
[00:57:25] [worker #6] Bootstrap tree #745, logLikelihood: -32918.132853
[00:57:33] [worker #17] Bootstrap tree #738, logLikelihood: -32962.428844
[00:57:58] [worker #0] Bootstrap tree #739, logLikelihood: -33383.512399
[00:58:09] [worker #3] Bootstrap tree #742, logLikelihood: -32350.299735
[00:58:11] [worker #7] Bootstrap tree #746, logLikelihood: -34113.796151
[00:58:34] [worker #11] Bootstrap tree #750, logLikelihood: -33847.816859
[00:59:13] [worker #10] Bootstrap tree #767, logLikelihood: -33006.933339
[00:59:14] [worker #2] Bootstrap tree #759, logLikelihood: -33661.355527
[00:59:16] [worker #16] Bootstrap tree #755, logLikelihood: -33484.009265
[00:59:19] [worker #8] Bootstrap tree #765, logLikelihood: -33154.216802
[00:59:20] [worker #12] Bootstrap tree #751, logLikelihood: -33330.081773
[00:59:22] [worker #5] Bootstrap tree #762, logLikelihood: -33823.665471
[00:59:22] [worker #15] Bootstrap tree #754, logLikelihood: -34075.323190
[00:59:24] [worker #4] Bootstrap tree #761, logLikelihood: -33068.173378
[00:59:24] [worker #11] Bootstrap tree #768, logLikelihood: -33655.594616
[00:59:27] [worker #9] Bootstrap tree #766, logLikelihood: -32505.069648
[00:59:29] [worker #13] Bootstrap tree #752, logLikelihood: -33391.599680
[00:59:30] [worker #14] Bootstrap tree #753, logLikelihood: -32328.002714
[00:59:31] [worker #17] Bootstrap tree #756, logLikelihood: -32386.564762
[00:59:36] [worker #7] Bootstrap tree #764, logLikelihood: -33324.669243
[00:59:40] [worker #3] Bootstrap tree #760, logLikelihood: -34039.809132
[00:59:41] [worker #1] Bootstrap tree #758, logLikelihood: -33556.413002
[00:59:43] [worker #10] Bootstrap tree #785, logLikelihood: -32930.955862
[00:59:50] [worker #2] Bootstrap tree #777, logLikelihood: -33485.056000
[00:59:52] [worker #0] Bootstrap tree #757, logLikelihood: -33258.153743
[00:59:54] [worker #16] Bootstrap tree #773, logLikelihood: -33415.626085
[00:59:56] [worker #5] Bootstrap tree #780, logLikelihood: -33297.390203
[00:59:56] [worker #6] Bootstrap tree #763, logLikelihood: -33015.368516
[00:59:59] [worker #4] Bootstrap tree #779, logLikelihood: -32920.834985
[00:59:59] [worker #12] Bootstrap tree #769, logLikelihood: -32967.680588
[01:00:05] [worker #8] Bootstrap tree #783, logLikelihood: -33576.180015
[01:00:06] [worker #15] Bootstrap tree #772, logLikelihood: -33569.888961
[01:00:10] [worker #11] Bootstrap tree #786, logLikelihood: -33357.421613
[01:00:18] [worker #17] Bootstrap tree #774, logLikelihood: -33175.917574
[01:00:22] [worker #13] Bootstrap tree #770, logLikelihood: -33274.015685
[01:00:24] [worker #2] Bootstrap tree #795, logLikelihood: -33765.862569
[01:00:26] [worker #1] Bootstrap tree #776, logLikelihood: -33233.439339
[01:00:32] [worker #4] Bootstrap tree #797, logLikelihood: -32441.086157
[01:00:33] [worker #3] Bootstrap tree #778, logLikelihood: -33841.770296
[01:00:33] [worker #5] Bootstrap tree #798, logLikelihood: -33094.827807
[01:00:34] [worker #7] Bootstrap tree #782, logLikelihood: -33713.493699
[01:00:36] [worker #16] Bootstrap tree #791, logLikelihood: -33096.404479
[01:00:38] [worker #6] Bootstrap tree #781, logLikelihood: -33658.120773
[01:00:39] [worker #9] Bootstrap tree #784, logLikelihood: -33667.054287
[01:00:45] [worker #14] Bootstrap tree #771, logLikelihood: -32915.717948
[01:00:47] [worker #12] Bootstrap tree #787, logLikelihood: -33702.245397
[01:00:56] [worker #15] Bootstrap tree #790, logLikelihood: -32773.821093
[01:00:58] [worker #0] Bootstrap tree #775, logLikelihood: -33565.402135
[01:01:02] [worker #17] Bootstrap tree #792, logLikelihood: -33422.754673
[01:01:04] [worker #1] Bootstrap tree #794, logLikelihood: -33654.534012
[01:01:15] [worker #13] Bootstrap tree #788, logLikelihood: -33465.726715
[01:01:30] [worker #7] Bootstrap tree #800, logLikelihood: -33465.901660
[01:01:37] [worker #3] Bootstrap tree #796, logLikelihood: -33931.206704
[01:01:41] [worker #6] Bootstrap tree #799, logLikelihood: -32851.841437
[01:01:46] [worker #14] Bootstrap tree #789, logLikelihood: -32253.173368
[01:02:29] [worker #0] Bootstrap tree #793, logLikelihood: -33511.810549
[01:03:05] [worker #1] Bootstrap tree #812, logLikelihood: -34024.979367
[01:03:08] [worker #17] Bootstrap tree #810, logLikelihood: -33880.723313
[01:03:10] [worker #4] Bootstrap tree #815, logLikelihood: -33452.961264
[01:03:12] [worker #5] Bootstrap tree #816, logLikelihood: -32504.809493
[01:03:14] [worker #12] Bootstrap tree #805, logLikelihood: -32628.108854
[01:03:15] [worker #7] Bootstrap tree #818, logLikelihood: -33748.129034
[01:03:15] [worker #6] Bootstrap tree #817, logLikelihood: -33661.377765
[01:03:19] [worker #16] Bootstrap tree #809, logLikelihood: -34310.590767
[01:03:23] [worker #9] Bootstrap tree #802, logLikelihood: -33268.321891
[01:03:36] [worker #6] Bootstrap tree #835, logLikelihood: -33198.907573
[01:03:39] [worker #0] Bootstrap tree #811, logLikelihood: -32544.554973
[01:03:41] [worker #8] Bootstrap tree #801, logLikelihood: -32983.307756
[01:03:42] [worker #11] Bootstrap tree #804, logLikelihood: -33096.678522
[01:03:43] [worker #14] Bootstrap tree #807, logLikelihood: -32857.379963
[01:03:45] [worker #2] Bootstrap tree #813, logLikelihood: -32593.945478
[01:03:46] [worker #1] Bootstrap tree #830, logLikelihood: -33551.465376
[01:03:46] [worker #3] Bootstrap tree #814, logLikelihood: -32955.351989
[01:03:46] [worker #15] Bootstrap tree #808, logLikelihood: -33662.751452
[01:03:50] [worker #12] Bootstrap tree #823, logLikelihood: -32754.342820
[01:03:52] [worker #5] Bootstrap tree #834, logLikelihood: -33231.782019
[01:03:57] [worker #16] Bootstrap tree #827, logLikelihood: -33025.283575
[01:03:59] [worker #13] Bootstrap tree #806, logLikelihood: -32939.631635
[01:04:02] [worker #4] Bootstrap tree #833, logLikelihood: -33814.712442
[01:04:05] [worker #10] Bootstrap tree #803, logLikelihood: -32380.614831
[01:04:08] [worker #9] Bootstrap tree #820, logLikelihood: -33481.303424
[01:04:10] [worker #7] Bootstrap tree #836, logLikelihood: -32773.728359
[01:04:26] [worker #3] Bootstrap tree #832, logLikelihood: -33089.187399
[01:04:27] [worker #2] Bootstrap tree #831, logLikelihood: -33036.121200
[01:04:27] [worker #1] Bootstrap tree #848, logLikelihood: -32564.104947
[01:04:28] [worker #8] Bootstrap tree #819, logLikelihood: -32836.593918
[01:04:31] [worker #12] Bootstrap tree #841, logLikelihood: -33568.813440
[01:04:32] [worker #0] Bootstrap tree #829, logLikelihood: -33352.050480
[01:04:33] [worker #15] Bootstrap tree #826, logLikelihood: -32908.514765
[01:04:36] [worker #17] Bootstrap tree #828, logLikelihood: -33413.941317
[01:04:37] [worker #16] Bootstrap tree #845, logLikelihood: -33237.357127
[01:04:42] [worker #11] Bootstrap tree #822, logLikelihood: -33184.548668
[01:04:44] [worker #13] Bootstrap tree #824, logLikelihood: -32965.272634
[01:05:08] [worker #10] Bootstrap tree #821, logLikelihood: -33734.110533
[01:05:13] [worker #2] Bootstrap tree #849, logLikelihood: -33148.441549
[01:05:13] [worker #8] Bootstrap tree #837, logLikelihood: -33378.642841
[01:05:16] [worker #15] Bootstrap tree #844, logLikelihood: -33061.365040
[01:05:16] [worker #3] Bootstrap tree #850, logLikelihood: -33481.738308
[01:05:20] [worker #17] Bootstrap tree #846, logLikelihood: -33442.001762
[01:05:24] [worker #13] Bootstrap tree #842, logLikelihood: -32856.513436
[01:05:25] [worker #14] Bootstrap tree #825, logLikelihood: -33939.833191
[01:05:26] [worker #9] Bootstrap tree #838, logLikelihood: -33757.682483
[01:05:30] [worker #0] Bootstrap tree #847, logLikelihood: -33697.323070
[01:06:03] [worker #11] Bootstrap tree #840, logLikelihood: -33827.065418
[01:06:04] [worker #10] Bootstrap tree #839, logLikelihood: -33508.443080
[01:06:16] [worker #14] Bootstrap tree #843, logLikelihood: -33150.959879
[01:06:45] [worker #6] Bootstrap tree #853, logLikelihood: -33159.870997
[01:06:48] [worker #7] Bootstrap tree #854, logLikelihood: -32934.263215
[01:06:57] [worker #11] Bootstrap tree #858, logLikelihood: -32819.923614
[01:06:59] [worker #12] Bootstrap tree #859, logLikelihood: -33345.636347
[01:06:59] [worker #16] Bootstrap tree #863, logLikelihood: -33174.365106
[01:07:00] [worker #15] Bootstrap tree #862, logLikelihood: -32965.615372
[01:07:04] [worker #17] Bootstrap tree #864, logLikelihood: -33248.926920
[01:07:08] [worker #8] Bootstrap tree #855, logLikelihood: -33430.540044
[01:07:09] [worker #2] Bootstrap tree #867, logLikelihood: -33558.179756
[01:07:11] [worker #1] Bootstrap tree #866, logLikelihood: -34088.753989
[01:07:12] [worker #13] Bootstrap tree #860, logLikelihood: -33858.374787
[01:07:12] [worker #10] Bootstrap tree #857, logLikelihood: -34126.864085
[01:07:12] [worker #9] Bootstrap tree #856, logLikelihood: -32693.738064
[01:07:13] [worker #0] Bootstrap tree #865, logLikelihood: -32788.406135
[01:07:24] [worker #6] Bootstrap tree #871, logLikelihood: -33043.162608
[01:07:24] [worker #3] Bootstrap tree #868, logLikelihood: -33028.072857
[01:07:25] [worker #7] Bootstrap tree #872, logLikelihood: -32692.801163
[01:07:28] [worker #4] Bootstrap tree #851, logLikelihood: -32963.366405
[01:07:37] [worker #16] Bootstrap tree #881, logLikelihood: -33680.717178
[01:07:38] [worker #12] Bootstrap tree #877, logLikelihood: -33484.220317
[01:07:40] [worker #17] Bootstrap tree #882, logLikelihood: -33178.954181
[01:07:41] [worker #11] Bootstrap tree #876, logLikelihood: -32805.569732
[01:07:43] [worker #14] Bootstrap tree #861, logLikelihood: -33049.467942
[01:07:44] [worker #15] Bootstrap tree #880, logLikelihood: -33301.032908
[01:07:44] [worker #8] Bootstrap tree #873, logLikelihood: -33248.378686
[01:07:45] [worker #2] Bootstrap tree #885, logLikelihood: -33352.065817
[01:07:48] [worker #5] Bootstrap tree #852, logLikelihood: -33311.245994
[01:07:55] [worker #13] Bootstrap tree #878, logLikelihood: -33584.672924
[01:07:57] [worker #0] Bootstrap tree #883, logLikelihood: -33414.774725
[01:08:03] [worker #10] Bootstrap tree #875, logLikelihood: -33423.732523
[01:08:03] [worker #4] Bootstrap tree #869, logLikelihood: -33259.165947
[01:08:04] [worker #7] Bootstrap tree #890, logLikelihood: -33636.895986
[01:08:10] [worker #6] Bootstrap tree #889, logLikelihood: -33124.309838
[01:08:15] [worker #8] Bootstrap tree #891, logLikelihood: -33418.867177
[01:08:16] [worker #17] Bootstrap tree #900, logLikelihood: -33196.540954
[01:08:17] [worker #12] Bootstrap tree #895, logLikelihood: -33341.554363
[01:08:19] [worker #16] Bootstrap tree #899, logLikelihood: -33359.397807
[01:08:21] [worker #3] Bootstrap tree #886, logLikelihood: -33438.265765
[01:08:22] [worker #11] Bootstrap tree #894, logLikelihood: -33440.613569
[01:08:22] [worker #1] Bootstrap tree #884, logLikelihood: -33673.572625
[01:08:26] [worker #9] Bootstrap tree #874, logLikelihood: -33286.687692
[01:08:31] [worker #15] Bootstrap tree #898, logLikelihood: -32545.316157
[01:08:34] [worker #5] Bootstrap tree #870, logLikelihood: -33109.005235
[01:08:37] [worker #13] Bootstrap tree #896, logLikelihood: -33419.703761
[01:08:42] [worker #4] Bootstrap tree #887, logLikelihood: -33092.951795
[01:09:04] [worker #10] Bootstrap tree #893, logLikelihood: -32856.781920
[01:09:16] [worker #9] Bootstrap tree #892, logLikelihood: -33510.649217
[01:09:21] [worker #14] Bootstrap tree #879, logLikelihood: -32308.426143
[01:09:26] [worker #5] Bootstrap tree #888, logLikelihood: -33475.419620
[01:10:00] [worker #14] Bootstrap tree #897, logLikelihood: -32891.942708
[01:10:40] [worker #12] Bootstrap tree #913, logLikelihood: -32718.202306
[01:10:42] [worker #8] Bootstrap tree #909, logLikelihood: -33304.291262
[01:10:43] [worker #9] Bootstrap tree #910, logLikelihood: -32971.504604
[01:10:48] [worker #16] Bootstrap tree #917, logLikelihood: -33169.390159
[01:10:48] [worker #1] Bootstrap tree #902, logLikelihood: -33682.130152
[01:10:50] [worker #10] Bootstrap tree #911, logLikelihood: -32913.181331
[01:10:50] [worker #11] Bootstrap tree #912, logLikelihood: -32915.850693
[01:10:53] [worker #6] Bootstrap tree #907, logLikelihood: -33359.089025
[01:10:57] [worker #17] Bootstrap tree #918, logLikelihood: -33320.434826
[01:10:58] [worker #4] Bootstrap tree #905, logLikelihood: -33314.389379
[01:10:58] [worker #0] Bootstrap tree #901, logLikelihood: -33784.382898
[01:10:59] [worker #7] Bootstrap tree #908, logLikelihood: -33243.905584
[01:11:05] [worker #2] Bootstrap tree #903, logLikelihood: -33148.047416
[01:11:06] [worker #15] Bootstrap tree #916, logLikelihood: -32884.745634
[01:11:08] [worker #13] Bootstrap tree #914, logLikelihood: -33275.112468
[01:11:09] [worker #5] Bootstrap tree #906, logLikelihood: -32775.765482
[01:11:12] [worker #8] Bootstrap tree #927, logLikelihood: -33251.459995
[01:11:18] [worker #3] Bootstrap tree #904, logLikelihood: -33326.473419
[01:11:27] [worker #9] Bootstrap tree #928, logLikelihood: -33123.988663
[01:11:28] [worker #6] Bootstrap tree #925, logLikelihood: -33163.276233
[01:11:29] [worker #16] Bootstrap tree #935, logLikelihood: -33735.176659
[01:11:30] [worker #1] Bootstrap tree #920, logLikelihood: -33435.279366
[01:11:31] [worker #12] Bootstrap tree #931, logLikelihood: -33282.537380
[01:11:35] [worker #10] Bootstrap tree #929, logLikelihood: -32482.039253
[01:11:35] [worker #4] Bootstrap tree #923, logLikelihood: -33497.623451
[01:11:41] [worker #14] Bootstrap tree #915, logLikelihood: -32809.198436
[01:11:42] [worker #0] Bootstrap tree #919, logLikelihood: -32807.311486
[01:11:42] [worker #17] Bootstrap tree #936, logLikelihood: -33214.329200
[01:11:45] [worker #2] Bootstrap tree #921, logLikelihood: -33872.732371
[01:11:48] [worker #8] Bootstrap tree #945, logLikelihood: -33474.495679
[01:11:48] [worker #3] Bootstrap tree #922, logLikelihood: -32649.202419
[01:11:49] [worker #5] Bootstrap tree #924, logLikelihood: -33279.118519
[01:11:52] [worker #15] Bootstrap tree #934, logLikelihood: -33448.124695
[01:11:56] [worker #11] Bootstrap tree #930, logLikelihood: -32718.249914
[01:11:56] [worker #7] Bootstrap tree #926, logLikelihood: -33351.636928
[01:12:12] [worker #12] Bootstrap tree #949, logLikelihood: -32570.836265
[01:12:14] [worker #13] Bootstrap tree #932, logLikelihood: -33234.671920
[01:12:14] [worker #6] Bootstrap tree #943, logLikelihood: -32516.333962
[01:12:19] [worker #10] Bootstrap tree #947, logLikelihood: -33390.416246
[01:12:19] [worker #1] Bootstrap tree #938, logLikelihood: -32992.365447
[01:12:21] [worker #9] Bootstrap tree #946, logLikelihood: -33559.770716
[01:12:23] [worker #3] Bootstrap tree #940, logLikelihood: -33779.062082
[01:12:27] [worker #14] Bootstrap tree #933, logLikelihood: -33343.730735
[01:12:43] [worker #11] Bootstrap tree #948, logLikelihood: -33402.310175
[01:12:44] [worker #7] Bootstrap tree #944, logLikelihood: -33574.116110
[01:12:44] [worker #2] Bootstrap tree #939, logLikelihood: -33306.015403
[01:12:46] [worker #0] Bootstrap tree #937, logLikelihood: -33253.131215
[01:12:48] [worker #5] Bootstrap tree #942, logLikelihood: -32326.189010
[01:13:04] [worker #4] Bootstrap tree #941, logLikelihood: -33024.209275
[01:13:23] [worker #13] Bootstrap tree #950, logLikelihood: -33196.501163
[01:13:48] [worker #8] Bootstrap tree #963, logLikelihood: -32965.258709
[01:14:03] [worker #15] Bootstrap tree #952, logLikelihood: -32521.851523
[01:14:05] [worker #3] Bootstrap tree #958, logLikelihood: -33017.360265
[01:14:05] [worker #0] Bootstrap tree #955, logLikelihood: -32629.134715
[01:14:06] [worker #2] Bootstrap tree #957, logLikelihood: -33297.580511
[01:14:07] [worker #10] Bootstrap tree #965, logLikelihood: -33414.690825
[01:14:09] [worker #12] Bootstrap tree #967, logLikelihood: -33554.362434
[01:14:11] [worker #1] Bootstrap tree #956, logLikelihood: -33427.308452
[01:14:13] [worker #14] Bootstrap tree #951, logLikelihood: -32937.753848
[01:14:13] [worker #11] Bootstrap tree #966, logLikelihood: -33176.580828
[01:14:15] [worker #7] Bootstrap tree #962, logLikelihood: -33119.211758
[01:14:17] [worker #9] Bootstrap tree #964, logLikelihood: -33240.584602
[01:14:20] [worker #5] Bootstrap tree #960, logLikelihood: -32775.462630
[01:14:20] [worker #16] Bootstrap tree #953, logLikelihood: -32949.450691
[01:14:24] [worker #17] Bootstrap tree #954, logLikelihood: -33105.572920
[01:14:27] [worker #4] Bootstrap tree #959, logLikelihood: -32841.792087
[01:14:34] [worker #6] Bootstrap tree #961, logLikelihood: -33203.734249
[01:14:42] [worker #7] Bootstrap tree #980, logLikelihood: -33789.639109
[01:14:42] [worker #10] Bootstrap tree #983, logLikelihood: -32855.968862
[01:14:43] [worker #13] Bootstrap tree #968, logLikelihood: -33314.645923
[01:14:44] [worker #15] Bootstrap tree #970, logLikelihood: -33105.761864
[01:14:44] [worker #3] Bootstrap tree #976, logLikelihood: -33152.577464
[01:14:47] [worker #11] Bootstrap tree #984, logLikelihood: -33681.677271
[01:14:48] [worker #8] Bootstrap tree #981, logLikelihood: -33372.279107
[01:14:50] [worker #0] Bootstrap tree #973, logLikelihood: -33658.945405
[01:14:52] [worker #2] Bootstrap tree #975, logLikelihood: -33525.768334
[01:14:56] [worker #16] Bootstrap tree #971, logLikelihood: -33342.715803
[01:14:58] [worker #12] Bootstrap tree #985, logLikelihood: -33739.241545
[01:15:07] [worker #4] Bootstrap tree #977, logLikelihood: -33246.439317
[01:15:10] [worker #7] Bootstrap tree #998, logLikelihood: -32965.897464
[01:15:15] [worker #5] Bootstrap tree #978, logLikelihood: -33473.702186
[01:15:16] [worker #9] Bootstrap tree #982, logLikelihood: -33114.756417
[01:15:20] [worker #1] Bootstrap tree #974, logLikelihood: -33527.926107
[01:15:24] [worker #6] Bootstrap tree #979, logLikelihood: -32937.790749
[01:15:27] [worker #3] Bootstrap tree #994, logLikelihood: -33439.161848
[01:15:28] [worker #15] Bootstrap tree #988, logLikelihood: -33904.955859
[01:15:29] [worker #14] Bootstrap tree #969, logLikelihood: -33239.923650
[01:15:30] [worker #17] Bootstrap tree #972, logLikelihood: -33224.413269
[01:15:33] [worker #13] Bootstrap tree #986, logLikelihood: -33218.822114
[01:15:34] [worker #4] Bootstrap tree #995, logLikelihood: -33459.447040
[01:15:48] [worker #16] Bootstrap tree #989, logLikelihood: -32443.968269
[01:16:01] [worker #2] Bootstrap tree #993, logLikelihood: -33649.739078
[01:16:02] [worker #8] Bootstrap tree #999, logLikelihood: -33771.713856
[01:16:05] [worker #5] Bootstrap tree #996, logLikelihood: -33459.750852
[01:16:05] [worker #0] Bootstrap tree #991, logLikelihood: -32828.276388
[01:16:05] [worker #9] Bootstrap tree #1000, logLikelihood: -33358.688696
[01:16:06] [worker #1] Bootstrap tree #992, logLikelihood: -33316.060860
[01:16:09] [worker #6] Bootstrap tree #997, logLikelihood: -33333.901986
[01:16:18] [worker #14] Bootstrap tree #987, logLikelihood: -33429.975457
[01:16:31] [worker #17] Bootstrap tree #990, logLikelihood: -33488.633479

Optimized model parameters:

   Partition 0: noname
   Rate heterogeneity: GAMMA (4 cats, mean),  alpha: 0.855435 (ML),  weights&rates: (0.250000,0.107288) (0.250000,0.428531) (0.250000,0.971206) (0.250000,2.492975) 
   Base frequencies (ML): 0.259998 0.212831 0.253394 0.273778 
   Substitution rates (ML): 0.826603 2.792203 0.627907 1.312085 4.554830 1.000000 


Final LogLikelihood: -33310.118633

AIC score: 66756.237265 / AICc score: 66757.310335 / BIC score: 67237.955837
Free parameters (model + branch lengths): 68

WARNING: Best ML tree contains 4 near-zero branches!

Best ML tree with collapsed near-zero branches saved to: /work/LAS/dlavrov-lab/users/Momin/work/Mystery-sponge/demosponges.cdhit.aln.raxml.bestTreeCollapsed
Best ML tree saved to: /work/LAS/dlavrov-lab/users/Momin/work/Mystery-sponge/demosponges.cdhit.aln.raxml.bestTree
All ML trees saved to: /work/LAS/dlavrov-lab/users/Momin/work/Mystery-sponge/demosponges.cdhit.aln.raxml.mlTrees
Best ML tree with Felsenstein bootstrap (FBP) support values saved to: /work/LAS/dlavrov-lab/users/Momin/work/Mystery-sponge/demosponges.cdhit.aln.raxml.support
Optimized model saved to: /work/LAS/dlavrov-lab/users/Momin/work/Mystery-sponge/demosponges.cdhit.aln.raxml.bestModel
Bootstrap trees saved to: /work/LAS/dlavrov-lab/users/Momin/work/Mystery-sponge/demosponges.cdhit.aln.raxml.bootstraps

Execution log saved to: /work/LAS/dlavrov-lab/users/Momin/work/Mystery-sponge/demosponges.cdhit.aln.raxml.log

Analysis started: 31-Aug-2023 19:24:50 / finished: 31-Aug-2023 20:41:25

Elapsed time: 4595.335 seconds

