
RAxML-NG v. 1.1.0-master released on 04.08.2022 by The Exelixis Lab.
Developed by: Alexey M. Kozlov and Alexandros Stamatakis.
Contributors: Diego Darriba, Tomas Flouri, Benoit Morel, Sarah Lutteropp, Ben Bettisworth.
Latest version: https://github.com/amkozlov/raxml-ng
Questions/problems/suggestions? Please visit: https://groups.google.com/forum/#!forum/raxml

System: Intel(R) Xeon(R) Gold 6140 CPU @ 2.30GHz, 36 cores, 187 GB RAM

RAxML-NG was called at 05-Sep-2023 21:11:32 as follows:

raxml-ng --all --msa demosponges.cdhit.aln --model GTR+G

Analysis options:
  run mode: ML tree search + bootstrapping (Felsenstein Bootstrap)
  start tree(s): random (10) + parsimony (10)
  bootstrap replicates: max: 1000 + bootstopping (autoMRE, cutoff: 0.030000)
  random seed: 1693966292
  tip-inner: OFF
  pattern compression: ON
  per-rate scalers: OFF
  site repeats: ON
  branch lengths: proportional (ML estimate, algorithm: NR-FAST)
  SIMD kernels: AVX2
  parallelization: coarse-grained (auto), PTHREADS (auto)

[00:00:00] Reading alignment from file: demosponges.cdhit.aln
[00:00:00] Loaded alignment with 32 taxa and 12984 sites

Alignment comprises 1 partitions and 3079 patterns

Partition 0: noname
Model: GTR+FO+G4m
Alignment sites / patterns: 12984 / 3079
Gaps: 86.55 %
Invariant sites: 70.19 %


NOTE: Binary MSA file created: demosponges.cdhit.aln.raxml.rba

Parallelization scheme autoconfig: 18 worker(s) x 2 thread(s)

Parallel reduction/worker buffer size: 1 KB  / 0 KB

[00:00:00] Generating 10 random starting tree(s) with 32 taxa
[00:00:00] Generating 10 parsimony starting tree(s) with 32 taxa
[00:00:00] Data distribution: max. partitions/sites/weight per thread: 1 / 1540 / 24640
[00:00:00] Data distribution: max. searches per worker: 58

Starting ML tree search with 20 distinct starting trees

[00:00:40] [worker #12] ML tree search #13, logLikelihood: -42541.120002
[00:00:46] [worker #16] ML tree search #17, logLikelihood: -42541.129411
[00:00:46] [worker #17] ML tree search #18, logLikelihood: -42541.095262
[00:00:47] [worker #13] ML tree search #14, logLikelihood: -42541.144358
[00:00:49] [worker #11] ML tree search #12, logLikelihood: -42541.097321
[00:00:59] [worker #1] ML tree search #2, logLikelihood: -42542.255993
[00:01:00] [worker #7] ML tree search #8, logLikelihood: -42542.168308
[00:01:05] [worker #15] ML tree search #16, logLikelihood: -42541.099359
[00:01:07] [worker #14] ML tree search #15, logLikelihood: -42541.108400
[00:01:07] [worker #6] ML tree search #7, logLikelihood: -42541.134705
[00:01:11] [worker #9] ML tree search #10, logLikelihood: -42541.136329
[00:01:12] [worker #10] ML tree search #11, logLikelihood: -42541.109437
[00:01:13] [worker #3] ML tree search #4, logLikelihood: -42542.130826
[00:01:14] [worker #2] ML tree search #3, logLikelihood: -42542.158423
[00:01:20] [worker #8] ML tree search #9, logLikelihood: -42542.153732
[00:01:24] [worker #5] ML tree search #6, logLikelihood: -42542.141814
[00:01:26] [worker #4] ML tree search #5, logLikelihood: -42541.088030
[00:01:40] [worker #0] ML tree search #1, logLikelihood: -42541.103437
[00:01:53] [worker #1] ML tree search #20, logLikelihood: -42541.099308
[00:25:09] [worker #0] ML tree search #19, logLikelihood: -42541.086295

[00:25:09] ML tree search completed, best tree logLH: -42541.086295

[00:25:09] Starting bootstrapping analysis with 1000 replicates.

[00:25:37] [worker #0] Bootstrap tree #1, logLikelihood: -42484.721119
[00:25:44] [worker #11] Bootstrap tree #12, logLikelihood: -41849.702324
[00:25:46] [worker #10] Bootstrap tree #11, logLikelihood: -42626.798679
[00:25:46] [worker #1] Bootstrap tree #2, logLikelihood: -42862.227629
[00:25:47] [worker #6] Bootstrap tree #7, logLikelihood: -42276.947275
[00:25:47] [worker #14] Bootstrap tree #15, logLikelihood: -41978.643001
[00:25:57] [worker #7] Bootstrap tree #8, logLikelihood: -42691.648486
[00:25:58] [worker #13] Bootstrap tree #14, logLikelihood: -42477.978807
[00:26:00] [worker #9] Bootstrap tree #10, logLikelihood: -43294.236819
[00:26:02] [worker #3] Bootstrap tree #4, logLikelihood: -43123.495017
[00:26:07] [worker #4] Bootstrap tree #5, logLikelihood: -41877.712183
[00:26:11] [worker #17] Bootstrap tree #18, logLikelihood: -42491.718158
[00:26:12] [worker #0] Bootstrap tree #19, logLikelihood: -42484.062799
[00:26:16] [worker #1] Bootstrap tree #20, logLikelihood: -42930.344293
[00:26:17] [worker #11] Bootstrap tree #30, logLikelihood: -43079.252342
[00:26:25] [worker #16] Bootstrap tree #17, logLikelihood: -42617.681811
[00:26:26] [worker #10] Bootstrap tree #29, logLikelihood: -42148.263285
[00:26:27] [worker #14] Bootstrap tree #33, logLikelihood: -42873.313476
[00:26:38] [worker #9] Bootstrap tree #28, logLikelihood: -42787.282055
[00:26:40] [worker #5] Bootstrap tree #6, logLikelihood: -42416.212327
[00:26:42] [worker #1] Bootstrap tree #38, logLikelihood: -42818.817817
[00:26:43] [worker #17] Bootstrap tree #36, logLikelihood: -42580.454465
[00:26:44] [worker #6] Bootstrap tree #25, logLikelihood: -42224.259906
[00:26:46] [worker #4] Bootstrap tree #23, logLikelihood: -42195.550272
[00:26:50] [worker #8] Bootstrap tree #9, logLikelihood: -42518.058992
[00:26:50] [worker #13] Bootstrap tree #32, logLikelihood: -42010.089557
[00:26:51] [worker #3] Bootstrap tree #22, logLikelihood: -42628.554753
[00:26:54] [worker #0] Bootstrap tree #37, logLikelihood: -41469.646180
[00:26:56] [worker #12] Bootstrap tree #13, logLikelihood: -43436.262052
[00:26:59] [worker #10] Bootstrap tree #47, logLikelihood: -41978.049729
[00:27:03] [worker #7] Bootstrap tree #26, logLikelihood: -42677.152314
[00:27:09] [worker #15] Bootstrap tree #16, logLikelihood: -42501.567727
[00:27:18] [worker #6] Bootstrap tree #43, logLikelihood: -41672.921292
[00:27:22] [worker #11] Bootstrap tree #48, logLikelihood: -42513.473025
[00:27:23] [worker #16] Bootstrap tree #35, logLikelihood: -42224.482316
[00:27:25] [worker #4] Bootstrap tree #41, logLikelihood: -42720.118676
[00:27:26] [worker #3] Bootstrap tree #40, logLikelihood: -42117.250297
[00:27:27] [worker #8] Bootstrap tree #27, logLikelihood: -42693.738541
[00:27:31] [worker #9] Bootstrap tree #46, logLikelihood: -42823.434388
[00:27:36] [worker #13] Bootstrap tree #50, logLikelihood: -42560.329272
[00:27:43] [worker #5] Bootstrap tree #24, logLikelihood: -43392.061660
[00:27:45] [worker #15] Bootstrap tree #34, logLikelihood: -43104.753932
[00:27:57] [worker #12] Bootstrap tree #31, logLikelihood: -42310.413386
[00:27:58] [worker #8] Bootstrap tree #45, logLikelihood: -42346.523930
[00:28:00] [worker #2] Bootstrap tree #3, logLikelihood: -43206.386250
[00:28:29] [worker #12] Bootstrap tree #49, logLikelihood: -42358.957859
[00:28:42] [worker #7] Bootstrap tree #44, logLikelihood: -42546.892854
[00:28:51] [worker #5] Bootstrap tree #42, logLikelihood: -42383.387700
[00:29:18] [worker #2] Bootstrap tree #21, logLikelihood: -42641.101801
[00:30:16] [worker #2] Bootstrap tree #39, logLikelihood: -43364.211374
[00:30:43] [worker #11] Bootstrap tree #66, logLikelihood: -42854.889321
[00:30:49] [worker #13] Bootstrap tree #68, logLikelihood: -42451.187323
[00:30:49] [worker #10] Bootstrap tree #65, logLikelihood: -42183.650675
[00:30:50] [worker #0] Bootstrap tree #55, logLikelihood: -42726.916850
[00:30:50] [worker #17] Bootstrap tree #54, logLikelihood: -42459.181661
[00:30:50] [worker #4] Bootstrap tree #59, logLikelihood: -42450.508815
[00:30:55] [worker #8] Bootstrap tree #63, logLikelihood: -42448.260782
[00:31:01] [worker #6] Bootstrap tree #61, logLikelihood: -42851.694994
[00:31:01] [worker #5] Bootstrap tree #60, logLikelihood: -42992.066521
[00:31:03] [worker #7] Bootstrap tree #62, logLikelihood: -42138.192532
[00:31:06] [worker #16] Bootstrap tree #53, logLikelihood: -41829.265664
[00:31:12] [worker #3] Bootstrap tree #58, logLikelihood: -43320.002060
[00:31:15] [worker #15] Bootstrap tree #52, logLikelihood: -43025.790631
[00:31:16] [worker #11] Bootstrap tree #84, logLikelihood: -42268.367487
[00:31:23] [worker #13] Bootstrap tree #86, logLikelihood: -42122.227425
[00:31:23] [worker #2] Bootstrap tree #57, logLikelihood: -42021.664766
[00:31:25] [worker #4] Bootstrap tree #77, logLikelihood: -42308.715774
[00:31:26] [worker #12] Bootstrap tree #67, logLikelihood: -42018.728002
[00:31:31] [worker #17] Bootstrap tree #72, logLikelihood: -42390.471446
[00:31:34] [worker #10] Bootstrap tree #83, logLikelihood: -42498.222642
[00:31:34] [worker #1] Bootstrap tree #56, logLikelihood: -42210.015671
[00:31:35] [worker #8] Bootstrap tree #81, logLikelihood: -42005.860839
[00:31:38] [worker #9] Bootstrap tree #64, logLikelihood: -42319.444842
[00:31:46] [worker #6] Bootstrap tree #79, logLikelihood: -43118.577116
[00:31:46] [worker #7] Bootstrap tree #80, logLikelihood: -42799.696995
[00:31:50] [worker #0] Bootstrap tree #73, logLikelihood: -43126.642795
[00:31:53] [worker #5] Bootstrap tree #78, logLikelihood: -41557.394338
[00:32:01] [worker #15] Bootstrap tree #70, logLikelihood: -41837.695054
[00:32:10] [worker #3] Bootstrap tree #76, logLikelihood: -42397.224250
[00:32:12] [worker #4] Bootstrap tree #95, logLikelihood: -42441.063727
[00:32:20] [worker #16] Bootstrap tree #71, logLikelihood: -42784.511079
[00:32:22] [worker #14] Bootstrap tree #51, logLikelihood: -42612.819400
[00:32:26] [worker #6] Bootstrap tree #97, logLikelihood: -41829.555920
[00:32:28] [worker #17] Bootstrap tree #90, logLikelihood: -43272.567826
[00:32:29] [worker #0] Bootstrap tree #91, logLikelihood: -42564.592080
[00:32:29] [worker #2] Bootstrap tree #75, logLikelihood: -42865.310146
[00:32:36] [worker #9] Bootstrap tree #82, logLikelihood: -42508.423507
[00:32:37] [worker #15] Bootstrap tree #88, logLikelihood: -42624.576550
[00:32:38] [worker #1] Bootstrap tree #74, logLikelihood: -42085.751950
[00:32:42] [worker #12] Bootstrap tree #85, logLikelihood: -42049.151519
[00:32:42] [worker #8] Bootstrap tree #99, logLikelihood: -43010.262340
[00:32:44] [worker #5] Bootstrap tree #96, logLikelihood: -41927.148128
[00:32:51] [worker #7] Bootstrap tree #98, logLikelihood: -43618.843900
[00:32:51] [worker #16] Bootstrap tree #89, logLikelihood: -42075.647093
[00:32:56] [worker #3] Bootstrap tree #94, logLikelihood: -42829.944991
[00:33:07] [worker #9] Bootstrap tree #100, logLikelihood: -42438.865952
[00:33:17] [worker #1] Bootstrap tree #92, logLikelihood: -42137.373121
[00:33:24] [worker #2] Bootstrap tree #93, logLikelihood: -42882.756804
[00:33:46] [worker #14] Bootstrap tree #69, logLikelihood: -42842.374556
[00:34:30] [worker #14] Bootstrap tree #87, logLikelihood: -41947.444240
[00:34:55] [worker #10] Bootstrap tree #101, logLikelihood: -42121.320689
[00:34:57] [worker #6] Bootstrap tree #115, logLikelihood: -42585.857520
[00:35:00] [worker #11] Bootstrap tree #102, logLikelihood: -42334.437850
[00:35:02] [worker #17] Bootstrap tree #108, logLikelihood: -42884.163181
[00:35:02] [worker #3] Bootstrap tree #112, logLikelihood: -43048.751490
[00:35:06] [worker #15] Bootstrap tree #106, logLikelihood: -43445.904645
[00:35:07] [worker #8] Bootstrap tree #117, logLikelihood: -41914.256040
[00:35:09] [worker #12] Bootstrap tree #103, logLikelihood: -42540.745013
[00:35:11] [worker #13] Bootstrap tree #104, logLikelihood: -41951.966074
[00:35:13] [worker #16] Bootstrap tree #107, logLikelihood: -42517.193256
[00:35:26] [worker #5] Bootstrap tree #114, logLikelihood: -42846.757886
[00:35:27] [worker #9] Bootstrap tree #118, logLikelihood: -42845.231873
[00:35:28] [worker #2] Bootstrap tree #111, logLikelihood: -42553.342954
[00:35:29] [worker #10] Bootstrap tree #119, logLikelihood: -43102.013996
[00:35:31] [worker #14] Bootstrap tree #105, logLikelihood: -41902.207421
[00:35:33] [worker #3] Bootstrap tree #130, logLikelihood: -42249.306029
[00:35:35] [worker #7] Bootstrap tree #116, logLikelihood: -42293.586883
[00:35:41] [worker #12] Bootstrap tree #121, logLikelihood: -43168.695302
[00:35:44] [worker #8] Bootstrap tree #135, logLikelihood: -42396.787677
[00:35:48] [worker #15] Bootstrap tree #124, logLikelihood: -42019.601245
[00:35:49] [worker #13] Bootstrap tree #122, logLikelihood: -42866.521493
[00:35:49] [worker #6] Bootstrap tree #133, logLikelihood: -42285.879616
[00:35:51] [worker #2] Bootstrap tree #129, logLikelihood: -42559.314364
[00:35:53] [worker #1] Bootstrap tree #110, logLikelihood: -42512.113865
[00:35:55] [worker #4] Bootstrap tree #113, logLikelihood: -43692.239142
[00:35:59] [worker #10] Bootstrap tree #137, logLikelihood: -42289.943577
[00:36:02] [worker #17] Bootstrap tree #126, logLikelihood: -43406.503196
[00:36:03] [worker #3] Bootstrap tree #148, logLikelihood: -42236.872043
[00:36:04] [worker #5] Bootstrap tree #132, logLikelihood: -43146.600965
[00:36:10] [worker #9] Bootstrap tree #136, logLikelihood: -42784.350601
[00:36:15] [worker #0] Bootstrap tree #109, logLikelihood: -43053.963171
[00:36:29] [worker #12] Bootstrap tree #139, logLikelihood: -42589.213496
[00:36:31] [worker #15] Bootstrap tree #142, logLikelihood: -42351.464971
[00:36:32] [worker #13] Bootstrap tree #140, logLikelihood: -43627.158679
[00:36:32] [worker #1] Bootstrap tree #128, logLikelihood: -42657.555771
[00:36:40] [worker #2] Bootstrap tree #147, logLikelihood: -41850.096987
[00:36:41] [worker #7] Bootstrap tree #134, logLikelihood: -42409.265196
[00:36:49] [worker #11] Bootstrap tree #120, logLikelihood: -42643.614749
[00:36:53] [worker #0] Bootstrap tree #127, logLikelihood: -42011.448239
[00:36:54] [worker #4] Bootstrap tree #131, logLikelihood: -42802.773231
[00:36:54] [worker #5] Bootstrap tree #150, logLikelihood: -42731.713341
[00:37:02] [worker #14] Bootstrap tree #123, logLikelihood: -43116.615153
[00:37:13] [worker #17] Bootstrap tree #144, logLikelihood: -42529.446089
[00:37:21] [worker #1] Bootstrap tree #146, logLikelihood: -42927.055719
[00:37:25] [worker #0] Bootstrap tree #145, logLikelihood: -42331.478029
[00:37:38] [worker #4] Bootstrap tree #149, logLikelihood: -43077.045157
[00:37:40] [worker #14] Bootstrap tree #141, logLikelihood: -41866.626793
[00:37:45] [worker #11] Bootstrap tree #138, logLikelihood: -42551.777718
[00:37:51] [worker #16] Bootstrap tree #125, logLikelihood: -41988.332226
[00:38:24] [worker #16] Bootstrap tree #143, logLikelihood: -42536.780158
[00:38:50] [worker #4] Bootstrap tree #167, logLikelihood: -42213.184216
[00:38:56] [worker #5] Bootstrap tree #168, logLikelihood: -43164.179129
[00:38:58] [worker #1] Bootstrap tree #164, logLikelihood: -43275.525091
[00:38:58] [worker #15] Bootstrap tree #160, logLikelihood: -42024.320955
[00:39:01] [worker #0] Bootstrap tree #163, logLikelihood: -43236.743673
[00:39:04] [worker #16] Bootstrap tree #161, logLikelihood: -43113.718002
[00:39:04] [worker #12] Bootstrap tree #157, logLikelihood: -42839.443419
[00:39:05] [worker #2] Bootstrap tree #165, logLikelihood: -42730.261057
[00:39:08] [worker #10] Bootstrap tree #155, logLikelihood: -42996.213582
[00:39:22] [worker #8] Bootstrap tree #153, logLikelihood: -42801.416274
[00:39:29] [worker #13] Bootstrap tree #158, logLikelihood: -42146.587910
[00:39:29] [worker #3] Bootstrap tree #166, logLikelihood: -42135.267687
[00:39:30] [worker #1] Bootstrap tree #182, logLikelihood: -42222.939991
[00:39:30] [worker #6] Bootstrap tree #151, logLikelihood: -43139.581713
[00:39:30] [worker #5] Bootstrap tree #186, logLikelihood: -42790.000802
[00:39:33] [worker #16] Bootstrap tree #179, logLikelihood: -42757.689247
[00:39:35] [worker #2] Bootstrap tree #183, logLikelihood: -42544.066198
[00:39:39] [worker #12] Bootstrap tree #175, logLikelihood: -42441.559593
[00:39:43] [worker #15] Bootstrap tree #178, logLikelihood: -42262.835398
[00:39:50] [worker #4] Bootstrap tree #185, logLikelihood: -42479.845948
[00:39:55] [worker #14] Bootstrap tree #159, logLikelihood: -42871.727620
[00:39:56] [worker #1] Bootstrap tree #200, logLikelihood: -42568.332791
[00:39:57] [worker #0] Bootstrap tree #181, logLikelihood: -42086.687823
[00:39:58] [worker #10] Bootstrap tree #173, logLikelihood: -42958.329350
[00:39:58] [worker #7] Bootstrap tree #152, logLikelihood: -42859.670077
[00:40:07] [worker #16] Bootstrap tree #197, logLikelihood: -41677.563862
[00:40:08] [worker #3] Bootstrap tree #184, logLikelihood: -43047.798416
[00:40:10] [worker #8] Bootstrap tree #171, logLikelihood: -42542.280738
[00:40:13] [worker #6] Bootstrap tree #169, logLikelihood: -42797.617294
[00:40:14] [worker #15] Bootstrap tree #196, logLikelihood: -43478.413895
[00:40:15] [worker #12] Bootstrap tree #193, logLikelihood: -42358.433089
[00:40:17] [worker #9] Bootstrap tree #154, logLikelihood: -42513.867303
[00:40:21] [worker #11] Bootstrap tree #156, logLikelihood: -42036.191363
[00:40:27] [worker #13] Bootstrap tree #176, logLikelihood: -42538.857638
[00:40:40] [worker #0] Bootstrap tree #199, logLikelihood: -42964.695264
[00:40:43] [worker #6] Bootstrap tree #187, logLikelihood: -42551.097614
[00:40:44] [worker #8] Bootstrap tree #189, logLikelihood: -42749.969684
[00:40:46] [worker #9] Bootstrap tree #172, logLikelihood: -42109.879651
[00:41:19] [worker #14] Bootstrap tree #177, logLikelihood: -42607.147451
[00:41:21] [worker #7] Bootstrap tree #170, logLikelihood: -42904.741007
[00:41:22] [worker #9] Bootstrap tree #190, logLikelihood: -42392.463102
[00:41:47] [worker #13] Bootstrap tree #194, logLikelihood: -43078.983784
[00:41:50] [worker #10] Bootstrap tree #191, logLikelihood: -41661.061404
[00:42:08] [worker #11] Bootstrap tree #174, logLikelihood: -41986.942968
[00:42:20] [worker #14] Bootstrap tree #195, logLikelihood: -42147.517721
[00:42:21] [worker #7] Bootstrap tree #188, logLikelihood: -42396.238897
[00:42:43] [worker #17] Bootstrap tree #162, logLikelihood: -42290.483231
[00:44:26] [worker #17] Bootstrap tree #180, logLikelihood: -42592.250873
[00:44:42] [worker #11] Bootstrap tree #192, logLikelihood: -42160.476805
[00:46:47] [worker #17] Bootstrap tree #198, logLikelihood: -42061.340401
[00:47:17] [worker #15] Bootstrap tree #214, logLikelihood: -42937.427952
[00:47:19] [worker #2] Bootstrap tree #201, logLikelihood: -42544.091276
[00:47:20] [worker #7] Bootstrap tree #206, logLikelihood: -42427.479777
[00:47:23] [worker #8] Bootstrap tree #207, logLikelihood: -42424.382998
[00:47:27] [worker #14] Bootstrap tree #213, logLikelihood: -42839.747824
[00:47:40] [worker #15] Bootstrap tree #232, logLikelihood: -41898.006434
[00:47:40] [worker #9] Bootstrap tree #208, logLikelihood: -41958.352764
[00:47:43] [worker #1] Bootstrap tree #218, logLikelihood: -42546.476288
[00:47:47] [worker #12] Bootstrap tree #211, logLikelihood: -42985.415910
[00:47:48] [worker #7] Bootstrap tree #224, logLikelihood: -42306.726824
[00:47:49] [worker #16] Bootstrap tree #215, logLikelihood: -42246.506838
[00:47:49] [worker #10] Bootstrap tree #209, logLikelihood: -42874.113680
[00:47:52] [worker #14] Bootstrap tree #231, logLikelihood: -42900.558070
[00:47:53] [worker #13] Bootstrap tree #212, logLikelihood: -42964.709510
[00:47:56] [worker #0] Bootstrap tree #217, logLikelihood: -41964.112282
[00:47:57] [worker #3] Bootstrap tree #202, logLikelihood: -42049.471815
[00:47:57] [worker #11] Bootstrap tree #210, logLikelihood: -42314.692619
[00:47:59] [worker #4] Bootstrap tree #203, logLikelihood: -42239.148769
[00:48:01] [worker #2] Bootstrap tree #219, logLikelihood: -42298.864676
[00:48:10] [worker #15] Bootstrap tree #250, logLikelihood: -42757.312253
[00:48:11] [worker #5] Bootstrap tree #204, logLikelihood: -42277.956620
[00:48:22] [worker #16] Bootstrap tree #233, logLikelihood: -42837.683199
[00:48:23] [worker #6] Bootstrap tree #205, logLikelihood: -42184.702589
[00:48:23] [worker #7] Bootstrap tree #242, logLikelihood: -42918.649965
[00:48:24] [worker #3] Bootstrap tree #220, logLikelihood: -42036.662079
[00:48:31] [worker #8] Bootstrap tree #225, logLikelihood: -42164.388059
[00:48:35] [worker #1] Bootstrap tree #236, logLikelihood: -42327.762458
[00:48:35] [worker #2] Bootstrap tree #237, logLikelihood: -42328.235328
[00:48:36] [worker #9] Bootstrap tree #226, logLikelihood: -42845.128451
[00:48:37] [worker #10] Bootstrap tree #227, logLikelihood: -42284.567476
[00:48:38] [worker #14] Bootstrap tree #249, logLikelihood: -42702.398226
[00:48:38] [worker #12] Bootstrap tree #229, logLikelihood: -42864.670401
[00:48:38] [worker #4] Bootstrap tree #221, logLikelihood: -42353.680928
[00:48:53] [worker #17] Bootstrap tree #216, logLikelihood: -42473.184775
[00:48:56] [worker #5] Bootstrap tree #222, logLikelihood: -42742.780290
[00:48:57] [worker #3] Bootstrap tree #238, logLikelihood: -42269.436185
[00:49:00] [worker #0] Bootstrap tree #235, logLikelihood: -42573.309308
[00:49:02] [worker #13] Bootstrap tree #230, logLikelihood: -42935.748169
[00:49:07] [worker #11] Bootstrap tree #228, logLikelihood: -42434.049055
[00:49:09] [worker #8] Bootstrap tree #243, logLikelihood: -42039.935451
[00:49:11] [worker #6] Bootstrap tree #223, logLikelihood: -42271.546046
[00:49:22] [worker #10] Bootstrap tree #245, logLikelihood: -41996.254505
[00:49:33] [worker #4] Bootstrap tree #239, logLikelihood: -42242.579825
[00:49:39] [worker #13] Bootstrap tree #248, logLikelihood: -42614.982330
[00:49:44] [worker #9] Bootstrap tree #244, logLikelihood: -42132.330560
[00:49:46] [worker #17] Bootstrap tree #234, logLikelihood: -42270.935416
[00:49:50] [worker #12] Bootstrap tree #247, logLikelihood: -42909.204095
[00:49:52] [worker #6] Bootstrap tree #241, logLikelihood: -42275.797530
[00:49:57] [worker #5] Bootstrap tree #240, logLikelihood: -42254.755751
[00:50:06] [worker #11] Bootstrap tree #246, logLikelihood: -42949.473725
[00:50:38] [worker #10] Bootstrap tree #263, logLikelihood: -42610.021581
[00:50:38] [worker #1] Bootstrap tree #254, logLikelihood: -42799.088224
[00:50:41] [worker #5] Bootstrap tree #258, logLikelihood: -42824.908651
[00:50:45] [worker #2] Bootstrap tree #255, logLikelihood: -42945.622022
[00:50:46] [worker #17] Bootstrap tree #252, logLikelihood: -41312.631326
[00:50:48] [worker #12] Bootstrap tree #265, logLikelihood: -42421.975152
[00:50:51] [worker #3] Bootstrap tree #256, logLikelihood: -41850.311468
[00:50:52] [worker #13] Bootstrap tree #266, logLikelihood: -41753.845579
[00:50:54] [worker #4] Bootstrap tree #257, logLikelihood: -41869.171189
[00:50:56] [worker #0] Bootstrap tree #253, logLikelihood: -42443.760248
[00:51:05] [worker #15] Bootstrap tree #268, logLikelihood: -42710.912091
[00:51:09] [worker #1] Bootstrap tree #272, logLikelihood: -42310.124599
[00:51:12] [worker #2] Bootstrap tree #273, logLikelihood: -41837.565038
[00:51:15] [worker #10] Bootstrap tree #281, logLikelihood: -42109.204776
[00:51:18] [worker #12] Bootstrap tree #283, logLikelihood: -42782.532998
[00:51:21] [worker #5] Bootstrap tree #276, logLikelihood: -41958.755120
[00:51:23] [worker #14] Bootstrap tree #267, logLikelihood: -42493.983142
[00:51:23] [worker #4] Bootstrap tree #275, logLikelihood: -42682.255781
[00:51:24] [worker #3] Bootstrap tree #274, logLikelihood: -42192.278103
[00:51:28] [worker #17] Bootstrap tree #270, logLikelihood: -42466.193932
[00:51:36] [worker #7] Bootstrap tree #260, logLikelihood: -42973.227273
[00:51:43] [worker #1] Bootstrap tree #290, logLikelihood: -41935.952722
[00:51:44] [worker #9] Bootstrap tree #262, logLikelihood: -42844.429199
[00:51:45] [worker #2] Bootstrap tree #291, logLikelihood: -43156.181010
[00:51:46] [worker #10] Bootstrap tree #299, logLikelihood: -41847.014642
[00:51:49] [worker #6] Bootstrap tree #259, logLikelihood: -42527.528330
[00:51:51] [worker #0] Bootstrap tree #271, logLikelihood: -42952.364605
[00:52:01] [worker #3] Bootstrap tree #292, logLikelihood: -42221.893722
[00:52:02] [worker #17] Bootstrap tree #288, logLikelihood: -42449.930682
[00:52:07] [worker #11] Bootstrap tree #264, logLikelihood: -42889.569045
[00:52:08] [worker #5] Bootstrap tree #294, logLikelihood: -41548.677214
[00:52:09] [worker #13] Bootstrap tree #284, logLikelihood: -42394.197802
[00:52:12] [worker #4] Bootstrap tree #293, logLikelihood: -42290.679693
[00:52:17] [worker #15] Bootstrap tree #286, logLikelihood: -41981.833651
[00:52:20] [worker #7] Bootstrap tree #278, logLikelihood: -42832.663865
[00:52:25] [worker #8] Bootstrap tree #261, logLikelihood: -42696.311136
[00:52:26] [worker #0] Bootstrap tree #289, logLikelihood: -42489.388624
[00:52:38] [worker #16] Bootstrap tree #251, logLikelihood: -42652.952778
[00:52:49] [worker #11] Bootstrap tree #282, logLikelihood: -42170.908037
[00:52:54] [worker #6] Bootstrap tree #277, logLikelihood: -42686.080725
[00:53:04] [worker #8] Bootstrap tree #279, logLikelihood: -43148.892047
[00:53:15] [worker #11] Bootstrap tree #300, logLikelihood: -42578.537752
[00:53:15] [worker #16] Bootstrap tree #269, logLikelihood: -42005.989142
[00:53:19] [worker #14] Bootstrap tree #285, logLikelihood: -42244.664071
[00:53:19] [worker #9] Bootstrap tree #280, logLikelihood: -43089.870832
[00:53:24] [worker #7] Bootstrap tree #296, logLikelihood: -42374.409697
[00:53:36] [worker #8] Bootstrap tree #297, logLikelihood: -42174.672130
[00:53:36] [worker #6] Bootstrap tree #295, logLikelihood: -42869.256494
[00:54:00] [worker #9] Bootstrap tree #298, logLikelihood: -42375.269452
[00:54:02] [worker #16] Bootstrap tree #287, logLikelihood: -42458.533622
[00:54:33] [worker #3] Bootstrap tree #310, logLikelihood: -43699.413591
[00:54:33] [worker #6] Bootstrap tree #313, logLikelihood: -42278.186424
[00:54:37] [worker #17] Bootstrap tree #306, logLikelihood: -42742.474898
[00:54:38] [worker #2] Bootstrap tree #309, logLikelihood: -42140.835885
[00:54:43] [worker #12] Bootstrap tree #301, logLikelihood: -42672.024414
[00:54:46] [worker #11] Bootstrap tree #318, logLikelihood: -42058.269967
[00:54:52] [worker #4] Bootstrap tree #311, logLikelihood: -42290.624165
[00:54:54] [worker #14] Bootstrap tree #303, logLikelihood: -42423.522259
[00:54:56] [worker #1] Bootstrap tree #308, logLikelihood: -42704.304485
[00:55:01] [worker #7] Bootstrap tree #314, logLikelihood: -42536.608706
[00:55:02] [worker #10] Bootstrap tree #317, logLikelihood: -42230.425955
[00:55:02] [worker #8] Bootstrap tree #315, logLikelihood: -42214.335191
[00:55:02] [worker #6] Bootstrap tree #331, logLikelihood: -42572.105103
[00:55:07] [worker #2] Bootstrap tree #327, logLikelihood: -42907.797966
[00:55:09] [worker #13] Bootstrap tree #302, logLikelihood: -41685.688789
[00:55:11] [worker #12] Bootstrap tree #319, logLikelihood: -42154.176118
[00:55:18] [worker #4] Bootstrap tree #329, logLikelihood: -42673.400343
[00:55:21] [worker #5] Bootstrap tree #312, logLikelihood: -43113.943297
[00:55:23] [worker #14] Bootstrap tree #321, logLikelihood: -42037.735677
[00:55:25] [worker #15] Bootstrap tree #304, logLikelihood: -43181.493920
[00:55:26] [worker #1] Bootstrap tree #326, logLikelihood: -42298.154615
[00:55:29] [worker #7] Bootstrap tree #332, logLikelihood: -42753.749708
[00:55:30] [worker #8] Bootstrap tree #333, logLikelihood: -41941.321514
[00:55:30] [worker #16] Bootstrap tree #305, logLikelihood: -43025.958689
[00:55:31] [worker #9] Bootstrap tree #316, logLikelihood: -42383.058774
[00:55:37] [worker #6] Bootstrap tree #349, logLikelihood: -42419.803843
[00:55:38] [worker #0] Bootstrap tree #307, logLikelihood: -42885.798831
[00:55:42] [worker #4] Bootstrap tree #347, logLikelihood: -42393.741751
[00:55:42] [worker #11] Bootstrap tree #336, logLikelihood: -42359.467048
[00:56:01] [worker #12] Bootstrap tree #337, logLikelihood: -41782.610931
[00:56:04] [worker #14] Bootstrap tree #339, logLikelihood: -42750.890351
[00:56:06] [worker #5] Bootstrap tree #330, logLikelihood: -42009.173166
[00:56:09] [worker #2] Bootstrap tree #345, logLikelihood: -42955.295894
[00:56:10] [worker #16] Bootstrap tree #323, logLikelihood: -42844.503141
[00:56:17] [worker #3] Bootstrap tree #328, logLikelihood: -42817.331247
[00:56:21] [worker #1] Bootstrap tree #344, logLikelihood: -42121.130529
[00:56:31] [worker #13] Bootstrap tree #320, logLikelihood: -43351.177191
[00:56:41] [worker #10] Bootstrap tree #335, logLikelihood: -42311.529515
[00:56:45] [worker #5] Bootstrap tree #348, logLikelihood: -42976.059023
[00:56:47] [worker #15] Bootstrap tree #322, logLikelihood: -43157.737421
[00:56:52] [worker #3] Bootstrap tree #346, logLikelihood: -42485.313283
[00:57:02] [worker #17] Bootstrap tree #324, logLikelihood: -41989.812109
[00:57:13] [worker #9] Bootstrap tree #334, logLikelihood: -42580.915027
[00:57:14] [worker #0] Bootstrap tree #325, logLikelihood: -42127.006320
[00:57:16] [worker #16] Bootstrap tree #341, logLikelihood: -42075.578465
[00:57:20] [worker #7] Bootstrap tree #350, logLikelihood: -42631.726846
[00:57:46] [worker #17] Bootstrap tree #342, logLikelihood: -42627.750107
[00:57:58] [worker #13] Bootstrap tree #338, logLikelihood: -42180.277326
[00:58:01] [worker #0] Bootstrap tree #343, logLikelihood: -43439.135665
[00:58:04] [worker #15] Bootstrap tree #340, logLikelihood: -42751.374440
[00:58:22] [worker #11] Bootstrap tree #354, logLikelihood: -42789.714289
[00:58:31] [worker #1] Bootstrap tree #362, logLikelihood: -42575.339432
[00:58:33] [worker #2] Bootstrap tree #363, logLikelihood: -42183.211073
[00:58:33] [worker #3] Bootstrap tree #364, logLikelihood: -42380.153161
[00:58:35] [worker #9] Bootstrap tree #352, logLikelihood: -41748.433552
[00:58:37] [worker #16] Bootstrap tree #359, logLikelihood: -42412.287674
[00:58:41] [worker #12] Bootstrap tree #355, logLikelihood: -42237.310966
[00:58:47] [worker #7] Bootstrap tree #368, logLikelihood: -42549.964724
[00:58:47] [worker #17] Bootstrap tree #360, logLikelihood: -42239.377326
[00:58:47] [worker #0] Bootstrap tree #361, logLikelihood: -42596.687838
[00:58:56] [worker #5] Bootstrap tree #366, logLikelihood: -43051.052863
[00:58:56] [worker #11] Bootstrap tree #372, logLikelihood: -42578.519297
[00:59:09] [worker #9] Bootstrap tree #370, logLikelihood: -42359.320188
[00:59:12] [worker #14] Bootstrap tree #357, logLikelihood: -42491.853952
[00:59:14] [worker #2] Bootstrap tree #381, logLikelihood: -43283.623291
[00:59:17] [worker #6] Bootstrap tree #367, logLikelihood: -42381.984917
[00:59:18] [worker #16] Bootstrap tree #377, logLikelihood: -42245.441202
[00:59:20] [worker #1] Bootstrap tree #380, logLikelihood: -41735.657106
[00:59:24] [worker #12] Bootstrap tree #373, logLikelihood: -41951.095329
[00:59:27] [worker #17] Bootstrap tree #378, logLikelihood: -41839.023116
[00:59:28] [worker #11] Bootstrap tree #390, logLikelihood: -43402.005859
[00:59:30] [worker #13] Bootstrap tree #356, logLikelihood: -42493.448284
[00:59:36] [worker #7] Bootstrap tree #386, logLikelihood: -41927.053740
[00:59:39] [worker #3] Bootstrap tree #382, logLikelihood: -41976.224971
[00:59:40] [worker #0] Bootstrap tree #379, logLikelihood: -41924.980796
[00:59:41] [worker #4] Bootstrap tree #365, logLikelihood: -41405.471231
[00:59:42] [worker #14] Bootstrap tree #375, logLikelihood: -42552.360518
[00:59:44] [worker #5] Bootstrap tree #384, logLikelihood: -42438.260808
[00:59:46] [worker #9] Bootstrap tree #388, logLikelihood: -42810.277779
[00:59:47] [worker #2] Bootstrap tree #399, logLikelihood: -43001.000136
[00:59:50] [worker #15] Bootstrap tree #358, logLikelihood: -42398.603580
[00:59:51] [worker #8] Bootstrap tree #351, logLikelihood: -42223.595539
[00:59:54] [worker #12] Bootstrap tree #391, logLikelihood: -41864.774949
[00:59:59] [worker #1] Bootstrap tree #398, logLikelihood: -42511.074400
[01:00:00] [worker #16] Bootstrap tree #395, logLikelihood: -42187.008876
[01:00:01] [worker #6] Bootstrap tree #385, logLikelihood: -43168.823945
[01:00:05] [worker #10] Bootstrap tree #353, logLikelihood: -42714.634857
[01:00:10] [worker #17] Bootstrap tree #396, logLikelihood: -42505.677104
[01:00:13] [worker #14] Bootstrap tree #393, logLikelihood: -42767.647211
[01:00:14] [worker #0] Bootstrap tree #397, logLikelihood: -42523.369484
[01:00:28] [worker #8] Bootstrap tree #369, logLikelihood: -42654.546526
[01:00:40] [worker #3] Bootstrap tree #400, logLikelihood: -42356.982279
[01:00:47] [worker #10] Bootstrap tree #371, logLikelihood: -42305.825404
[01:01:06] [worker #8] Bootstrap tree #387, logLikelihood: -42984.648317
[01:01:19] [worker #13] Bootstrap tree #374, logLikelihood: -42843.340987
[01:01:23] [worker #15] Bootstrap tree #376, logLikelihood: -41710.959405
[01:01:31] [worker #10] Bootstrap tree #389, logLikelihood: -42604.263940
[01:01:51] [worker #15] Bootstrap tree #394, logLikelihood: -42533.099743
[01:01:52] [worker #4] Bootstrap tree #383, logLikelihood: -42530.931049
[01:02:30] [worker #13] Bootstrap tree #392, logLikelihood: -43078.680557
[01:02:56] [worker #11] Bootstrap tree #408, logLikelihood: -43180.073915
[01:02:57] [worker #8] Bootstrap tree #405, logLikelihood: -42502.728980
[01:03:01] [worker #9] Bootstrap tree #406, logLikelihood: -42413.432888
[01:03:03] [worker #12] Bootstrap tree #409, logLikelihood: -43010.654751
[01:03:10] [worker #5] Bootstrap tree #402, logLikelihood: -42896.707678
[01:03:11] [worker #3] Bootstrap tree #418, logLikelihood: -42328.934074
[01:03:11] [worker #6] Bootstrap tree #403, logLikelihood: -42768.871500
[01:03:14] [worker #4] Bootstrap tree #401, logLikelihood: -41951.454004
[01:03:14] [worker #10] Bootstrap tree #407, logLikelihood: -41722.746919
[01:03:15] [worker #13] Bootstrap tree #410, logLikelihood: -42953.437983
[01:03:30] [worker #2] Bootstrap tree #417, logLikelihood: -42385.456633
[01:03:31] [worker #11] Bootstrap tree #426, logLikelihood: -42887.601414
[01:03:31] [worker #9] Bootstrap tree #424, logLikelihood: -42720.838481
[01:03:33] [worker #7] Bootstrap tree #404, logLikelihood: -42879.406669
[01:03:38] [worker #5] Bootstrap tree #420, logLikelihood: -42129.147764
[01:03:42] [worker #8] Bootstrap tree #423, logLikelihood: -42896.325615
[01:03:47] [worker #3] Bootstrap tree #436, logLikelihood: -42858.769725
[01:03:48] [worker #12] Bootstrap tree #427, logLikelihood: -42300.803904
[01:03:49] [worker #17] Bootstrap tree #414, logLikelihood: -42333.925149
[01:03:50] [worker #4] Bootstrap tree #419, logLikelihood: -42573.972219
[01:03:53] [worker #6] Bootstrap tree #421, logLikelihood: -41703.324576
[01:03:54] [worker #14] Bootstrap tree #411, logLikelihood: -42853.065139
[01:03:57] [worker #11] Bootstrap tree #444, logLikelihood: -43038.176223
[01:04:03] [worker #16] Bootstrap tree #413, logLikelihood: -42454.526086
[01:04:03] [worker #13] Bootstrap tree #428, logLikelihood: -42736.716670
[01:04:07] [worker #1] Bootstrap tree #416, logLikelihood: -42545.041986
[01:04:08] [worker #9] Bootstrap tree #442, logLikelihood: -42522.673415
[01:04:10] [worker #15] Bootstrap tree #412, logLikelihood: -42330.317987
[01:04:18] [worker #8] Bootstrap tree #441, logLikelihood: -41870.875687
[01:04:18] [worker #10] Bootstrap tree #425, logLikelihood: -42233.719256
[01:04:20] [worker #17] Bootstrap tree #432, logLikelihood: -42219.484453
[01:04:21] [worker #0] Bootstrap tree #415, logLikelihood: -42548.633686
[01:04:24] [worker #5] Bootstrap tree #438, logLikelihood: -42497.339466
[01:04:25] [worker #4] Bootstrap tree #437, logLikelihood: -41872.789187
[01:04:33] [worker #13] Bootstrap tree #446, logLikelihood: -42812.465421
[01:04:33] [worker #12] Bootstrap tree #445, logLikelihood: -41754.180067
[01:04:36] [worker #16] Bootstrap tree #431, logLikelihood: -42795.723802
[01:04:43] [worker #10] Bootstrap tree #443, logLikelihood: -41956.746904
[01:04:45] [worker #6] Bootstrap tree #439, logLikelihood: -42223.566698
[01:04:49] [worker #7] Bootstrap tree #422, logLikelihood: -42067.284198
[01:04:54] [worker #14] Bootstrap tree #429, logLikelihood: -42717.477191
[01:05:00] [worker #17] Bootstrap tree #450, logLikelihood: -42057.973063
[01:05:07] [worker #16] Bootstrap tree #449, logLikelihood: -42420.140362
[01:05:08] [worker #15] Bootstrap tree #430, logLikelihood: -42788.015391
[01:05:27] [worker #1] Bootstrap tree #434, logLikelihood: -42282.625407
[01:05:33] [worker #2] Bootstrap tree #435, logLikelihood: -42538.236910
[01:05:37] [worker #7] Bootstrap tree #440, logLikelihood: -41936.928966
[01:05:38] [worker #14] Bootstrap tree #447, logLikelihood: -42391.393094
[01:05:44] [worker #15] Bootstrap tree #448, logLikelihood: -42212.683157
[01:06:32] [worker #0] Bootstrap tree #433, logLikelihood: -42463.264586
[01:07:09] [worker #17] Bootstrap tree #468, logLikelihood: -43022.092186
[01:07:10] [worker #1] Bootstrap tree #452, logLikelihood: -42424.471304
[01:07:11] [worker #15] Bootstrap tree #466, logLikelihood: -42387.554026
[01:07:14] [worker #5] Bootstrap tree #456, logLikelihood: -41935.146393
[01:07:15] [worker #3] Bootstrap tree #454, logLikelihood: -41909.607331
[01:07:16] [worker #16] Bootstrap tree #467, logLikelihood: -42328.225714
[01:07:21] [worker #11] Bootstrap tree #462, logLikelihood: -42672.695282
[01:07:23] [worker #9] Bootstrap tree #460, logLikelihood: -42552.418668
[01:07:32] [worker #1] Bootstrap tree #470, logLikelihood: -42222.306736
[01:07:33] [worker #13] Bootstrap tree #464, logLikelihood: -42981.090725
[01:07:40] [worker #10] Bootstrap tree #461, logLikelihood: -41987.768069
[01:07:42] [worker #17] Bootstrap tree #486, logLikelihood: -42572.603168
[01:07:46] [worker #14] Bootstrap tree #465, logLikelihood: -42444.634869
[01:07:47] [worker #2] Bootstrap tree #453, logLikelihood: -42410.011227
[01:07:47] [worker #0] Bootstrap tree #451, logLikelihood: -42051.396784
[01:07:50] [worker #11] Bootstrap tree #480, logLikelihood: -42496.136258
[01:07:51] [worker #7] Bootstrap tree #458, logLikelihood: -42515.402591
[01:07:52] [worker #5] Bootstrap tree #474, logLikelihood: -43046.050578
[01:07:56] [worker #12] Bootstrap tree #463, logLikelihood: -42640.982740
[01:07:59] [worker #9] Bootstrap tree #478, logLikelihood: -42472.920316
[01:08:02] [worker #1] Bootstrap tree #488, logLikelihood: -42672.485268
[01:08:06] [worker #3] Bootstrap tree #472, logLikelihood: -42287.311663
[01:08:08] [worker #13] Bootstrap tree #482, logLikelihood: -42897.594293
[01:08:09] [worker #16] Bootstrap tree #485, logLikelihood: -42538.281128
[01:08:10] [worker #15] Bootstrap tree #484, logLikelihood: -42035.632675
[01:08:15] [worker #4] Bootstrap tree #455, logLikelihood: -42632.253831
[01:08:22] [worker #11] Bootstrap tree #498, logLikelihood: -42697.201669
[01:08:23] [worker #7] Bootstrap tree #476, logLikelihood: -42157.756701
[01:08:30] [worker #10] Bootstrap tree #479, logLikelihood: -42438.666920
[01:08:34] [worker #12] Bootstrap tree #481, logLikelihood: -42856.766600
[01:08:35] [worker #13] Bootstrap tree #500, logLikelihood: -42848.653742
[01:08:37] [worker #14] Bootstrap tree #483, logLikelihood: -41442.039956
[01:08:39] [worker #6] Bootstrap tree #457, logLikelihood: -42368.861757
[01:08:44] [worker #5] Bootstrap tree #492, logLikelihood: -42279.255937
[01:08:44] [worker #2] Bootstrap tree #471, logLikelihood: -42239.583942
[01:08:46] [worker #8] Bootstrap tree #459, logLikelihood: -42171.343244
[01:08:54] [worker #9] Bootstrap tree #496, logLikelihood: -41869.520172
[01:08:54] [worker #4] Bootstrap tree #473, logLikelihood: -43016.638818
[01:09:01] [worker #3] Bootstrap tree #490, logLikelihood: -42522.482467
[01:09:09] [worker #7] Bootstrap tree #494, logLikelihood: -42438.654942
[01:09:13] [worker #2] Bootstrap tree #489, logLikelihood: -42403.429326
[01:09:15] [worker #10] Bootstrap tree #497, logLikelihood: -42146.845943
[01:09:26] [worker #0] Bootstrap tree #469, logLikelihood: -42600.874739
[01:09:29] [worker #12] Bootstrap tree #499, logLikelihood: -43530.660519
[01:09:34] [worker #6] Bootstrap tree #475, logLikelihood: -41989.473653
[01:09:57] [worker #8] Bootstrap tree #477, logLikelihood: -42841.262527
[01:09:59] [worker #0] Bootstrap tree #487, logLikelihood: -42362.796779
[01:10:19] [worker #6] Bootstrap tree #493, logLikelihood: -42239.879576
[01:10:40] [worker #4] Bootstrap tree #491, logLikelihood: -42174.172799
[01:11:02] [worker #8] Bootstrap tree #495, logLikelihood: -41882.036314
[01:11:25] [worker #10] Bootstrap tree #515, logLikelihood: -41966.097725
[01:11:33] [worker #13] Bootstrap tree #518, logLikelihood: -42466.035515
[01:11:39] [worker #16] Bootstrap tree #503, logLikelihood: -42381.278851
[01:11:43] [worker #2] Bootstrap tree #507, logLikelihood: -41846.542566
[01:11:44] [worker #6] Bootstrap tree #511, logLikelihood: -42507.576645
[01:11:46] [worker #17] Bootstrap tree #504, logLikelihood: -42007.305234
[01:11:46] [worker #0] Bootstrap tree #505, logLikelihood: -42184.669230
[01:11:52] [worker #1] Bootstrap tree #506, logLikelihood: -42664.367771
[01:11:54] [worker #8] Bootstrap tree #513, logLikelihood: -42525.304390
[01:11:55] [worker #15] Bootstrap tree #502, logLikelihood: -42928.109549
[01:11:58] [worker #4] Bootstrap tree #509, logLikelihood: -42596.529532
[01:11:58] [worker #3] Bootstrap tree #508, logLikelihood: -42003.011802
[01:11:58] [worker #12] Bootstrap tree #517, logLikelihood: -42765.343030
[01:12:00] [worker #14] Bootstrap tree #501, logLikelihood: -42416.125812
[01:12:00] [worker #7] Bootstrap tree #512, logLikelihood: -42458.642285
[01:12:01] [worker #10] Bootstrap tree #533, logLikelihood: -41752.201111
[01:12:03] [worker #16] Bootstrap tree #521, logLikelihood: -42456.780165
[01:12:05] [worker #11] Bootstrap tree #516, logLikelihood: -43364.780476
[01:12:08] [worker #13] Bootstrap tree #536, logLikelihood: -42890.523508
[01:12:10] [worker #9] Bootstrap tree #514, logLikelihood: -42541.813477
[01:12:23] [worker #6] Bootstrap tree #529, logLikelihood: -42216.076989
[01:12:25] [worker #0] Bootstrap tree #523, logLikelihood: -42698.163077
[01:12:31] [worker #2] Bootstrap tree #525, logLikelihood: -42312.516608
[01:12:33] [worker #1] Bootstrap tree #524, logLikelihood: -42719.933367
[01:12:34] [worker #15] Bootstrap tree #520, logLikelihood: -42184.644729
[01:12:36] [worker #17] Bootstrap tree #522, logLikelihood: -42223.736730
[01:12:36] [worker #3] Bootstrap tree #526, logLikelihood: -42536.162635
[01:12:46] [worker #14] Bootstrap tree #519, logLikelihood: -42031.913830
[01:12:48] [worker #12] Bootstrap tree #535, logLikelihood: -42347.126362
[01:12:52] [worker #9] Bootstrap tree #532, logLikelihood: -42025.904185
[01:13:02] [worker #1] Bootstrap tree #542, logLikelihood: -43064.437168
[01:13:05] [worker #16] Bootstrap tree #539, logLikelihood: -43129.171649
[01:13:07] [worker #0] Bootstrap tree #541, logLikelihood: -42503.447130
[01:13:08] [worker #11] Bootstrap tree #534, logLikelihood: -43058.366775
[01:13:10] [worker #2] Bootstrap tree #543, logLikelihood: -42686.433155
[01:13:10] [worker #15] Bootstrap tree #538, logLikelihood: -42217.661848
[01:13:15] [worker #6] Bootstrap tree #547, logLikelihood: -42859.829313
[01:13:18] [worker #7] Bootstrap tree #530, logLikelihood: -42591.957767
[01:13:19] [worker #5] Bootstrap tree #510, logLikelihood: -41673.575972
[01:13:19] [worker #3] Bootstrap tree #544, logLikelihood: -42250.911577
[01:13:19] [worker #17] Bootstrap tree #540, logLikelihood: -42993.920949
[01:13:33] [worker #9] Bootstrap tree #550, logLikelihood: -42617.031277
[01:13:51] [worker #8] Bootstrap tree #531, logLikelihood: -42775.809754
[01:13:58] [worker #4] Bootstrap tree #527, logLikelihood: -43174.540629
[01:14:00] [worker #14] Bootstrap tree #537, logLikelihood: -43253.283963
[01:14:07] [worker #7] Bootstrap tree #548, logLikelihood: -42719.427627
[01:14:25] [worker #4] Bootstrap tree #545, logLikelihood: -42568.705050
[01:14:31] [worker #8] Bootstrap tree #549, logLikelihood: -42869.390459
[01:14:55] [worker #5] Bootstrap tree #528, logLikelihood: -42207.138150
[01:15:51] [worker #5] Bootstrap tree #546, logLikelihood: -42775.965944
[01:16:19] [worker #12] Bootstrap tree #553, logLikelihood: -42179.316546
[01:16:27] [worker #2] Bootstrap tree #561, logLikelihood: -42428.807126
[01:16:27] [worker #4] Bootstrap tree #563, logLikelihood: -42336.832251
[01:16:28] [worker #1] Bootstrap tree #560, logLikelihood: -41944.738648
[01:16:30] [worker #3] Bootstrap tree #562, logLikelihood: -42553.674384
[01:16:34] [worker #6] Bootstrap tree #565, logLikelihood: -42384.139652
[01:16:35] [worker #17] Bootstrap tree #558, logLikelihood: -42163.102771
[01:16:37] [worker #10] Bootstrap tree #551, logLikelihood: -42404.208774
[01:16:38] [worker #13] Bootstrap tree #554, logLikelihood: -42120.601445
[01:16:39] [worker #7] Bootstrap tree #566, logLikelihood: -42810.860934
[01:16:42] [worker #0] Bootstrap tree #559, logLikelihood: -42177.807944
[01:16:43] [worker #14] Bootstrap tree #555, logLikelihood: -42826.366393
[01:16:59] [worker #2] Bootstrap tree #579, logLikelihood: -42734.488094
[01:17:01] [worker #12] Bootstrap tree #571, logLikelihood: -42589.652863
[01:17:04] [worker #4] Bootstrap tree #581, logLikelihood: -43571.560257
[01:17:06] [worker #10] Bootstrap tree #569, logLikelihood: -42285.449082
[01:17:08] [worker #3] Bootstrap tree #580, logLikelihood: -42272.928522
[01:17:10] [worker #13] Bootstrap tree #572, logLikelihood: -42763.384163
[01:17:12] [worker #8] Bootstrap tree #567, logLikelihood: -42512.260915
[01:17:12] [worker #5] Bootstrap tree #564, logLikelihood: -42475.830187
[01:17:15] [worker #0] Bootstrap tree #577, logLikelihood: -42765.653372
[01:17:16] [worker #14] Bootstrap tree #573, logLikelihood: -42790.469784
[01:17:19] [worker #6] Bootstrap tree #583, logLikelihood: -42828.203503
[01:17:22] [worker #15] Bootstrap tree #556, logLikelihood: -42882.846476
[01:17:27] [worker #16] Bootstrap tree #557, logLikelihood: -42186.536538
[01:17:30] [worker #12] Bootstrap tree #589, logLikelihood: -42753.778561
[01:17:35] [worker #7] Bootstrap tree #584, logLikelihood: -42865.873774
[01:17:36] [worker #1] Bootstrap tree #578, logLikelihood: -42578.478381
[01:17:37] [worker #4] Bootstrap tree #599, logLikelihood: -41980.290132
[01:17:37] [worker #9] Bootstrap tree #568, logLikelihood: -42863.140251
[01:17:37] [worker #11] Bootstrap tree #552, logLikelihood: -42544.709743
[01:17:38] [worker #3] Bootstrap tree #598, logLikelihood: -42443.179247
[01:17:42] [worker #13] Bootstrap tree #590, logLikelihood: -42089.281496
[01:17:44] [worker #8] Bootstrap tree #585, logLikelihood: -43209.204037
[01:17:50] [worker #10] Bootstrap tree #587, logLikelihood: -42244.891010
[01:17:55] [worker #0] Bootstrap tree #595, logLikelihood: -42463.016464
[01:17:56] [worker #17] Bootstrap tree #576, logLikelihood: -42391.252522
[01:17:59] [worker #14] Bootstrap tree #591, logLikelihood: -42572.727814
[01:18:06] [worker #2] Bootstrap tree #597, logLikelihood: -42644.875231
[01:18:11] [worker #1] Bootstrap tree #596, logLikelihood: -42371.475292
[01:18:14] [worker #15] Bootstrap tree #574, logLikelihood: -42540.196030
[01:18:20] [worker #16] Bootstrap tree #575, logLikelihood: -42250.996948
[01:18:38] [worker #9] Bootstrap tree #586, logLikelihood: -42845.228245
[01:18:49] [worker #16] Bootstrap tree #593, logLikelihood: -42412.919209
[01:18:54] [worker #15] Bootstrap tree #592, logLikelihood: -42283.185982
[01:19:04] [worker #5] Bootstrap tree #582, logLikelihood: -43103.280881
[01:19:13] [worker #17] Bootstrap tree #594, logLikelihood: -42306.500615
[01:19:16] [worker #11] Bootstrap tree #570, logLikelihood: -43439.454445
[01:19:59] [worker #5] Bootstrap tree #600, logLikelihood: -42033.579557
[01:20:10] [worker #11] Bootstrap tree #588, logLikelihood: -42760.670298
[01:20:37] [worker #17] Bootstrap tree #612, logLikelihood: -42480.405344
[01:20:40] [worker #8] Bootstrap tree #603, logLikelihood: -42772.949391
[01:20:45] [worker #4] Bootstrap tree #617, logLikelihood: -42286.751217
[01:20:45] [worker #11] Bootstrap tree #606, logLikelihood: -42558.351230
[01:20:48] [worker #6] Bootstrap tree #601, logLikelihood: -42512.839631
[01:20:54] [worker #1] Bootstrap tree #614, logLikelihood: -42534.009576
[01:21:01] [worker #15] Bootstrap tree #610, logLikelihood: -42755.779700
[01:21:03] [worker #2] Bootstrap tree #615, logLikelihood: -42622.444670
[01:21:04] [worker #12] Bootstrap tree #607, logLikelihood: -41901.283921
[01:21:05] [worker #10] Bootstrap tree #605, logLikelihood: -41830.122410
[01:21:13] [worker #6] Bootstrap tree #619, logLikelihood: -42544.687536
[01:21:14] [worker #8] Bootstrap tree #621, logLikelihood: -42818.058308
[01:21:16] [worker #14] Bootstrap tree #609, logLikelihood: -42986.506286
[01:21:17] [worker #17] Bootstrap tree #630, logLikelihood: -41802.524514
[01:21:24] [worker #3] Bootstrap tree #616, logLikelihood: -42214.978614
[01:21:24] [worker #13] Bootstrap tree #608, logLikelihood: -43223.653410
[01:21:29] [worker #1] Bootstrap tree #632, logLikelihood: -42784.666397
[01:21:31] [worker #7] Bootstrap tree #602, logLikelihood: -42060.458659
[01:21:35] [worker #9] Bootstrap tree #604, logLikelihood: -42303.696649
[01:21:39] [worker #15] Bootstrap tree #628, logLikelihood: -42469.917245
[01:21:42] [worker #12] Bootstrap tree #625, logLikelihood: -42616.000270
[01:21:42] [worker #16] Bootstrap tree #611, logLikelihood: -42409.458102
[01:21:45] [worker #8] Bootstrap tree #639, logLikelihood: -42401.016406
[01:21:46] [worker #10] Bootstrap tree #623, logLikelihood: -42498.591383
[01:21:46] [worker #2] Bootstrap tree #633, logLikelihood: -43232.333937
[01:21:47] [worker #6] Bootstrap tree #637, logLikelihood: -42502.396042
[01:21:54] [worker #0] Bootstrap tree #613, logLikelihood: -42567.718004
[01:22:02] [worker #17] Bootstrap tree #648, logLikelihood: -42287.377934
[01:22:04] [worker #15] Bootstrap tree #646, logLikelihood: -42409.184477
[01:22:05] [worker #14] Bootstrap tree #627, logLikelihood: -42218.645953
[01:22:05] [worker #1] Bootstrap tree #650, logLikelihood: -42394.889728
[01:22:07] [worker #13] Bootstrap tree #626, logLikelihood: -42762.763959
[01:22:10] [worker #4] Bootstrap tree #635, logLikelihood: -42191.027973
[01:22:15] [worker #5] Bootstrap tree #618, logLikelihood: -42254.237813
[01:22:16] [worker #12] Bootstrap tree #643, logLikelihood: -42136.168616
[01:22:32] [worker #9] Bootstrap tree #622, logLikelihood: -42569.240201
[01:22:33] [worker #10] Bootstrap tree #641, logLikelihood: -42430.453635
[01:22:36] [worker #16] Bootstrap tree #629, logLikelihood: -42284.278362
[01:22:38] [worker #7] Bootstrap tree #620, logLikelihood: -42597.473233
[01:22:41] [worker #11] Bootstrap tree #624, logLikelihood: -42667.149713
[01:22:46] [worker #16] Bootstrap tree #647, logLikelihood: -43000.964611
[01:22:49] [worker #3] Bootstrap tree #634, logLikelihood: -43204.031608
[01:22:57] [worker #13] Bootstrap tree #644, logLikelihood: -42239.829753
[01:23:04] [worker #0] Bootstrap tree #631, logLikelihood: -42031.749494
[01:23:13] [worker #5] Bootstrap tree #636, logLikelihood: -43144.142507
[01:23:20] [worker #9] Bootstrap tree #640, logLikelihood: -42004.164984
[01:23:34] [worker #7] Bootstrap tree #638, logLikelihood: -42841.109748
[01:23:40] [worker #14] Bootstrap tree #645, logLikelihood: -42275.470517
[01:23:50] [worker #0] Bootstrap tree #649, logLikelihood: -42678.494189
[01:23:58] [worker #11] Bootstrap tree #642, logLikelihood: -42326.453111
[01:24:42] [worker #10] Bootstrap tree #659, logLikelihood: -42754.316255
[01:24:42] [worker #7] Bootstrap tree #656, logLikelihood: -42422.742521
[01:24:43] [worker #9] Bootstrap tree #658, logLikelihood: -43625.987192
[01:24:43] [worker #8] Bootstrap tree #657, logLikelihood: -42845.596454
[01:24:44] [worker #6] Bootstrap tree #655, logLikelihood: -42176.665597
[01:24:45] [worker #0] Bootstrap tree #667, logLikelihood: -41695.880605
[01:24:48] [worker #2] Bootstrap tree #651, logLikelihood: -42894.653777
[01:24:48] [worker #15] Bootstrap tree #664, logLikelihood: -41654.463233
[01:24:57] [worker #13] Bootstrap tree #662, logLikelihood: -43546.107097
[01:24:59] [worker #12] Bootstrap tree #661, logLikelihood: -42219.329538
[01:25:02] [worker #14] Bootstrap tree #663, logLikelihood: -42345.782749
[01:25:03] [worker #17] Bootstrap tree #666, logLikelihood: -41845.721466
[01:25:11] [worker #4] Bootstrap tree #653, logLikelihood: -42062.661719
[01:25:16] [worker #16] Bootstrap tree #665, logLikelihood: -42689.696638
[01:25:22] [worker #5] Bootstrap tree #654, logLikelihood: -42297.857748
[01:25:24] [worker #9] Bootstrap tree #676, logLikelihood: -42690.027470
[01:25:25] [worker #7] Bootstrap tree #674, logLikelihood: -42631.092586
[01:25:26] [worker #0] Bootstrap tree #685, logLikelihood: -41943.122824
[01:25:35] [worker #17] Bootstrap tree #684, logLikelihood: -42765.475254
[01:25:38] [worker #3] Bootstrap tree #652, logLikelihood: -42405.385815
[01:25:38] [worker #2] Bootstrap tree #669, logLikelihood: -42665.617172
[01:25:40] [worker #15] Bootstrap tree #682, logLikelihood: -42888.851446
[01:25:40] [worker #1] Bootstrap tree #668, logLikelihood: -42165.967785
[01:25:45] [worker #12] Bootstrap tree #679, logLikelihood: -42488.025506
[01:25:49] [worker #8] Bootstrap tree #675, logLikelihood: -42670.099291
[01:25:51] [worker #11] Bootstrap tree #660, logLikelihood: -42458.878593
[01:25:54] [worker #10] Bootstrap tree #677, logLikelihood: -42968.174456
[01:25:54] [worker #9] Bootstrap tree #694, logLikelihood: -42208.257612
[01:26:00] [worker #14] Bootstrap tree #681, logLikelihood: -42629.217093
[01:26:04] [worker #16] Bootstrap tree #683, logLikelihood: -42893.143679
[01:26:07] [worker #7] Bootstrap tree #692, logLikelihood: -42195.366584
[01:26:09] [worker #6] Bootstrap tree #673, logLikelihood: -42761.180256
[01:26:09] [worker #5] Bootstrap tree #672, logLikelihood: -42951.279416
[01:26:17] [worker #15] Bootstrap tree #700, logLikelihood: -42668.244765
[01:26:23] [worker #1] Bootstrap tree #686, logLikelihood: -42864.449841
[01:26:28] [worker #13] Bootstrap tree #680, logLikelihood: -42764.871416
[01:26:30] [worker #3] Bootstrap tree #670, logLikelihood: -42642.766878
[01:26:33] [worker #4] Bootstrap tree #671, logLikelihood: -42319.468340
[01:26:39] [worker #2] Bootstrap tree #687, logLikelihood: -43276.498974
[01:26:48] [worker #12] Bootstrap tree #697, logLikelihood: -42500.203087
[01:26:51] [worker #10] Bootstrap tree #695, logLikelihood: -42495.949744
[01:27:00] [worker #14] Bootstrap tree #699, logLikelihood: -42779.502703
[01:27:18] [worker #3] Bootstrap tree #688, logLikelihood: -42712.640403
[01:27:23] [worker #6] Bootstrap tree #691, logLikelihood: -42115.812656
[01:27:23] [worker #5] Bootstrap tree #690, logLikelihood: -42008.497406
[01:27:25] [worker #8] Bootstrap tree #693, logLikelihood: -42733.388176
[01:27:36] [worker #13] Bootstrap tree #698, logLikelihood: -41517.559055
[01:27:48] [worker #11] Bootstrap tree #678, logLikelihood: -42620.262357
[01:27:51] [worker #4] Bootstrap tree #689, logLikelihood: -42144.964353
[01:28:12] [worker #11] Bootstrap tree #696, logLikelihood: -42145.026696
[01:28:46] [worker #16] Bootstrap tree #701, logLikelihood: -43036.245409
[01:28:48] [worker #9] Bootstrap tree #712, logLikelihood: -43187.177123
[01:28:49] [worker #3] Bootstrap tree #706, logLikelihood: -42995.136234
[01:28:49] [worker #15] Bootstrap tree #718, logLikelihood: -42666.919578
[01:28:50] [worker #2] Bootstrap tree #705, logLikelihood: -42827.665723
[01:28:51] [worker #17] Bootstrap tree #702, logLikelihood: -42333.432539
[01:28:57] [worker #5] Bootstrap tree #708, logLikelihood: -42114.957048
[01:28:58] [worker #0] Bootstrap tree #703, logLikelihood: -42502.678505
[01:28:59] [worker #13] Bootstrap tree #716, logLikelihood: -42880.659999
[01:29:01] [worker #7] Bootstrap tree #710, logLikelihood: -42114.666296
[01:29:05] [worker #14] Bootstrap tree #717, logLikelihood: -41923.249082
[01:29:10] [worker #8] Bootstrap tree #711, logLikelihood: -42622.050232
[01:29:17] [worker #6] Bootstrap tree #709, logLikelihood: -42137.033455
[01:29:18] [worker #2] Bootstrap tree #723, logLikelihood: -42367.396893
[01:29:21] [worker #16] Bootstrap tree #719, logLikelihood: -42598.415616
[01:29:21] [worker #17] Bootstrap tree #720, logLikelihood: -42528.610802
[01:29:25] [worker #9] Bootstrap tree #730, logLikelihood: -42679.630045
[01:29:28] [worker #15] Bootstrap tree #736, logLikelihood: -42895.074458
[01:29:29] [worker #3] Bootstrap tree #724, logLikelihood: -42131.282614
[01:29:29] [worker #1] Bootstrap tree #704, logLikelihood: -42341.367414
[01:29:35] [worker #7] Bootstrap tree #728, logLikelihood: -42463.926184
[01:29:37] [worker #4] Bootstrap tree #707, logLikelihood: -42408.097404
[01:29:39] [worker #5] Bootstrap tree #726, logLikelihood: -42181.312470
[01:29:42] [worker #10] Bootstrap tree #713, logLikelihood: -42991.546580
[01:29:49] [worker #14] Bootstrap tree #735, logLikelihood: -43354.342469
[01:29:50] [worker #16] Bootstrap tree #737, logLikelihood: -42177.672613
[01:29:51] [worker #0] Bootstrap tree #721, logLikelihood: -42498.794272
[01:29:51] [worker #12] Bootstrap tree #715, logLikelihood: -42908.861743
[01:29:58] [worker #13] Bootstrap tree #734, logLikelihood: -42033.465118
[01:30:02] [worker #11] Bootstrap tree #714, logLikelihood: -43375.483469
[01:30:04] [worker #2] Bootstrap tree #741, logLikelihood: -43494.652524
[01:30:05] [worker #17] Bootstrap tree #738, logLikelihood: -41566.111457
[01:30:10] [worker #4] Bootstrap tree #725, logLikelihood: -42703.943635
[01:30:11] [worker #7] Bootstrap tree #746, logLikelihood: -42993.928271
[01:30:11] [worker #1] Bootstrap tree #722, logLikelihood: -43138.066677
[01:30:18] [worker #8] Bootstrap tree #729, logLikelihood: -42524.490435
[01:30:21] [worker #3] Bootstrap tree #742, logLikelihood: -42062.257218
[01:30:21] [worker #9] Bootstrap tree #748, logLikelihood: -41871.172215
[01:30:33] [worker #0] Bootstrap tree #739, logLikelihood: -41855.927220
[01:30:39] [worker #6] Bootstrap tree #727, logLikelihood: -42705.298330
[01:30:46] [worker #10] Bootstrap tree #731, logLikelihood: -41299.873149
[01:30:54] [worker #1] Bootstrap tree #740, logLikelihood: -42937.235077
[01:30:57] [worker #5] Bootstrap tree #744, logLikelihood: -42195.087113
[01:30:59] [worker #8] Bootstrap tree #747, logLikelihood: -42020.957580
[01:31:03] [worker #6] Bootstrap tree #745, logLikelihood: -41992.874114
[01:31:11] [worker #11] Bootstrap tree #732, logLikelihood: -42350.101592
[01:31:14] [worker #4] Bootstrap tree #743, logLikelihood: -41715.550647
[01:31:18] [worker #12] Bootstrap tree #733, logLikelihood: -42647.745415
[01:32:14] [worker #10] Bootstrap tree #749, logLikelihood: -42683.192382
[01:32:34] [worker #11] Bootstrap tree #750, logLikelihood: -41759.018270
[01:33:11] [worker #10] Bootstrap tree #767, logLikelihood: -42428.319889
[01:33:12] [worker #2] Bootstrap tree #759, logLikelihood: -42615.561718
[01:33:13] [worker #9] Bootstrap tree #766, logLikelihood: -42772.094462
[01:33:15] [worker #17] Bootstrap tree #756, logLikelihood: -42223.885059
[01:33:17] [worker #14] Bootstrap tree #753, logLikelihood: -42484.627351
[01:33:19] [worker #4] Bootstrap tree #761, logLikelihood: -41944.874341
[01:33:19] [worker #5] Bootstrap tree #762, logLikelihood: -42674.648238
[01:33:19] [worker #6] Bootstrap tree #763, logLikelihood: -42382.300122
[01:33:22] [worker #7] Bootstrap tree #764, logLikelihood: -42440.293583
[01:33:30] [worker #12] Bootstrap tree #751, logLikelihood: -42535.889403
[01:33:30] [worker #13] Bootstrap tree #752, logLikelihood: -42392.399146
[01:33:30] [worker #0] Bootstrap tree #757, logLikelihood: -42801.919636
[01:33:40] [worker #11] Bootstrap tree #768, logLikelihood: -42469.230805
[01:33:40] [worker #15] Bootstrap tree #754, logLikelihood: -42095.218154
[01:33:44] [worker #2] Bootstrap tree #777, logLikelihood: -42234.310052
[01:33:44] [worker #1] Bootstrap tree #758, logLikelihood: -42784.891821
[01:33:50] [worker #8] Bootstrap tree #765, logLikelihood: -42760.292292
[01:33:55] [worker #17] Bootstrap tree #774, logLikelihood: -43324.564802
[01:33:55] [worker #6] Bootstrap tree #781, logLikelihood: -42733.968410
[01:33:58] [worker #16] Bootstrap tree #755, logLikelihood: -42729.084921
[01:34:00] [worker #10] Bootstrap tree #785, logLikelihood: -42311.734550
[01:34:01] [worker #9] Bootstrap tree #784, logLikelihood: -42855.567479
[01:34:07] [worker #15] Bootstrap tree #772, logLikelihood: -42228.153920
[01:34:09] [worker #5] Bootstrap tree #780, logLikelihood: -42769.702216
[01:34:14] [worker #7] Bootstrap tree #782, logLikelihood: -41838.902819
[01:34:16] [worker #1] Bootstrap tree #776, logLikelihood: -42324.929123
[01:34:18] [worker #4] Bootstrap tree #779, logLikelihood: -41818.595208
[01:34:25] [worker #11] Bootstrap tree #786, logLikelihood: -42226.864453
[01:34:27] [worker #12] Bootstrap tree #769, logLikelihood: -42630.348683
[01:34:32] [worker #3] Bootstrap tree #760, logLikelihood: -42424.729025
[01:34:33] [worker #14] Bootstrap tree #771, logLikelihood: -42740.563407
[01:34:39] [worker #17] Bootstrap tree #792, logLikelihood: -42415.159641
[01:34:43] [worker #15] Bootstrap tree #790, logLikelihood: -41752.854817
[01:34:44] [worker #2] Bootstrap tree #795, logLikelihood: -41763.380850
[01:34:44] [worker #7] Bootstrap tree #800, logLikelihood: -41350.857316
[01:34:49] [worker #5] Bootstrap tree #798, logLikelihood: -42127.450424
[01:34:51] [worker #3] Bootstrap tree #778, logLikelihood: -43286.831563
[01:35:01] [worker #8] Bootstrap tree #783, logLikelihood: -42516.805262
[01:35:06] [worker #6] Bootstrap tree #799, logLikelihood: -42759.550759
[01:35:08] [worker #16] Bootstrap tree #773, logLikelihood: -42101.248630
[01:35:13] [worker #0] Bootstrap tree #775, logLikelihood: -42597.266334
[01:35:13] [worker #1] Bootstrap tree #794, logLikelihood: -43005.506769
[01:35:18] [worker #14] Bootstrap tree #789, logLikelihood: -42565.426871
[01:35:22] [worker #3] Bootstrap tree #796, logLikelihood: -42724.543769
[01:35:30] [worker #4] Bootstrap tree #797, logLikelihood: -42737.486993
[01:35:46] [worker #13] Bootstrap tree #770, logLikelihood: -42465.661945
[01:35:56] [worker #12] Bootstrap tree #787, logLikelihood: -42309.230593
[01:36:03] [worker #16] Bootstrap tree #791, logLikelihood: -42618.993572
[01:36:07] [worker #0] Bootstrap tree #793, logLikelihood: -42568.573434
[01:36:26] [worker #13] Bootstrap tree #788, logLikelihood: -42966.274553
[01:37:04] [worker #5] Bootstrap tree #816, logLikelihood: -42071.710219
[01:37:05] [worker #13] Bootstrap tree #806, logLikelihood: -42563.973054
[01:37:07] [worker #1] Bootstrap tree #812, logLikelihood: -42319.784673
[01:37:12] [worker #4] Bootstrap tree #815, logLikelihood: -42198.535127
[01:37:14] [worker #11] Bootstrap tree #804, logLikelihood: -41773.083595
[01:37:14] [worker #14] Bootstrap tree #807, logLikelihood: -42446.075161
[01:37:15] [worker #8] Bootstrap tree #801, logLikelihood: -42130.502792
[01:37:16] [worker #9] Bootstrap tree #802, logLikelihood: -41691.029449
[01:37:17] [worker #16] Bootstrap tree #809, logLikelihood: -42934.318317
[01:37:18] [worker #2] Bootstrap tree #813, logLikelihood: -42811.926920
[01:37:23] [worker #12] Bootstrap tree #805, logLikelihood: -42031.057213
[01:37:24] [worker #0] Bootstrap tree #811, logLikelihood: -42672.598008
[01:37:25] [worker #6] Bootstrap tree #817, logLikelihood: -42273.772848
[01:37:25] [worker #17] Bootstrap tree #810, logLikelihood: -42086.802724
[01:37:27] [worker #3] Bootstrap tree #814, logLikelihood: -42307.079419
[01:37:34] [worker #5] Bootstrap tree #834, logLikelihood: -42118.918889
[01:37:40] [worker #13] Bootstrap tree #824, logLikelihood: -41264.135677
[01:37:43] [worker #14] Bootstrap tree #825, logLikelihood: -42546.959208
[01:37:46] [worker #15] Bootstrap tree #808, logLikelihood: -41987.020560
[01:37:48] [worker #4] Bootstrap tree #833, logLikelihood: -42562.607987
[01:37:49] [worker #2] Bootstrap tree #831, logLikelihood: -42339.299300
[01:37:52] [worker #16] Bootstrap tree #827, logLikelihood: -41785.439323
[01:38:02] [worker #10] Bootstrap tree #803, logLikelihood: -42712.276443
[01:38:05] [worker #17] Bootstrap tree #828, logLikelihood: -42391.952493
[01:38:07] [worker #7] Bootstrap tree #818, logLikelihood: -42403.679468
[01:38:10] [worker #1] Bootstrap tree #830, logLikelihood: -42769.766580
[01:38:10] [worker #0] Bootstrap tree #829, logLikelihood: -42669.226139
[01:38:10] [worker #9] Bootstrap tree #820, logLikelihood: -42890.900773
[01:38:12] [worker #14] Bootstrap tree #843, logLikelihood: -43099.265572
[01:38:14] [worker #3] Bootstrap tree #832, logLikelihood: -42600.984842
[01:38:14] [worker #12] Bootstrap tree #823, logLikelihood: -43247.297208
[01:38:19] [worker #13] Bootstrap tree #842, logLikelihood: -42149.139659
[01:38:22] [worker #11] Bootstrap tree #822, logLikelihood: -42444.550903
[01:38:26] [worker #6] Bootstrap tree #835, logLikelihood: -42434.626076
[01:38:27] [worker #8] Bootstrap tree #819, logLikelihood: -41829.311454
[01:38:34] [worker #2] Bootstrap tree #849, logLikelihood: -42482.617266
[01:38:37] [worker #17] Bootstrap tree #846, logLikelihood: -42836.045012
[01:38:43] [worker #10] Bootstrap tree #821, logLikelihood: -42449.296035
[01:38:44] [worker #1] Bootstrap tree #848, logLikelihood: -42981.162097
[01:38:54] [worker #12] Bootstrap tree #841, logLikelihood: -42647.743856
[01:39:04] [worker #11] Bootstrap tree #840, logLikelihood: -42475.805515
[01:39:05] [worker #0] Bootstrap tree #847, logLikelihood: -42580.130760
[01:39:10] [worker #16] Bootstrap tree #845, logLikelihood: -42692.844851
[01:39:12] [worker #15] Bootstrap tree #826, logLikelihood: -41713.214764
[01:39:14] [worker #8] Bootstrap tree #837, logLikelihood: -41864.659494
[01:39:15] [worker #9] Bootstrap tree #838, logLikelihood: -42851.535000
[01:39:17] [worker #10] Bootstrap tree #839, logLikelihood: -42403.719699
[01:39:18] [worker #3] Bootstrap tree #850, logLikelihood: -42574.426491
[01:39:55] [worker #7] Bootstrap tree #836, logLikelihood: -42737.827962
[01:40:31] [worker #15] Bootstrap tree #844, logLikelihood: -42258.764214
[01:41:06] [worker #15] Bootstrap tree #862, logLikelihood: -41696.342662
[01:41:09] [worker #6] Bootstrap tree #853, logLikelihood: -42654.745783
[01:41:11] [worker #12] Bootstrap tree #859, logLikelihood: -42364.423619
[01:41:12] [worker #14] Bootstrap tree #861, logLikelihood: -42293.539486
[01:41:13] [worker #16] Bootstrap tree #863, logLikelihood: -42076.152786
[01:41:13] [worker #2] Bootstrap tree #867, logLikelihood: -43027.203411
[01:41:14] [worker #11] Bootstrap tree #858, logLikelihood: -41712.304851
[01:41:14] [worker #13] Bootstrap tree #860, logLikelihood: -42682.625054
[01:41:15] [worker #5] Bootstrap tree #852, logLikelihood: -43584.723536
[01:41:23] [worker #17] Bootstrap tree #864, logLikelihood: -42298.843987
[01:41:30] [worker #4] Bootstrap tree #851, logLikelihood: -42030.414047
[01:41:32] [worker #1] Bootstrap tree #866, logLikelihood: -42873.990293
[01:41:34] [worker #14] Bootstrap tree #879, logLikelihood: -42249.353690
[01:41:41] [worker #2] Bootstrap tree #885, logLikelihood: -43235.741108
[01:41:45] [worker #16] Bootstrap tree #881, logLikelihood: -42180.697503
[01:41:47] [worker #9] Bootstrap tree #856, logLikelihood: -42519.477036
[01:41:48] [worker #5] Bootstrap tree #870, logLikelihood: -42179.188749
[01:41:48] [worker #15] Bootstrap tree #880, logLikelihood: -41491.944219
[01:41:54] [worker #12] Bootstrap tree #877, logLikelihood: -42242.051670
[01:41:54] [worker #0] Bootstrap tree #865, logLikelihood: -42772.057574
[01:41:59] [worker #14] Bootstrap tree #897, logLikelihood: -42620.853502
[01:42:00] [worker #7] Bootstrap tree #854, logLikelihood: -42402.786495
[01:42:08] [worker #11] Bootstrap tree #876, logLikelihood: -42401.674359
[01:42:09] [worker #10] Bootstrap tree #857, logLikelihood: -42674.557116
[01:42:11] [worker #6] Bootstrap tree #871, logLikelihood: -42373.283340
[01:42:11] [worker #17] Bootstrap tree #882, logLikelihood: -42536.013812
[01:42:19] [worker #1] Bootstrap tree #884, logLikelihood: -43172.461819
[01:42:26] [worker #3] Bootstrap tree #868, logLikelihood: -42867.048492
[01:42:28] [worker #13] Bootstrap tree #878, logLikelihood: -42661.575085
[01:42:29] [worker #4] Bootstrap tree #869, logLikelihood: -42745.024399
[01:42:34] [worker #8] Bootstrap tree #855, logLikelihood: -42624.607421
[01:42:42] [worker #0] Bootstrap tree #883, logLikelihood: -42459.492048
[01:42:43] [worker #5] Bootstrap tree #888, logLikelihood: -43019.736869
[01:42:44] [worker #11] Bootstrap tree #894, logLikelihood: -42429.003124
[01:42:49] [worker #15] Bootstrap tree #898, logLikelihood: -42195.622921
[01:42:51] [worker #7] Bootstrap tree #872, logLikelihood: -42521.978274
[01:42:58] [worker #9] Bootstrap tree #874, logLikelihood: -42849.313788
[01:43:01] [worker #10] Bootstrap tree #875, logLikelihood: -42403.868279
[01:43:06] [worker #17] Bootstrap tree #900, logLikelihood: -42312.416680
[01:43:14] [worker #16] Bootstrap tree #899, logLikelihood: -43211.783981
[01:43:31] [worker #13] Bootstrap tree #896, logLikelihood: -42856.773845
[01:43:36] [worker #8] Bootstrap tree #873, logLikelihood: -42604.752003
[01:43:41] [worker #12] Bootstrap tree #895, logLikelihood: -42875.683155
[01:43:46] [worker #7] Bootstrap tree #890, logLikelihood: -42658.955303
[01:43:47] [worker #6] Bootstrap tree #889, logLikelihood: -42641.649402
[01:43:56] [worker #4] Bootstrap tree #887, logLikelihood: -42346.954318
[01:44:00] [worker #9] Bootstrap tree #892, logLikelihood: -41999.461408
[01:44:05] [worker #10] Bootstrap tree #893, logLikelihood: -41971.951313
[01:44:31] [worker #8] Bootstrap tree #891, logLikelihood: -42671.081466
[01:44:57] [worker #3] Bootstrap tree #886, logLikelihood: -42106.580324
[01:45:25] [worker #16] Bootstrap tree #917, logLikelihood: -42411.447616
[01:45:30] [worker #15] Bootstrap tree #916, logLikelihood: -41884.184923
[01:45:36] [worker #10] Bootstrap tree #911, logLikelihood: -42746.030663
[01:45:36] [worker #14] Bootstrap tree #915, logLikelihood: -42314.419115
[01:45:42] [worker #9] Bootstrap tree #910, logLikelihood: -43078.299128
[01:45:46] [worker #0] Bootstrap tree #901, logLikelihood: -42837.470641
[01:45:48] [worker #13] Bootstrap tree #914, logLikelihood: -42754.055170
[01:45:51] [worker #12] Bootstrap tree #913, logLikelihood: -43141.686920
[01:45:53] [worker #2] Bootstrap tree #903, logLikelihood: -42331.619859
[01:45:56] [worker #1] Bootstrap tree #902, logLikelihood: -42535.457216
[01:45:58] [worker #17] Bootstrap tree #918, logLikelihood: -42743.503909
[01:46:06] [worker #5] Bootstrap tree #906, logLikelihood: -42513.878950
[01:46:10] [worker #7] Bootstrap tree #908, logLikelihood: -42459.580134
[01:46:11] [worker #10] Bootstrap tree #929, logLikelihood: -42678.849473
[01:46:13] [worker #15] Bootstrap tree #934, logLikelihood: -42366.601835
[01:46:15] [worker #3] Bootstrap tree #904, logLikelihood: -42880.314208
[01:46:17] [worker #8] Bootstrap tree #909, logLikelihood: -42287.597457
[01:46:22] [worker #16] Bootstrap tree #935, logLikelihood: -43216.147771
[01:46:24] [worker #4] Bootstrap tree #905, logLikelihood: -42460.002904
[01:46:33] [worker #0] Bootstrap tree #919, logLikelihood: -42131.006021
[01:46:33] [worker #9] Bootstrap tree #928, logLikelihood: -42562.334310
[01:46:37] [worker #6] Bootstrap tree #907, logLikelihood: -42966.157185
[01:46:44] [worker #12] Bootstrap tree #931, logLikelihood: -42724.530496
[01:46:50] [worker #2] Bootstrap tree #921, logLikelihood: -41726.569195
[01:46:50] [worker #10] Bootstrap tree #947, logLikelihood: -42301.108198
[01:46:51] [worker #7] Bootstrap tree #926, logLikelihood: -42610.989965
[01:46:57] [worker #1] Bootstrap tree #920, logLikelihood: -42241.480554
[01:46:57] [worker #11] Bootstrap tree #912, logLikelihood: -42552.100458
[01:47:01] [worker #3] Bootstrap tree #922, logLikelihood: -42007.660906
[01:47:02] [worker #8] Bootstrap tree #927, logLikelihood: -42374.548820
[01:47:02] [worker #13] Bootstrap tree #932, logLikelihood: -42413.851442
[01:47:03] [worker #17] Bootstrap tree #936, logLikelihood: -41729.818563
[01:47:10] [worker #5] Bootstrap tree #924, logLikelihood: -42743.822461
[01:47:31] [worker #2] Bootstrap tree #939, logLikelihood: -41937.850729
[01:47:32] [worker #4] Bootstrap tree #923, logLikelihood: -42976.912181
[01:47:34] [worker #12] Bootstrap tree #949, logLikelihood: -42823.265962
[01:47:34] [worker #3] Bootstrap tree #940, logLikelihood: -42868.227453
[01:47:35] [worker #9] Bootstrap tree #946, logLikelihood: -42582.174878
[01:47:35] [worker #0] Bootstrap tree #937, logLikelihood: -43099.836330
[01:47:41] [worker #1] Bootstrap tree #938, logLikelihood: -42418.301072
[01:47:44] [worker #8] Bootstrap tree #945, logLikelihood: -42608.988554
[01:47:49] [worker #13] Bootstrap tree #950, logLikelihood: -42273.766745
[01:47:51] [worker #11] Bootstrap tree #930, logLikelihood: -42706.997693
[01:47:59] [worker #6] Bootstrap tree #925, logLikelihood: -42838.744647
[01:48:04] [worker #14] Bootstrap tree #933, logLikelihood: -42702.982474
[01:48:17] [worker #4] Bootstrap tree #941, logLikelihood: -42616.672723
[01:48:20] [worker #5] Bootstrap tree #942, logLikelihood: -42315.790965
[01:48:23] [worker #11] Bootstrap tree #948, logLikelihood: -42931.023864
[01:48:28] [worker #7] Bootstrap tree #944, logLikelihood: -42419.022911
[01:49:15] [worker #6] Bootstrap tree #943, logLikelihood: -42156.042477
[01:49:50] [worker #6] Bootstrap tree #961, logLikelihood: -42775.500020
[01:49:54] [worker #9] Bootstrap tree #964, logLikelihood: -42277.783314
[01:49:57] [worker #10] Bootstrap tree #965, logLikelihood: -42691.582228
[01:49:57] [worker #13] Bootstrap tree #968, logLikelihood: -43421.655446
[01:49:59] [worker #14] Bootstrap tree #951, logLikelihood: -42717.293590
[01:50:03] [worker #5] Bootstrap tree #960, logLikelihood: -42389.304324
[01:50:08] [worker #1] Bootstrap tree #956, logLikelihood: -42262.743237
[01:50:09] [worker #0] Bootstrap tree #955, logLikelihood: -42697.528491
[01:50:10] [worker #3] Bootstrap tree #958, logLikelihood: -42848.160958
[01:50:11] [worker #12] Bootstrap tree #967, logLikelihood: -43535.680943
[01:50:15] [worker #7] Bootstrap tree #962, logLikelihood: -42746.922476
[01:50:17] [worker #11] Bootstrap tree #966, logLikelihood: -42354.136345
[01:50:25] [worker #17] Bootstrap tree #954, logLikelihood: -42727.670718
[01:50:27] [worker #8] Bootstrap tree #963, logLikelihood: -42839.328493
[01:50:32] [worker #13] Bootstrap tree #986, logLikelihood: -41880.818235
[01:50:32] [worker #14] Bootstrap tree #969, logLikelihood: -42320.107015
[01:50:35] [worker #4] Bootstrap tree #959, logLikelihood: -42715.728287
[01:50:35] [worker #16] Bootstrap tree #953, logLikelihood: -42929.294662
[01:50:40] [worker #10] Bootstrap tree #983, logLikelihood: -42529.905951
[01:50:41] [worker #5] Bootstrap tree #978, logLikelihood: -43154.006935
[01:50:42] [worker #1] Bootstrap tree #974, logLikelihood: -42002.133748
[01:50:43] [worker #9] Bootstrap tree #982, logLikelihood: -42048.705903
[01:50:44] [worker #0] Bootstrap tree #973, logLikelihood: -42591.815724
[01:50:46] [worker #2] Bootstrap tree #957, logLikelihood: -42383.270134
[01:50:50] [worker #12] Bootstrap tree #985, logLikelihood: -41929.453210
[01:51:00] [worker #11] Bootstrap tree #984, logLikelihood: -42281.550621
[01:51:02] [worker #3] Bootstrap tree #976, logLikelihood: -42620.772064
[01:51:02] [worker #7] Bootstrap tree #980, logLikelihood: -42037.445281
[01:51:04] [worker #8] Bootstrap tree #981, logLikelihood: -42364.664871
[01:51:16] [worker #9] Bootstrap tree #1000, logLikelihood: -43050.439835
[01:51:27] [worker #1] Bootstrap tree #992, logLikelihood: -42367.363878
[01:51:28] [worker #2] Bootstrap tree #975, logLikelihood: -41837.742953
[01:51:28] [worker #16] Bootstrap tree #971, logLikelihood: -41497.539727
[01:51:33] [worker #17] Bootstrap tree #972, logLikelihood: -42703.490220
[01:51:39] [worker #4] Bootstrap tree #977, logLikelihood: -42138.520285
[01:51:39] [worker #0] Bootstrap tree #991, logLikelihood: -42440.501519
[01:51:40] [worker #3] Bootstrap tree #994, logLikelihood: -43129.557107
[01:51:44] [worker #7] Bootstrap tree #998, logLikelihood: -42428.144938
[01:51:49] [worker #6] Bootstrap tree #979, logLikelihood: -42758.514757
[01:51:50] [worker #5] Bootstrap tree #996, logLikelihood: -42061.127622
[01:51:52] [worker #14] Bootstrap tree #987, logLikelihood: -43017.959735
[01:52:02] [worker #2] Bootstrap tree #993, logLikelihood: -42429.580807
[01:52:22] [worker #4] Bootstrap tree #995, logLikelihood: -42198.165804
[01:52:29] [worker #16] Bootstrap tree #989, logLikelihood: -42335.919574
[01:52:31] [worker #17] Bootstrap tree #990, logLikelihood: -41891.702736
[01:52:38] [worker #8] Bootstrap tree #999, logLikelihood: -42548.133021
[01:52:42] [worker #6] Bootstrap tree #997, logLikelihood: -42016.793881
[01:52:51] [worker #15] Bootstrap tree #952, logLikelihood: -42672.022773
[01:53:32] [worker #15] Bootstrap tree #970, logLikelihood: -42570.779662
[01:54:07] [worker #15] Bootstrap tree #988, logLikelihood: -41592.371915

Optimized model parameters:

   Partition 0: noname
   Rate heterogeneity: GAMMA (4 cats, mean),  alpha: 0.716017 (ML),  weights&rates: (0.250000,0.077612) (0.250000,0.370990) (0.250000,0.930662) (0.250000,2.620736) 
   Base frequencies (ML): 0.265328 0.207926 0.248244 0.278502 
   Substitution rates (ML): 0.714302 2.683560 0.530535 1.397831 4.413962 1.000000 


Final LogLikelihood: -42541.086295

AIC score: 85222.172589 / AICc score: 85222.942356 / BIC score: 85745.175707
Free parameters (model + branch lengths): 70

WARNING: Best ML tree contains 2 near-zero branches!

Best ML tree with collapsed near-zero branches saved to: /work/LAS/dlavrov-lab/users/Momin/work/Mystery-sponge/phylo_check/fasta_C_v/demosponges.cdhit.aln.raxml.bestTreeCollapsed
Best ML tree saved to: /work/LAS/dlavrov-lab/users/Momin/work/Mystery-sponge/phylo_check/fasta_C_v/demosponges.cdhit.aln.raxml.bestTree
All ML trees saved to: /work/LAS/dlavrov-lab/users/Momin/work/Mystery-sponge/phylo_check/fasta_C_v/demosponges.cdhit.aln.raxml.mlTrees
Best ML tree with Felsenstein bootstrap (FBP) support values saved to: /work/LAS/dlavrov-lab/users/Momin/work/Mystery-sponge/phylo_check/fasta_C_v/demosponges.cdhit.aln.raxml.support
Optimized model saved to: /work/LAS/dlavrov-lab/users/Momin/work/Mystery-sponge/phylo_check/fasta_C_v/demosponges.cdhit.aln.raxml.bestModel
Bootstrap trees saved to: /work/LAS/dlavrov-lab/users/Momin/work/Mystery-sponge/phylo_check/fasta_C_v/demosponges.cdhit.aln.raxml.bootstraps

Execution log saved to: /work/LAS/dlavrov-lab/users/Momin/work/Mystery-sponge/phylo_check/fasta_C_v/demosponges.cdhit.aln.raxml.log

Analysis started: 05-Sep-2023 21:11:32 / finished: 05-Sep-2023 23:05:52

Elapsed time: 6859.789 seconds

