
RAxML-NG v. 1.1.0-master released on 04.08.2022 by The Exelixis Lab.
Developed by: Alexey M. Kozlov and Alexandros Stamatakis.
Contributors: Diego Darriba, Tomas Flouri, Benoit Morel, Sarah Lutteropp, Ben Bettisworth.
Latest version: https://github.com/amkozlov/raxml-ng
Questions/problems/suggestions? Please visit: https://groups.google.com/forum/#!forum/raxml

System: Intel(R) Xeon(R) Gold 6140 CPU @ 2.30GHz, 36 cores, 187 GB RAM

RAxML-NG was called at 20-Sep-2023 11:52:31 as follows:

raxml-ng --all --msa demos_new.cdhit.aln --model GTR+G

Analysis options:
  run mode: ML tree search + bootstrapping (Felsenstein Bootstrap)
  start tree(s): random (10) + parsimony (10)
  bootstrap replicates: max: 1000 + bootstopping (autoMRE, cutoff: 0.030000)
  random seed: 1695228751
  tip-inner: OFF
  pattern compression: ON
  per-rate scalers: OFF
  site repeats: ON
  branch lengths: proportional (ML estimate, algorithm: NR-FAST)
  SIMD kernels: AVX2
  parallelization: coarse-grained (auto), PTHREADS (auto)

[00:00:00] Reading alignment from file: demos_new.cdhit.aln
[00:00:00] Loaded alignment with 55 taxa and 13050 sites

Alignment comprises 1 partitions and 2737 patterns

Partition 0: noname
Model: GTR+FO+G4m
Alignment sites / patterns: 13050 / 2737
Gaps: 84.24 %
Invariant sites: 67.82 %


NOTE: Binary MSA file created: demos_new.cdhit.aln.raxml.rba

Parallelization scheme autoconfig: 18 worker(s) x 2 thread(s)

Parallel reduction/worker buffer size: 1 KB  / 0 KB

[00:00:00] Generating 10 random starting tree(s) with 55 taxa
[00:00:00] Generating 10 parsimony starting tree(s) with 55 taxa
[00:00:00] Data distribution: max. partitions/sites/weight per thread: 1 / 1369 / 21904
[00:00:01] Data distribution: max. searches per worker: 58

Starting ML tree search with 20 distinct starting trees

[00:01:29] [worker #2] ML tree search #3, logLikelihood: -53210.079095
[00:01:42] [worker #9] ML tree search #10, logLikelihood: -53210.059646
[00:01:46] [worker #8] ML tree search #9, logLikelihood: -53210.068615
[00:01:49] [worker #17] ML tree search #18, logLikelihood: -53210.045218
[00:01:51] [worker #10] ML tree search #11, logLikelihood: -53210.095171
[00:01:51] [worker #16] ML tree search #17, logLikelihood: -53210.051427
[00:01:57] [worker #15] ML tree search #16, logLikelihood: -53210.081031
[00:01:58] [worker #1] ML tree search #2, logLikelihood: -53210.115471
[00:02:04] [worker #4] ML tree search #5, logLikelihood: -53210.992054
[00:02:10] [worker #7] ML tree search #8, logLikelihood: -53210.088339
[00:02:12] [worker #5] ML tree search #6, logLikelihood: -53210.067719
[00:02:12] [worker #6] ML tree search #7, logLikelihood: -53210.101001
[00:02:14] [worker #3] ML tree search #4, logLikelihood: -53210.108844
[00:02:18] [worker #14] ML tree search #15, logLikelihood: -53210.080588
[00:02:48] [worker #11] ML tree search #12, logLikelihood: -53210.104512
[00:03:08] [worker #13] ML tree search #14, logLikelihood: -53210.079042
[00:03:28] [worker #0] ML tree search #1, logLikelihood: -53210.929508
[00:03:46] [worker #12] ML tree search #13, logLikelihood: -53210.070900
[00:05:17] [worker #1] ML tree search #20, logLikelihood: -53210.052143
[00:06:01] [worker #0] ML tree search #19, logLikelihood: -53210.059561

[00:06:01] ML tree search completed, best tree logLH: -53210.045218

[00:06:01] Starting bootstrapping analysis with 1000 replicates.

[00:06:48] [worker #10] Bootstrap tree #11, logLikelihood: -52678.288844
[00:07:03] [worker #9] Bootstrap tree #10, logLikelihood: -53422.967302
[00:07:05] [worker #5] Bootstrap tree #6, logLikelihood: -52810.477955
[00:07:11] [worker #16] Bootstrap tree #17, logLikelihood: -54267.849983
[00:07:12] [worker #3] Bootstrap tree #4, logLikelihood: -52967.704253
[00:07:22] [worker #4] Bootstrap tree #5, logLikelihood: -52585.119612
[00:07:23] [worker #2] Bootstrap tree #3, logLikelihood: -53209.584004
[00:07:24] [worker #15] Bootstrap tree #16, logLikelihood: -52075.706675
[00:07:29] [worker #7] Bootstrap tree #8, logLikelihood: -53522.663042
[00:07:32] [worker #1] Bootstrap tree #2, logLikelihood: -53145.752113
[00:07:37] [worker #17] Bootstrap tree #18, logLikelihood: -52164.455834
[00:07:46] [worker #11] Bootstrap tree #12, logLikelihood: -53348.448303
[00:07:55] [worker #0] Bootstrap tree #1, logLikelihood: -52258.171828
[00:07:57] [worker #14] Bootstrap tree #15, logLikelihood: -53882.940078
[00:07:58] [worker #6] Bootstrap tree #7, logLikelihood: -52621.012293
[00:08:05] [worker #8] Bootstrap tree #9, logLikelihood: -52756.351877
[00:08:11] [worker #10] Bootstrap tree #29, logLikelihood: -53250.112839
[00:08:18] [worker #16] Bootstrap tree #35, logLikelihood: -52347.658402
[00:08:20] [worker #2] Bootstrap tree #21, logLikelihood: -53806.322644
[00:08:21] [worker #3] Bootstrap tree #22, logLikelihood: -52432.012067
[00:08:22] [worker #9] Bootstrap tree #28, logLikelihood: -52954.786443
[00:08:23] [worker #7] Bootstrap tree #26, logLikelihood: -52960.882085
[00:08:31] [worker #5] Bootstrap tree #24, logLikelihood: -53118.367265
[00:08:31] [worker #15] Bootstrap tree #34, logLikelihood: -53358.650394
[00:08:32] [worker #12] Bootstrap tree #13, logLikelihood: -51832.655820
[00:08:41] [worker #13] Bootstrap tree #14, logLikelihood: -51550.776654
[00:09:09] [worker #10] Bootstrap tree #47, logLikelihood: -53531.470230
[00:09:12] [worker #4] Bootstrap tree #23, logLikelihood: -52561.730429
[00:09:15] [worker #17] Bootstrap tree #36, logLikelihood: -53633.104196
[00:09:18] [worker #1] Bootstrap tree #20, logLikelihood: -54286.212058
[00:09:24] [worker #0] Bootstrap tree #19, logLikelihood: -52590.898605
[00:09:34] [worker #14] Bootstrap tree #33, logLikelihood: -52214.159449
[00:09:35] [worker #6] Bootstrap tree #25, logLikelihood: -52904.788526
[00:09:35] [worker #2] Bootstrap tree #39, logLikelihood: -53390.093875
[00:09:36] [worker #3] Bootstrap tree #40, logLikelihood: -52418.622575
[00:09:38] [worker #5] Bootstrap tree #42, logLikelihood: -54093.471254
[00:09:41] [worker #8] Bootstrap tree #27, logLikelihood: -53851.181560
[00:09:42] [worker #12] Bootstrap tree #31, logLikelihood: -53278.136192
[00:09:44] [worker #9] Bootstrap tree #46, logLikelihood: -54300.715419
[00:10:13] [worker #4] Bootstrap tree #41, logLikelihood: -51128.152694
[00:10:16] [worker #13] Bootstrap tree #32, logLikelihood: -52663.915929
[00:10:27] [worker #11] Bootstrap tree #30, logLikelihood: -52510.727582
[00:10:51] [worker #1] Bootstrap tree #38, logLikelihood: -51786.453192
[00:10:53] [worker #7] Bootstrap tree #44, logLikelihood: -52251.214884
[00:10:57] [worker #6] Bootstrap tree #43, logLikelihood: -54122.242799
[00:11:19] [worker #0] Bootstrap tree #37, logLikelihood: -52347.867908
[00:11:22] [worker #8] Bootstrap tree #45, logLikelihood: -53660.496202
[00:11:28] [worker #12] Bootstrap tree #49, logLikelihood: -52904.141939
[00:11:49] [worker #13] Bootstrap tree #50, logLikelihood: -53301.943188
[00:12:00] [worker #11] Bootstrap tree #48, logLikelihood: -53186.738528
[00:12:53] [worker #2] Bootstrap tree #57, logLikelihood: -53218.140337
[00:13:17] [worker #15] Bootstrap tree #52, logLikelihood: -54651.576499
[00:13:17] [worker #17] Bootstrap tree #54, logLikelihood: -54797.332821
[00:13:18] [worker #13] Bootstrap tree #68, logLikelihood: -52572.270784
[00:13:18] [worker #6] Bootstrap tree #61, logLikelihood: -53382.284930
[00:13:19] [worker #3] Bootstrap tree #58, logLikelihood: -53335.954000
[00:13:21] [worker #12] Bootstrap tree #67, logLikelihood: -53700.590407
[00:13:23] [worker #9] Bootstrap tree #64, logLikelihood: -53699.280635
[00:13:24] [worker #14] Bootstrap tree #51, logLikelihood: -54164.817437
[00:13:26] [worker #11] Bootstrap tree #66, logLikelihood: -53251.889934
[00:13:27] [worker #4] Bootstrap tree #59, logLikelihood: -53046.947675
[00:13:29] [worker #1] Bootstrap tree #56, logLikelihood: -52925.021333
[00:13:30] [worker #5] Bootstrap tree #60, logLikelihood: -53948.664215
[00:13:45] [worker #16] Bootstrap tree #53, logLikelihood: -52313.226098
[00:13:55] [worker #7] Bootstrap tree #62, logLikelihood: -52856.642076
[00:14:00] [worker #0] Bootstrap tree #55, logLikelihood: -52580.822353
[00:14:01] [worker #8] Bootstrap tree #63, logLikelihood: -52888.450269
[00:14:15] [worker #2] Bootstrap tree #75, logLikelihood: -52989.554933
[00:14:15] [worker #10] Bootstrap tree #65, logLikelihood: -53171.722899
[00:14:25] [worker #13] Bootstrap tree #86, logLikelihood: -53969.978231
[00:14:46] [worker #12] Bootstrap tree #85, logLikelihood: -52726.715601
[00:14:47] [worker #16] Bootstrap tree #71, logLikelihood: -52815.022140
[00:14:48] [worker #17] Bootstrap tree #72, logLikelihood: -53426.748607
[00:14:49] [worker #4] Bootstrap tree #77, logLikelihood: -53973.518745
[00:14:50] [worker #9] Bootstrap tree #82, logLikelihood: -53714.278497
[00:14:50] [worker #11] Bootstrap tree #84, logLikelihood: -52586.895694
[00:14:55] [worker #5] Bootstrap tree #78, logLikelihood: -52519.444714
[00:15:02] [worker #15] Bootstrap tree #70, logLikelihood: -53037.401397
[00:15:15] [worker #6] Bootstrap tree #79, logLikelihood: -52689.719170
[00:15:27] [worker #14] Bootstrap tree #69, logLikelihood: -53420.439781
[00:15:30] [worker #2] Bootstrap tree #93, logLikelihood: -54224.422742
[00:15:33] [worker #10] Bootstrap tree #83, logLikelihood: -54986.934759
[00:15:38] [worker #3] Bootstrap tree #76, logLikelihood: -53233.567811
[00:15:40] [worker #1] Bootstrap tree #74, logLikelihood: -52625.510417
[00:15:44] [worker #0] Bootstrap tree #73, logLikelihood: -53293.043035
[00:15:56] [worker #8] Bootstrap tree #81, logLikelihood: -51853.410997
[00:16:04] [worker #6] Bootstrap tree #97, logLikelihood: -53537.334632
[00:16:05] [worker #17] Bootstrap tree #90, logLikelihood: -53029.928044
[00:16:21] [worker #9] Bootstrap tree #100, logLikelihood: -52962.576398
[00:16:24] [worker #7] Bootstrap tree #80, logLikelihood: -53739.587854
[00:16:33] [worker #15] Bootstrap tree #88, logLikelihood: -52973.666576
[00:16:52] [worker #4] Bootstrap tree #95, logLikelihood: -53014.198998
[00:16:53] [worker #5] Bootstrap tree #96, logLikelihood: -52898.969806
[00:16:54] [worker #14] Bootstrap tree #87, logLikelihood: -53552.895188
[00:16:55] [worker #0] Bootstrap tree #91, logLikelihood: -52765.776538
[00:16:56] [worker #1] Bootstrap tree #92, logLikelihood: -53464.837547
[00:16:58] [worker #3] Bootstrap tree #94, logLikelihood: -52068.835526
[00:17:32] [worker #16] Bootstrap tree #89, logLikelihood: -53189.866703
[00:17:39] [worker #8] Bootstrap tree #99, logLikelihood: -54088.900256
[00:18:21] [worker #7] Bootstrap tree #98, logLikelihood: -54244.187826
[00:19:28] [worker #8] Bootstrap tree #117, logLikelihood: -51944.342735
[00:19:31] [worker #10] Bootstrap tree #101, logLikelihood: -53138.188790
[00:19:31] [worker #13] Bootstrap tree #104, logLikelihood: -53333.997756
[00:19:34] [worker #15] Bootstrap tree #106, logLikelihood: -53056.011185
[00:19:36] [worker #16] Bootstrap tree #107, logLikelihood: -52883.695091
[00:19:44] [worker #2] Bootstrap tree #111, logLikelihood: -52127.588884
[00:19:44] [worker #3] Bootstrap tree #112, logLikelihood: -52162.730017
[00:19:46] [worker #9] Bootstrap tree #118, logLikelihood: -54234.926353
[00:19:50] [worker #4] Bootstrap tree #113, logLikelihood: -52092.983893
[00:19:54] [worker #7] Bootstrap tree #116, logLikelihood: -54248.070551
[00:19:55] [worker #1] Bootstrap tree #110, logLikelihood: -52569.790242
[00:20:07] [worker #14] Bootstrap tree #105, logLikelihood: -51109.637635
[00:20:20] [worker #17] Bootstrap tree #108, logLikelihood: -53065.607407
[00:20:26] [worker #6] Bootstrap tree #115, logLikelihood: -54390.935802
[00:20:35] [worker #0] Bootstrap tree #109, logLikelihood: -53751.331401
[00:20:42] [worker #11] Bootstrap tree #102, logLikelihood: -52632.125862
[00:20:42] [worker #15] Bootstrap tree #124, logLikelihood: -52270.167167
[00:20:47] [worker #5] Bootstrap tree #114, logLikelihood: -50954.989847
[00:20:53] [worker #13] Bootstrap tree #122, logLikelihood: -54483.625288
[00:21:05] [worker #16] Bootstrap tree #125, logLikelihood: -52441.287642
[00:21:05] [worker #10] Bootstrap tree #119, logLikelihood: -52720.940084
[00:21:05] [worker #8] Bootstrap tree #135, logLikelihood: -54267.740895
[00:21:13] [worker #4] Bootstrap tree #131, logLikelihood: -51668.141142
[00:21:17] [worker #3] Bootstrap tree #130, logLikelihood: -52655.180787
[00:21:18] [worker #2] Bootstrap tree #129, logLikelihood: -54854.080376
[00:21:25] [worker #9] Bootstrap tree #136, logLikelihood: -52655.801750
[00:21:29] [worker #1] Bootstrap tree #128, logLikelihood: -52433.789724
[00:21:34] [worker #7] Bootstrap tree #134, logLikelihood: -53806.960594
[00:21:35] [worker #6] Bootstrap tree #133, logLikelihood: -53435.917653
[00:21:47] [worker #14] Bootstrap tree #123, logLikelihood: -53685.565188
[00:21:55] [worker #15] Bootstrap tree #142, logLikelihood: -52379.195981
[00:22:01] [worker #0] Bootstrap tree #127, logLikelihood: -53668.769819
[00:22:04] [worker #17] Bootstrap tree #126, logLikelihood: -54158.087617
[00:22:05] [worker #12] Bootstrap tree #103, logLikelihood: -54180.387399
[00:22:05] [worker #13] Bootstrap tree #140, logLikelihood: -53243.252185
[00:22:07] [worker #16] Bootstrap tree #143, logLikelihood: -53738.623426
[00:22:24] [worker #10] Bootstrap tree #137, logLikelihood: -52350.927706
[00:22:27] [worker #11] Bootstrap tree #120, logLikelihood: -53593.510912
[00:22:29] [worker #5] Bootstrap tree #132, logLikelihood: -53432.374105
[00:22:47] [worker #2] Bootstrap tree #147, logLikelihood: -54080.903056
[00:22:51] [worker #4] Bootstrap tree #149, logLikelihood: -52738.282952
[00:22:56] [worker #1] Bootstrap tree #146, logLikelihood: -53935.999392
[00:23:16] [worker #14] Bootstrap tree #141, logLikelihood: -52966.874024
[00:23:16] [worker #17] Bootstrap tree #144, logLikelihood: -53490.145002
[00:23:21] [worker #3] Bootstrap tree #148, logLikelihood: -53791.528525
[00:23:31] [worker #0] Bootstrap tree #145, logLikelihood: -52532.424820
[00:23:35] [worker #12] Bootstrap tree #121, logLikelihood: -53025.276662
[00:23:44] [worker #5] Bootstrap tree #150, logLikelihood: -55173.925974
[00:24:28] [worker #11] Bootstrap tree #138, logLikelihood: -53304.544531
[00:24:59] [worker #12] Bootstrap tree #139, logLikelihood: -53883.985873
[00:25:53] [worker #8] Bootstrap tree #153, logLikelihood: -52771.274306
[00:26:04] [worker #6] Bootstrap tree #151, logLikelihood: -53632.325459
[00:26:07] [worker #13] Bootstrap tree #158, logLikelihood: -52128.441437
[00:26:10] [worker #0] Bootstrap tree #163, logLikelihood: -53647.339853
[00:26:13] [worker #17] Bootstrap tree #162, logLikelihood: -51971.705574
[00:26:14] [worker #14] Bootstrap tree #159, logLikelihood: -52097.081676
[00:26:24] [worker #5] Bootstrap tree #168, logLikelihood: -53955.592831
[00:26:30] [worker #16] Bootstrap tree #161, logLikelihood: -53006.079812
[00:26:31] [worker #11] Bootstrap tree #156, logLikelihood: -53060.385254
[00:26:39] [worker #10] Bootstrap tree #155, logLikelihood: -52675.436388
[00:26:40] [worker #9] Bootstrap tree #154, logLikelihood: -51827.998685
[00:26:41] [worker #1] Bootstrap tree #164, logLikelihood: -52459.420105
[00:26:48] [worker #15] Bootstrap tree #160, logLikelihood: -52543.686655
[00:26:50] [worker #2] Bootstrap tree #165, logLikelihood: -54149.679493
[00:26:51] [worker #3] Bootstrap tree #166, logLikelihood: -51705.499886
[00:26:58] [worker #7] Bootstrap tree #152, logLikelihood: -53390.205354
[00:27:03] [worker #12] Bootstrap tree #157, logLikelihood: -52961.823184
[00:27:13] [worker #0] Bootstrap tree #181, logLikelihood: -52767.408374
[00:27:24] [worker #13] Bootstrap tree #176, logLikelihood: -52245.724041
[00:27:24] [worker #4] Bootstrap tree #167, logLikelihood: -52411.968542
[00:27:29] [worker #6] Bootstrap tree #169, logLikelihood: -53708.443989
[00:27:37] [worker #14] Bootstrap tree #177, logLikelihood: -52627.380830
[00:27:39] [worker #5] Bootstrap tree #186, logLikelihood: -53245.878540
[00:27:40] [worker #11] Bootstrap tree #174, logLikelihood: -52348.491233
[00:27:48] [worker #9] Bootstrap tree #172, logLikelihood: -52200.607000
[00:27:50] [worker #17] Bootstrap tree #180, logLikelihood: -53365.398655
[00:28:04] [worker #7] Bootstrap tree #170, logLikelihood: -54862.029316
[00:28:07] [worker #1] Bootstrap tree #182, logLikelihood: -52981.391953
[00:28:16] [worker #2] Bootstrap tree #183, logLikelihood: -52524.250153
[00:28:16] [worker #16] Bootstrap tree #179, logLikelihood: -53986.069795
[00:28:23] [worker #15] Bootstrap tree #178, logLikelihood: -54358.039265
[00:28:25] [worker #0] Bootstrap tree #199, logLikelihood: -52999.628876
[00:28:26] [worker #10] Bootstrap tree #173, logLikelihood: -52962.786031
[00:28:32] [worker #12] Bootstrap tree #175, logLikelihood: -53230.009863
[00:28:32] [worker #8] Bootstrap tree #171, logLikelihood: -54131.504862
[00:28:37] [worker #3] Bootstrap tree #184, logLikelihood: -54437.002914
[00:28:39] [worker #13] Bootstrap tree #194, logLikelihood: -51887.826283
[00:28:52] [worker #11] Bootstrap tree #192, logLikelihood: -53159.000695
[00:29:01] [worker #14] Bootstrap tree #195, logLikelihood: -52227.029074
[00:29:08] [worker #7] Bootstrap tree #188, logLikelihood: -51649.545897
[00:29:14] [worker #9] Bootstrap tree #190, logLikelihood: -53969.872805
[00:29:16] [worker #1] Bootstrap tree #200, logLikelihood: -53690.658792
[00:29:21] [worker #16] Bootstrap tree #197, logLikelihood: -52712.867278
[00:29:30] [worker #4] Bootstrap tree #185, logLikelihood: -52528.951454
[00:29:34] [worker #15] Bootstrap tree #196, logLikelihood: -53131.857388
[00:29:45] [worker #10] Bootstrap tree #191, logLikelihood: -53761.937211
[00:30:04] [worker #12] Bootstrap tree #193, logLikelihood: -53221.630146
[00:30:07] [worker #17] Bootstrap tree #198, logLikelihood: -53195.432565
[00:30:18] [worker #6] Bootstrap tree #187, logLikelihood: -52758.865352
[00:30:29] [worker #8] Bootstrap tree #189, logLikelihood: -54808.877527
[00:31:34] [worker #7] Bootstrap tree #206, logLikelihood: -52532.362244
[00:31:35] [worker #13] Bootstrap tree #212, logLikelihood: -54304.153469
[00:31:41] [worker #11] Bootstrap tree #210, logLikelihood: -53518.028739
[00:31:47] [worker #17] Bootstrap tree #216, logLikelihood: -52883.958688
[00:31:47] [worker #6] Bootstrap tree #205, logLikelihood: -52379.981974
[00:31:51] [worker #15] Bootstrap tree #214, logLikelihood: -54556.868441
[00:31:53] [worker #4] Bootstrap tree #203, logLikelihood: -51923.014841
[00:31:56] [worker #5] Bootstrap tree #204, logLikelihood: -54600.122630
[00:31:58] [worker #10] Bootstrap tree #209, logLikelihood: -53350.442491
[00:31:58] [worker #8] Bootstrap tree #207, logLikelihood: -54253.519677
[00:31:59] [worker #1] Bootstrap tree #218, logLikelihood: -52195.103022
[00:32:06] [worker #12] Bootstrap tree #211, logLikelihood: -52440.675561
[00:32:14] [worker #14] Bootstrap tree #213, logLikelihood: -54420.087381
[00:32:18] [worker #2] Bootstrap tree #201, logLikelihood: -53262.958293
[00:32:18] [worker #0] Bootstrap tree #217, logLikelihood: -53686.195438
[00:32:22] [worker #9] Bootstrap tree #208, logLikelihood: -53320.294748
[00:32:41] [worker #11] Bootstrap tree #228, logLikelihood: -52004.806974
[00:32:58] [worker #6] Bootstrap tree #223, logLikelihood: -52201.344616
[00:32:59] [worker #13] Bootstrap tree #230, logLikelihood: -52803.587277
[00:32:59] [worker #1] Bootstrap tree #236, logLikelihood: -52901.419902
[00:33:01] [worker #3] Bootstrap tree #202, logLikelihood: -52750.164744
[00:33:11] [worker #7] Bootstrap tree #224, logLikelihood: -51735.672443
[00:33:13] [worker #5] Bootstrap tree #222, logLikelihood: -54573.420151
[00:33:21] [worker #16] Bootstrap tree #215, logLikelihood: -54249.118806
[00:33:21] [worker #4] Bootstrap tree #221, logLikelihood: -52736.197308
[00:33:28] [worker #17] Bootstrap tree #234, logLikelihood: -53958.611656
[00:33:29] [worker #14] Bootstrap tree #231, logLikelihood: -52453.210860
[00:33:37] [worker #8] Bootstrap tree #225, logLikelihood: -54242.518830
[00:33:46] [worker #0] Bootstrap tree #235, logLikelihood: -53277.251076
[00:33:46] [worker #11] Bootstrap tree #246, logLikelihood: -52910.952874
[00:33:59] [worker #9] Bootstrap tree #226, logLikelihood: -53706.323093
[00:34:05] [worker #12] Bootstrap tree #229, logLikelihood: -53299.921260
[00:34:09] [worker #15] Bootstrap tree #232, logLikelihood: -53199.427876
[00:34:12] [worker #3] Bootstrap tree #220, logLikelihood: -53260.101666
[00:34:26] [worker #13] Bootstrap tree #248, logLikelihood: -53161.815682
[00:34:31] [worker #10] Bootstrap tree #227, logLikelihood: -53061.406105
[00:34:46] [worker #16] Bootstrap tree #233, logLikelihood: -51558.438236
[00:34:49] [worker #2] Bootstrap tree #219, logLikelihood: -55217.926476
[00:34:56] [worker #7] Bootstrap tree #242, logLikelihood: -52847.216856
[00:35:04] [worker #8] Bootstrap tree #243, logLikelihood: -53243.118964
[00:35:10] [worker #5] Bootstrap tree #240, logLikelihood: -53872.822912
[00:35:13] [worker #14] Bootstrap tree #249, logLikelihood: -54311.541788
[00:35:14] [worker #9] Bootstrap tree #244, logLikelihood: -53623.176566
[00:35:16] [worker #4] Bootstrap tree #239, logLikelihood: -53599.212582
[00:35:23] [worker #3] Bootstrap tree #238, logLikelihood: -52612.802047
[00:35:33] [worker #6] Bootstrap tree #241, logLikelihood: -53299.283150
[00:35:46] [worker #15] Bootstrap tree #250, logLikelihood: -53548.779368
[00:35:47] [worker #12] Bootstrap tree #247, logLikelihood: -53537.841586
[00:36:18] [worker #10] Bootstrap tree #245, logLikelihood: -51269.077190
[00:36:26] [worker #2] Bootstrap tree #237, logLikelihood: -53633.674873
[00:37:27] [worker #17] Bootstrap tree #252, logLikelihood: -53020.298405
[00:37:36] [worker #16] Bootstrap tree #251, logLikelihood: -52695.799193
[00:37:39] [worker #10] Bootstrap tree #263, logLikelihood: -52308.720884
[00:37:41] [worker #4] Bootstrap tree #257, logLikelihood: -52847.393138
[00:37:45] [worker #2] Bootstrap tree #255, logLikelihood: -52956.297121
[00:37:46] [worker #1] Bootstrap tree #254, logLikelihood: -52173.902590
[00:37:53] [worker #6] Bootstrap tree #259, logLikelihood: -52291.908373
[00:37:55] [worker #5] Bootstrap tree #258, logLikelihood: -52627.357327
[00:37:55] [worker #0] Bootstrap tree #253, logLikelihood: -53351.636236
[00:38:01] [worker #15] Bootstrap tree #268, logLikelihood: -54618.039661
[00:38:02] [worker #11] Bootstrap tree #264, logLikelihood: -54301.874469
[00:38:03] [worker #14] Bootstrap tree #267, logLikelihood: -53989.286644
[00:38:06] [worker #9] Bootstrap tree #262, logLikelihood: -52353.339285
[00:38:10] [worker #3] Bootstrap tree #256, logLikelihood: -53224.655203
[00:38:12] [worker #12] Bootstrap tree #265, logLikelihood: -53221.010735
[00:38:25] [worker #13] Bootstrap tree #266, logLikelihood: -52971.485479
[00:38:41] [worker #7] Bootstrap tree #260, logLikelihood: -53306.266007
[00:38:44] [worker #17] Bootstrap tree #270, logLikelihood: -52069.659781
[00:38:49] [worker #1] Bootstrap tree #272, logLikelihood: -53383.202812
[00:39:02] [worker #15] Bootstrap tree #286, logLikelihood: -52585.478218
[00:39:07] [worker #5] Bootstrap tree #276, logLikelihood: -53057.781763
[00:39:18] [worker #9] Bootstrap tree #280, logLikelihood: -53962.351040
[00:39:22] [worker #10] Bootstrap tree #281, logLikelihood: -52028.838228
[00:39:23] [worker #14] Bootstrap tree #285, logLikelihood: -52681.096196
[00:39:25] [worker #3] Bootstrap tree #274, logLikelihood: -52614.275274
[00:39:26] [worker #4] Bootstrap tree #275, logLikelihood: -53481.787382
[00:39:28] [worker #16] Bootstrap tree #269, logLikelihood: -52383.092558
[00:39:35] [worker #2] Bootstrap tree #273, logLikelihood: -54805.180572
[00:39:47] [worker #13] Bootstrap tree #284, logLikelihood: -53716.501374
[00:39:48] [worker #11] Bootstrap tree #282, logLikelihood: -53724.385733
[00:39:49] [worker #6] Bootstrap tree #277, logLikelihood: -52357.160326
[00:39:56] [worker #12] Bootstrap tree #283, logLikelihood: -53897.388256
[00:40:07] [worker #0] Bootstrap tree #271, logLikelihood: -53613.100621
[00:40:09] [worker #17] Bootstrap tree #288, logLikelihood: -52911.678541
[00:40:11] [worker #7] Bootstrap tree #278, logLikelihood: -53753.006902
[00:40:17] [worker #1] Bootstrap tree #290, logLikelihood: -53717.362857
[00:40:27] [worker #2] Bootstrap tree #291, logLikelihood: -53386.051819
[00:40:28] [worker #8] Bootstrap tree #261, logLikelihood: -54384.165125
[00:40:31] [worker #5] Bootstrap tree #294, logLikelihood: -54351.433903
[00:40:45] [worker #16] Bootstrap tree #287, logLikelihood: -54270.296091
[00:40:54] [worker #9] Bootstrap tree #298, logLikelihood: -54768.368791
[00:40:58] [worker #3] Bootstrap tree #292, logLikelihood: -53528.007396
[00:41:09] [worker #4] Bootstrap tree #293, logLikelihood: -53614.241974
[00:41:26] [worker #11] Bootstrap tree #300, logLikelihood: -53690.588678
[00:41:27] [worker #6] Bootstrap tree #295, logLikelihood: -52082.849356
[00:41:35] [worker #10] Bootstrap tree #299, logLikelihood: -53081.838425
[00:42:00] [worker #0] Bootstrap tree #289, logLikelihood: -52872.713068
[00:42:04] [worker #7] Bootstrap tree #296, logLikelihood: -52511.528325
[00:42:14] [worker #8] Bootstrap tree #279, logLikelihood: -52233.638893
[00:43:49] [worker #8] Bootstrap tree #297, logLikelihood: -53244.078782
[00:44:37] [worker #3] Bootstrap tree #310, logLikelihood: -52616.744979
[00:44:48] [worker #1] Bootstrap tree #308, logLikelihood: -52997.645684
[00:44:54] [worker #13] Bootstrap tree #302, logLikelihood: -53618.646559
[00:45:01] [worker #14] Bootstrap tree #303, logLikelihood: -52990.231395
[00:45:04] [worker #17] Bootstrap tree #306, logLikelihood: -53177.037224
[00:45:13] [worker #0] Bootstrap tree #307, logLikelihood: -52713.932102
[00:45:14] [worker #15] Bootstrap tree #304, logLikelihood: -52169.396406
[00:45:20] [worker #10] Bootstrap tree #317, logLikelihood: -52559.515701
[00:45:23] [worker #7] Bootstrap tree #314, logLikelihood: -51320.774985
[00:45:24] [worker #16] Bootstrap tree #305, logLikelihood: -53138.756322
[00:45:25] [worker #12] Bootstrap tree #301, logLikelihood: -52416.983743
[00:45:25] [worker #2] Bootstrap tree #309, logLikelihood: -54130.891106
[00:45:31] [worker #5] Bootstrap tree #312, logLikelihood: -52999.823603
[00:45:36] [worker #4] Bootstrap tree #311, logLikelihood: -52536.179953
[00:45:40] [worker #9] Bootstrap tree #316, logLikelihood: -53569.070732
[00:45:48] [worker #8] Bootstrap tree #315, logLikelihood: -52946.476862
[00:45:50] [worker #1] Bootstrap tree #326, logLikelihood: -52823.483459
[00:45:51] [worker #11] Bootstrap tree #318, logLikelihood: -51895.848265
[00:46:09] [worker #3] Bootstrap tree #328, logLikelihood: -53914.321755
[00:46:14] [worker #2] Bootstrap tree #327, logLikelihood: -51683.373977
[00:46:15] [worker #13] Bootstrap tree #320, logLikelihood: -53856.493465
[00:46:27] [worker #10] Bootstrap tree #335, logLikelihood: -53417.118406
[00:46:28] [worker #16] Bootstrap tree #323, logLikelihood: -53889.668095
[00:46:33] [worker #7] Bootstrap tree #332, logLikelihood: -53600.971547
[00:46:46] [worker #6] Bootstrap tree #313, logLikelihood: -54767.320252
[00:46:47] [worker #14] Bootstrap tree #321, logLikelihood: -53668.751991
[00:46:52] [worker #4] Bootstrap tree #329, logLikelihood: -52821.208467
[00:47:00] [worker #0] Bootstrap tree #325, logLikelihood: -54270.961703
[00:47:03] [worker #8] Bootstrap tree #333, logLikelihood: -53447.409180
[00:47:05] [worker #12] Bootstrap tree #319, logLikelihood: -53737.229614
[00:47:06] [worker #9] Bootstrap tree #334, logLikelihood: -53281.261197
[00:47:15] [worker #1] Bootstrap tree #344, logLikelihood: -53235.923114
[00:47:15] [worker #11] Bootstrap tree #336, logLikelihood: -52048.863776
[00:47:20] [worker #13] Bootstrap tree #338, logLikelihood: -53356.892049
[00:47:34] [worker #5] Bootstrap tree #330, logLikelihood: -53853.671052
[00:47:40] [worker #17] Bootstrap tree #324, logLikelihood: -54043.880618
[00:47:47] [worker #16] Bootstrap tree #341, logLikelihood: -53951.911485
[00:47:51] [worker #7] Bootstrap tree #350, logLikelihood: -53899.803432
[00:47:52] [worker #3] Bootstrap tree #346, logLikelihood: -53186.265113
[00:47:54] [worker #2] Bootstrap tree #345, logLikelihood: -54635.553723
[00:48:05] [worker #15] Bootstrap tree #322, logLikelihood: -52307.136881
[00:48:05] [worker #0] Bootstrap tree #343, logLikelihood: -54557.199816
[00:48:24] [worker #4] Bootstrap tree #347, logLikelihood: -52884.524497
[00:48:42] [worker #12] Bootstrap tree #337, logLikelihood: -53112.176524
[00:48:49] [worker #14] Bootstrap tree #339, logLikelihood: -53585.277398
[00:48:49] [worker #6] Bootstrap tree #331, logLikelihood: -53235.558030
[00:48:59] [worker #5] Bootstrap tree #348, logLikelihood: -53113.645434
[00:49:04] [worker #17] Bootstrap tree #342, logLikelihood: -52818.008159
[00:50:11] [worker #6] Bootstrap tree #349, logLikelihood: -52780.629450
[00:50:31] [worker #15] Bootstrap tree #340, logLikelihood: -53394.995253
[00:51:37] [worker #0] Bootstrap tree #361, logLikelihood: -53117.079654
[00:51:47] [worker #17] Bootstrap tree #360, logLikelihood: -53413.393960
[00:51:47] [worker #11] Bootstrap tree #354, logLikelihood: -53195.855469
[00:51:49] [worker #16] Bootstrap tree #359, logLikelihood: -52752.356008
[00:51:50] [worker #3] Bootstrap tree #364, logLikelihood: -52618.989140
[00:51:55] [worker #15] Bootstrap tree #358, logLikelihood: -51972.560244
[00:51:57] [worker #4] Bootstrap tree #365, logLikelihood: -53288.287312
[00:52:02] [worker #13] Bootstrap tree #356, logLikelihood: -53234.984669
[00:52:05] [worker #9] Bootstrap tree #352, logLikelihood: -53117.101996
[00:52:08] [worker #6] Bootstrap tree #367, logLikelihood: -52809.012626
[00:52:13] [worker #5] Bootstrap tree #366, logLikelihood: -52660.490700
[00:52:17] [worker #7] Bootstrap tree #368, logLikelihood: -52762.670687
[00:52:18] [worker #14] Bootstrap tree #357, logLikelihood: -52073.130421
[00:52:21] [worker #2] Bootstrap tree #363, logLikelihood: -53434.323675
[00:52:26] [worker #10] Bootstrap tree #353, logLikelihood: -54081.317395
[00:52:26] [worker #8] Bootstrap tree #351, logLikelihood: -53313.706965
[00:52:32] [worker #12] Bootstrap tree #355, logLikelihood: -53033.339605
[00:52:58] [worker #1] Bootstrap tree #362, logLikelihood: -52904.260769
[00:53:06] [worker #11] Bootstrap tree #372, logLikelihood: -52916.701981
[00:53:07] [worker #0] Bootstrap tree #379, logLikelihood: -52859.390570
[00:53:11] [worker #4] Bootstrap tree #383, logLikelihood: -52719.916221
[00:53:17] [worker #16] Bootstrap tree #377, logLikelihood: -52646.849923
[00:53:19] [worker #9] Bootstrap tree #370, logLikelihood: -52691.413216
[00:53:26] [worker #2] Bootstrap tree #381, logLikelihood: -54456.809903
[00:53:31] [worker #15] Bootstrap tree #376, logLikelihood: -53035.405435
[00:53:31] [worker #3] Bootstrap tree #382, logLikelihood: -54661.945124
[00:53:36] [worker #7] Bootstrap tree #386, logLikelihood: -53567.895141
[00:53:37] [worker #14] Bootstrap tree #375, logLikelihood: -53654.539363
[00:53:42] [worker #5] Bootstrap tree #384, logLikelihood: -51904.148362
[00:53:50] [worker #10] Bootstrap tree #371, logLikelihood: -53575.920099
[00:53:58] [worker #17] Bootstrap tree #378, logLikelihood: -54751.815160
[00:53:59] [worker #12] Bootstrap tree #373, logLikelihood: -53953.215717
[00:54:01] [worker #13] Bootstrap tree #374, logLikelihood: -53092.375929
[00:54:10] [worker #8] Bootstrap tree #369, logLikelihood: -53565.694819
[00:54:34] [worker #2] Bootstrap tree #399, logLikelihood: -52949.922134
[00:54:42] [worker #1] Bootstrap tree #380, logLikelihood: -53316.852202
[00:54:43] [worker #9] Bootstrap tree #388, logLikelihood: -53676.129176
[00:54:44] [worker #6] Bootstrap tree #385, logLikelihood: -52802.363642
[00:54:58] [worker #14] Bootstrap tree #393, logLikelihood: -52555.843776
[00:55:02] [worker #0] Bootstrap tree #397, logLikelihood: -54399.032935
[00:55:05] [worker #3] Bootstrap tree #400, logLikelihood: -53753.934119
[00:55:06] [worker #11] Bootstrap tree #390, logLikelihood: -52263.158186
[00:55:11] [worker #10] Bootstrap tree #389, logLikelihood: -54021.813181
[00:55:23] [worker #15] Bootstrap tree #394, logLikelihood: -52681.039147
[00:55:36] [worker #16] Bootstrap tree #395, logLikelihood: -54208.442604
[00:55:49] [worker #13] Bootstrap tree #392, logLikelihood: -52526.328097
[00:55:55] [worker #8] Bootstrap tree #387, logLikelihood: -53118.312469
[00:56:00] [worker #12] Bootstrap tree #391, logLikelihood: -53810.144520
[00:56:23] [worker #1] Bootstrap tree #398, logLikelihood: -53700.489316
[00:57:33] [worker #17] Bootstrap tree #396, logLikelihood: -53168.603865
[00:58:32] [worker #15] Bootstrap tree #412, logLikelihood: -52424.449772
[00:58:39] [worker #11] Bootstrap tree #408, logLikelihood: -53583.887447
[00:58:42] [worker #4] Bootstrap tree #401, logLikelihood: -53014.596753
[00:58:47] [worker #13] Bootstrap tree #410, logLikelihood: -53852.253923
[00:58:48] [worker #7] Bootstrap tree #404, logLikelihood: -54122.074495
[00:58:51] [worker #8] Bootstrap tree #405, logLikelihood: -53656.375985
[00:58:54] [worker #14] Bootstrap tree #411, logLikelihood: -54741.662717
[00:58:56] [worker #9] Bootstrap tree #406, logLikelihood: -53391.371461
[00:58:57] [worker #17] Bootstrap tree #414, logLikelihood: -53331.182701
[00:58:57] [worker #6] Bootstrap tree #403, logLikelihood: -52040.142150
[00:59:01] [worker #3] Bootstrap tree #418, logLikelihood: -54328.117173
[00:59:01] [worker #10] Bootstrap tree #407, logLikelihood: -53251.290683
[00:59:03] [worker #2] Bootstrap tree #417, logLikelihood: -53659.826921
[00:59:08] [worker #16] Bootstrap tree #413, logLikelihood: -51087.929578
[00:59:10] [worker #1] Bootstrap tree #416, logLikelihood: -53864.497475
[00:59:19] [worker #12] Bootstrap tree #409, logLikelihood: -53082.397698
[00:59:33] [worker #0] Bootstrap tree #415, logLikelihood: -52373.717096
[00:59:55] [worker #15] Bootstrap tree #430, logLikelihood: -53342.319396
[00:59:58] [worker #9] Bootstrap tree #424, logLikelihood: -53481.671162
[01:00:04] [worker #7] Bootstrap tree #422, logLikelihood: -53500.223040
[01:00:04] [worker #11] Bootstrap tree #426, logLikelihood: -54139.241498
[01:00:07] [worker #13] Bootstrap tree #428, logLikelihood: -53524.091539
[01:00:13] [worker #8] Bootstrap tree #423, logLikelihood: -53048.741481
[01:00:14] [worker #17] Bootstrap tree #432, logLikelihood: -52974.510670
[01:00:14] [worker #6] Bootstrap tree #421, logLikelihood: -53206.043593
[01:00:23] [worker #2] Bootstrap tree #435, logLikelihood: -54067.490183
[01:00:26] [worker #4] Bootstrap tree #419, logLikelihood: -53078.968622
[01:00:32] [worker #3] Bootstrap tree #436, logLikelihood: -52563.266077
[01:00:37] [worker #16] Bootstrap tree #431, logLikelihood: -52237.114727
[01:00:39] [worker #0] Bootstrap tree #433, logLikelihood: -53142.445548
[01:00:51] [worker #1] Bootstrap tree #434, logLikelihood: -52873.919680
[01:00:51] [worker #14] Bootstrap tree #429, logLikelihood: -53732.204407
[01:00:57] [worker #12] Bootstrap tree #427, logLikelihood: -55162.612932
[01:01:04] [worker #13] Bootstrap tree #446, logLikelihood: -53744.729026
[01:01:07] [worker #10] Bootstrap tree #425, logLikelihood: -53464.095467
[01:01:07] [worker #5] Bootstrap tree #402, logLikelihood: -54358.500758
[01:01:11] [worker #11] Bootstrap tree #444, logLikelihood: -53215.769259
[01:01:18] [worker #15] Bootstrap tree #448, logLikelihood: -52472.177727
[01:01:27] [worker #7] Bootstrap tree #440, logLikelihood: -51796.394308
[01:01:32] [worker #9] Bootstrap tree #442, logLikelihood: -53160.772838
[01:01:35] [worker #8] Bootstrap tree #441, logLikelihood: -52969.986125
[01:01:52] [worker #6] Bootstrap tree #439, logLikelihood: -54528.766239
[01:01:54] [worker #17] Bootstrap tree #450, logLikelihood: -54326.221815
[01:01:57] [worker #4] Bootstrap tree #437, logLikelihood: -53667.367897
[01:02:04] [worker #5] Bootstrap tree #420, logLikelihood: -54191.514654
[01:02:20] [worker #16] Bootstrap tree #449, logLikelihood: -53957.660850
[01:02:34] [worker #10] Bootstrap tree #443, logLikelihood: -54529.254674
[01:03:05] [worker #14] Bootstrap tree #447, logLikelihood: -52512.422477
[01:03:08] [worker #12] Bootstrap tree #445, logLikelihood: -53753.042337
[01:03:28] [worker #5] Bootstrap tree #438, logLikelihood: -53568.520392
[01:04:20] [worker #0] Bootstrap tree #451, logLikelihood: -53544.338120
[01:04:23] [worker #9] Bootstrap tree #460, logLikelihood: -53606.293274
[01:04:28] [worker #2] Bootstrap tree #453, logLikelihood: -52530.582507
[01:04:37] [worker #15] Bootstrap tree #466, logLikelihood: -52915.133564
[01:04:41] [worker #3] Bootstrap tree #454, logLikelihood: -53793.219112
[01:04:45] [worker #7] Bootstrap tree #458, logLikelihood: -53622.364696
[01:04:51] [worker #17] Bootstrap tree #468, logLikelihood: -53397.612527
[01:04:51] [worker #1] Bootstrap tree #452, logLikelihood: -54215.709149
[01:04:57] [worker #14] Bootstrap tree #465, logLikelihood: -53353.089815
[01:04:57] [worker #13] Bootstrap tree #464, logLikelihood: -52044.513318
[01:04:57] [worker #6] Bootstrap tree #457, logLikelihood: -53441.167575
[01:04:58] [worker #12] Bootstrap tree #463, logLikelihood: -53128.191135
[01:05:00] [worker #4] Bootstrap tree #455, logLikelihood: -54097.290773
[01:05:01] [worker #16] Bootstrap tree #467, logLikelihood: -54195.171197
[01:05:01] [worker #5] Bootstrap tree #456, logLikelihood: -53528.159413
[01:05:03] [worker #11] Bootstrap tree #462, logLikelihood: -53120.561691
[01:05:05] [worker #10] Bootstrap tree #461, logLikelihood: -54385.679811
[01:05:08] [worker #8] Bootstrap tree #459, logLikelihood: -53880.573359
[01:05:30] [worker #2] Bootstrap tree #471, logLikelihood: -53031.551956
[01:05:40] [worker #9] Bootstrap tree #478, logLikelihood: -52754.763515
[01:05:50] [worker #3] Bootstrap tree #472, logLikelihood: -53438.130031
[01:05:52] [worker #15] Bootstrap tree #484, logLikelihood: -53540.718754
[01:06:06] [worker #4] Bootstrap tree #473, logLikelihood: -52079.358050
[01:06:16] [worker #0] Bootstrap tree #469, logLikelihood: -52238.370226
[01:06:16] [worker #13] Bootstrap tree #482, logLikelihood: -53308.391831
[01:06:26] [worker #7] Bootstrap tree #476, logLikelihood: -53438.732202
[01:06:32] [worker #16] Bootstrap tree #485, logLikelihood: -52043.511915
[01:06:33] [worker #14] Bootstrap tree #483, logLikelihood: -52977.023368
[01:06:38] [worker #9] Bootstrap tree #496, logLikelihood: -52181.175090
[01:06:38] [worker #1] Bootstrap tree #470, logLikelihood: -53074.709115
[01:06:42] [worker #11] Bootstrap tree #480, logLikelihood: -52343.087121
[01:06:52] [worker #12] Bootstrap tree #481, logLikelihood: -52610.105692
[01:06:59] [worker #3] Bootstrap tree #490, logLikelihood: -53072.445116
[01:07:14] [worker #8] Bootstrap tree #477, logLikelihood: -53660.675644
[01:07:20] [worker #6] Bootstrap tree #475, logLikelihood: -54064.636190
[01:07:25] [worker #17] Bootstrap tree #486, logLikelihood: -53060.919130
[01:07:29] [worker #10] Bootstrap tree #479, logLikelihood: -53624.138829
[01:07:34] [worker #13] Bootstrap tree #500, logLikelihood: -53145.763875
[01:07:43] [worker #5] Bootstrap tree #474, logLikelihood: -55009.620858
[01:07:49] [worker #2] Bootstrap tree #489, logLikelihood: -52463.366721
[01:08:17] [worker #4] Bootstrap tree #491, logLikelihood: -53583.826898
[01:08:19] [worker #0] Bootstrap tree #487, logLikelihood: -54008.317747
[01:08:21] [worker #12] Bootstrap tree #499, logLikelihood: -53121.551276
[01:08:29] [worker #7] Bootstrap tree #494, logLikelihood: -52864.008691
[01:08:46] [worker #6] Bootstrap tree #493, logLikelihood: -52860.024440
[01:08:54] [worker #11] Bootstrap tree #498, logLikelihood: -52983.169550
[01:08:55] [worker #1] Bootstrap tree #488, logLikelihood: -53660.151886
[01:09:01] [worker #8] Bootstrap tree #495, logLikelihood: -53290.156077
[01:09:12] [worker #10] Bootstrap tree #497, logLikelihood: -54688.834948
[01:09:19] [worker #5] Bootstrap tree #492, logLikelihood: -52853.043145
[01:10:25] [worker #9] Bootstrap tree #514, logLikelihood: -53193.593074
[01:10:26] [worker #0] Bootstrap tree #505, logLikelihood: -52451.067952
[01:10:28] [worker #13] Bootstrap tree #518, logLikelihood: -53231.650801
[01:10:32] [worker #5] Bootstrap tree #510, logLikelihood: -52001.913860
[01:10:33] [worker #10] Bootstrap tree #515, logLikelihood: -51831.655990
[01:10:35] [worker #15] Bootstrap tree #502, logLikelihood: -52860.448476
[01:10:37] [worker #12] Bootstrap tree #517, logLikelihood: -53418.635004
[01:10:44] [worker #8] Bootstrap tree #513, logLikelihood: -53435.287958
[01:10:51] [worker #3] Bootstrap tree #508, logLikelihood: -52782.709429
[01:10:55] [worker #17] Bootstrap tree #504, logLikelihood: -53938.035103
[01:11:00] [worker #6] Bootstrap tree #511, logLikelihood: -53290.355363
[01:11:14] [worker #1] Bootstrap tree #506, logLikelihood: -52608.166092
[01:11:18] [worker #7] Bootstrap tree #512, logLikelihood: -53083.237848
[01:11:20] [worker #2] Bootstrap tree #507, logLikelihood: -53800.274859
[01:11:24] [worker #4] Bootstrap tree #509, logLikelihood: -53022.362254
[01:11:32] [worker #9] Bootstrap tree #532, logLikelihood: -53236.461069
[01:11:32] [worker #11] Bootstrap tree #516, logLikelihood: -53358.304620
[01:11:35] [worker #14] Bootstrap tree #501, logLikelihood: -53500.573940
[01:11:37] [worker #13] Bootstrap tree #536, logLikelihood: -52665.030472
[01:11:51] [worker #16] Bootstrap tree #503, logLikelihood: -53474.640054
[01:12:10] [worker #3] Bootstrap tree #526, logLikelihood: -53604.814902
[01:12:18] [worker #5] Bootstrap tree #528, logLikelihood: -53762.900945
[01:12:18] [worker #6] Bootstrap tree #529, logLikelihood: -52691.555027
[01:12:23] [worker #12] Bootstrap tree #535, logLikelihood: -51738.175567
[01:12:23] [worker #8] Bootstrap tree #531, logLikelihood: -53813.670465
[01:12:27] [worker #10] Bootstrap tree #533, logLikelihood: -53825.148354
[01:12:29] [worker #0] Bootstrap tree #523, logLikelihood: -52806.954810
[01:12:40] [worker #7] Bootstrap tree #530, logLikelihood: -51964.738681
[01:12:42] [worker #1] Bootstrap tree #524, logLikelihood: -53203.281957
[01:12:44] [worker #17] Bootstrap tree #522, logLikelihood: -52211.465417
[01:12:47] [worker #14] Bootstrap tree #519, logLikelihood: -53102.977152
[01:12:51] [worker #9] Bootstrap tree #550, logLikelihood: -52070.763661
[01:12:59] [worker #2] Bootstrap tree #525, logLikelihood: -52463.225973
[01:13:00] [worker #11] Bootstrap tree #534, logLikelihood: -53825.618786
[01:13:08] [worker #15] Bootstrap tree #520, logLikelihood: -51651.965679
[01:13:12] [worker #4] Bootstrap tree #527, logLikelihood: -53372.190045
[01:13:48] [worker #6] Bootstrap tree #547, logLikelihood: -52306.734167
[01:13:55] [worker #5] Bootstrap tree #546, logLikelihood: -52818.258671
[01:14:00] [worker #0] Bootstrap tree #541, logLikelihood: -53104.461576
[01:14:01] [worker #7] Bootstrap tree #548, logLikelihood: -52362.189277
[01:14:07] [worker #17] Bootstrap tree #540, logLikelihood: -53808.165332
[01:14:14] [worker #3] Bootstrap tree #544, logLikelihood: -53634.104414
[01:14:20] [worker #1] Bootstrap tree #542, logLikelihood: -53537.314899
[01:14:35] [worker #8] Bootstrap tree #549, logLikelihood: -53436.079158
[01:14:54] [worker #2] Bootstrap tree #543, logLikelihood: -53126.542905
[01:14:57] [worker #4] Bootstrap tree #545, logLikelihood: -52025.760429
[01:15:03] [worker #16] Bootstrap tree #521, logLikelihood: -54010.237034
[01:15:10] [worker #14] Bootstrap tree #537, logLikelihood: -53604.623493
[01:15:11] [worker #15] Bootstrap tree #538, logLikelihood: -52357.532831
[01:17:48] [worker #16] Bootstrap tree #539, logLikelihood: -53465.813582
[01:17:49] Bootstrapping converged after 550 replicates.

Optimized model parameters:

   Partition 0: noname
   Rate heterogeneity: GAMMA (4 cats, mean),  alpha: 0.359422 (ML),  weights&rates: (0.250000,0.011322) (0.250000,0.150863) (0.250000,0.683354) (0.250000,3.154461) 
   Base frequencies (ML): 0.270201 0.217744 0.257216 0.254839 
   Substitution rates (ML): 0.514607 1.816984 0.519839 1.163258 3.908669 1.000000 


Final LogLikelihood: -53210.045218

AIC score: 106652.090435 / AICc score: 106654.189252 / BIC score: 107519.369471
Free parameters (model + branch lengths): 116

Best ML tree saved to: /work/LAS/dlavrov-lab/users/Momin/work/Mystery-sponge/phylo_check/Demo/demos_new.cdhit.aln.raxml.bestTree
All ML trees saved to: /work/LAS/dlavrov-lab/users/Momin/work/Mystery-sponge/phylo_check/Demo/demos_new.cdhit.aln.raxml.mlTrees
Best ML tree with Felsenstein bootstrap (FBP) support values saved to: /work/LAS/dlavrov-lab/users/Momin/work/Mystery-sponge/phylo_check/Demo/demos_new.cdhit.aln.raxml.support
Optimized model saved to: /work/LAS/dlavrov-lab/users/Momin/work/Mystery-sponge/phylo_check/Demo/demos_new.cdhit.aln.raxml.bestModel
Bootstrap trees saved to: /work/LAS/dlavrov-lab/users/Momin/work/Mystery-sponge/phylo_check/Demo/demos_new.cdhit.aln.raxml.bootstraps

Execution log saved to: /work/LAS/dlavrov-lab/users/Momin/work/Mystery-sponge/phylo_check/Demo/demos_new.cdhit.aln.raxml.log

Analysis started: 20-Sep-2023 11:52:31 / finished: 20-Sep-2023 13:10:21

Elapsed time: 4669.676 seconds

