[sd2asn] WARNING: Nuc-prot set should not have title descriptor BIOSEQ-SET: nuc-prot: lcl|XDEWE
[sd2asn] WARNING: Colliding names in gene features FEATURE: Gene: trnM(cau) [lcl|XDEWE:6162-6232] [lcl|XDEWE: raw, dna len= 19915]
[sd2asn] WARNING: Colliding names in gene features FEATURE: Gene: trnM(cau) [lcl|XDEWE:14440-14511] [lcl|XDEWE: raw, dna len= 19915]
[sd2asn] ERROR: Unparsed product qualifier in tRNA FEATURE: tRNA: Arg [lcl|XDEWE:2533-2603] [lcl|XDEWE: raw, dna len= 19915]
[sd2asn] ERROR: Unparsed product qualifier in tRNA FEATURE: tRNA: Ser [lcl|XDEWE:4609-4693] [lcl|XDEWE: raw, dna len= 19915]
[sd2asn] ERROR: Unparsed product qualifier in tRNA FEATURE: tRNA: Asp [lcl|XDEWE:4695-4767] [lcl|XDEWE: raw, dna len= 19915]
[sd2asn] ERROR: Unparsed product qualifier in tRNA FEATURE: tRNA: Cys [lcl|XDEWE:4770-4842] [lcl|XDEWE: raw, dna len= 19915]
[sd2asn] ERROR: Unparsed product qualifier in tRNA FEATURE: tRNA: Leu [lcl|XDEWE:5817-5903] [lcl|XDEWE: raw, dna len= 19915]
[sd2asn] ERROR: Unparsed product qualifier in tRNA FEATURE: tRNA: Ile [lcl|XDEWE:5910-5983] [lcl|XDEWE: raw, dna len= 19915]
[sd2asn] ERROR: Unparsed product qualifier in tRNA FEATURE: tRNA: Tyr [lcl|XDEWE:5993-6075] [lcl|XDEWE: raw, dna len= 19915]
[sd2asn] ERROR: Unparsed product qualifier in tRNA FEATURE: tRNA: Met [lcl|XDEWE:6088-6160] [lcl|XDEWE: raw, dna len= 19915]
[sd2asn] ERROR: Unparsed product qualifier in tRNA FEATURE: tRNA: Met [lcl|XDEWE:6162-6232] [lcl|XDEWE: raw, dna len= 19915]
[sd2asn] ERROR: Unparsed product qualifier in tRNA FEATURE: tRNA: Ala [lcl|XDEWE:9494-9567] [lcl|XDEWE: raw, dna len= 19915]
[sd2asn] ERROR: Unparsed product qualifier in tRNA FEATURE: tRNA: Lys [lcl|XDEWE:10361-10433] [lcl|XDEWE: raw, dna len= 19915]
[sd2asn] ERROR: Unparsed product qualifier in tRNA FEATURE: tRNA: Arg [lcl|XDEWE:11435-11507] [lcl|XDEWE: raw, dna len= 19915]
[sd2asn] ERROR: Unparsed product qualifier in tRNA FEATURE: tRNA: Gln [lcl|XDEWE:12333-12405] [lcl|XDEWE: raw, dna len= 19915]
[sd2asn] ERROR: Unparsed product qualifier in tRNA FEATURE: tRNA: Trp [lcl|XDEWE:12412-12482] [lcl|XDEWE: raw, dna len= 19915]
[sd2asn] ERROR: Unparsed product qualifier in tRNA FEATURE: tRNA: Asn [lcl|XDEWE:12495-12566] [lcl|XDEWE: raw, dna len= 19915]
[sd2asn] ERROR: Unparsed product qualifier in tRNA FEATURE: tRNA: Leu [lcl|XDEWE:12572-12644] [lcl|XDEWE: raw, dna len= 19915]
[sd2asn] ERROR: Unparsed product qualifier in tRNA FEATURE: tRNA: Thr [lcl|XDEWE:13822-13894] [lcl|XDEWE: raw, dna len= 19915]
[sd2asn] ERROR: Unparsed product qualifier in tRNA FEATURE: tRNA: Ser [lcl|XDEWE:14215-14305] [lcl|XDEWE: raw, dna len= 19915]
[sd2asn] ERROR: Unparsed product qualifier in tRNA FEATURE: tRNA: Met [lcl|XDEWE:14440-14511] [lcl|XDEWE: raw, dna len= 19915]
[sd2asn] ERROR: Unparsed product qualifier in tRNA FEATURE: tRNA: Pro [lcl|XDEWE:14513-14585] [lcl|XDEWE: raw, dna len= 19915]
[sd2asn] ERROR: Unparsed product qualifier in tRNA FEATURE: tRNA: His [lcl|XDEWE:16515-16588] [lcl|XDEWE: raw, dna len= 19915]
[sd2asn] ERROR: Unparsed product qualifier in tRNA FEATURE: tRNA: Glu [lcl|XDEWE:16591-16662] [lcl|XDEWE: raw, dna len= 19915]
[sd2asn] ERROR: Unparsed product qualifier in tRNA FEATURE: tRNA: Phe [lcl|XDEWE:18380-18452] [lcl|XDEWE: raw, dna len= 19915]
[sd2asn] ERROR: Unparsed product qualifier in tRNA FEATURE: tRNA: Gly [lcl|XDEWE:19753-19824] [lcl|XDEWE: raw, dna len= 19915]
[sd2asn] ERROR: Unparsed product qualifier in tRNA FEATURE: tRNA: Val [lcl|XDEWE:19843-19915] [lcl|XDEWE: raw, dna len= 19915]
[sd2asn] ERROR: Method descriptor is obsolete DESCRIPTOR: Method: concept-trans BIOSEQ: lcl|nad4L: raw, aa len= 99
[sd2asn] ERROR: Method descriptor is obsolete DESCRIPTOR: Method: concept-trans BIOSEQ: lcl|cox1: raw, aa len= 522
[sd2asn] ERROR: Method descriptor is obsolete DESCRIPTOR: Method: concept-trans BIOSEQ: lcl|nad1: raw, aa len= 319
[sd2asn] ERROR: Method descriptor is obsolete DESCRIPTOR: Method: concept-trans BIOSEQ: lcl|nad2: raw, aa len= 454
[sd2asn] ERROR: Method descriptor is obsolete DESCRIPTOR: Method: concept-trans BIOSEQ: lcl|nad5: raw, aa len= 627
[sd2asn] ERROR: Method descriptor is obsolete DESCRIPTOR: Method: concept-trans BIOSEQ: lcl|cox2: raw, aa len= 246
[sd2asn] ERROR: Method descriptor is obsolete DESCRIPTOR: Method: concept-trans BIOSEQ: lcl|atp8: raw, aa len= 70
[sd2asn] ERROR: Method descriptor is obsolete DESCRIPTOR: Method: concept-trans BIOSEQ: lcl|atp6: raw, aa len= 244
[sd2asn] ERROR: Method descriptor is obsolete DESCRIPTOR: Method: concept-trans BIOSEQ: lcl|cox3: raw, aa len= 261
[sd2asn] ERROR: Method descriptor is obsolete DESCRIPTOR: Method: concept-trans BIOSEQ: lcl|cob: raw, aa len= 381
[sd2asn] ERROR: Method descriptor is obsolete DESCRIPTOR: Method: concept-trans BIOSEQ: lcl|atp9: raw, aa len= 80
[sd2asn] ERROR: Method descriptor is obsolete DESCRIPTOR: Method: concept-trans BIOSEQ: lcl|nad4: raw, aa len= 488
[sd2asn] ERROR: Method descriptor is obsolete DESCRIPTOR: Method: concept-trans BIOSEQ: lcl|nad6: raw, aa len= 189
[sd2asn] ERROR: Method descriptor is obsolete DESCRIPTOR: Method: concept-trans BIOSEQ: lcl|orf127: raw, aa len= 127
[sd2asn] ERROR: Method descriptor is obsolete DESCRIPTOR: Method: concept-trans BIOSEQ: lcl|nad3: raw, aa len= 128
