
RAxML-NG v. 1.1.0-master released on 04.08.2022 by The Exelixis Lab.
Developed by: Alexey M. Kozlov and Alexandros Stamatakis.
Contributors: Diego Darriba, Tomas Flouri, Benoit Morel, Sarah Lutteropp, Ben Bettisworth.
Latest version: https://github.com/amkozlov/raxml-ng
Questions/problems/suggestions? Please visit: https://groups.google.com/forum/#!forum/raxml

System: Intel(R) Xeon(R) Gold 6140 CPU @ 2.30GHz, 36 cores, 187 GB RAM

RAxML-NG was called at 26-Sep-2023 11:50:11 as follows:

raxml-ng --all --msa demos_RC_trimmed.cdhit.aln --model GTR+G

Analysis options:
  run mode: ML tree search + bootstrapping (Felsenstein Bootstrap)
  start tree(s): random (10) + parsimony (10)
  bootstrap replicates: max: 1000 + bootstopping (autoMRE, cutoff: 0.030000)
  random seed: 1695747011
  tip-inner: OFF
  pattern compression: ON
  per-rate scalers: OFF
  site repeats: ON
  branch lengths: proportional (ML estimate, algorithm: NR-FAST)
  SIMD kernels: AVX2
  parallelization: coarse-grained (auto), PTHREADS (auto)

[00:00:00] Reading alignment from file: demos_RC_trimmed.cdhit.aln
[00:00:00] Loaded alignment with 62 taxa and 12068 sites

WARNING: Fully undetermined columns found: 1

NOTE: Reduced alignment (with duplicates and gap-only sites/taxa removed) 
NOTE: was saved to: /work/LAS/dlavrov-lab/users/Momin/work/Mystery-sponge/phylo_check/Demo/outgroup/trimmed/demos_RC_trimmed.cdhit.aln.raxml.reduced.phy

Alignment comprises 1 partitions and 2946 patterns

Partition 0: noname
Model: GTR+FO+G4m
Alignment sites / patterns: 12067 / 2946
Gaps: 83.40 %
Invariant sites: 65.44 %


NOTE: Binary MSA file created: demos_RC_trimmed.cdhit.aln.raxml.rba

Parallelization scheme autoconfig: 18 worker(s) x 2 thread(s)

Parallel reduction/worker buffer size: 1 KB  / 0 KB

[00:00:00] Generating 10 random starting tree(s) with 62 taxa
[00:00:00] Generating 10 parsimony starting tree(s) with 62 taxa
[00:00:00] Data distribution: max. partitions/sites/weight per thread: 1 / 1473 / 23568
[00:00:01] Data distribution: max. searches per worker: 58

Starting ML tree search with 20 distinct starting trees

[00:05:01] [worker #7] ML tree search #8, logLikelihood: -55622.249760
[00:05:12] [worker #12] ML tree search #13, logLikelihood: -55622.238822
[00:05:22] [worker #3] ML tree search #4, logLikelihood: -55622.240639
[00:05:22] [worker #6] ML tree search #7, logLikelihood: -55622.249353
[00:05:29] [worker #15] ML tree search #16, logLikelihood: -55622.231956
[00:06:04] [worker #17] ML tree search #18, logLikelihood: -55622.262848
[00:06:16] [worker #13] ML tree search #14, logLikelihood: -55622.261236
[00:06:25] [worker #16] ML tree search #17, logLikelihood: -55622.261284
[00:06:28] [worker #1] ML tree search #2, logLikelihood: -55622.228311
[00:06:35] [worker #8] ML tree search #9, logLikelihood: -55622.240352
[00:06:36] [worker #11] ML tree search #12, logLikelihood: -55622.254844
[00:06:39] [worker #2] ML tree search #3, logLikelihood: -55622.229070
[00:06:56] [worker #9] ML tree search #10, logLikelihood: -55622.230636
[00:07:05] [worker #14] ML tree search #15, logLikelihood: -55622.252485
[00:07:08] [worker #10] ML tree search #11, logLikelihood: -55622.236230
[00:07:09] [worker #5] ML tree search #6, logLikelihood: -55622.230201
[00:07:10] [worker #4] ML tree search #5, logLikelihood: -55622.230916
[00:07:40] [worker #0] ML tree search #1, logLikelihood: -55622.236754
[00:12:30] [worker #0] ML tree search #19, logLikelihood: -55622.231508
[00:12:35] [worker #1] ML tree search #20, logLikelihood: -55622.260139

[00:12:35] ML tree search completed, best tree logLH: -55622.228311

[00:12:35] Starting bootstrapping analysis with 1000 replicates.

[00:15:51] [worker #0] Bootstrap tree #1, logLikelihood: -55653.931368
[00:16:04] [worker #11] Bootstrap tree #12, logLikelihood: -54738.024294
[00:16:11] [worker #14] Bootstrap tree #15, logLikelihood: -56883.409908
[00:16:18] [worker #3] Bootstrap tree #4, logLikelihood: -55323.725716
[00:16:20] [worker #5] Bootstrap tree #6, logLikelihood: -55163.910338
[00:16:20] [worker #12] Bootstrap tree #13, logLikelihood: -56658.159511
[00:16:26] [worker #9] Bootstrap tree #10, logLikelihood: -55565.837481
[00:16:30] [worker #10] Bootstrap tree #11, logLikelihood: -55563.336989
[00:16:55] [worker #16] Bootstrap tree #17, logLikelihood: -55034.391356
[00:16:55] [worker #4] Bootstrap tree #5, logLikelihood: -54435.281531
[00:17:05] [worker #15] Bootstrap tree #16, logLikelihood: -55312.675819
[00:17:08] [worker #1] Bootstrap tree #2, logLikelihood: -55983.577304
[00:17:14] [worker #8] Bootstrap tree #9, logLikelihood: -54298.254035
[00:17:28] [worker #13] Bootstrap tree #14, logLikelihood: -56907.536948
[00:17:31] [worker #7] Bootstrap tree #8, logLikelihood: -55300.707066
[00:17:56] [worker #17] Bootstrap tree #18, logLikelihood: -55124.991464
[00:18:22] [worker #6] Bootstrap tree #7, logLikelihood: -56695.150753
[00:18:39] [worker #2] Bootstrap tree #3, logLikelihood: -53544.892357
[00:19:41] [worker #14] Bootstrap tree #33, logLikelihood: -54692.634096
[00:19:51] [worker #3] Bootstrap tree #22, logLikelihood: -56375.005442
[00:19:54] [worker #16] Bootstrap tree #35, logLikelihood: -56849.841675
[00:19:56] [worker #0] Bootstrap tree #19, logLikelihood: -54881.550034
[00:20:21] [worker #13] Bootstrap tree #32, logLikelihood: -54684.860246
[00:20:26] [worker #12] Bootstrap tree #31, logLikelihood: -55626.577234
[00:20:37] [worker #9] Bootstrap tree #28, logLikelihood: -55446.342517
[00:21:01] [worker #4] Bootstrap tree #23, logLikelihood: -55432.513438
[00:21:02] [worker #10] Bootstrap tree #29, logLikelihood: -55730.512848
[00:21:06] [worker #5] Bootstrap tree #24, logLikelihood: -55924.354759
[00:21:07] [worker #11] Bootstrap tree #30, logLikelihood: -55544.601151
[00:21:27] [worker #17] Bootstrap tree #36, logLikelihood: -55408.822043
[00:22:07] [worker #2] Bootstrap tree #21, logLikelihood: -54259.264135
[00:22:07] [worker #6] Bootstrap tree #25, logLikelihood: -56150.675272
[00:22:20] [worker #15] Bootstrap tree #34, logLikelihood: -55284.751285
[00:22:24] [worker #7] Bootstrap tree #26, logLikelihood: -55077.415198
[00:22:33] [worker #1] Bootstrap tree #20, logLikelihood: -55534.858530
[00:23:14] [worker #3] Bootstrap tree #40, logLikelihood: -56202.248252
[00:23:14] [worker #0] Bootstrap tree #37, logLikelihood: -56035.671886
[00:24:04] [worker #10] Bootstrap tree #47, logLikelihood: -55955.535585
[00:24:07] [worker #5] Bootstrap tree #42, logLikelihood: -55235.140697
[00:24:12] [worker #4] Bootstrap tree #41, logLikelihood: -56117.065117
[00:24:19] [worker #11] Bootstrap tree #48, logLikelihood: -55608.183415
[00:24:46] [worker #2] Bootstrap tree #39, logLikelihood: -55984.672233
[00:24:52] [worker #13] Bootstrap tree #50, logLikelihood: -55570.201479
[00:25:02] [worker #12] Bootstrap tree #49, logLikelihood: -57164.870958
[00:25:35] [worker #9] Bootstrap tree #46, logLikelihood: -55244.057448
[00:25:43] [worker #8] Bootstrap tree #27, logLikelihood: -55842.689188
[00:26:12] [worker #6] Bootstrap tree #43, logLikelihood: -55425.339804
[00:26:19] [worker #1] Bootstrap tree #38, logLikelihood: -55474.807262
[00:26:22] [worker #7] Bootstrap tree #44, logLikelihood: -55559.232312
[00:29:07] [worker #8] Bootstrap tree #45, logLikelihood: -55321.540670
[00:31:41] [worker #15] Bootstrap tree #52, logLikelihood: -55751.815599
[00:31:42] [worker #3] Bootstrap tree #58, logLikelihood: -54536.168464
[00:31:51] [worker #1] Bootstrap tree #56, logLikelihood: -55107.384035
[00:32:10] [worker #7] Bootstrap tree #62, logLikelihood: -56360.453583
[00:32:12] [worker #13] Bootstrap tree #68, logLikelihood: -54980.036403
[00:32:19] [worker #12] Bootstrap tree #67, logLikelihood: -55443.553303
[00:32:29] [worker #17] Bootstrap tree #54, logLikelihood: -56530.497629
[00:32:44] [worker #0] Bootstrap tree #55, logLikelihood: -55183.494470
[00:32:47] [worker #6] Bootstrap tree #61, logLikelihood: -56758.072563
[00:32:48] [worker #5] Bootstrap tree #60, logLikelihood: -54608.002518
[00:33:03] [worker #8] Bootstrap tree #63, logLikelihood: -54635.510095
[00:33:06] [worker #4] Bootstrap tree #59, logLikelihood: -55867.885372
[00:33:35] [worker #10] Bootstrap tree #65, logLikelihood: -55129.077131
[00:33:36] [worker #9] Bootstrap tree #64, logLikelihood: -55553.606571
[00:33:50] [worker #14] Bootstrap tree #51, logLikelihood: -55220.768028
[00:34:37] [worker #11] Bootstrap tree #66, logLikelihood: -56776.115695
[00:34:42] [worker #2] Bootstrap tree #57, logLikelihood: -56230.727084
[00:35:22] [worker #12] Bootstrap tree #85, logLikelihood: -54671.898578
[00:35:26] [worker #15] Bootstrap tree #70, logLikelihood: -55147.292229
[00:35:34] [worker #13] Bootstrap tree #86, logLikelihood: -56112.065140
[00:36:06] [worker #16] Bootstrap tree #53, logLikelihood: -55253.265805
[00:36:19] [worker #6] Bootstrap tree #79, logLikelihood: -55463.427649
[00:36:33] [worker #7] Bootstrap tree #80, logLikelihood: -56454.842645
[00:36:41] [worker #1] Bootstrap tree #74, logLikelihood: -55404.702257
[00:36:50] [worker #5] Bootstrap tree #78, logLikelihood: -55347.278291
[00:36:58] [worker #8] Bootstrap tree #81, logLikelihood: -53682.944155
[00:37:04] [worker #10] Bootstrap tree #83, logLikelihood: -56466.132367
[00:37:06] [worker #4] Bootstrap tree #77, logLikelihood: -54743.485313
[00:37:23] [worker #3] Bootstrap tree #76, logLikelihood: -55261.419476
[00:37:29] [worker #14] Bootstrap tree #69, logLikelihood: -56289.801131
[00:37:57] [worker #0] Bootstrap tree #73, logLikelihood: -54010.057654
[00:38:28] [worker #2] Bootstrap tree #75, logLikelihood: -55151.872720
[00:38:48] [worker #11] Bootstrap tree #84, logLikelihood: -55523.364608
[00:38:52] [worker #9] Bootstrap tree #82, logLikelihood: -55919.196434
[00:38:54] [worker #15] Bootstrap tree #88, logLikelihood: -55033.861561
[00:39:21] [worker #5] Bootstrap tree #96, logLikelihood: -54925.658624
[00:39:30] [worker #16] Bootstrap tree #71, logLikelihood: -55280.236803
[00:39:36] [worker #4] Bootstrap tree #95, logLikelihood: -56189.763006
[00:40:14] [worker #7] Bootstrap tree #98, logLikelihood: -56211.624121
[00:40:31] [worker #6] Bootstrap tree #97, logLikelihood: -56154.098269
[00:40:54] [worker #3] Bootstrap tree #94, logLikelihood: -54833.440380
[00:40:56] [worker #17] Bootstrap tree #72, logLikelihood: -55419.513853
[00:41:09] [worker #1] Bootstrap tree #92, logLikelihood: -55294.740007
[00:41:16] [worker #14] Bootstrap tree #87, logLikelihood: -55254.450933
[00:41:21] [worker #2] Bootstrap tree #93, logLikelihood: -58004.251201
[00:41:25] [worker #8] Bootstrap tree #99, logLikelihood: -55063.425917
[00:41:37] [worker #0] Bootstrap tree #91, logLikelihood: -54713.781391
[00:42:28] [worker #9] Bootstrap tree #100, logLikelihood: -55491.975065
[00:42:55] [worker #16] Bootstrap tree #89, logLikelihood: -55940.959833
[00:43:46] [worker #17] Bootstrap tree #90, logLikelihood: -56706.333598
[00:45:44] [worker #8] Bootstrap tree #117, logLikelihood: -56709.234202
[00:45:45] [worker #15] Bootstrap tree #106, logLikelihood: -54316.273486
[00:46:12] [worker #4] Bootstrap tree #113, logLikelihood: -55902.893018
[00:46:34] [worker #3] Bootstrap tree #112, logLikelihood: -57207.532039
[00:46:46] [worker #14] Bootstrap tree #105, logLikelihood: -56036.573709
[00:46:59] [worker #17] Bootstrap tree #108, logLikelihood: -56209.190106
[00:47:00] [worker #10] Bootstrap tree #101, logLikelihood: -55251.426360
[00:47:17] [worker #7] Bootstrap tree #116, logLikelihood: -54259.099389
[00:47:25] [worker #5] Bootstrap tree #114, logLikelihood: -57672.733351
[00:47:52] [worker #13] Bootstrap tree #104, logLikelihood: -55686.012481
[00:47:53] [worker #15] Bootstrap tree #124, logLikelihood: -56667.364437
[00:47:54] [worker #0] Bootstrap tree #109, logLikelihood: -55934.282219
[00:47:56] [worker #6] Bootstrap tree #115, logLikelihood: -54873.678292
[00:48:26] [worker #1] Bootstrap tree #110, logLikelihood: -56386.473201
[00:48:29] [worker #9] Bootstrap tree #118, logLikelihood: -55928.758020
[00:48:48] [worker #11] Bootstrap tree #102, logLikelihood: -55903.034067
[00:48:57] [worker #16] Bootstrap tree #107, logLikelihood: -55639.829047
[00:49:19] [worker #14] Bootstrap tree #123, logLikelihood: -56211.336974
[00:49:31] [worker #12] Bootstrap tree #103, logLikelihood: -54920.158485
[00:49:34] [worker #3] Bootstrap tree #130, logLikelihood: -55615.864353
[00:49:45] [worker #8] Bootstrap tree #135, logLikelihood: -54689.120416
[00:50:07] [worker #6] Bootstrap tree #133, logLikelihood: -54125.485124
[00:50:08] [worker #5] Bootstrap tree #132, logLikelihood: -56684.243075
[00:50:19] [worker #10] Bootstrap tree #119, logLikelihood: -55399.863643
[00:50:37] [worker #4] Bootstrap tree #131, logLikelihood: -55407.810879
[00:50:55] [worker #7] Bootstrap tree #134, logLikelihood: -55553.551521
[00:51:15] [worker #2] Bootstrap tree #111, logLikelihood: -56570.764036
[00:51:31] [worker #17] Bootstrap tree #126, logLikelihood: -56151.918577
[00:52:01] [worker #15] Bootstrap tree #142, logLikelihood: -56643.550808
[00:52:01] [worker #9] Bootstrap tree #136, logLikelihood: -55184.174497
[00:52:08] [worker #16] Bootstrap tree #125, logLikelihood: -55790.139073
[00:52:29] [worker #1] Bootstrap tree #128, logLikelihood: -55347.887846
[00:52:44] [worker #11] Bootstrap tree #120, logLikelihood: -54479.106754
[00:52:48] [worker #14] Bootstrap tree #141, logLikelihood: -56130.129486
[00:52:59] [worker #10] Bootstrap tree #137, logLikelihood: -55290.871969
[00:52:59] [worker #0] Bootstrap tree #127, logLikelihood: -54700.908260
[00:53:47] [worker #5] Bootstrap tree #150, logLikelihood: -56086.571938
[00:53:49] [worker #4] Bootstrap tree #149, logLikelihood: -56188.881353
[00:53:51] [worker #12] Bootstrap tree #121, logLikelihood: -56102.315632
[00:54:22] [worker #2] Bootstrap tree #129, logLikelihood: -55630.445304
[00:54:38] [worker #13] Bootstrap tree #122, logLikelihood: -55108.286722
[00:54:50] [worker #16] Bootstrap tree #143, logLikelihood: -54515.010946
[00:55:04] [worker #3] Bootstrap tree #148, logLikelihood: -55259.344074
[00:55:35] [worker #17] Bootstrap tree #144, logLikelihood: -56675.137901
[00:55:58] [worker #11] Bootstrap tree #138, logLikelihood: -55015.352390
[00:56:57] [worker #1] Bootstrap tree #146, logLikelihood: -54646.865191
[00:57:08] [worker #12] Bootstrap tree #139, logLikelihood: -53951.721300
[00:57:13] [worker #0] Bootstrap tree #145, logLikelihood: -55019.214720
[00:58:08] [worker #13] Bootstrap tree #140, logLikelihood: -56509.785359
[00:58:30] [worker #2] Bootstrap tree #147, logLikelihood: -55885.137329
[01:01:13] [worker #16] Bootstrap tree #161, logLikelihood: -54920.167416
[01:01:20] [worker #14] Bootstrap tree #159, logLikelihood: -56148.955179
[01:01:20] [worker #17] Bootstrap tree #162, logLikelihood: -55732.618575
[01:01:28] [worker #2] Bootstrap tree #165, logLikelihood: -56285.806617
[01:01:30] [worker #4] Bootstrap tree #167, logLikelihood: -56009.602641
[01:01:32] [worker #11] Bootstrap tree #156, logLikelihood: -55053.248570
[01:01:40] [worker #9] Bootstrap tree #154, logLikelihood: -55577.876636
[01:01:46] [worker #3] Bootstrap tree #166, logLikelihood: -54091.575731
[01:01:51] [worker #1] Bootstrap tree #164, logLikelihood: -54813.014580
[01:02:13] [worker #7] Bootstrap tree #152, logLikelihood: -54460.884114
[01:02:15] [worker #0] Bootstrap tree #163, logLikelihood: -55681.654210
[01:02:17] [worker #10] Bootstrap tree #155, logLikelihood: -57050.256749
[01:02:27] [worker #8] Bootstrap tree #153, logLikelihood: -54534.119341
[01:02:57] [worker #6] Bootstrap tree #151, logLikelihood: -55739.793184
[01:02:58] [worker #12] Bootstrap tree #157, logLikelihood: -55443.413789
[01:03:45] [worker #5] Bootstrap tree #168, logLikelihood: -55826.900572
[01:03:45] [worker #15] Bootstrap tree #160, logLikelihood: -55115.338688
[01:04:06] [worker #3] Bootstrap tree #184, logLikelihood: -56158.239421
[01:04:25] [worker #2] Bootstrap tree #183, logLikelihood: -53676.834272
[01:04:27] [worker #9] Bootstrap tree #172, logLikelihood: -53569.475083
[01:04:33] [worker #13] Bootstrap tree #158, logLikelihood: -55743.433368
[01:04:36] [worker #16] Bootstrap tree #179, logLikelihood: -55363.370486
[01:04:41] [worker #14] Bootstrap tree #177, logLikelihood: -56743.444982
[01:04:48] [worker #8] Bootstrap tree #171, logLikelihood: -56595.643845
[01:05:07] [worker #10] Bootstrap tree #173, logLikelihood: -55315.873629
[01:05:29] [worker #11] Bootstrap tree #174, logLikelihood: -56104.563649
[01:05:31] [worker #1] Bootstrap tree #182, logLikelihood: -55436.737409
[01:05:47] [worker #6] Bootstrap tree #169, logLikelihood: -54540.602297
[01:06:19] [worker #15] Bootstrap tree #178, logLikelihood: -54100.367880
[01:06:43] [worker #12] Bootstrap tree #175, logLikelihood: -54532.029258
[01:06:57] [worker #4] Bootstrap tree #185, logLikelihood: -55158.328178
[01:06:58] [worker #0] Bootstrap tree #181, logLikelihood: -56366.321253
[01:07:00] [worker #17] Bootstrap tree #180, logLikelihood: -55437.669936
[01:07:11] [worker #7] Bootstrap tree #170, logLikelihood: -56347.086666
[01:07:33] [worker #16] Bootstrap tree #197, logLikelihood: -56720.726267
[01:07:43] [worker #8] Bootstrap tree #189, logLikelihood: -56607.333574
[01:07:50] [worker #9] Bootstrap tree #190, logLikelihood: -55030.270094
[01:08:18] [worker #1] Bootstrap tree #200, logLikelihood: -54959.080409
[01:08:19] [worker #14] Bootstrap tree #195, logLikelihood: -55568.103858
[01:09:13] [worker #13] Bootstrap tree #176, logLikelihood: -54867.772352
[01:09:33] [worker #6] Bootstrap tree #187, logLikelihood: -54354.546720
[01:09:48] [worker #5] Bootstrap tree #186, logLikelihood: -52941.539573
[01:09:50] [worker #17] Bootstrap tree #198, logLikelihood: -54870.631239
[01:09:52] [worker #0] Bootstrap tree #199, logLikelihood: -56209.769533
[01:09:53] [worker #10] Bootstrap tree #191, logLikelihood: -55639.482895
[01:10:04] [worker #7] Bootstrap tree #188, logLikelihood: -55956.911675
[01:11:05] [worker #12] Bootstrap tree #193, logLikelihood: -55936.418679
[01:11:38] [worker #15] Bootstrap tree #196, logLikelihood: -55528.988542
[01:12:08] [worker #13] Bootstrap tree #194, logLikelihood: -56249.105089
[01:12:25] [worker #11] Bootstrap tree #192, logLikelihood: -55525.916568
[01:14:48] [worker #17] Bootstrap tree #216, logLikelihood: -56067.162859
[01:14:58] [worker #3] Bootstrap tree #202, logLikelihood: -54976.977070
[01:15:03] [worker #11] Bootstrap tree #210, logLikelihood: -55868.987510
[01:15:20] [worker #15] Bootstrap tree #214, logLikelihood: -53798.076878
[01:15:23] [worker #6] Bootstrap tree #205, logLikelihood: -54610.952167
[01:15:37] [worker #7] Bootstrap tree #206, logLikelihood: -55051.823333
[01:15:38] [worker #4] Bootstrap tree #203, logLikelihood: -55426.959499
[01:15:44] [worker #2] Bootstrap tree #201, logLikelihood: -54640.992064
[01:15:51] [worker #13] Bootstrap tree #212, logLikelihood: -55334.713993
[01:15:53] [worker #9] Bootstrap tree #208, logLikelihood: -54981.895424
[01:16:06] [worker #1] Bootstrap tree #218, logLikelihood: -56563.831428
[01:16:22] [worker #16] Bootstrap tree #215, logLikelihood: -56041.894770
[01:16:26] [worker #8] Bootstrap tree #207, logLikelihood: -54766.365566
[01:16:34] [worker #14] Bootstrap tree #213, logLikelihood: -55041.172005
[01:16:42] [worker #5] Bootstrap tree #204, logLikelihood: -55347.951309
[01:16:58] [worker #12] Bootstrap tree #211, logLikelihood: -56802.667345
[01:17:05] [worker #0] Bootstrap tree #217, logLikelihood: -55059.080285
[01:18:21] [worker #10] Bootstrap tree #209, logLikelihood: -54264.231579
[01:18:35] [worker #4] Bootstrap tree #221, logLikelihood: -54894.833069
[01:18:39] [worker #9] Bootstrap tree #226, logLikelihood: -55261.833216
[01:18:43] [worker #6] Bootstrap tree #223, logLikelihood: -56683.348077
[01:18:52] [worker #2] Bootstrap tree #219, logLikelihood: -54448.111579
[01:19:04] [worker #13] Bootstrap tree #230, logLikelihood: -56602.276186
[01:19:25] [worker #3] Bootstrap tree #220, logLikelihood: -53832.216919
[01:19:32] [worker #11] Bootstrap tree #228, logLikelihood: -54590.708972
[01:20:01] [worker #16] Bootstrap tree #233, logLikelihood: -56220.414514
[01:20:15] [worker #1] Bootstrap tree #236, logLikelihood: -56853.246944
[01:20:25] [worker #0] Bootstrap tree #235, logLikelihood: -55373.015265
[01:20:26] [worker #8] Bootstrap tree #225, logLikelihood: -55023.403383
[01:20:27] [worker #7] Bootstrap tree #224, logLikelihood: -54720.528921
[01:20:54] [worker #15] Bootstrap tree #232, logLikelihood: -55174.937069
[01:21:49] [worker #9] Bootstrap tree #244, logLikelihood: -55722.467020
[01:21:50] [worker #6] Bootstrap tree #241, logLikelihood: -56951.207048
[01:21:50] [worker #5] Bootstrap tree #222, logLikelihood: -56919.931806
[01:21:52] [worker #17] Bootstrap tree #234, logLikelihood: -54967.127193
[01:21:53] [worker #4] Bootstrap tree #239, logLikelihood: -57529.878433
[01:22:00] [worker #13] Bootstrap tree #248, logLikelihood: -54642.798886
[01:22:20] [worker #3] Bootstrap tree #238, logLikelihood: -54719.805881
[01:23:00] [worker #12] Bootstrap tree #229, logLikelihood: -54964.677567
[01:23:02] [worker #10] Bootstrap tree #227, logLikelihood: -54778.673519
[01:23:17] [worker #2] Bootstrap tree #237, logLikelihood: -55954.210294
[01:23:20] [worker #14] Bootstrap tree #231, logLikelihood: -55292.483437
[01:23:21] [worker #8] Bootstrap tree #243, logLikelihood: -57353.848454
[01:23:38] [worker #11] Bootstrap tree #246, logLikelihood: -56188.058708
[01:24:50] [worker #7] Bootstrap tree #242, logLikelihood: -54884.086356
[01:25:21] [worker #15] Bootstrap tree #250, logLikelihood: -54458.188497
[01:25:56] [worker #5] Bootstrap tree #240, logLikelihood: -54967.485465
[01:26:03] [worker #12] Bootstrap tree #247, logLikelihood: -55642.300021
[01:26:17] [worker #14] Bootstrap tree #249, logLikelihood: -55021.529205
[01:27:16] [worker #10] Bootstrap tree #245, logLikelihood: -54785.591546
[01:29:33] [worker #3] Bootstrap tree #256, logLikelihood: -54825.848058
[01:30:07] [worker #10] Bootstrap tree #263, logLikelihood: -55461.198600
[01:30:10] [worker #14] Bootstrap tree #267, logLikelihood: -56591.792262
[01:30:17] [worker #6] Bootstrap tree #259, logLikelihood: -55897.567473
[01:30:19] [worker #5] Bootstrap tree #258, logLikelihood: -54353.311206
[01:30:30] [worker #1] Bootstrap tree #254, logLikelihood: -54865.598325
[01:30:35] [worker #12] Bootstrap tree #265, logLikelihood: -55958.186034
[01:30:55] [worker #2] Bootstrap tree #255, logLikelihood: -55646.993108
[01:31:00] [worker #17] Bootstrap tree #252, logLikelihood: -57073.418794
[01:31:15] [worker #16] Bootstrap tree #251, logLikelihood: -56131.526713
[01:31:18] [worker #8] Bootstrap tree #261, logLikelihood: -56383.133632
[01:31:20] [worker #11] Bootstrap tree #264, logLikelihood: -55743.625399
[01:31:29] [worker #15] Bootstrap tree #268, logLikelihood: -55045.950694
[01:31:35] [worker #9] Bootstrap tree #262, logLikelihood: -56331.859922
[01:31:47] [worker #7] Bootstrap tree #260, logLikelihood: -53867.131912
[01:32:04] [worker #0] Bootstrap tree #253, logLikelihood: -56109.655748
[01:32:08] [worker #13] Bootstrap tree #266, logLikelihood: -55209.710385
[01:33:02] [worker #4] Bootstrap tree #257, logLikelihood: -55494.700520
[01:33:14] [worker #6] Bootstrap tree #277, logLikelihood: -53934.011612
[01:33:15] [worker #3] Bootstrap tree #274, logLikelihood: -54197.339272
[01:33:24] [worker #1] Bootstrap tree #272, logLikelihood: -55420.622966
[01:33:48] [worker #12] Bootstrap tree #283, logLikelihood: -55257.354970
[01:33:59] [worker #10] Bootstrap tree #281, logLikelihood: -55899.665585
[01:34:06] [worker #5] Bootstrap tree #276, logLikelihood: -55303.188327
[01:34:11] [worker #16] Bootstrap tree #269, logLikelihood: -56759.479541
[01:34:16] [worker #8] Bootstrap tree #279, logLikelihood: -56374.710761
[01:34:21] [worker #14] Bootstrap tree #285, logLikelihood: -56339.578183
[01:34:44] [worker #11] Bootstrap tree #282, logLikelihood: -55359.230076
[01:34:56] [worker #17] Bootstrap tree #270, logLikelihood: -56608.488995
[01:35:01] [worker #0] Bootstrap tree #271, logLikelihood: -54467.146615
[01:35:16] [worker #2] Bootstrap tree #273, logLikelihood: -56969.911366
[01:35:28] [worker #15] Bootstrap tree #286, logLikelihood: -55510.781274
[01:35:54] [worker #1] Bootstrap tree #290, logLikelihood: -55834.294231
[01:36:08] [worker #7] Bootstrap tree #278, logLikelihood: -55488.991991
[01:36:11] [worker #4] Bootstrap tree #275, logLikelihood: -56494.304285
[01:36:21] [worker #9] Bootstrap tree #280, logLikelihood: -55934.367507
[01:36:32] [worker #3] Bootstrap tree #292, logLikelihood: -55810.782982
[01:36:35] [worker #6] Bootstrap tree #295, logLikelihood: -56528.449455
[01:36:41] [worker #13] Bootstrap tree #284, logLikelihood: -55299.326004
[01:37:08] [worker #10] Bootstrap tree #299, logLikelihood: -56581.304552
[01:37:21] [worker #5] Bootstrap tree #294, logLikelihood: -55627.047815
[01:37:29] [worker #16] Bootstrap tree #287, logLikelihood: -56136.759644
[01:37:40] [worker #17] Bootstrap tree #288, logLikelihood: -56331.988430
[01:37:54] [worker #8] Bootstrap tree #297, logLikelihood: -56422.300638
[01:37:55] [worker #11] Bootstrap tree #300, logLikelihood: -56140.565059
[01:38:07] [worker #0] Bootstrap tree #289, logLikelihood: -55899.828541
[01:39:41] [worker #4] Bootstrap tree #293, logLikelihood: -54300.732987
[01:39:58] [worker #2] Bootstrap tree #291, logLikelihood: -56953.151209
[01:40:53] [worker #7] Bootstrap tree #296, logLikelihood: -56040.054092
[01:42:39] [worker #9] Bootstrap tree #298, logLikelihood: -55180.789975
[01:45:26] [worker #1] Bootstrap tree #308, logLikelihood: -55691.838461
[01:45:31] [worker #17] Bootstrap tree #306, logLikelihood: -53687.826403
[01:45:35] [worker #7] Bootstrap tree #314, logLikelihood: -55846.062876
[01:45:43] [worker #11] Bootstrap tree #318, logLikelihood: -53916.519540
[01:46:02] [worker #4] Bootstrap tree #311, logLikelihood: -54679.607617
[01:46:18] [worker #3] Bootstrap tree #310, logLikelihood: -56106.293730
[01:46:20] [worker #16] Bootstrap tree #305, logLikelihood: -56499.649520
[01:46:26] [worker #9] Bootstrap tree #316, logLikelihood: -55778.470196
[01:46:38] [worker #2] Bootstrap tree #309, logLikelihood: -54538.125362
[01:46:48] [worker #15] Bootstrap tree #304, logLikelihood: -54817.010959
[01:46:49] [worker #10] Bootstrap tree #317, logLikelihood: -55452.286586
[01:46:56] [worker #5] Bootstrap tree #312, logLikelihood: -54622.035200
[01:47:00] [worker #6] Bootstrap tree #313, logLikelihood: -54945.170471
[01:47:04] [worker #13] Bootstrap tree #302, logLikelihood: -55692.654478
[01:47:06] [worker #0] Bootstrap tree #307, logLikelihood: -55786.212046
[01:47:07] [worker #14] Bootstrap tree #303, logLikelihood: -53885.259660
[01:47:30] [worker #8] Bootstrap tree #315, logLikelihood: -54263.032090
[01:48:04] [worker #12] Bootstrap tree #301, logLikelihood: -55524.116642
[01:48:14] [worker #17] Bootstrap tree #324, logLikelihood: -55944.256681
[01:48:42] [worker #7] Bootstrap tree #332, logLikelihood: -54821.343822
[01:49:03] [worker #4] Bootstrap tree #329, logLikelihood: -55130.055643
[01:49:26] [worker #1] Bootstrap tree #326, logLikelihood: -53763.453125
[01:49:48] [worker #16] Bootstrap tree #323, logLikelihood: -56428.955473
[01:49:53] [worker #10] Bootstrap tree #335, logLikelihood: -55840.290971
[01:50:13] [worker #0] Bootstrap tree #325, logLikelihood: -56009.185003
[01:50:17] [worker #5] Bootstrap tree #330, logLikelihood: -54704.873369
[01:50:18] [worker #14] Bootstrap tree #321, logLikelihood: -56049.012190
[01:50:22] [worker #6] Bootstrap tree #331, logLikelihood: -54598.722697
[01:50:27] [worker #9] Bootstrap tree #334, logLikelihood: -55382.380385
[01:50:29] [worker #11] Bootstrap tree #336, logLikelihood: -55239.970388
[01:50:44] [worker #3] Bootstrap tree #328, logLikelihood: -54894.542252
[01:50:45] [worker #8] Bootstrap tree #333, logLikelihood: -55588.117469
[01:51:17] [worker #13] Bootstrap tree #320, logLikelihood: -56515.444525
[01:51:20] [worker #15] Bootstrap tree #322, logLikelihood: -55182.182205
[01:51:30] [worker #12] Bootstrap tree #319, logLikelihood: -55369.619376
[01:51:40] [worker #7] Bootstrap tree #350, logLikelihood: -55541.074110
[01:51:43] [worker #2] Bootstrap tree #327, logLikelihood: -55247.972223
[01:52:39] [worker #4] Bootstrap tree #347, logLikelihood: -56607.545977
[01:52:53] [worker #16] Bootstrap tree #341, logLikelihood: -55783.562567
[01:53:04] [worker #17] Bootstrap tree #342, logLikelihood: -55633.513626
[01:53:06] [worker #5] Bootstrap tree #348, logLikelihood: -55316.336919
[01:53:12] [worker #0] Bootstrap tree #343, logLikelihood: -54920.107365
[01:53:16] [worker #1] Bootstrap tree #344, logLikelihood: -54897.507562
[01:53:26] [worker #3] Bootstrap tree #346, logLikelihood: -54528.309526
[01:53:50] [worker #13] Bootstrap tree #338, logLikelihood: -55214.854960
[01:54:29] [worker #2] Bootstrap tree #345, logLikelihood: -55373.705073
[01:54:34] [worker #12] Bootstrap tree #337, logLikelihood: -54226.846549
[01:54:49] [worker #14] Bootstrap tree #339, logLikelihood: -55610.068871
[01:55:09] [worker #6] Bootstrap tree #349, logLikelihood: -54947.046174
[01:57:32] [worker #15] Bootstrap tree #340, logLikelihood: -56010.736032
[01:59:57] [worker #5] Bootstrap tree #366, logLikelihood: -54977.826241
[02:00:07] [worker #13] Bootstrap tree #356, logLikelihood: -55609.234101
[02:00:12] [worker #8] Bootstrap tree #351, logLikelihood: -55364.023073
[02:00:21] [worker #11] Bootstrap tree #354, logLikelihood: -54736.044307
[02:00:36] [worker #9] Bootstrap tree #352, logLikelihood: -55248.324513
[02:00:36] [worker #3] Bootstrap tree #364, logLikelihood: -55833.228356
[02:01:04] [worker #17] Bootstrap tree #360, logLikelihood: -56252.571002
[02:01:05] [worker #14] Bootstrap tree #357, logLikelihood: -54048.942048
[02:01:05] [worker #1] Bootstrap tree #362, logLikelihood: -54058.389683
[02:01:07] [worker #4] Bootstrap tree #365, logLikelihood: -54955.461832
[02:01:07] [worker #2] Bootstrap tree #363, logLikelihood: -55352.006594
[02:01:33] [worker #12] Bootstrap tree #355, logLikelihood: -55799.349094
[02:01:51] [worker #7] Bootstrap tree #368, logLikelihood: -55860.133895
[02:02:00] [worker #16] Bootstrap tree #359, logLikelihood: -54470.456569
[02:02:10] [worker #5] Bootstrap tree #384, logLikelihood: -54454.319138
[02:02:19] [worker #6] Bootstrap tree #367, logLikelihood: -56723.352652
[02:03:00] [worker #10] Bootstrap tree #353, logLikelihood: -55899.307141
[02:03:15] [worker #3] Bootstrap tree #382, logLikelihood: -54903.648601
[02:03:40] [worker #15] Bootstrap tree #358, logLikelihood: -56088.951022
[02:03:42] [worker #13] Bootstrap tree #374, logLikelihood: -56806.713114
[02:03:59] [worker #0] Bootstrap tree #361, logLikelihood: -56022.045697
[02:04:06] [worker #4] Bootstrap tree #383, logLikelihood: -55320.624984
[02:04:09] [worker #9] Bootstrap tree #370, logLikelihood: -55859.140375
[02:04:17] [worker #12] Bootstrap tree #373, logLikelihood: -54099.467388
[02:04:20] [worker #1] Bootstrap tree #380, logLikelihood: -55650.960375
[02:04:24] [worker #14] Bootstrap tree #375, logLikelihood: -55857.383686
[02:04:55] [worker #16] Bootstrap tree #377, logLikelihood: -56203.534289
[02:05:13] [worker #6] Bootstrap tree #385, logLikelihood: -55909.246915
[02:05:41] [worker #7] Bootstrap tree #386, logLikelihood: -55365.513435
[02:05:43] [worker #8] Bootstrap tree #369, logLikelihood: -54387.769618
[02:06:12] [worker #2] Bootstrap tree #381, logLikelihood: -56824.313647
[02:06:45] [worker #10] Bootstrap tree #371, logLikelihood: -55374.650647
[02:06:48] [worker #15] Bootstrap tree #376, logLikelihood: -54699.278063
[02:06:50] [worker #11] Bootstrap tree #372, logLikelihood: -55826.159941
[02:07:06] [worker #1] Bootstrap tree #398, logLikelihood: -55768.171354
[02:07:24] [worker #3] Bootstrap tree #400, logLikelihood: -54629.201621
[02:07:26] [worker #12] Bootstrap tree #391, logLikelihood: -54524.056143
[02:07:28] [worker #14] Bootstrap tree #393, logLikelihood: -55572.356424
[02:07:33] [worker #17] Bootstrap tree #378, logLikelihood: -54759.217810
[02:07:37] [worker #9] Bootstrap tree #388, logLikelihood: -55580.241937
[02:07:41] [worker #13] Bootstrap tree #392, logLikelihood: -54928.694303
[02:08:22] [worker #16] Bootstrap tree #395, logLikelihood: -55843.078431
[02:08:35] [worker #0] Bootstrap tree #379, logLikelihood: -54357.385459
[02:09:17] [worker #8] Bootstrap tree #387, logLikelihood: -55004.038753
[02:10:26] [worker #10] Bootstrap tree #389, logLikelihood: -55650.762762
[02:10:34] [worker #17] Bootstrap tree #396, logLikelihood: -54440.737022
[02:10:36] [worker #2] Bootstrap tree #399, logLikelihood: -55540.385848
[02:11:25] [worker #11] Bootstrap tree #390, logLikelihood: -55512.549464
[02:12:40] [worker #15] Bootstrap tree #394, logLikelihood: -56264.178151
[02:12:51] [worker #0] Bootstrap tree #397, logLikelihood: -55077.611585
[02:12:53] Bootstrapping converged after 400 replicates.

Optimized model parameters:

   Partition 0: noname
   Rate heterogeneity: GAMMA (4 cats, mean),  alpha: 0.388069 (ML),  weights&rates: (0.250000,0.015032) (0.250000,0.172789) (0.250000,0.718041) (0.250000,3.094139) 
   Base frequencies (ML): 0.248575 0.219186 0.255142 0.277097 
   Substitution rates (ML): 0.624294 2.211655 0.648114 1.312378 4.100688 1.000000 


Final LogLikelihood: -55622.228311

AIC score: 111504.456622 / AICc score: 111507.310174 / BIC score: 112466.226487
Free parameters (model + branch lengths): 130

WARNING: Best ML tree contains 1 near-zero branches!

Best ML tree with collapsed near-zero branches saved to: /work/LAS/dlavrov-lab/users/Momin/work/Mystery-sponge/phylo_check/Demo/outgroup/trimmed/demos_RC_trimmed.cdhit.aln.raxml.bestTreeCollapsed
Best ML tree saved to: /work/LAS/dlavrov-lab/users/Momin/work/Mystery-sponge/phylo_check/Demo/outgroup/trimmed/demos_RC_trimmed.cdhit.aln.raxml.bestTree
All ML trees saved to: /work/LAS/dlavrov-lab/users/Momin/work/Mystery-sponge/phylo_check/Demo/outgroup/trimmed/demos_RC_trimmed.cdhit.aln.raxml.mlTrees
Best ML tree with Felsenstein bootstrap (FBP) support values saved to: /work/LAS/dlavrov-lab/users/Momin/work/Mystery-sponge/phylo_check/Demo/outgroup/trimmed/demos_RC_trimmed.cdhit.aln.raxml.support
Optimized model saved to: /work/LAS/dlavrov-lab/users/Momin/work/Mystery-sponge/phylo_check/Demo/outgroup/trimmed/demos_RC_trimmed.cdhit.aln.raxml.bestModel
Bootstrap trees saved to: /work/LAS/dlavrov-lab/users/Momin/work/Mystery-sponge/phylo_check/Demo/outgroup/trimmed/demos_RC_trimmed.cdhit.aln.raxml.bootstraps

Execution log saved to: /work/LAS/dlavrov-lab/users/Momin/work/Mystery-sponge/phylo_check/Demo/outgroup/trimmed/demos_RC_trimmed.cdhit.aln.raxml.log

Analysis started: 26-Sep-2023 11:50:11 / finished: 26-Sep-2023 14:03:05

Elapsed time: 7973.573 seconds

