
RAxML-NG v. 1.1.0-master released on 04.08.2022 by The Exelixis Lab.
Developed by: Alexey M. Kozlov and Alexandros Stamatakis.
Contributors: Diego Darriba, Tomas Flouri, Benoit Morel, Sarah Lutteropp, Ben Bettisworth.
Latest version: https://github.com/amkozlov/raxml-ng
Questions/problems/suggestions? Please visit: https://groups.google.com/forum/#!forum/raxml

System: Intel(R) Xeon(R) Gold 6140 CPU @ 2.30GHz, 36 cores, 187 GB RAM

RAxML-NG was called at 06-Sep-2023 12:52:05 as follows:

raxml-ng --all --msa Haplo_cladeB.aln --model GTR+G

Analysis options:
  run mode: ML tree search + bootstrapping (Felsenstein Bootstrap)
  start tree(s): random (10) + parsimony (10)
  bootstrap replicates: max: 1000 + bootstopping (autoMRE, cutoff: 0.030000)
  random seed: 1694022725
  tip-inner: OFF
  pattern compression: ON
  per-rate scalers: OFF
  site repeats: ON
  branch lengths: proportional (ML estimate, algorithm: NR-FAST)
  SIMD kernels: AVX2
  parallelization: coarse-grained (auto), PTHREADS (auto)

[00:00:00] Reading alignment from file: Haplo_cladeB.aln
[00:00:00] Loaded alignment with 40 taxa and 2900 sites

WARNING: Sequences KC902016_Haliclona_mucifibrosa and KC902198_Haliclona_mucifibrosa are exactly identical!
WARNING: Sequences KC902310_Haliclona_walentinae and KC902170_Haliclona_walentinae are exactly identical!
WARNING: Sequences KC902310_Haliclona_walentinae and KC902017_Haliclona_walentinae are exactly identical!
WARNING: Duplicate sequences found: 3

NOTE: Reduced alignment (with duplicates and gap-only sites/taxa removed) 
NOTE: was saved to: /work/LAS/dlavrov-lab/users/Momin/work/Mystery-sponge/phylo_check/CladeB/Haplo_cladeB.aln.raxml.reduced.phy

Alignment comprises 1 partitions and 795 patterns

Partition 0: noname
Model: GTR+FO+G4m
Alignment sites / patterns: 2900 / 795
Gaps: 37.73 %
Invariant sites: 70.62 %


NOTE: Binary MSA file created: Haplo_cladeB.aln.raxml.rba

Parallelization scheme autoconfig: 36 worker(s) x 1 thread(s)

Parallel reduction/worker buffer size: 1 KB  / 0 KB

[00:00:00] Generating 10 random starting tree(s) with 40 taxa
[00:00:00] Generating 10 parsimony starting tree(s) with 40 taxa
[00:00:00] Data distribution: max. partitions/sites/weight per thread: 1 / 795 / 12720
[00:00:00] Data distribution: max. searches per worker: 29

Starting ML tree search with 20 distinct starting trees

[00:00:09] [worker #2] ML tree search #3, logLikelihood: -13270.281798
[00:00:11] [worker #13] ML tree search #14, logLikelihood: -13270.278638
[00:00:12] [worker #12] ML tree search #13, logLikelihood: -13270.279038
[00:00:12] [worker #19] ML tree search #20, logLikelihood: -13270.278714
[00:00:12] [worker #10] ML tree search #11, logLikelihood: -13270.278799
[00:00:12] [worker #5] ML tree search #6, logLikelihood: -13270.662245
[00:00:13] [worker #15] ML tree search #16, logLikelihood: -13270.278681
[00:00:13] [worker #11] ML tree search #12, logLikelihood: -13270.278986
[00:00:13] [worker #18] ML tree search #19, logLikelihood: -13270.278611
[00:00:13] [worker #17] ML tree search #18, logLikelihood: -13270.278643
[00:00:13] [worker #1] ML tree search #2, logLikelihood: -13270.663894
[00:00:13] [worker #14] ML tree search #15, logLikelihood: -13270.278569
[00:00:13] [worker #16] ML tree search #17, logLikelihood: -13270.278646
[00:00:14] [worker #9] ML tree search #10, logLikelihood: -13270.662575
[00:00:15] [worker #6] ML tree search #7, logLikelihood: -13270.288533
[00:00:15] [worker #8] ML tree search #9, logLikelihood: -13270.280897
[00:00:16] [worker #3] ML tree search #4, logLikelihood: -13270.662375
[00:00:17] [worker #4] ML tree search #5, logLikelihood: -13270.663484
[00:00:17] [worker #0] ML tree search #1, logLikelihood: -13270.658206
[00:00:19] [worker #7] ML tree search #8, logLikelihood: -13270.280045

[00:00:19] ML tree search completed, best tree logLH: -13270.278569

[00:00:19] Starting bootstrapping analysis with 1000 replicates.

[00:00:25] [worker #9] Bootstrap tree #10, logLikelihood: -12977.523898
[00:00:26] [worker #6] Bootstrap tree #7, logLikelihood: -12858.088372
[00:00:26] [worker #28] Bootstrap tree #29, logLikelihood: -13320.548543
[00:00:26] [worker #34] Bootstrap tree #35, logLikelihood: -12744.790266
[00:00:26] [worker #18] Bootstrap tree #19, logLikelihood: -12947.294748
[00:00:26] [worker #2] Bootstrap tree #3, logLikelihood: -13572.458639
[00:00:26] [worker #5] Bootstrap tree #6, logLikelihood: -13276.286737
[00:00:26] [worker #7] Bootstrap tree #8, logLikelihood: -13147.597503
[00:00:27] [worker #31] Bootstrap tree #32, logLikelihood: -13873.636349
[00:00:27] [worker #29] Bootstrap tree #30, logLikelihood: -13667.435911
[00:00:27] [worker #33] Bootstrap tree #34, logLikelihood: -13404.078478
[00:00:27] [worker #21] Bootstrap tree #22, logLikelihood: -13033.601632
[00:00:27] [worker #10] Bootstrap tree #11, logLikelihood: -13159.898613
[00:00:27] [worker #27] Bootstrap tree #28, logLikelihood: -13512.168102
[00:00:28] [worker #13] Bootstrap tree #14, logLikelihood: -13648.669995
[00:00:28] [worker #0] Bootstrap tree #1, logLikelihood: -13288.456308
[00:00:28] [worker #24] Bootstrap tree #25, logLikelihood: -13076.075196
[00:00:28] [worker #12] Bootstrap tree #13, logLikelihood: -13187.422150
[00:00:28] [worker #1] Bootstrap tree #2, logLikelihood: -13509.471879
[00:00:28] [worker #25] Bootstrap tree #26, logLikelihood: -12916.596012
[00:00:28] [worker #30] Bootstrap tree #31, logLikelihood: -12762.085083
[00:00:28] [worker #35] Bootstrap tree #36, logLikelihood: -13363.063188
[00:00:28] [worker #20] Bootstrap tree #21, logLikelihood: -13709.327333
[00:00:29] [worker #22] Bootstrap tree #23, logLikelihood: -13592.648975
[00:00:29] [worker #19] Bootstrap tree #20, logLikelihood: -12857.846025
[00:00:29] [worker #11] Bootstrap tree #12, logLikelihood: -13580.034895
[00:00:29] [worker #15] Bootstrap tree #16, logLikelihood: -13180.217630
[00:00:29] [worker #23] Bootstrap tree #24, logLikelihood: -12834.647613
[00:00:30] [worker #16] Bootstrap tree #17, logLikelihood: -12732.895472
[00:00:30] [worker #4] Bootstrap tree #5, logLikelihood: -13624.356290
[00:00:30] [worker #8] Bootstrap tree #9, logLikelihood: -13457.661939
[00:00:30] [worker #3] Bootstrap tree #4, logLikelihood: -13229.864715
[00:00:31] [worker #32] Bootstrap tree #33, logLikelihood: -12824.367875
[00:00:31] [worker #29] Bootstrap tree #66, logLikelihood: -13294.541026
[00:00:31] [worker #34] Bootstrap tree #71, logLikelihood: -13249.237137
[00:00:31] [worker #6] Bootstrap tree #43, logLikelihood: -13544.627771
[00:00:32] [worker #27] Bootstrap tree #64, logLikelihood: -13112.531329
[00:00:32] [worker #10] Bootstrap tree #47, logLikelihood: -13111.304200
[00:00:32] [worker #26] Bootstrap tree #27, logLikelihood: -13078.662915
[00:00:33] [worker #17] Bootstrap tree #18, logLikelihood: -13017.535555
[00:00:33] [worker #14] Bootstrap tree #15, logLikelihood: -13395.006240
[00:00:33] [worker #33] Bootstrap tree #70, logLikelihood: -13332.422011
[00:00:34] [worker #8] Bootstrap tree #45, logLikelihood: -13141.876839
[00:00:34] [worker #21] Bootstrap tree #58, logLikelihood: -13458.601714
[00:00:34] [worker #2] Bootstrap tree #39, logLikelihood: -13027.746866
[00:00:35] [worker #35] Bootstrap tree #72, logLikelihood: -13088.311980
[00:00:35] [worker #1] Bootstrap tree #38, logLikelihood: -12966.768805
[00:00:35] [worker #18] Bootstrap tree #55, logLikelihood: -13443.802341
[00:00:36] [worker #9] Bootstrap tree #46, logLikelihood: -13247.240071
[00:00:36] [worker #0] Bootstrap tree #37, logLikelihood: -13539.297626
[00:00:36] [worker #31] Bootstrap tree #68, logLikelihood: -13452.631456
[00:00:37] [worker #5] Bootstrap tree #42, logLikelihood: -13131.893906
[00:00:37] [worker #12] Bootstrap tree #49, logLikelihood: -13155.035203
[00:00:38] [worker #7] Bootstrap tree #44, logLikelihood: -13316.133283
[00:00:39] [worker #28] Bootstrap tree #65, logLikelihood: -13207.300243
[00:00:39] [worker #19] Bootstrap tree #56, logLikelihood: -12917.089170
[00:00:40] [worker #4] Bootstrap tree #41, logLikelihood: -13308.493415
[00:00:40] [worker #13] Bootstrap tree #50, logLikelihood: -12876.747670
[00:00:41] [worker #25] Bootstrap tree #62, logLikelihood: -13454.780594
[00:00:41] [worker #16] Bootstrap tree #53, logLikelihood: -13561.248739
[00:00:41] [worker #22] Bootstrap tree #59, logLikelihood: -13610.202791
[00:00:41] [worker #23] Bootstrap tree #60, logLikelihood: -12965.687777
[00:00:41] [worker #15] Bootstrap tree #52, logLikelihood: -13069.376704
[00:00:41] [worker #20] Bootstrap tree #57, logLikelihood: -13506.449047
[00:00:42] [worker #32] Bootstrap tree #69, logLikelihood: -12789.014998
[00:00:42] [worker #11] Bootstrap tree #48, logLikelihood: -13042.160745
[00:00:42] [worker #24] Bootstrap tree #61, logLikelihood: -13763.629039
[00:00:42] [worker #3] Bootstrap tree #40, logLikelihood: -12997.519718
[00:00:43] [worker #30] Bootstrap tree #67, logLikelihood: -13506.238764
[00:00:44] [worker #26] Bootstrap tree #63, logLikelihood: -13399.894431
[00:00:44] [worker #17] Bootstrap tree #54, logLikelihood: -13528.004733
[00:00:47] [worker #14] Bootstrap tree #51, logLikelihood: -13036.969703
[00:00:53] [worker #20] Bootstrap tree #93, logLikelihood: -13220.459210
[00:00:53] [worker #27] Bootstrap tree #100, logLikelihood: -13080.190307
[00:00:54] [worker #29] Bootstrap tree #102, logLikelihood: -13540.746890
[00:00:54] [worker #16] Bootstrap tree #89, logLikelihood: -13000.389890
[00:00:54] [worker #10] Bootstrap tree #83, logLikelihood: -13255.861204
[00:00:54] [worker #35] Bootstrap tree #108, logLikelihood: -13295.470045
[00:00:55] [worker #34] Bootstrap tree #107, logLikelihood: -13531.175217
[00:00:55] [worker #12] Bootstrap tree #85, logLikelihood: -12761.669451
[00:00:55] [worker #17] Bootstrap tree #90, logLikelihood: -12939.403090
[00:00:56] [worker #33] Bootstrap tree #106, logLikelihood: -13263.348151
[00:00:56] [worker #6] Bootstrap tree #79, logLikelihood: -12738.394193
[00:00:56] [worker #18] Bootstrap tree #91, logLikelihood: -13463.481466
[00:00:56] [worker #15] Bootstrap tree #88, logLikelihood: -12961.842812
[00:00:56] [worker #0] Bootstrap tree #73, logLikelihood: -13613.230418
[00:00:56] [worker #28] Bootstrap tree #101, logLikelihood: -13123.147687
[00:00:56] [worker #2] Bootstrap tree #75, logLikelihood: -13147.865228
[00:00:56] [worker #21] Bootstrap tree #94, logLikelihood: -13116.409717
[00:00:56] [worker #25] Bootstrap tree #98, logLikelihood: -12957.408244
[00:00:56] [worker #4] Bootstrap tree #77, logLikelihood: -13382.872456
[00:00:57] [worker #11] Bootstrap tree #84, logLikelihood: -13194.756049
[00:00:57] [worker #8] Bootstrap tree #81, logLikelihood: -13271.932501
[00:00:57] [worker #31] Bootstrap tree #104, logLikelihood: -13083.085827
[00:00:57] [worker #32] Bootstrap tree #105, logLikelihood: -13597.410316
[00:00:57] [worker #19] Bootstrap tree #92, logLikelihood: -13571.733354
[00:00:57] [worker #1] Bootstrap tree #74, logLikelihood: -13270.954335
[00:00:57] [worker #3] Bootstrap tree #76, logLikelihood: -13090.494689
[00:00:57] [worker #22] Bootstrap tree #95, logLikelihood: -13260.848908
[00:00:58] [worker #7] Bootstrap tree #80, logLikelihood: -13017.437667
[00:00:58] [worker #26] Bootstrap tree #99, logLikelihood: -13327.024818
[00:00:58] [worker #30] Bootstrap tree #103, logLikelihood: -13314.921664
[00:00:58] [worker #5] Bootstrap tree #78, logLikelihood: -12896.638672
[00:00:58] [worker #24] Bootstrap tree #97, logLikelihood: -13118.820557
[00:00:58] [worker #9] Bootstrap tree #82, logLikelihood: -13143.696669
[00:00:59] [worker #14] Bootstrap tree #87, logLikelihood: -13432.890977
[00:00:59] [worker #23] Bootstrap tree #96, logLikelihood: -13634.692443
[00:01:00] [worker #13] Bootstrap tree #86, logLikelihood: -13825.789159
[00:01:01] [worker #27] Bootstrap tree #136, logLikelihood: -13504.981515
[00:01:01] [worker #10] Bootstrap tree #119, logLikelihood: -13410.908649
[00:01:02] [worker #35] Bootstrap tree #144, logLikelihood: -13210.152828
[00:01:02] [worker #12] Bootstrap tree #121, logLikelihood: -13336.620330
[00:01:03] [worker #33] Bootstrap tree #142, logLikelihood: -13451.463276
[00:01:03] [worker #29] Bootstrap tree #138, logLikelihood: -13747.781731
[00:01:04] [worker #16] Bootstrap tree #125, logLikelihood: -12895.611750
[00:01:04] [worker #17] Bootstrap tree #126, logLikelihood: -12661.710792
[00:01:04] [worker #0] Bootstrap tree #109, logLikelihood: -13101.506661
[00:01:05] [worker #18] Bootstrap tree #127, logLikelihood: -12604.680860
[00:01:05] [worker #28] Bootstrap tree #137, logLikelihood: -12961.923152
[00:01:05] [worker #34] Bootstrap tree #143, logLikelihood: -13484.593705
[00:01:05] [worker #31] Bootstrap tree #140, logLikelihood: -13663.671592
[00:01:05] [worker #2] Bootstrap tree #111, logLikelihood: -13313.730231
[00:01:05] [worker #6] Bootstrap tree #115, logLikelihood: -12817.589019
[00:01:05] [worker #24] Bootstrap tree #133, logLikelihood: -13470.640371
[00:01:06] [worker #21] Bootstrap tree #130, logLikelihood: -13318.631861
[00:01:06] [worker #5] Bootstrap tree #114, logLikelihood: -13404.343588
[00:01:06] [worker #1] Bootstrap tree #110, logLikelihood: -12763.531625
[00:01:06] [worker #8] Bootstrap tree #117, logLikelihood: -12934.562624
[00:01:07] [worker #4] Bootstrap tree #113, logLikelihood: -13499.165207
[00:01:07] [worker #15] Bootstrap tree #124, logLikelihood: -12965.355465
[00:01:07] [worker #7] Bootstrap tree #116, logLikelihood: -13309.004158
[00:01:07] [worker #25] Bootstrap tree #134, logLikelihood: -13207.235993
[00:01:08] [worker #3] Bootstrap tree #112, logLikelihood: -12606.185602
[00:01:08] [worker #19] Bootstrap tree #128, logLikelihood: -13204.704931
[00:01:08] [worker #9] Bootstrap tree #118, logLikelihood: -12884.827411
[00:01:08] [worker #26] Bootstrap tree #135, logLikelihood: -13325.744590
[00:01:09] [worker #11] Bootstrap tree #120, logLikelihood: -13358.908196
[00:01:09] [worker #14] Bootstrap tree #123, logLikelihood: -13231.765830
[00:01:09] [worker #32] Bootstrap tree #141, logLikelihood: -13484.629503
[00:01:09] [worker #22] Bootstrap tree #131, logLikelihood: -13583.152673
[00:01:11] [worker #30] Bootstrap tree #139, logLikelihood: -14108.094051
[00:01:11] [worker #23] Bootstrap tree #132, logLikelihood: -13673.439371
[00:01:12] [worker #20] Bootstrap tree #129, logLikelihood: -13081.814432
[00:01:12] [worker #13] Bootstrap tree #122, logLikelihood: -13259.979728
[00:01:20] [worker #11] Bootstrap tree #156, logLikelihood: -13572.784674
[00:01:20] [worker #10] Bootstrap tree #155, logLikelihood: -13285.957298
[00:01:20] [worker #32] Bootstrap tree #177, logLikelihood: -13322.128961
[00:01:20] [worker #29] Bootstrap tree #174, logLikelihood: -12532.601751
[00:01:21] [worker #14] Bootstrap tree #159, logLikelihood: -12819.582850
[00:01:21] [worker #12] Bootstrap tree #157, logLikelihood: -13134.792275
[00:01:21] [worker #22] Bootstrap tree #167, logLikelihood: -13042.070944
[00:01:21] [worker #18] Bootstrap tree #163, logLikelihood: -13261.836038
[00:01:21] [worker #17] Bootstrap tree #162, logLikelihood: -13295.740037
[00:01:21] [worker #28] Bootstrap tree #173, logLikelihood: -13376.474797
[00:01:21] [worker #20] Bootstrap tree #165, logLikelihood: -13310.830047
[00:01:21] [worker #6] Bootstrap tree #151, logLikelihood: -12648.124635
[00:01:21] [worker #8] Bootstrap tree #153, logLikelihood: -13220.723419
[00:01:22] [worker #33] Bootstrap tree #178, logLikelihood: -13464.594714
[00:01:22] [worker #3] Bootstrap tree #148, logLikelihood: -12995.601425
[00:01:22] [worker #7] Bootstrap tree #152, logLikelihood: -13123.238494
[00:01:22] [worker #16] Bootstrap tree #161, logLikelihood: -13606.659955
[00:01:22] [worker #15] Bootstrap tree #160, logLikelihood: -13371.570127
[00:01:22] [worker #0] Bootstrap tree #145, logLikelihood: -13003.094182
[00:01:22] [worker #30] Bootstrap tree #175, logLikelihood: -13196.571228
[00:01:22] [worker #13] Bootstrap tree #158, logLikelihood: -12765.955392
[00:01:22] [worker #2] Bootstrap tree #147, logLikelihood: -13223.805320
[00:01:22] [worker #34] Bootstrap tree #179, logLikelihood: -12541.246277
[00:01:22] [worker #23] Bootstrap tree #168, logLikelihood: -13347.597857
[00:01:22] [worker #1] Bootstrap tree #146, logLikelihood: -13694.686184
[00:01:22] [worker #4] Bootstrap tree #149, logLikelihood: -13237.883334
[00:01:22] [worker #27] Bootstrap tree #172, logLikelihood: -13174.165473
[00:01:23] [worker #24] Bootstrap tree #169, logLikelihood: -13335.026765
[00:01:23] [worker #26] Bootstrap tree #171, logLikelihood: -12782.384613
[00:01:23] [worker #21] Bootstrap tree #166, logLikelihood: -13350.494619
[00:01:23] [worker #31] Bootstrap tree #176, logLikelihood: -13689.282664
[00:01:24] [worker #5] Bootstrap tree #150, logLikelihood: -12895.455034
[00:01:24] [worker #9] Bootstrap tree #154, logLikelihood: -13240.668057
[00:01:24] [worker #25] Bootstrap tree #170, logLikelihood: -13348.565364
[00:01:24] [worker #35] Bootstrap tree #180, logLikelihood: -13064.511678
[00:01:25] [worker #19] Bootstrap tree #164, logLikelihood: -13188.169371
[00:01:27] [worker #12] Bootstrap tree #193, logLikelihood: -13036.803654
[00:01:27] [worker #10] Bootstrap tree #191, logLikelihood: -12966.258677
[00:01:28] [worker #29] Bootstrap tree #210, logLikelihood: -13649.583929
[00:01:28] [worker #23] Bootstrap tree #204, logLikelihood: -13839.376770
[00:01:28] [worker #18] Bootstrap tree #199, logLikelihood: -13660.751150
[00:01:29] [worker #27] Bootstrap tree #208, logLikelihood: -13307.838087
[00:01:29] [worker #16] Bootstrap tree #197, logLikelihood: -13037.081965
[00:01:29] [worker #28] Bootstrap tree #209, logLikelihood: -13198.786607
[00:01:29] [worker #2] Bootstrap tree #183, logLikelihood: -13093.574724
[00:01:29] [worker #31] Bootstrap tree #212, logLikelihood: -13584.055076
[00:01:30] [worker #32] Bootstrap tree #213, logLikelihood: -13406.400593
[00:01:31] [worker #24] Bootstrap tree #205, logLikelihood: -13430.044830
[00:01:31] [worker #3] Bootstrap tree #184, logLikelihood: -13092.457132
[00:01:31] [worker #5] Bootstrap tree #186, logLikelihood: -12994.602567
[00:01:31] [worker #22] Bootstrap tree #203, logLikelihood: -13030.392370
[00:01:32] [worker #6] Bootstrap tree #187, logLikelihood: -14113.810638
[00:01:33] [worker #8] Bootstrap tree #189, logLikelihood: -13791.598584
[00:01:33] [worker #20] Bootstrap tree #201, logLikelihood: -12946.049094
[00:01:33] [worker #33] Bootstrap tree #214, logLikelihood: -13475.730434
[00:01:34] [worker #14] Bootstrap tree #195, logLikelihood: -12982.772003
[00:01:34] [worker #15] Bootstrap tree #196, logLikelihood: -13458.635856
[00:01:34] [worker #0] Bootstrap tree #181, logLikelihood: -13205.668503
[00:01:34] [worker #4] Bootstrap tree #185, logLikelihood: -12876.287321
[00:01:34] [worker #17] Bootstrap tree #198, logLikelihood: -13191.832377
[00:01:34] [worker #11] Bootstrap tree #192, logLikelihood: -13187.345974
[00:01:35] [worker #25] Bootstrap tree #206, logLikelihood: -13036.192683
[00:01:35] [worker #21] Bootstrap tree #202, logLikelihood: -13572.357681
[00:01:35] [worker #1] Bootstrap tree #182, logLikelihood: -13234.153530
[00:01:35] [worker #26] Bootstrap tree #207, logLikelihood: -13171.332533
[00:01:36] [worker #7] Bootstrap tree #188, logLikelihood: -13473.967463
[00:01:36] [worker #34] Bootstrap tree #215, logLikelihood: -13111.242669
[00:01:37] [worker #9] Bootstrap tree #190, logLikelihood: -12892.565096
[00:01:38] [worker #13] Bootstrap tree #194, logLikelihood: -13859.115707
[00:01:38] [worker #35] Bootstrap tree #216, logLikelihood: -13224.345383
[00:01:38] [worker #30] Bootstrap tree #211, logLikelihood: -13316.110782
[00:01:38] [worker #19] Bootstrap tree #200, logLikelihood: -13352.127461
[00:01:45] [worker #16] Bootstrap tree #233, logLikelihood: -13502.070688
[00:01:45] [worker #29] Bootstrap tree #246, logLikelihood: -13589.936201
[00:01:45] [worker #24] Bootstrap tree #241, logLikelihood: -13440.606850
[00:01:46] [worker #18] Bootstrap tree #235, logLikelihood: -13426.710415
[00:01:46] [worker #15] Bootstrap tree #232, logLikelihood: -13949.784694
[00:01:46] [worker #23] Bootstrap tree #240, logLikelihood: -13436.249840
[00:01:46] [worker #0] Bootstrap tree #217, logLikelihood: -13806.485093
[00:01:46] [worker #9] Bootstrap tree #226, logLikelihood: -12518.819813
[00:01:46] [worker #10] Bootstrap tree #227, logLikelihood: -13512.281118
[00:01:47] [worker #2] Bootstrap tree #219, logLikelihood: -13738.060340
[00:01:47] [worker #17] Bootstrap tree #234, logLikelihood: -13269.340356
[00:01:48] [worker #33] Bootstrap tree #250, logLikelihood: -12627.859248
[00:01:48] [worker #27] Bootstrap tree #244, logLikelihood: -13454.661585
[00:01:48] [worker #28] Bootstrap tree #245, logLikelihood: -13373.050681
[00:01:48] [worker #31] Bootstrap tree #248, logLikelihood: -12903.103785
[00:01:49] [worker #12] Bootstrap tree #229, logLikelihood: -13366.316055
[00:01:49] [worker #26] Bootstrap tree #243, logLikelihood: -13642.196796
[00:01:49] [worker #19] Bootstrap tree #236, logLikelihood: -13347.518506
[00:01:49] [worker #20] Bootstrap tree #237, logLikelihood: -13863.540503
[00:01:49] [worker #14] Bootstrap tree #231, logLikelihood: -12654.224155
[00:01:49] [worker #22] Bootstrap tree #239, logLikelihood: -12998.727105
[00:01:50] [worker #6] Bootstrap tree #223, logLikelihood: -13320.837497
[00:01:50] [worker #25] Bootstrap tree #242, logLikelihood: -13160.811864
[00:01:50] [worker #24] Bootstrap tree #277, logLikelihood: -13221.844150
[00:01:50] [worker #4] Bootstrap tree #221, logLikelihood: -14073.968185
[00:01:50] [worker #30] Bootstrap tree #247, logLikelihood: -13255.508982
[00:01:50] [worker #7] Bootstrap tree #224, logLikelihood: -13471.071141
[00:01:50] [worker #1] Bootstrap tree #218, logLikelihood: -13091.372490
[00:01:51] [worker #8] Bootstrap tree #225, logLikelihood: -12870.037222
[00:01:51] [worker #34] Bootstrap tree #251, logLikelihood: -13719.951727
[00:01:51] [worker #21] Bootstrap tree #238, logLikelihood: -13290.946422
[00:01:51] [worker #32] Bootstrap tree #249, logLikelihood: -13687.844801
[00:01:51] [worker #35] Bootstrap tree #252, logLikelihood: -12570.222635
[00:01:51] [worker #16] Bootstrap tree #269, logLikelihood: -12975.422495
[00:01:51] [worker #5] Bootstrap tree #222, logLikelihood: -12905.389408
[00:01:52] [worker #23] Bootstrap tree #276, logLikelihood: -13153.859563
[00:01:52] [worker #10] Bootstrap tree #263, logLikelihood: -13250.929237
[00:01:52] [worker #3] Bootstrap tree #220, logLikelihood: -13259.037478
[00:01:52] [worker #13] Bootstrap tree #230, logLikelihood: -13237.034612
[00:01:53] [worker #11] Bootstrap tree #228, logLikelihood: -13400.068769
[00:01:53] [worker #9] Bootstrap tree #262, logLikelihood: -13409.455547
[00:01:53] [worker #18] Bootstrap tree #271, logLikelihood: -13485.434137
[00:01:53] [worker #15] Bootstrap tree #268, logLikelihood: -13056.826757
[00:01:53] [worker #29] Bootstrap tree #282, logLikelihood: -13852.358851
[00:01:54] [worker #2] Bootstrap tree #255, logLikelihood: -13168.794762
[00:01:54] [worker #27] Bootstrap tree #280, logLikelihood: -12971.966945
[00:01:54] [worker #17] Bootstrap tree #270, logLikelihood: -13322.500477
[00:01:55] [worker #31] Bootstrap tree #284, logLikelihood: -12694.900557
[00:01:58] [worker #0] Bootstrap tree #253, logLikelihood: -12787.736173
[00:01:58] [worker #30] Bootstrap tree #283, logLikelihood: -13490.563131
[00:01:58] [worker #33] Bootstrap tree #286, logLikelihood: -13379.594812
[00:01:59] [worker #12] Bootstrap tree #265, logLikelihood: -13501.573211
[00:02:00] [worker #7] Bootstrap tree #260, logLikelihood: -12765.659978
[00:02:00] [worker #28] Bootstrap tree #281, logLikelihood: -13177.408731
[00:02:00] [worker #19] Bootstrap tree #272, logLikelihood: -12982.991400
[00:02:01] [worker #26] Bootstrap tree #279, logLikelihood: -12951.631827
[00:02:01] [worker #4] Bootstrap tree #257, logLikelihood: -13221.549547
[00:02:01] [worker #5] Bootstrap tree #258, logLikelihood: -13077.446861
[00:02:02] [worker #6] Bootstrap tree #259, logLikelihood: -13450.617366
[00:02:02] [worker #21] Bootstrap tree #274, logLikelihood: -13083.306742
[00:02:03] [worker #22] Bootstrap tree #275, logLikelihood: -13279.924852
[00:02:03] [worker #34] Bootstrap tree #287, logLikelihood: -13342.257397
[00:02:03] [worker #1] Bootstrap tree #254, logLikelihood: -13137.820806
[00:02:04] [worker #25] Bootstrap tree #278, logLikelihood: -13212.988559
[00:02:04] [worker #14] Bootstrap tree #267, logLikelihood: -13184.858765
[00:02:04] [worker #8] Bootstrap tree #261, logLikelihood: -14064.968207
[00:02:04] [worker #20] Bootstrap tree #273, logLikelihood: -13165.745134
[00:02:05] [worker #3] Bootstrap tree #256, logLikelihood: -13204.982963
[00:02:05] [worker #11] Bootstrap tree #264, logLikelihood: -13003.916278
[00:02:05] [worker #35] Bootstrap tree #288, logLikelihood: -13294.568259
[00:02:06] [worker #32] Bootstrap tree #285, logLikelihood: -13235.779885
[00:02:06] [worker #13] Bootstrap tree #266, logLikelihood: -13674.486786
[00:02:12] [worker #16] Bootstrap tree #305, logLikelihood: -12975.873114
[00:02:12] [worker #9] Bootstrap tree #298, logLikelihood: -13170.257276
[00:02:13] [worker #23] Bootstrap tree #312, logLikelihood: -13112.862728
[00:02:13] [worker #27] Bootstrap tree #316, logLikelihood: -14018.310375
[00:02:13] [worker #18] Bootstrap tree #307, logLikelihood: -13262.501094
[00:02:14] [worker #10] Bootstrap tree #299, logLikelihood: -13461.153599
[00:02:14] [worker #2] Bootstrap tree #291, logLikelihood: -12839.980102
[00:02:15] [worker #15] Bootstrap tree #304, logLikelihood: -13656.707886
[00:02:15] [worker #8] Bootstrap tree #297, logLikelihood: -13680.713617
[00:02:15] [worker #33] Bootstrap tree #322, logLikelihood: -13211.271558
[00:02:16] [worker #24] Bootstrap tree #313, logLikelihood: -13442.143964
[00:02:16] [worker #31] Bootstrap tree #320, logLikelihood: -13666.406769
[00:02:16] [worker #28] Bootstrap tree #317, logLikelihood: -13570.702026
[00:02:16] [worker #17] Bootstrap tree #306, logLikelihood: -13376.067527
[00:02:16] [worker #29] Bootstrap tree #318, logLikelihood: -13072.640719
[00:02:16] [worker #1] Bootstrap tree #290, logLikelihood: -12940.219437
[00:02:16] [worker #7] Bootstrap tree #296, logLikelihood: -13302.773158
[00:02:16] [worker #26] Bootstrap tree #315, logLikelihood: -13852.022170
[00:02:17] [worker #20] Bootstrap tree #309, logLikelihood: -12935.856716
[00:02:17] [worker #12] Bootstrap tree #301, logLikelihood: -13195.286537
[00:02:17] [worker #13] Bootstrap tree #302, logLikelihood: -13349.077283
[00:02:17] [worker #19] Bootstrap tree #308, logLikelihood: -13461.324628
[00:02:17] [worker #32] Bootstrap tree #321, logLikelihood: -13338.340934
[00:02:17] [worker #35] Bootstrap tree #324, logLikelihood: -12874.772943
[00:02:17] [worker #11] Bootstrap tree #300, logLikelihood: -12974.739883
[00:02:17] [worker #30] Bootstrap tree #319, logLikelihood: -13131.094034
[00:02:18] [worker #6] Bootstrap tree #295, logLikelihood: -13360.396745
[00:02:18] [worker #25] Bootstrap tree #314, logLikelihood: -13116.518709
[00:02:18] [worker #21] Bootstrap tree #310, logLikelihood: -12597.876602
[00:02:18] [worker #5] Bootstrap tree #294, logLikelihood: -13363.473253
[00:02:18] [worker #4] Bootstrap tree #293, logLikelihood: -12739.131515
[00:02:19] [worker #34] Bootstrap tree #323, logLikelihood: -13230.756144
[00:02:19] [worker #3] Bootstrap tree #292, logLikelihood: -13266.325521
[00:02:19] [worker #14] Bootstrap tree #303, logLikelihood: -12988.917530
[00:02:20] [worker #27] Bootstrap tree #352, logLikelihood: -13005.636172
[00:02:20] [worker #23] Bootstrap tree #348, logLikelihood: -12997.139426
[00:02:21] [worker #16] Bootstrap tree #341, logLikelihood: -13293.181208
[00:02:21] [worker #10] Bootstrap tree #335, logLikelihood: -13079.355427
[00:02:21] [worker #0] Bootstrap tree #289, logLikelihood: -13561.626630
[00:02:21] [worker #18] Bootstrap tree #343, logLikelihood: -13190.657349
[00:02:22] [worker #9] Bootstrap tree #334, logLikelihood: -12704.688915
[00:02:22] [worker #2] Bootstrap tree #327, logLikelihood: -13571.577725
[00:02:22] [worker #24] Bootstrap tree #349, logLikelihood: -13495.155656
[00:02:22] [worker #12] Bootstrap tree #337, logLikelihood: -13654.478130
[00:02:22] [worker #29] Bootstrap tree #354, logLikelihood: -13516.758126
[00:02:23] [worker #15] Bootstrap tree #340, logLikelihood: -13097.612523
[00:02:23] [worker #22] Bootstrap tree #311, logLikelihood: -13753.670152
[00:02:23] [worker #32] Bootstrap tree #357, logLikelihood: -13124.473869
[00:02:25] [worker #8] Bootstrap tree #333, logLikelihood: -13412.004594
[00:02:25] [worker #33] Bootstrap tree #358, logLikelihood: -12925.793038
[00:02:25] [worker #17] Bootstrap tree #342, logLikelihood: -12922.000144
[00:02:26] [worker #31] Bootstrap tree #356, logLikelihood: -13567.045469
[00:02:27] [worker #1] Bootstrap tree #326, logLikelihood: -13366.119712
[00:02:28] [worker #26] Bootstrap tree #351, logLikelihood: -13116.842695
[00:02:28] [worker #19] Bootstrap tree #344, logLikelihood: -12838.356821
[00:02:28] [worker #25] Bootstrap tree #350, logLikelihood: -13314.556649
[00:02:28] [worker #13] Bootstrap tree #338, logLikelihood: -12859.570870
[00:02:28] [worker #35] Bootstrap tree #360, logLikelihood: -13068.189703
[00:02:29] [worker #20] Bootstrap tree #345, logLikelihood: -13347.942325
[00:02:29] [worker #30] Bootstrap tree #355, logLikelihood: -13694.166495
[00:02:29] [worker #7] Bootstrap tree #332, logLikelihood: -12903.282285
[00:02:30] [worker #28] Bootstrap tree #353, logLikelihood: -12864.733977
[00:02:31] [worker #11] Bootstrap tree #336, logLikelihood: -13096.712384
[00:02:31] [worker #14] Bootstrap tree #339, logLikelihood: -12943.344325
[00:02:31] [worker #34] Bootstrap tree #359, logLikelihood: -12937.169471
[00:02:32] [worker #5] Bootstrap tree #330, logLikelihood: -12717.699910
[00:02:32] [worker #4] Bootstrap tree #329, logLikelihood: -12971.797981
[00:02:33] [worker #21] Bootstrap tree #346, logLikelihood: -13458.021782
[00:02:34] [worker #3] Bootstrap tree #328, logLikelihood: -12573.692094
[00:02:34] [worker #22] Bootstrap tree #347, logLikelihood: -13555.581408
[00:02:34] [worker #6] Bootstrap tree #331, logLikelihood: -13070.987963
[00:02:35] [worker #0] Bootstrap tree #325, logLikelihood: -13270.189611
[00:02:36] Bootstrapping converged after 360 replicates.

Optimized model parameters:

   Partition 0: noname
   Rate heterogeneity: GAMMA (4 cats, mean),  alpha: 0.192663 (ML),  weights&rates: (0.250000,0.000408) (0.250000,0.029653) (0.250000,0.364239) (0.250000,3.605700) 
   Base frequencies (ML): 0.210716 0.238826 0.296793 0.253665 
   Substitution rates (ML): 0.470482 1.356168 0.536928 0.753280 3.466282 1.000000 


Final LogLikelihood: -13270.278569

AIC score: 26712.557139 / AICc score: 26717.876726 / BIC score: 27226.189216
Free parameters (model + branch lengths): 86

WARNING: Best ML tree contains 3 near-zero branches!

Best ML tree with collapsed near-zero branches saved to: /work/LAS/dlavrov-lab/users/Momin/work/Mystery-sponge/phylo_check/CladeB/Haplo_cladeB.aln.raxml.bestTreeCollapsed
Best ML tree saved to: /work/LAS/dlavrov-lab/users/Momin/work/Mystery-sponge/phylo_check/CladeB/Haplo_cladeB.aln.raxml.bestTree
All ML trees saved to: /work/LAS/dlavrov-lab/users/Momin/work/Mystery-sponge/phylo_check/CladeB/Haplo_cladeB.aln.raxml.mlTrees
Best ML tree with Felsenstein bootstrap (FBP) support values saved to: /work/LAS/dlavrov-lab/users/Momin/work/Mystery-sponge/phylo_check/CladeB/Haplo_cladeB.aln.raxml.support
Optimized model saved to: /work/LAS/dlavrov-lab/users/Momin/work/Mystery-sponge/phylo_check/CladeB/Haplo_cladeB.aln.raxml.bestModel
Bootstrap trees saved to: /work/LAS/dlavrov-lab/users/Momin/work/Mystery-sponge/phylo_check/CladeB/Haplo_cladeB.aln.raxml.bootstraps

Execution log saved to: /work/LAS/dlavrov-lab/users/Momin/work/Mystery-sponge/phylo_check/CladeB/Haplo_cladeB.aln.raxml.log

Analysis started: 06-Sep-2023 12:52:05 / finished: 06-Sep-2023 12:54:42

Elapsed time: 156.184 seconds

