
RAxML-NG v. 1.1.0-master released on 04.08.2022 by The Exelixis Lab.
Developed by: Alexey M. Kozlov and Alexandros Stamatakis.
Contributors: Diego Darriba, Tomas Flouri, Benoit Morel, Sarah Lutteropp, Ben Bettisworth.
Latest version: https://github.com/amkozlov/raxml-ng
Questions/problems/suggestions? Please visit: https://groups.google.com/forum/#!forum/raxml

System: Intel(R) Xeon(R) Gold 6140 CPU @ 2.30GHz, 36 cores, 187 GB RAM

RAxML-NG was called at 28-Sep-2023 11:00:23 as follows:

raxml-ng --all --msa demos_newNodes_RC_trimmed.cdhit.aln --model GTR+G

Analysis options:
  run mode: ML tree search + bootstrapping (Felsenstein Bootstrap)
  start tree(s): random (10) + parsimony (10)
  bootstrap replicates: max: 1000 + bootstopping (autoMRE, cutoff: 0.030000)
  random seed: 1695916823
  tip-inner: OFF
  pattern compression: ON
  per-rate scalers: OFF
  site repeats: ON
  branch lengths: proportional (ML estimate, algorithm: NR-FAST)
  SIMD kernels: AVX2
  parallelization: coarse-grained (auto), PTHREADS (auto)

[00:00:00] Reading alignment from file: demos_newNodes_RC_trimmed.cdhit.aln
[00:00:00] Loaded alignment with 57 taxa and 16478 sites

WARNING: Fully undetermined columns found: 7

NOTE: Reduced alignment (with duplicates and gap-only sites/taxa removed) 
NOTE: was saved to: /work/LAS/dlavrov-lab/users/Momin/work/Mystery-sponge/phylo_check/Demo/outgroup/new_nodes/trimmed/demos_newNodes_RC_trimmed.cdhit.aln.raxml.reduced.phy

Alignment comprises 1 partitions and 2226 patterns

Partition 0: noname
Model: GTR+FO+G4m
Alignment sites / patterns: 16471 / 2226
Gaps: 86.48 %
Invariant sites: 72.42 %


NOTE: Binary MSA file created: demos_newNodes_RC_trimmed.cdhit.aln.raxml.rba

Parallelization scheme autoconfig: 18 worker(s) x 2 thread(s)

Parallel reduction/worker buffer size: 1 KB  / 0 KB

[00:00:00] Generating 10 random starting tree(s) with 57 taxa
[00:00:00] Generating 10 parsimony starting tree(s) with 57 taxa
[00:00:00] Data distribution: max. partitions/sites/weight per thread: 1 / 1113 / 17808
[00:00:00] Data distribution: max. searches per worker: 58

Starting ML tree search with 20 distinct starting trees

[00:01:07] [worker #8] ML tree search #9, logLikelihood: -58356.362987
[00:01:13] [worker #15] ML tree search #16, logLikelihood: -58356.370326
[00:01:13] [worker #11] ML tree search #12, logLikelihood: -58356.363767
[00:01:21] [worker #4] ML tree search #5, logLikelihood: -58356.352020
[00:01:24] [worker #1] ML tree search #2, logLikelihood: -58356.340510
[00:01:24] [worker #13] ML tree search #14, logLikelihood: -58356.365778
[00:01:24] [worker #17] ML tree search #18, logLikelihood: -58356.363976
[00:01:26] [worker #6] ML tree search #7, logLikelihood: -58356.362176
[00:01:28] [worker #7] ML tree search #8, logLikelihood: -58356.372747
[00:01:31] [worker #2] ML tree search #3, logLikelihood: -58356.340987
[00:01:33] [worker #10] ML tree search #11, logLikelihood: -58356.370476
[00:01:35] [worker #16] ML tree search #17, logLikelihood: -58356.363880
[00:01:38] [worker #5] ML tree search #6, logLikelihood: -58356.357305
[00:01:38] [worker #0] ML tree search #1, logLikelihood: -58356.363658
[00:01:42] [worker #3] ML tree search #4, logLikelihood: -58356.381541
[00:01:43] [worker #9] ML tree search #10, logLikelihood: -58356.338031
[00:01:53] [worker #14] ML tree search #15, logLikelihood: -58356.375250
[00:02:07] [worker #12] ML tree search #13, logLikelihood: -58356.369400
[00:02:35] [worker #0] ML tree search #19, logLikelihood: -58356.366753
[00:02:56] [worker #1] ML tree search #20, logLikelihood: -58356.371482

[00:02:56] ML tree search completed, best tree logLH: -58356.338031

[00:02:56] Starting bootstrapping analysis with 1000 replicates.

[00:03:52] [worker #1] Bootstrap tree #2, logLikelihood: -58642.993597
[00:03:52] [worker #12] Bootstrap tree #13, logLikelihood: -57838.269683
[00:03:53] [worker #10] Bootstrap tree #11, logLikelihood: -58459.901195
[00:03:54] [worker #0] Bootstrap tree #1, logLikelihood: -57068.755227
[00:03:54] [worker #7] Bootstrap tree #8, logLikelihood: -58606.722594
[00:03:55] [worker #16] Bootstrap tree #17, logLikelihood: -58779.494742
[00:03:59] [worker #8] Bootstrap tree #9, logLikelihood: -57960.255829
[00:04:00] [worker #3] Bootstrap tree #4, logLikelihood: -58415.413061
[00:04:01] [worker #9] Bootstrap tree #10, logLikelihood: -58476.647042
[00:04:03] [worker #4] Bootstrap tree #5, logLikelihood: -58099.300324
[00:04:05] [worker #2] Bootstrap tree #3, logLikelihood: -56965.221760
[00:04:08] [worker #13] Bootstrap tree #14, logLikelihood: -57368.027913
[00:04:15] [worker #17] Bootstrap tree #18, logLikelihood: -56582.281780
[00:04:16] [worker #5] Bootstrap tree #6, logLikelihood: -59168.995339
[00:04:18] [worker #14] Bootstrap tree #15, logLikelihood: -56455.509434
[00:04:25] [worker #15] Bootstrap tree #16, logLikelihood: -59828.592078
[00:04:36] [worker #1] Bootstrap tree #20, logLikelihood: -59494.173078
[00:04:44] [worker #4] Bootstrap tree #23, logLikelihood: -57311.942662
[00:04:44] [worker #8] Bootstrap tree #27, logLikelihood: -58626.630147
[00:04:47] [worker #3] Bootstrap tree #22, logLikelihood: -58424.963051
[00:04:50] [worker #9] Bootstrap tree #28, logLikelihood: -58217.367739
[00:04:53] [worker #0] Bootstrap tree #19, logLikelihood: -58639.607007
[00:04:55] [worker #16] Bootstrap tree #35, logLikelihood: -59492.533324
[00:04:57] [worker #14] Bootstrap tree #33, logLikelihood: -57783.018460
[00:04:58] [worker #10] Bootstrap tree #29, logLikelihood: -57770.521868
[00:04:58] [worker #13] Bootstrap tree #32, logLikelihood: -57992.106327
[00:05:02] [worker #17] Bootstrap tree #36, logLikelihood: -57420.873356
[00:05:17] [worker #2] Bootstrap tree #21, logLikelihood: -58594.296955
[00:05:22] [worker #1] Bootstrap tree #38, logLikelihood: -58537.067554
[00:05:27] [worker #6] Bootstrap tree #7, logLikelihood: -58866.841922
[00:05:28] [worker #11] Bootstrap tree #12, logLikelihood: -59226.684418
[00:05:31] [worker #3] Bootstrap tree #40, logLikelihood: -58179.645085
[00:05:33] [worker #12] Bootstrap tree #31, logLikelihood: -57615.697827
[00:05:43] [worker #4] Bootstrap tree #41, logLikelihood: -58753.836680
[00:05:55] [worker #9] Bootstrap tree #46, logLikelihood: -58524.710851
[00:06:00] [worker #2] Bootstrap tree #39, logLikelihood: -58102.214006
[00:06:02] [worker #8] Bootstrap tree #45, logLikelihood: -58092.585948
[00:06:06] [worker #15] Bootstrap tree #34, logLikelihood: -59384.649919
[00:06:28] [worker #7] Bootstrap tree #26, logLikelihood: -58318.973755
[00:06:29] [worker #6] Bootstrap tree #25, logLikelihood: -58481.149660
[00:06:31] [worker #12] Bootstrap tree #49, logLikelihood: -57633.205565
[00:06:38] [worker #13] Bootstrap tree #50, logLikelihood: -58023.497033
[00:06:38] [worker #10] Bootstrap tree #47, logLikelihood: -58263.841976
[00:06:48] [worker #0] Bootstrap tree #37, logLikelihood: -58551.299067
[00:06:50] [worker #11] Bootstrap tree #30, logLikelihood: -57690.804400
[00:07:22] [worker #6] Bootstrap tree #43, logLikelihood: -57901.906735
[00:07:30] [worker #7] Bootstrap tree #44, logLikelihood: -58466.883924
[00:07:39] [worker #5] Bootstrap tree #24, logLikelihood: -57086.548158
[00:07:50] [worker #11] Bootstrap tree #48, logLikelihood: -58875.170107
[00:08:22] [worker #5] Bootstrap tree #42, logLikelihood: -57902.695341
[00:08:58] [worker #4] Bootstrap tree #59, logLikelihood: -58914.190912
[00:09:09] [worker #5] Bootstrap tree #60, logLikelihood: -59793.858955
[00:09:11] [worker #1] Bootstrap tree #56, logLikelihood: -60300.489663
[00:09:16] [worker #7] Bootstrap tree #62, logLikelihood: -57760.681156
[00:09:18] [worker #10] Bootstrap tree #65, logLikelihood: -58488.245580
[00:09:19] [worker #9] Bootstrap tree #64, logLikelihood: -59069.430459
[00:09:19] [worker #13] Bootstrap tree #68, logLikelihood: -57495.774542
[00:09:27] [worker #2] Bootstrap tree #57, logLikelihood: -58186.223995
[00:09:29] [worker #3] Bootstrap tree #58, logLikelihood: -57600.285588
[00:09:32] [worker #15] Bootstrap tree #52, logLikelihood: -58359.237048
[00:09:37] [worker #0] Bootstrap tree #55, logLikelihood: -56762.579382
[00:09:37] [worker #11] Bootstrap tree #66, logLikelihood: -58843.827309
[00:09:37] [worker #16] Bootstrap tree #53, logLikelihood: -58917.446829
[00:09:43] [worker #17] Bootstrap tree #54, logLikelihood: -57979.230017
[00:09:45] [worker #6] Bootstrap tree #61, logLikelihood: -58567.175274
[00:09:47] [worker #4] Bootstrap tree #77, logLikelihood: -58024.414818
[00:09:51] [worker #8] Bootstrap tree #63, logLikelihood: -58166.433277
[00:09:58] [worker #14] Bootstrap tree #51, logLikelihood: -59241.175649
[00:09:58] [worker #10] Bootstrap tree #83, logLikelihood: -58839.085033
[00:10:06] [worker #1] Bootstrap tree #74, logLikelihood: -59303.658214
[00:10:08] [worker #7] Bootstrap tree #80, logLikelihood: -57609.215869
[00:10:09] [worker #12] Bootstrap tree #67, logLikelihood: -59390.152198
[00:10:18] [worker #13] Bootstrap tree #86, logLikelihood: -58728.939078
[00:10:27] [worker #0] Bootstrap tree #73, logLikelihood: -58982.038508
[00:10:29] [worker #5] Bootstrap tree #78, logLikelihood: -57987.444622
[00:10:31] [worker #11] Bootstrap tree #84, logLikelihood: -58306.112829
[00:10:38] [worker #16] Bootstrap tree #71, logLikelihood: -59619.087438
[00:10:41] [worker #6] Bootstrap tree #79, logLikelihood: -57860.635269
[00:10:45] [worker #3] Bootstrap tree #76, logLikelihood: -59557.040568
[00:10:48] [worker #15] Bootstrap tree #70, logLikelihood: -58531.670489
[00:10:55] [worker #7] Bootstrap tree #98, logLikelihood: -58339.381026
[00:10:59] [worker #12] Bootstrap tree #85, logLikelihood: -58466.293094
[00:11:00] [worker #17] Bootstrap tree #72, logLikelihood: -57844.412918
[00:11:03] [worker #1] Bootstrap tree #92, logLikelihood: -58602.211616
[00:11:08] [worker #8] Bootstrap tree #81, logLikelihood: -57552.362130
[00:11:13] [worker #9] Bootstrap tree #82, logLikelihood: -57271.793848
[00:11:15] [worker #14] Bootstrap tree #69, logLikelihood: -59037.221661
[00:11:22] [worker #0] Bootstrap tree #91, logLikelihood: -58251.411194
[00:11:25] [worker #16] Bootstrap tree #89, logLikelihood: -59338.630700
[00:11:29] [worker #2] Bootstrap tree #75, logLikelihood: -58352.532123
[00:11:39] [worker #15] Bootstrap tree #88, logLikelihood: -60008.637442
[00:11:43] [worker #5] Bootstrap tree #96, logLikelihood: -57272.510059
[00:11:44] [worker #3] Bootstrap tree #94, logLikelihood: -56863.435075
[00:11:56] [worker #4] Bootstrap tree #95, logLikelihood: -58330.847131
[00:12:05] [worker #17] Bootstrap tree #90, logLikelihood: -57306.246846
[00:12:08] [worker #6] Bootstrap tree #97, logLikelihood: -56738.798624
[00:12:13] [worker #14] Bootstrap tree #87, logLikelihood: -58812.308104
[00:12:40] [worker #8] Bootstrap tree #99, logLikelihood: -59262.488974
[00:12:58] [worker #9] Bootstrap tree #100, logLikelihood: -59597.659444
[00:14:01] [worker #2] Bootstrap tree #93, logLikelihood: -58157.595096
[00:14:36] [worker #16] Bootstrap tree #107, logLikelihood: -58079.059545
[00:14:39] [worker #12] Bootstrap tree #103, logLikelihood: -59085.275889
[00:14:47] [worker #8] Bootstrap tree #117, logLikelihood: -58562.935613
[00:14:48] [worker #7] Bootstrap tree #116, logLikelihood: -57708.486427
[00:14:52] [worker #11] Bootstrap tree #102, logLikelihood: -57632.341093
[00:14:53] [worker #14] Bootstrap tree #105, logLikelihood: -56766.742894
[00:14:57] [worker #2] Bootstrap tree #111, logLikelihood: -59384.770538
[00:14:59] [worker #6] Bootstrap tree #115, logLikelihood: -57683.437244
[00:15:05] [worker #15] Bootstrap tree #106, logLikelihood: -57856.008625
[00:15:08] [worker #17] Bootstrap tree #108, logLikelihood: -59123.210370
[00:15:15] [worker #12] Bootstrap tree #121, logLikelihood: -58246.713910
[00:15:15] [worker #10] Bootstrap tree #101, logLikelihood: -58716.915425
[00:15:21] [worker #16] Bootstrap tree #125, logLikelihood: -59561.259374
[00:15:24] [worker #8] Bootstrap tree #135, logLikelihood: -58501.653015
[00:15:24] [worker #5] Bootstrap tree #114, logLikelihood: -58309.924520
[00:15:25] [worker #13] Bootstrap tree #104, logLikelihood: -57750.406011
[00:15:26] [worker #0] Bootstrap tree #109, logLikelihood: -58888.504636
[00:15:32] [worker #9] Bootstrap tree #118, logLikelihood: -59190.091553
[00:15:33] [worker #14] Bootstrap tree #123, logLikelihood: -57881.012235
[00:15:35] [worker #2] Bootstrap tree #129, logLikelihood: -58981.686324
[00:15:42] [worker #1] Bootstrap tree #110, logLikelihood: -58002.272566
[00:15:46] [worker #11] Bootstrap tree #120, logLikelihood: -58580.631323
[00:15:53] [worker #7] Bootstrap tree #134, logLikelihood: -58338.562067
[00:15:54] [worker #6] Bootstrap tree #133, logLikelihood: -58499.238842
[00:16:06] [worker #4] Bootstrap tree #113, logLikelihood: -57375.953028
[00:16:09] [worker #16] Bootstrap tree #143, logLikelihood: -59662.149679
[00:16:12] [worker #3] Bootstrap tree #112, logLikelihood: -58184.556545
[00:16:14] [worker #10] Bootstrap tree #119, logLikelihood: -59272.105220
[00:16:26] [worker #11] Bootstrap tree #138, logLikelihood: -58383.605793
[00:16:29] [worker #12] Bootstrap tree #139, logLikelihood: -58446.829434
[00:16:33] [worker #2] Bootstrap tree #147, logLikelihood: -58736.674104
[00:16:33] [worker #5] Bootstrap tree #132, logLikelihood: -57491.194946
[00:16:38] [worker #14] Bootstrap tree #141, logLikelihood: -58112.308318
[00:16:41] [worker #9] Bootstrap tree #136, logLikelihood: -59594.693079
[00:16:43] [worker #15] Bootstrap tree #124, logLikelihood: -58411.882116
[00:16:49] [worker #13] Bootstrap tree #122, logLikelihood: -57869.146841
[00:16:51] [worker #17] Bootstrap tree #126, logLikelihood: -57974.875902
[00:17:06] [worker #10] Bootstrap tree #137, logLikelihood: -58477.932561
[00:17:18] [worker #3] Bootstrap tree #130, logLikelihood: -57606.658979
[00:17:21] [worker #0] Bootstrap tree #127, logLikelihood: -58954.843193
[00:17:25] [worker #5] Bootstrap tree #150, logLikelihood: -58606.336073
[00:17:46] [worker #13] Bootstrap tree #140, logLikelihood: -56747.374043
[00:17:51] [worker #1] Bootstrap tree #128, logLikelihood: -58054.977478
[00:17:51] [worker #4] Bootstrap tree #131, logLikelihood: -58628.021625
[00:17:54] [worker #17] Bootstrap tree #144, logLikelihood: -57504.282202
[00:18:28] [worker #0] Bootstrap tree #145, logLikelihood: -58837.737593
[00:18:34] [worker #3] Bootstrap tree #148, logLikelihood: -57375.004274
[00:18:37] [worker #15] Bootstrap tree #142, logLikelihood: -57987.914904
[00:18:46] [worker #1] Bootstrap tree #146, logLikelihood: -57604.085545
[00:19:00] [worker #4] Bootstrap tree #149, logLikelihood: -57163.617441
[00:19:48] [worker #2] Bootstrap tree #165, logLikelihood: -58269.263580
[00:19:48] [worker #15] Bootstrap tree #160, logLikelihood: -57978.639851
[00:19:52] [worker #5] Bootstrap tree #168, logLikelihood: -57729.102481
[00:19:57] [worker #16] Bootstrap tree #161, logLikelihood: -58898.635424
[00:19:58] [worker #0] Bootstrap tree #163, logLikelihood: -59874.748407
[00:19:58] [worker #3] Bootstrap tree #166, logLikelihood: -57427.699996
[00:19:59] [worker #4] Bootstrap tree #167, logLikelihood: -57870.753240
[00:19:59] [worker #7] Bootstrap tree #152, logLikelihood: -58189.194999
[00:20:06] [worker #8] Bootstrap tree #153, logLikelihood: -58079.623086
[00:20:07] [worker #1] Bootstrap tree #164, logLikelihood: -56645.079579
[00:20:07] [worker #10] Bootstrap tree #155, logLikelihood: -57617.546758
[00:20:12] [worker #9] Bootstrap tree #154, logLikelihood: -60014.705006
[00:20:35] [worker #13] Bootstrap tree #158, logLikelihood: -58585.229863
[00:20:36] [worker #15] Bootstrap tree #178, logLikelihood: -59380.705321
[00:20:43] [worker #2] Bootstrap tree #183, logLikelihood: -57339.902700
[00:20:47] [worker #8] Bootstrap tree #171, logLikelihood: -58858.342796
[00:20:47] [worker #17] Bootstrap tree #162, logLikelihood: -57879.770551
[00:20:51] [worker #14] Bootstrap tree #159, logLikelihood: -58448.163368
[00:20:52] [worker #1] Bootstrap tree #182, logLikelihood: -57136.459507
[00:20:53] [worker #7] Bootstrap tree #170, logLikelihood: -58125.847398
[00:20:55] [worker #0] Bootstrap tree #181, logLikelihood: -59147.593316
[00:21:00] [worker #10] Bootstrap tree #173, logLikelihood: -58836.287971
[00:21:01] [worker #16] Bootstrap tree #179, logLikelihood: -59023.626960
[00:21:06] [worker #5] Bootstrap tree #186, logLikelihood: -59417.180062
[00:21:13] [worker #12] Bootstrap tree #157, logLikelihood: -57172.913015
[00:21:17] [worker #4] Bootstrap tree #185, logLikelihood: -58366.998898
[00:21:21] [worker #8] Bootstrap tree #189, logLikelihood: -58609.539534
[00:21:23] [worker #3] Bootstrap tree #184, logLikelihood: -57438.345190
[00:21:32] [worker #1] Bootstrap tree #200, logLikelihood: -56134.983777
[00:21:38] [worker #15] Bootstrap tree #196, logLikelihood: -58819.512354
[00:21:51] [worker #6] Bootstrap tree #151, logLikelihood: -58880.241471
[00:21:52] [worker #0] Bootstrap tree #199, logLikelihood: -57488.301521
[00:21:56] [worker #11] Bootstrap tree #156, logLikelihood: -57184.876614
[00:21:57] [worker #10] Bootstrap tree #191, logLikelihood: -58208.515809
[00:22:04] [worker #14] Bootstrap tree #177, logLikelihood: -57591.259595
[00:22:05] [worker #7] Bootstrap tree #188, logLikelihood: -57020.181860
[00:22:06] [worker #12] Bootstrap tree #175, logLikelihood: -58688.415605
[00:22:14] [worker #17] Bootstrap tree #180, logLikelihood: -59044.775006
[00:22:16] [worker #13] Bootstrap tree #176, logLikelihood: -57605.733617
[00:22:32] [worker #9] Bootstrap tree #172, logLikelihood: -58264.952067
[00:22:53] [worker #16] Bootstrap tree #197, logLikelihood: -58039.817599
[00:22:58] [worker #14] Bootstrap tree #195, logLikelihood: -57887.603118
[00:23:02] [worker #11] Bootstrap tree #174, logLikelihood: -57345.614000
[00:23:06] [worker #12] Bootstrap tree #193, logLikelihood: -57604.824620
[00:23:13] [worker #17] Bootstrap tree #198, logLikelihood: -59002.291334
[00:23:24] [worker #6] Bootstrap tree #169, logLikelihood: -58121.369137
[00:23:31] [worker #9] Bootstrap tree #190, logLikelihood: -57758.816119
[00:23:48] [worker #11] Bootstrap tree #192, logLikelihood: -57686.366822
[00:24:07] [worker #13] Bootstrap tree #194, logLikelihood: -57242.045975
[00:24:13] [worker #6] Bootstrap tree #187, logLikelihood: -58852.371900
[00:24:51] [worker #14] Bootstrap tree #213, logLikelihood: -58180.165815
[00:24:52] [worker #17] Bootstrap tree #216, logLikelihood: -57888.556370
[00:24:55] [worker #9] Bootstrap tree #208, logLikelihood: -57857.784877
[00:24:56] [worker #6] Bootstrap tree #205, logLikelihood: -57826.971411
[00:25:01] [worker #15] Bootstrap tree #214, logLikelihood: -58228.474146
[00:25:05] [worker #2] Bootstrap tree #201, logLikelihood: -57624.827503
[00:25:08] [worker #7] Bootstrap tree #206, logLikelihood: -56564.574838
[00:25:09] [worker #1] Bootstrap tree #218, logLikelihood: -58364.579637
[00:25:12] [worker #13] Bootstrap tree #212, logLikelihood: -58969.902530
[00:25:13] [worker #16] Bootstrap tree #215, logLikelihood: -58185.995732
[00:25:20] [worker #8] Bootstrap tree #207, logLikelihood: -56727.043316
[00:25:23] [worker #10] Bootstrap tree #209, logLikelihood: -58269.394486
[00:25:32] [worker #17] Bootstrap tree #234, logLikelihood: -58475.399130
[00:25:34] [worker #3] Bootstrap tree #202, logLikelihood: -58879.013306
[00:25:36] [worker #5] Bootstrap tree #204, logLikelihood: -57103.701468
[00:25:41] [worker #9] Bootstrap tree #226, logLikelihood: -57778.050314
[00:25:55] [worker #2] Bootstrap tree #219, logLikelihood: -58647.289219
[00:25:56] [worker #6] Bootstrap tree #223, logLikelihood: -56832.668989
[00:25:58] [worker #1] Bootstrap tree #236, logLikelihood: -58536.465178
[00:26:01] [worker #15] Bootstrap tree #232, logLikelihood: -59580.587687
[00:26:06] [worker #7] Bootstrap tree #224, logLikelihood: -57179.472322
[00:26:11] [worker #13] Bootstrap tree #230, logLikelihood: -57723.497835
[00:26:14] [worker #0] Bootstrap tree #217, logLikelihood: -57610.925261
[00:26:15] [worker #16] Bootstrap tree #233, logLikelihood: -57653.382317
[00:26:17] [worker #10] Bootstrap tree #227, logLikelihood: -57888.091131
[00:26:18] [worker #8] Bootstrap tree #225, logLikelihood: -57953.311508
[00:26:27] [worker #3] Bootstrap tree #220, logLikelihood: -59927.220212
[00:26:29] [worker #14] Bootstrap tree #231, logLikelihood: -55995.554882
[00:26:34] [worker #12] Bootstrap tree #211, logLikelihood: -58003.770796
[00:26:43] [worker #9] Bootstrap tree #244, logLikelihood: -58532.488547
[00:26:48] [worker #2] Bootstrap tree #237, logLikelihood: -58124.293637
[00:26:49] [worker #11] Bootstrap tree #210, logLikelihood: -58278.762582
[00:27:01] [worker #6] Bootstrap tree #241, logLikelihood: -57691.372294
[00:27:05] [worker #13] Bootstrap tree #248, logLikelihood: -58736.603240
[00:27:07] [worker #7] Bootstrap tree #242, logLikelihood: -59391.020843
[00:27:08] [worker #4] Bootstrap tree #203, logLikelihood: -57124.321822
[00:27:10] [worker #10] Bootstrap tree #245, logLikelihood: -58464.345582
[00:27:25] [worker #15] Bootstrap tree #250, logLikelihood: -57774.419485
[00:27:27] [worker #14] Bootstrap tree #249, logLikelihood: -57785.438226
[00:27:33] [worker #3] Bootstrap tree #238, logLikelihood: -57674.914570
[00:27:34] [worker #5] Bootstrap tree #222, logLikelihood: -57738.378331
[00:27:56] [worker #11] Bootstrap tree #228, logLikelihood: -58893.225833
[00:28:02] [worker #12] Bootstrap tree #229, logLikelihood: -58564.777119
[00:28:12] [worker #4] Bootstrap tree #221, logLikelihood: -58873.591469
[00:28:19] [worker #0] Bootstrap tree #235, logLikelihood: -58445.431414
[00:28:22] [worker #8] Bootstrap tree #243, logLikelihood: -59864.238009
[00:28:26] [worker #5] Bootstrap tree #240, logLikelihood: -58862.288220
[00:28:46] [worker #11] Bootstrap tree #246, logLikelihood: -58619.943816
[00:29:01] [worker #12] Bootstrap tree #247, logLikelihood: -60011.074715
[00:29:31] [worker #4] Bootstrap tree #239, logLikelihood: -59914.722736
[00:29:32] Bootstrapping converged after 250 replicates.

Optimized model parameters:

   Partition 0: noname
   Rate heterogeneity: GAMMA (4 cats, mean),  alpha: 0.302216 (ML),  weights&rates: (0.250000,0.005477) (0.250000,0.106220) (0.250000,0.599506) (0.250000,3.288797) 
   Base frequencies (ML): 0.224674 0.241660 0.298024 0.235641 
   Substitution rates (ML): 0.633062 2.348465 0.779734 0.935515 4.724304 1.000000 


Final LogLikelihood: -58356.338031

AIC score: 116952.676063 / AICc score: 116954.452210 / BIC score: 117877.798848
Free parameters (model + branch lengths): 120

Best ML tree saved to: /work/LAS/dlavrov-lab/users/Momin/work/Mystery-sponge/phylo_check/Demo/outgroup/new_nodes/trimmed/demos_newNodes_RC_trimmed.cdhit.aln.raxml.bestTree
All ML trees saved to: /work/LAS/dlavrov-lab/users/Momin/work/Mystery-sponge/phylo_check/Demo/outgroup/new_nodes/trimmed/demos_newNodes_RC_trimmed.cdhit.aln.raxml.mlTrees
Best ML tree with Felsenstein bootstrap (FBP) support values saved to: /work/LAS/dlavrov-lab/users/Momin/work/Mystery-sponge/phylo_check/Demo/outgroup/new_nodes/trimmed/demos_newNodes_RC_trimmed.cdhit.aln.raxml.support
Optimized model saved to: /work/LAS/dlavrov-lab/users/Momin/work/Mystery-sponge/phylo_check/Demo/outgroup/new_nodes/trimmed/demos_newNodes_RC_trimmed.cdhit.aln.raxml.bestModel
Bootstrap trees saved to: /work/LAS/dlavrov-lab/users/Momin/work/Mystery-sponge/phylo_check/Demo/outgroup/new_nodes/trimmed/demos_newNodes_RC_trimmed.cdhit.aln.raxml.bootstraps

Execution log saved to: /work/LAS/dlavrov-lab/users/Momin/work/Mystery-sponge/phylo_check/Demo/outgroup/new_nodes/trimmed/demos_newNodes_RC_trimmed.cdhit.aln.raxml.log

Analysis started: 28-Sep-2023 11:00:23 / finished: 28-Sep-2023 11:29:55

Elapsed time: 1772.104 seconds

