[sd2asn] WARNING: Nuc-prot set should not have title descriptor BIOSEQ-SET: nuc-prot: lcl|PRLP04
[sd2asn] ERROR: Missing stop codon FEATURE: CDS: NADH dehydrogenase subunit 5 [lcl|PRLP04:8115-9929] [lcl|PRLP04: raw, dna len= 17211] -> [lcl|nad5]
[sd2asn] ERROR: Missing stop codon FEATURE: CDS: NADH dehydrogenase subunit 1 [lcl|PRLP04:11793-12731] [lcl|PRLP04: raw, dna len= 17211] -> [lcl|nad1]
[sd2asn] ERROR: Missing stop codon FEATURE: CDS: NADH dehydrogenase subunit 3 [lcl|PRLP04:16626-16991] [lcl|PRLP04: raw, dna len= 17211] -> [lcl|nad3]
[sd2asn] ERROR: Unparsed product qualifier in tRNA FEATURE: tRNA: Ala [lcl|PRLP04:2421-2489] [lcl|PRLP04: raw, dna len= 17211]
[sd2asn] ERROR: Unparsed product qualifier in tRNA FEATURE: tRNA: Lys [lcl|PRLP04:2496-2564] [lcl|PRLP04: raw, dna len= 17211]
[sd2asn] ERROR: Unparsed product qualifier in tRNA FEATURE: tRNA: Ser [lcl|PRLP04:4448-4516] [lcl|PRLP04: raw, dna len= 17211]
[sd2asn] ERROR: Unparsed product qualifier in tRNA FEATURE: tRNA: Arg [lcl|PRLP04:5547-5613] [lcl|PRLP04: raw, dna len= 17211]
[sd2asn] ERROR: Unparsed product qualifier in tRNA FEATURE: tRNA: Gln [lcl|PRLP04:6403-6473] [lcl|PRLP04: raw, dna len= 17211]
[sd2asn] ERROR: Unparsed product qualifier in tRNA FEATURE: tRNA: Trp [lcl|PRLP04:6476-6544] [lcl|PRLP04: raw, dna len= 17211]
[sd2asn] ERROR: Unparsed product qualifier in tRNA FEATURE: tRNA: Met [lcl|PRLP04:6588-6657] [lcl|PRLP04: raw, dna len= 17211]
[sd2asn] ERROR: Unparsed product qualifier in tRNA FEATURE: tRNA: Thr [lcl|PRLP04:11180-11247] [lcl|PRLP04: raw, dna len= 17211]
[sd2asn] ERROR: Unparsed product qualifier in tRNA FEATURE: tRNA: Ser [lcl|PRLP04:11556-11625] [lcl|PRLP04: raw, dna len= 17211]
[sd2asn] ERROR: Unparsed product qualifier in tRNA FEATURE: tRNA: Asp [lcl|PRLP04:11638-11706] [lcl|PRLP04: raw, dna len= 17211]
[sd2asn] ERROR: Unparsed product qualifier in tRNA FEATURE: tRNA: Leu [lcl|PRLP04:12730-12811] [lcl|PRLP04: raw, dna len= 17211]
[sd2asn] ERROR: Unparsed product qualifier in tRNA FEATURE: tRNA: Thr [lcl|PRLP04:15990-16060] [lcl|PRLP04: raw, dna len= 17211]
[sd2asn] ERROR: Unparsed product qualifier in tRNA FEATURE: tRNA: Leu [lcl|PRLP04:16992-17073] [lcl|PRLP04: raw, dna len= 17211]
[sd2asn] ERROR: Method descriptor is obsolete DESCRIPTOR: Method: concept-trans BIOSEQ: lcl|nad4L: raw, aa len= 97
[sd2asn] ERROR: Method descriptor is obsolete DESCRIPTOR: Method: concept-trans BIOSEQ: lcl|cox1: raw, aa len= 533
[sd2asn] ERROR: Method descriptor is obsolete DESCRIPTOR: Method: concept-trans BIOSEQ: lcl|atp8: raw, aa len= 73
[sd2asn] ERROR: Method descriptor is obsolete DESCRIPTOR: Method: concept-trans BIOSEQ: lcl|atp6: raw, aa len= 236
[sd2asn] ERROR: Method descriptor is obsolete DESCRIPTOR: Method: concept-trans BIOSEQ: lcl|cox3: raw, aa len= 263
[sd2asn] ERROR: Method descriptor is obsolete DESCRIPTOR: Method: concept-trans BIOSEQ: lcl|nad2: raw, aa len= 433
[sd2asn] ERROR: Method descriptor is obsolete DESCRIPTOR: Method: concept-trans BIOSEQ: lcl|nad5: raw, aa len= 605
[sd2asn] ERROR: Method descriptor is obsolete DESCRIPTOR: Method: concept-trans BIOSEQ: lcl|cob: raw, aa len= 405
[sd2asn] ERROR: Method descriptor is obsolete DESCRIPTOR: Method: concept-trans BIOSEQ: lcl|atp9: raw, aa len= 78
[sd2asn] ERROR: Method descriptor is obsolete DESCRIPTOR: Method: concept-trans BIOSEQ: lcl|nad1: raw, aa len= 313
[sd2asn] ERROR: Method descriptor is obsolete DESCRIPTOR: Method: concept-trans BIOSEQ: lcl|nad4: raw, aa len= 476
[sd2asn] ERROR: Method descriptor is obsolete DESCRIPTOR: Method: concept-trans BIOSEQ: lcl|nad6: raw, aa len= 161
[sd2asn] ERROR: Method descriptor is obsolete DESCRIPTOR: Method: concept-trans BIOSEQ: lcl|nad3: raw, aa len= 122
