
RAxML-NG v. 1.1.0-master released on 04.08.2022 by The Exelixis Lab.
Developed by: Alexey M. Kozlov and Alexandros Stamatakis.
Contributors: Diego Darriba, Tomas Flouri, Benoit Morel, Sarah Lutteropp, Ben Bettisworth.
Latest version: https://github.com/amkozlov/raxml-ng
Questions/problems/suggestions? Please visit: https://groups.google.com/forum/#!forum/raxml

System: Intel(R) Xeon(R) Gold 6140 CPU @ 2.30GHz, 36 cores, 187 GB RAM

RAxML-NG was called at 25-Sep-2023 15:08:45 as follows:

raxml-ng --all --msa demos_RC.cdhit.aln --model GTR+G

Analysis options:
  run mode: ML tree search + bootstrapping (Felsenstein Bootstrap)
  start tree(s): random (10) + parsimony (10)
  bootstrap replicates: max: 1000 + bootstopping (autoMRE, cutoff: 0.030000)
  random seed: 1695672525
  tip-inner: OFF
  pattern compression: ON
  per-rate scalers: OFF
  site repeats: ON
  branch lengths: proportional (ML estimate, algorithm: NR-FAST)
  SIMD kernels: AVX2
  parallelization: coarse-grained (auto), PTHREADS (auto)

[00:00:00] Reading alignment from file: demos_RC.cdhit.aln
[00:00:00] Loaded alignment with 61 taxa and 12776 sites

WARNING: Fully undetermined columns found: 35

NOTE: Reduced alignment (with duplicates and gap-only sites/taxa removed) 
NOTE: was saved to: /work/LAS/dlavrov-lab/users/Momin/work/Mystery-sponge/phylo_check/Demo/outgroup/RC/demos_RC.cdhit.aln.raxml.reduced.phy

Alignment comprises 1 partitions and 2914 patterns

Partition 0: noname
Model: GTR+FO+G4m
Alignment sites / patterns: 12741 / 2914
Gaps: 84.26 %
Invariant sites: 69.35 %


NOTE: Binary MSA file created: demos_RC.cdhit.aln.raxml.rba

Parallelization scheme autoconfig: 18 worker(s) x 2 thread(s)

Parallel reduction/worker buffer size: 1 KB  / 0 KB

[00:00:00] Generating 10 random starting tree(s) with 61 taxa
[00:00:00] Generating 10 parsimony starting tree(s) with 61 taxa
[00:00:00] Data distribution: max. partitions/sites/weight per thread: 1 / 1457 / 23312
[00:00:01] Data distribution: max. searches per worker: 58

Starting ML tree search with 20 distinct starting trees

[00:03:45] [worker #15] ML tree search #16, logLikelihood: -54852.288863
[00:04:43] [worker #7] ML tree search #8, logLikelihood: -54852.299916
[00:04:43] [worker #3] ML tree search #4, logLikelihood: -54852.314614
[00:05:08] [worker #2] ML tree search #3, logLikelihood: -54852.300548
[00:05:24] [worker #13] ML tree search #14, logLikelihood: -54852.305331
[00:05:43] [worker #11] ML tree search #12, logLikelihood: -54852.297942
[00:05:51] [worker #16] ML tree search #17, logLikelihood: -54852.296992
[00:05:57] [worker #12] ML tree search #13, logLikelihood: -54852.297279
[00:06:04] [worker #14] ML tree search #15, logLikelihood: -54852.307320
[00:06:06] [worker #8] ML tree search #9, logLikelihood: -54852.302003
[00:06:16] [worker #9] ML tree search #10, logLikelihood: -54852.284927
[00:06:21] [worker #10] ML tree search #11, logLikelihood: -54852.285606
[00:06:48] [worker #1] ML tree search #2, logLikelihood: -54852.284013
[00:06:50] [worker #0] ML tree search #1, logLikelihood: -54852.285055
[00:07:14] [worker #17] ML tree search #18, logLikelihood: -54852.292671
[00:07:26] [worker #4] ML tree search #5, logLikelihood: -54852.280954
[00:08:59] [worker #5] ML tree search #6, logLikelihood: -54852.287447
[00:09:03] [worker #6] ML tree search #7, logLikelihood: -54852.306516
[00:13:00] [worker #1] ML tree search #20, logLikelihood: -54852.300108
[00:14:49] [worker #0] ML tree search #19, logLikelihood: -54852.301730

[00:14:49] ML tree search completed, best tree logLH: -54852.280954

[00:14:49] Starting bootstrapping analysis with 1000 replicates.

[00:16:16] [worker #10] Bootstrap tree #11, logLikelihood: -54395.214911
[00:16:42] [worker #9] Bootstrap tree #10, logLikelihood: -55537.248813
[00:17:03] [worker #8] Bootstrap tree #9, logLikelihood: -54464.600089
[00:17:10] [worker #15] Bootstrap tree #16, logLikelihood: -54664.536549
[00:17:22] [worker #11] Bootstrap tree #12, logLikelihood: -53956.773279
[00:17:47] [worker #4] Bootstrap tree #5, logLikelihood: -55553.107028
[00:18:06] [worker #17] Bootstrap tree #18, logLikelihood: -55127.225687
[00:18:27] [worker #10] Bootstrap tree #29, logLikelihood: -53379.446276
[00:18:27] [worker #1] Bootstrap tree #2, logLikelihood: -54204.880019
[00:18:30] [worker #9] Bootstrap tree #28, logLikelihood: -54536.730350
[00:18:39] [worker #2] Bootstrap tree #3, logLikelihood: -55038.108791
[00:18:54] [worker #5] Bootstrap tree #6, logLikelihood: -56452.148092
[00:19:18] [worker #12] Bootstrap tree #13, logLikelihood: -55529.047822
[00:19:19] [worker #3] Bootstrap tree #4, logLikelihood: -55905.851291
[00:19:28] [worker #16] Bootstrap tree #17, logLikelihood: -54987.461938
[00:19:52] [worker #13] Bootstrap tree #14, logLikelihood: -53514.007100
[00:19:52] [worker #11] Bootstrap tree #30, logLikelihood: -56193.848898
[00:19:53] [worker #0] Bootstrap tree #1, logLikelihood: -56106.447815
[00:20:04] [worker #9] Bootstrap tree #46, logLikelihood: -54492.294942
[00:20:05] [worker #10] Bootstrap tree #47, logLikelihood: -55518.675692
[00:21:08] [worker #14] Bootstrap tree #15, logLikelihood: -56044.181967
[00:21:21] [worker #15] Bootstrap tree #34, logLikelihood: -56299.464129
[00:21:27] [worker #2] Bootstrap tree #21, logLikelihood: -54806.634111
[00:21:54] [worker #1] Bootstrap tree #20, logLikelihood: -54456.920404
[00:22:18] [worker #17] Bootstrap tree #36, logLikelihood: -54387.535726
[00:22:19] [worker #8] Bootstrap tree #27, logLikelihood: -55188.130774
[00:22:33] [worker #5] Bootstrap tree #24, logLikelihood: -55399.154086
[00:22:34] [worker #7] Bootstrap tree #8, logLikelihood: -55237.866608
[00:22:55] [worker #11] Bootstrap tree #48, logLikelihood: -54396.577761
[00:22:57] [worker #16] Bootstrap tree #35, logLikelihood: -54920.946404
[00:24:10] [worker #2] Bootstrap tree #39, logLikelihood: -54871.441424
[00:25:06] [worker #13] Bootstrap tree #32, logLikelihood: -53920.973323
[00:25:11] [worker #1] Bootstrap tree #38, logLikelihood: -55881.434802
[00:25:16] [worker #4] Bootstrap tree #23, logLikelihood: -53733.609547
[00:25:30] [worker #8] Bootstrap tree #45, logLikelihood: -54849.836058
[00:25:45] [worker #6] Bootstrap tree #7, logLikelihood: -54656.461741
[00:25:53] [worker #3] Bootstrap tree #22, logLikelihood: -54703.502911
[00:26:24] [worker #12] Bootstrap tree #31, logLikelihood: -53621.278086
[00:27:09] [worker #5] Bootstrap tree #42, logLikelihood: -52821.239315
[00:27:22] [worker #0] Bootstrap tree #19, logLikelihood: -55996.942345
[00:27:23] [worker #14] Bootstrap tree #33, logLikelihood: -54480.932252
[00:27:36] [worker #7] Bootstrap tree #26, logLikelihood: -56696.655984
[00:28:59] [worker #3] Bootstrap tree #40, logLikelihood: -55875.569841
[00:30:04] [worker #4] Bootstrap tree #41, logLikelihood: -55075.066245
[00:30:14] [worker #13] Bootstrap tree #50, logLikelihood: -54111.949299
[00:32:05] [worker #0] Bootstrap tree #37, logLikelihood: -55451.970284
[00:43:20] [worker #7] Bootstrap tree #44, logLikelihood: -55197.705524
[00:43:23] [worker #6] Bootstrap tree #25, logLikelihood: -54526.355569
[00:56:48] [worker #6] Bootstrap tree #43, logLikelihood: -55026.861034
[01:05:45] [worker #12] Bootstrap tree #49, logLikelihood: -54477.705776
[01:07:34] [worker #4] Bootstrap tree #59, logLikelihood: -55947.084733
[01:08:02] [worker #7] Bootstrap tree #62, logLikelihood: -52895.949880
[01:08:14] [worker #14] Bootstrap tree #51, logLikelihood: -54872.223295
[01:08:28] [worker #12] Bootstrap tree #67, logLikelihood: -54596.585477
[01:08:34] [worker #5] Bootstrap tree #60, logLikelihood: -53412.087691
[01:09:00] [worker #8] Bootstrap tree #63, logLikelihood: -54457.930388
[01:09:07] [worker #2] Bootstrap tree #57, logLikelihood: -55585.833614
[01:09:14] [worker #16] Bootstrap tree #53, logLikelihood: -54062.564718
[01:09:19] [worker #15] Bootstrap tree #52, logLikelihood: -53716.206057
[01:09:20] [worker #11] Bootstrap tree #66, logLikelihood: -55519.477954
[01:09:28] [worker #1] Bootstrap tree #56, logLikelihood: -54314.348862
[01:09:33] [worker #6] Bootstrap tree #61, logLikelihood: -54376.236568
[01:09:39] [worker #17] Bootstrap tree #54, logLikelihood: -54736.826799
[01:09:40] [worker #9] Bootstrap tree #64, logLikelihood: -55095.348292
[01:09:50] [worker #10] Bootstrap tree #65, logLikelihood: -54566.175355
[01:10:18] [worker #3] Bootstrap tree #58, logLikelihood: -54549.084818
[01:10:45] [worker #4] Bootstrap tree #77, logLikelihood: -55334.531781
[01:11:17] [worker #7] Bootstrap tree #80, logLikelihood: -55247.958148
[01:11:20] [worker #13] Bootstrap tree #68, logLikelihood: -54780.388986
[01:11:40] [worker #12] Bootstrap tree #85, logLikelihood: -54765.414298
[01:11:54] [worker #2] Bootstrap tree #75, logLikelihood: -54007.375573
[01:11:59] [worker #16] Bootstrap tree #71, logLikelihood: -54808.475216
[01:12:00] [worker #0] Bootstrap tree #55, logLikelihood: -54555.941810
[01:12:24] [worker #3] Bootstrap tree #76, logLikelihood: -54368.037616
[01:12:43] [worker #5] Bootstrap tree #78, logLikelihood: -55235.877241
[01:12:53] [worker #14] Bootstrap tree #69, logLikelihood: -55232.775663
[01:13:13] [worker #15] Bootstrap tree #70, logLikelihood: -55411.983801
[01:13:16] [worker #10] Bootstrap tree #83, logLikelihood: -55386.078352
[01:13:21] [worker #8] Bootstrap tree #81, logLikelihood: -53452.717282
[01:13:29] [worker #9] Bootstrap tree #82, logLikelihood: -56686.138986
[01:14:07] [worker #11] Bootstrap tree #84, logLikelihood: -55854.306410
[01:14:36] [worker #17] Bootstrap tree #72, logLikelihood: -54880.380982
[01:14:41] [worker #6] Bootstrap tree #79, logLikelihood: -56266.041424
[01:14:53] [worker #1] Bootstrap tree #74, logLikelihood: -54463.774648
[01:14:55] [worker #2] Bootstrap tree #93, logLikelihood: -52555.551986
[01:15:03] [worker #13] Bootstrap tree #86, logLikelihood: -54491.913535
[01:15:03] [worker #5] Bootstrap tree #96, logLikelihood: -53899.807249
[01:15:18] [worker #3] Bootstrap tree #94, logLikelihood: -55377.672801
[01:15:29] [worker #14] Bootstrap tree #87, logLikelihood: -55399.440220
[01:15:36] [worker #7] Bootstrap tree #98, logLikelihood: -56308.394390
[01:15:50] [worker #0] Bootstrap tree #73, logLikelihood: -56594.030597
[01:15:57] [worker #16] Bootstrap tree #89, logLikelihood: -55293.236951
[01:16:22] [worker #15] Bootstrap tree #88, logLikelihood: -54461.485452
[01:16:45] [worker #4] Bootstrap tree #95, logLikelihood: -55694.521053
[01:17:36] [worker #9] Bootstrap tree #100, logLikelihood: -54677.398492
[01:17:39] [worker #8] Bootstrap tree #99, logLikelihood: -55288.673511
[01:18:16] [worker #1] Bootstrap tree #92, logLikelihood: -54822.986273
[01:18:37] [worker #6] Bootstrap tree #97, logLikelihood: -55412.446360
[01:19:03] [worker #17] Bootstrap tree #90, logLikelihood: -54337.340371
[01:19:51] [worker #0] Bootstrap tree #91, logLikelihood: -55386.154509
[01:22:13] [worker #14] Bootstrap tree #105, logLikelihood: -53782.616342
[01:22:19] [worker #3] Bootstrap tree #112, logLikelihood: -53311.846966
[01:22:34] [worker #2] Bootstrap tree #111, logLikelihood: -54212.104530
[01:22:34] [worker #15] Bootstrap tree #106, logLikelihood: -54790.047767
[01:22:46] [worker #1] Bootstrap tree #110, logLikelihood: -54340.309701
[01:22:53] [worker #12] Bootstrap tree #103, logLikelihood: -54213.607148
[01:22:56] [worker #17] Bootstrap tree #108, logLikelihood: -54338.178812
[01:22:57] [worker #7] Bootstrap tree #116, logLikelihood: -54447.990093
[01:22:59] [worker #13] Bootstrap tree #104, logLikelihood: -56159.445880
[01:23:00] [worker #9] Bootstrap tree #118, logLikelihood: -55037.541947
[01:23:50] [worker #8] Bootstrap tree #117, logLikelihood: -54219.083308
[01:24:21] [worker #0] Bootstrap tree #109, logLikelihood: -55368.810576
[01:24:39] [worker #5] Bootstrap tree #114, logLikelihood: -54695.745443
[01:24:45] [worker #10] Bootstrap tree #101, logLikelihood: -54870.269562
[01:24:50] [worker #11] Bootstrap tree #102, logLikelihood: -54319.505240
[01:24:53] [worker #2] Bootstrap tree #129, logLikelihood: -54490.138150
[01:24:55] [worker #12] Bootstrap tree #121, logLikelihood: -54253.174993
[01:25:07] [worker #3] Bootstrap tree #130, logLikelihood: -53880.229408
[01:25:13] [worker #14] Bootstrap tree #123, logLikelihood: -53126.256725
[01:25:18] [worker #16] Bootstrap tree #107, logLikelihood: -55159.204624
[01:25:19] [worker #1] Bootstrap tree #128, logLikelihood: -55212.985089
[01:25:21] [worker #4] Bootstrap tree #113, logLikelihood: -54534.604319
[01:25:38] [worker #13] Bootstrap tree #122, logLikelihood: -55245.778603
[01:25:40] [worker #17] Bootstrap tree #126, logLikelihood: -54249.199572
[01:26:03] [worker #15] Bootstrap tree #124, logLikelihood: -55281.379835
[01:26:06] [worker #6] Bootstrap tree #115, logLikelihood: -55202.496228
[01:26:32] [worker #8] Bootstrap tree #135, logLikelihood: -55590.179131
[01:27:18] [worker #2] Bootstrap tree #147, logLikelihood: -54593.695518
[01:27:32] [worker #9] Bootstrap tree #136, logLikelihood: -54111.625802
[01:27:36] [worker #0] Bootstrap tree #127, logLikelihood: -56256.149749
[01:27:37] [worker #3] Bootstrap tree #148, logLikelihood: -55255.845721
[01:27:51] [worker #11] Bootstrap tree #120, logLikelihood: -54086.211217
[01:27:52] [worker #7] Bootstrap tree #134, logLikelihood: -53728.547800
[01:28:25] [worker #10] Bootstrap tree #119, logLikelihood: -54496.860126
[01:28:50] [worker #14] Bootstrap tree #141, logLikelihood: -55935.137173
[01:28:55] [worker #13] Bootstrap tree #140, logLikelihood: -54814.108537
[01:28:56] [worker #16] Bootstrap tree #125, logLikelihood: -54382.694259
[01:29:09] [worker #1] Bootstrap tree #146, logLikelihood: -54725.573467
[01:29:37] [worker #4] Bootstrap tree #131, logLikelihood: -54847.851609
[01:29:58] [worker #17] Bootstrap tree #144, logLikelihood: -55140.245665
[01:30:21] [worker #6] Bootstrap tree #133, logLikelihood: -54789.434728
[01:30:36] [worker #0] Bootstrap tree #145, logLikelihood: -53147.996619
[01:30:45] [worker #15] Bootstrap tree #142, logLikelihood: -55488.006646
[01:30:59] [worker #12] Bootstrap tree #139, logLikelihood: -54857.845510
[01:31:25] [worker #5] Bootstrap tree #132, logLikelihood: -53818.072143
[01:31:41] [worker #10] Bootstrap tree #137, logLikelihood: -56043.019070
[01:33:50] [worker #16] Bootstrap tree #143, logLikelihood: -55067.175257
[01:33:58] [worker #4] Bootstrap tree #149, logLikelihood: -54429.260584
[01:34:09] [worker #5] Bootstrap tree #150, logLikelihood: -54944.202511
[01:34:11] [worker #11] Bootstrap tree #138, logLikelihood: -56466.806718
[01:36:46] [worker #3] Bootstrap tree #166, logLikelihood: -55190.007523
[01:37:08] [worker #11] Bootstrap tree #156, logLikelihood: -54788.829453
[01:37:17] [worker #6] Bootstrap tree #151, logLikelihood: -53681.368158
[01:37:18] [worker #2] Bootstrap tree #165, logLikelihood: -55345.426846
[01:37:19] [worker #14] Bootstrap tree #159, logLikelihood: -54373.090729
[01:37:19] [worker #4] Bootstrap tree #167, logLikelihood: -55092.613681
[01:37:21] [worker #12] Bootstrap tree #157, logLikelihood: -54399.754728
[01:37:24] [worker #9] Bootstrap tree #154, logLikelihood: -55870.407598
[01:37:33] [worker #16] Bootstrap tree #161, logLikelihood: -54902.563290
[01:37:33] [worker #5] Bootstrap tree #168, logLikelihood: -54205.389688
[01:37:47] [worker #1] Bootstrap tree #164, logLikelihood: -53445.618854
[01:37:50] [worker #0] Bootstrap tree #163, logLikelihood: -54099.941220
[01:38:00] [worker #15] Bootstrap tree #160, logLikelihood: -55170.583921
[01:38:19] [worker #13] Bootstrap tree #158, logLikelihood: -54534.844788
[01:38:30] [worker #17] Bootstrap tree #162, logLikelihood: -53420.162801
[01:38:41] [worker #10] Bootstrap tree #155, logLikelihood: -53203.709904
[01:38:50] [worker #7] Bootstrap tree #152, logLikelihood: -54091.680015
[01:39:22] [worker #8] Bootstrap tree #153, logLikelihood: -54460.244619
[01:39:53] [worker #3] Bootstrap tree #184, logLikelihood: -54667.538058
[01:40:25] [worker #16] Bootstrap tree #179, logLikelihood: -53735.064488
[01:40:28] [worker #2] Bootstrap tree #183, logLikelihood: -53832.422249
[01:40:48] [worker #4] Bootstrap tree #185, logLikelihood: -55103.378764
[01:40:51] [worker #9] Bootstrap tree #172, logLikelihood: -54289.761358
[01:41:10] [worker #11] Bootstrap tree #174, logLikelihood: -55623.313711
[01:41:35] [worker #13] Bootstrap tree #176, logLikelihood: -54465.738749
[01:41:37] [worker #10] Bootstrap tree #173, logLikelihood: -55017.065739
[01:41:40] [worker #17] Bootstrap tree #180, logLikelihood: -54977.304783
[01:41:42] [worker #7] Bootstrap tree #170, logLikelihood: -54580.426778
[01:41:48] [worker #12] Bootstrap tree #175, logLikelihood: -54789.656196
[01:41:50] [worker #6] Bootstrap tree #169, logLikelihood: -54897.614033
[01:42:14] [worker #0] Bootstrap tree #181, logLikelihood: -53933.258816
[01:42:19] [worker #1] Bootstrap tree #182, logLikelihood: -55159.487141
[01:42:20] [worker #14] Bootstrap tree #177, logLikelihood: -56120.450597
[01:42:21] [worker #5] Bootstrap tree #186, logLikelihood: -55753.176851
[01:43:02] [worker #15] Bootstrap tree #178, logLikelihood: -54134.823338
[01:43:35] [worker #8] Bootstrap tree #171, logLikelihood: -54799.907476
[01:43:43] [worker #16] Bootstrap tree #197, logLikelihood: -55076.985236
[01:44:12] [worker #13] Bootstrap tree #194, logLikelihood: -54859.915207
[01:44:28] [worker #6] Bootstrap tree #187, logLikelihood: -54620.650495
[01:45:24] [worker #9] Bootstrap tree #190, logLikelihood: -54174.220381
[01:45:36] [worker #0] Bootstrap tree #199, logLikelihood: -54496.905467
[01:46:05] [worker #12] Bootstrap tree #193, logLikelihood: -53328.061942
[01:46:07] [worker #14] Bootstrap tree #195, logLikelihood: -55336.275270
[01:46:11] [worker #8] Bootstrap tree #189, logLikelihood: -54185.377068
[01:46:28] [worker #1] Bootstrap tree #200, logLikelihood: -55015.104657
[01:46:33] [worker #17] Bootstrap tree #198, logLikelihood: -54693.913338
[01:46:40] [worker #11] Bootstrap tree #192, logLikelihood: -55779.581835
[01:47:04] [worker #15] Bootstrap tree #196, logLikelihood: -53942.638325
[01:47:58] [worker #7] Bootstrap tree #188, logLikelihood: -54164.120914
[01:48:14] [worker #10] Bootstrap tree #191, logLikelihood: -53378.875350
[01:50:42] [worker #3] Bootstrap tree #202, logLikelihood: -55246.661148
[01:51:02] [worker #15] Bootstrap tree #214, logLikelihood: -54206.249218
[01:51:03] [worker #17] Bootstrap tree #216, logLikelihood: -54608.736680
[01:51:09] [worker #4] Bootstrap tree #203, logLikelihood: -55064.949431
[01:51:23] [worker #8] Bootstrap tree #207, logLikelihood: -54546.464861
[01:51:25] [worker #2] Bootstrap tree #201, logLikelihood: -54779.835597
[01:51:29] [worker #13] Bootstrap tree #212, logLikelihood: -56038.867526
[01:51:33] [worker #10] Bootstrap tree #209, logLikelihood: -54740.060136
[01:52:02] [worker #9] Bootstrap tree #208, logLikelihood: -54056.818836
[01:52:16] [worker #11] Bootstrap tree #210, logLikelihood: -54841.741894
[01:52:23] [worker #1] Bootstrap tree #218, logLikelihood: -54137.071338
[01:52:26] [worker #5] Bootstrap tree #204, logLikelihood: -54356.991835
[01:52:28] [worker #6] Bootstrap tree #205, logLikelihood: -55030.165005
[01:52:41] [worker #14] Bootstrap tree #213, logLikelihood: -56098.133099
[01:52:51] [worker #7] Bootstrap tree #206, logLikelihood: -54727.035343
[01:52:58] [worker #16] Bootstrap tree #215, logLikelihood: -54401.722324
[01:53:39] [worker #13] Bootstrap tree #230, logLikelihood: -56211.443742
[01:53:57] [worker #3] Bootstrap tree #220, logLikelihood: -53974.117112
[01:54:02] [worker #15] Bootstrap tree #232, logLikelihood: -54932.647829
[01:54:09] [worker #17] Bootstrap tree #234, logLikelihood: -54749.265889
[01:54:17] [worker #12] Bootstrap tree #211, logLikelihood: -55632.147244
[01:54:45] [worker #9] Bootstrap tree #226, logLikelihood: -55362.125431
[01:54:56] [worker #8] Bootstrap tree #225, logLikelihood: -54582.039849
[01:55:09] [worker #14] Bootstrap tree #231, logLikelihood: -54262.084767
[01:55:28] [worker #6] Bootstrap tree #223, logLikelihood: -55605.513579
[01:55:31] [worker #5] Bootstrap tree #222, logLikelihood: -55463.923006
[01:55:35] [worker #0] Bootstrap tree #217, logLikelihood: -55579.325033
[01:55:37] [worker #4] Bootstrap tree #221, logLikelihood: -53459.527868
[01:56:11] [worker #11] Bootstrap tree #228, logLikelihood: -53664.199103
[01:56:41] [worker #1] Bootstrap tree #236, logLikelihood: -54811.364327
[01:56:51] [worker #13] Bootstrap tree #248, logLikelihood: -54109.867798
[01:56:56] [worker #7] Bootstrap tree #224, logLikelihood: -55021.438957
[01:56:59] [worker #2] Bootstrap tree #219, logLikelihood: -54180.199948
[01:57:01] [worker #15] Bootstrap tree #250, logLikelihood: -54334.044656
[01:57:14] [worker #12] Bootstrap tree #229, logLikelihood: -54738.027296
[01:57:17] [worker #16] Bootstrap tree #233, logLikelihood: -55031.876259
[01:57:50] [worker #10] Bootstrap tree #227, logLikelihood: -56162.902767
[01:58:03] [worker #6] Bootstrap tree #241, logLikelihood: -53713.662713
[01:58:12] [worker #3] Bootstrap tree #238, logLikelihood: -54015.686471
[01:58:39] [worker #14] Bootstrap tree #249, logLikelihood: -56053.162542
[01:59:03] [worker #8] Bootstrap tree #243, logLikelihood: -55343.901345
[01:59:15] [worker #9] Bootstrap tree #244, logLikelihood: -54337.403220
[01:59:21] [worker #5] Bootstrap tree #240, logLikelihood: -54889.913106
[01:59:23] [worker #4] Bootstrap tree #239, logLikelihood: -54143.912442
[01:59:29] [worker #11] Bootstrap tree #246, logLikelihood: -54868.409566
[01:59:42] [worker #12] Bootstrap tree #247, logLikelihood: -54857.011676
[01:59:47] [worker #2] Bootstrap tree #237, logLikelihood: -55206.439991
[01:59:47] [worker #0] Bootstrap tree #235, logLikelihood: -55582.380962
[02:00:00] [worker #10] Bootstrap tree #245, logLikelihood: -52729.015028
[02:01:57] [worker #7] Bootstrap tree #242, logLikelihood: -54949.578376
[02:04:11] [worker #12] Bootstrap tree #265, logLikelihood: -55793.914259
[02:04:22] [worker #6] Bootstrap tree #259, logLikelihood: -53854.837111
[02:04:23] [worker #17] Bootstrap tree #252, logLikelihood: -53419.114395
[02:04:39] [worker #11] Bootstrap tree #264, logLikelihood: -54507.190647
[02:04:44] [worker #14] Bootstrap tree #267, logLikelihood: -54594.629197
[02:05:02] [worker #8] Bootstrap tree #261, logLikelihood: -55034.764878
[02:05:03] [worker #9] Bootstrap tree #262, logLikelihood: -53046.364514
[02:05:12] [worker #1] Bootstrap tree #254, logLikelihood: -54561.285241
[02:05:15] [worker #10] Bootstrap tree #263, logLikelihood: -55876.222976
[02:05:23] [worker #15] Bootstrap tree #268, logLikelihood: -55260.840836
[02:05:32] [worker #13] Bootstrap tree #266, logLikelihood: -55836.324987
[02:05:40] [worker #0] Bootstrap tree #253, logLikelihood: -54686.515225
[02:05:55] [worker #7] Bootstrap tree #260, logLikelihood: -55856.564080
[02:05:57] [worker #3] Bootstrap tree #256, logLikelihood: -55655.190860
[02:06:04] [worker #4] Bootstrap tree #257, logLikelihood: -54620.940159
[02:06:09] [worker #5] Bootstrap tree #258, logLikelihood: -54792.701113
[02:06:17] [worker #16] Bootstrap tree #251, logLikelihood: -55588.532407
[02:07:10] [worker #6] Bootstrap tree #277, logLikelihood: -54654.600129
[02:07:21] [worker #8] Bootstrap tree #279, logLikelihood: -54029.397105
[02:07:30] [worker #17] Bootstrap tree #270, logLikelihood: -55322.908883
[02:07:34] [worker #2] Bootstrap tree #255, logLikelihood: -54946.426430
[02:07:49] [worker #12] Bootstrap tree #283, logLikelihood: -54522.485866
[02:07:51] [worker #11] Bootstrap tree #282, logLikelihood: -55655.506528
[02:07:52] [worker #14] Bootstrap tree #285, logLikelihood: -55108.942566
[02:07:57] [worker #1] Bootstrap tree #272, logLikelihood: -53929.860072
[02:08:14] [worker #10] Bootstrap tree #281, logLikelihood: -54252.313403
[02:08:22] [worker #13] Bootstrap tree #284, logLikelihood: -54490.736577
[02:08:47] [worker #7] Bootstrap tree #278, logLikelihood: -53994.338954
[02:08:52] [worker #4] Bootstrap tree #275, logLikelihood: -54543.624001
[02:09:30] [worker #15] Bootstrap tree #286, logLikelihood: -53982.050487
[02:09:50] [worker #5] Bootstrap tree #276, logLikelihood: -55682.401393
[02:09:51] [worker #16] Bootstrap tree #269, logLikelihood: -55264.910328
[02:09:53] [worker #3] Bootstrap tree #274, logLikelihood: -54937.915934
[02:10:19] [worker #9] Bootstrap tree #280, logLikelihood: -53706.190535
[02:10:19] [worker #0] Bootstrap tree #271, logLikelihood: -53049.549008
[02:10:31] [worker #6] Bootstrap tree #295, logLikelihood: -54242.724554
[02:10:37] [worker #11] Bootstrap tree #300, logLikelihood: -56237.822515
[02:11:20] [worker #1] Bootstrap tree #290, logLikelihood: -53318.769607
[02:11:50] [worker #7] Bootstrap tree #296, logLikelihood: -54750.530025
[02:12:05] [worker #4] Bootstrap tree #293, logLikelihood: -53676.731550
[02:12:07] [worker #8] Bootstrap tree #297, logLikelihood: -54276.561648
[02:12:21] [worker #2] Bootstrap tree #273, logLikelihood: -54146.196718
[02:12:28] [worker #17] Bootstrap tree #288, logLikelihood: -55420.493625
[02:12:31] [worker #10] Bootstrap tree #299, logLikelihood: -56125.769492
[02:12:42] [worker #16] Bootstrap tree #287, logLikelihood: -54183.119129
[02:13:02] [worker #5] Bootstrap tree #294, logLikelihood: -54825.034448
[02:13:15] [worker #9] Bootstrap tree #298, logLikelihood: -54368.216392
[02:13:31] [worker #0] Bootstrap tree #289, logLikelihood: -55057.746578
[02:13:53] [worker #3] Bootstrap tree #292, logLikelihood: -54400.658156
[02:15:11] [worker #2] Bootstrap tree #291, logLikelihood: -54503.333796
[02:15:13] Bootstrapping converged after 300 replicates.

Optimized model parameters:

   Partition 0: noname
   Rate heterogeneity: GAMMA (4 cats, mean),  alpha: 0.372682 (ML),  weights&rates: (0.250000,0.012979) (0.250000,0.161074) (0.250000,0.699942) (0.250000,3.126006) 
   Base frequencies (ML): 0.243097 0.227644 0.250028 0.279231 
   Substitution rates (ML): 0.598025 2.194090 0.622548 1.232472 3.833149 1.000000 


Final LogLikelihood: -54852.280954

AIC score: 109960.561909 / AICc score: 109963.180367 / BIC score: 110914.492202
Free parameters (model + branch lengths): 128

WARNING: Best ML tree contains 2 near-zero branches!

Best ML tree with collapsed near-zero branches saved to: /work/LAS/dlavrov-lab/users/Momin/work/Mystery-sponge/phylo_check/Demo/outgroup/RC/demos_RC.cdhit.aln.raxml.bestTreeCollapsed
Best ML tree saved to: /work/LAS/dlavrov-lab/users/Momin/work/Mystery-sponge/phylo_check/Demo/outgroup/RC/demos_RC.cdhit.aln.raxml.bestTree
All ML trees saved to: /work/LAS/dlavrov-lab/users/Momin/work/Mystery-sponge/phylo_check/Demo/outgroup/RC/demos_RC.cdhit.aln.raxml.mlTrees
Best ML tree with Felsenstein bootstrap (FBP) support values saved to: /work/LAS/dlavrov-lab/users/Momin/work/Mystery-sponge/phylo_check/Demo/outgroup/RC/demos_RC.cdhit.aln.raxml.support
Optimized model saved to: /work/LAS/dlavrov-lab/users/Momin/work/Mystery-sponge/phylo_check/Demo/outgroup/RC/demos_RC.cdhit.aln.raxml.bestModel
Bootstrap trees saved to: /work/LAS/dlavrov-lab/users/Momin/work/Mystery-sponge/phylo_check/Demo/outgroup/RC/demos_RC.cdhit.aln.raxml.bootstraps

Execution log saved to: /work/LAS/dlavrov-lab/users/Momin/work/Mystery-sponge/phylo_check/Demo/outgroup/RC/demos_RC.cdhit.aln.raxml.log

Analysis started: 25-Sep-2023 15:08:45 / finished: 25-Sep-2023 17:23:59

Elapsed time: 8113.499 seconds

